#
# There is insufficient memory for the Java Runtime Environment to continue.
# Native memory allocation (malloc) failed to allocate 738416 bytes for Chunk::new
# Possible reasons:
#   The system is out of physical RAM or swap space
#   The process is running with CompressedOops enabled, and the Java Heap may be blocking the growth of the native heap
# Possible solutions:
#   Reduce memory load on the system
#   Increase physical memory or swap space
#   Check if swap backing store is full
#   Decrease Java heap size (-Xmx/-Xms)
#   Decrease number of Java threads
#   Decrease Java thread stack sizes (-Xss)
#   Set larger code cache with -XX:ReservedCodeCacheSize=
#   JVM is running with Unscaled Compressed Oops mode in which the Java heap is
#     placed in the first 4GB address space. The Java Heap base address is the
#     maximum limit for the native heap growth. Please use -XX:HeapBaseMinAddress
#     to set the Java Heap base and to place the Java Heap above 4GB virtual address.
# This output file may be truncated or incomplete.
#
#  Out of Memory Error (./src/hotspot/share/memory/arena.cpp:197), pid=123416, tid=130512
#
# JRE version: OpenJDK Runtime Environment (11.0.13) (build 11.0.13+0-b1751.21-8125866)
# Java VM: OpenJDK 64-Bit Server VM (11.0.13+0-b1751.21-8125866, mixed mode, tiered, compressed oops, g1 gc, windows-amd64)
# No core dump will be written. Minidumps are not enabled by default on client versions of Windows
#

---------------  S U M M A R Y ------------

Command Line: --add-opens=java.base/java.util=ALL-UNNAMED --add-opens=java.base/java.lang=ALL-UNNAMED --add-opens=java.base/java.lang.invoke=ALL-UNNAMED --add-opens=java.base/java.util=ALL-UNNAMED --add-opens=java.prefs/java.util.prefs=ALL-UNNAMED --add-opens=java.prefs/java.util.prefs=ALL-UNNAMED --add-opens=java.base/java.nio.charset=ALL-UNNAMED --add-opens=java.base/java.net=ALL-UNNAMED --add-opens=java.base/java.util.concurrent.atomic=ALL-UNNAMED -Xmx2048m -Dfile.encoding=UTF-8 -Duser.country=FR -Duser.language=fr -Duser.variant org.gradle.launcher.daemon.bootstrap.GradleDaemon 7.4

Host: Intel(R) Core(TM) i7-7500U CPU @ 2.70GHz, 4 cores, 7G,  Windows 10 , 64 bit Build 19041 (10.0.19041.2251)
Time: Sat Dec  3 17:23:18 2022 Maroc (heure d’été) elapsed time: 20.092061 seconds (0d 0h 0m 20s)

---------------  T H R E A D  ---------------

Current thread (0x000001f7c8144800):  JavaThread "C2 CompilerThread0" daemon [_thread_in_native, id=130512, stack(0x000000f58d400000,0x000000f58d500000)]


Current CompileTask:
C2:  20092 6247       4       org.objectweb.asm.MethodWriter::computeAllFrames (510 bytes)

Stack: [0x000000f58d400000,0x000000f58d500000]
Native frames: (J=compiled Java code, j=interpreted, Vv=VM code, C=native code)
V  [jvm.dll+0x6100fa]
V  [jvm.dll+0x747090]
V  [jvm.dll+0x7486ad]
V  [jvm.dll+0x748d83]
V  [jvm.dll+0x24ab48]
V  [jvm.dll+0xc04dc]
V  [jvm.dll+0xc0a0c]
V  [jvm.dll+0x35eb9d]
V  [jvm.dll+0x32b833]
V  [jvm.dll+0x32ad2a]
V  [jvm.dll+0x2032b2]
V  [jvm.dll+0x202437]
V  [jvm.dll+0x188e01]
V  [jvm.dll+0x21106b]
V  [jvm.dll+0x20f8c1]
V  [jvm.dll+0x70de0f]
V  [jvm.dll+0x706a75]
V  [jvm.dll+0x60ed66]
C  [ucrtbase.dll+0x21bb2]
C  [KERNEL32.DLL+0x174b4]
C  [ntdll.dll+0x526a1]


---------------  P R O C E S S  ---------------

Threads class SMR info:
_java_thread_list=0x000001f7d02177a0, length=79, elements={
0x000001f7ac59e800, 0x000001f7c8120800, 0x000001f7c8124000, 0x000001f7c813c800,
0x000001f7c813d800, 0x000001f7c813f800, 0x000001f7c8144800, 0x000001f7c8146000,
0x000001f7c8147000, 0x000001f7c8c26000, 0x000001f7cacf1800, 0x000001f7cb23d800,
0x000001f7cb557800, 0x000001f7c8fd1000, 0x000001f7c8fd1800, 0x000001f7ca641000,
0x000001f7ca642000, 0x000001f7caae5800, 0x000001f7ca099800, 0x000001f7c9cf4800,
0x000001f7cb8b8800, 0x000001f7cb8b3800, 0x000001f7cb8b4800, 0x000001f7cb8b3000,
0x000001f7cb8b5800, 0x000001f7cb8b6000, 0x000001f7cb8b7000, 0x000001f7cb8b8000,
0x000001f7cb8b9800, 0x000001f7cb5bd000, 0x000001f7cb5bb000, 0x000001f7cb5c0800,
0x000001f7cb5bf000, 0x000001f7cb5c2000, 0x000001f7cb5c3000, 0x000001f7cb5c4000,
0x000001f7cb5be000, 0x000001f7cb5c4800, 0x000001f7cb5c8000, 0x000001f7cb5c8800,
0x000001f7cb5c7000, 0x000001f7cb5c9800, 0x000001f7cb5c5800, 0x000001f7cb5c6000,
0x000001f7cb976000, 0x000001f7cb971000, 0x000001f7cb974000, 0x000001f7cb973800,
0x000001f7cb975000, 0x000001f7cb976800, 0x000001f7cb977800, 0x000001f7cb972800,
0x000001f7cb971800, 0x000001f7cb97d000, 0x000001f7cb97c800, 0x000001f7cb97e000,
0x000001f7cb979000, 0x000001f7cb97a800, 0x000001f7cb978000, 0x000001f7cb97f000,
0x000001f7cb97b800, 0x000001f7cb97f800, 0x000001f7cb97a000, 0x000001f7cb985000,
0x000001f7cb982800, 0x000001f7cb983800, 0x000001f7cb981800, 0x000001f7cb986000,
0x000001f7cb984000, 0x000001f7cb986800, 0x000001f7cb981000, 0x000001f7cb98d000,
0x000001f7cb98b800, 0x000001f7cb98a000, 0x000001f7cb989000, 0x000001f7cb98a800,
0x000001f7cb98c800, 0x000001f7cb987800, 0x000001f7cb464800
}

Java Threads: ( => current thread )
  0x000001f7ac59e800 JavaThread "main" [_thread_blocked, id=117892, stack(0x000000f58c800000,0x000000f58c900000)]
  0x000001f7c8120800 JavaThread "Reference Handler" daemon [_thread_blocked, id=105884, stack(0x000000f58cf00000,0x000000f58d000000)]
  0x000001f7c8124000 JavaThread "Finalizer" daemon [_thread_blocked, id=106240, stack(0x000000f58d000000,0x000000f58d100000)]
  0x000001f7c813c800 JavaThread "Signal Dispatcher" daemon [_thread_blocked, id=126940, stack(0x000000f58d100000,0x000000f58d200000)]
  0x000001f7c813d800 JavaThread "Attach Listener" daemon [_thread_blocked, id=127264, stack(0x000000f58d200000,0x000000f58d300000)]
  0x000001f7c813f800 JavaThread "Service Thread" daemon [_thread_blocked, id=120352, stack(0x000000f58d300000,0x000000f58d400000)]
=>0x000001f7c8144800 JavaThread "C2 CompilerThread0" daemon [_thread_in_native, id=130512, stack(0x000000f58d400000,0x000000f58d500000)]
  0x000001f7c8146000 JavaThread "C1 CompilerThread0" daemon [_thread_blocked, id=122088, stack(0x000000f58d500000,0x000000f58d600000)]
  0x000001f7c8147000 JavaThread "Sweeper thread" daemon [_thread_blocked, id=112788, stack(0x000000f58d600000,0x000000f58d700000)]
  0x000001f7c8c26000 JavaThread "Common-Cleaner" daemon [_thread_blocked, id=130920, stack(0x000000f58d700000,0x000000f58d800000)]
  0x000001f7cacf1800 JavaThread "Daemon health stats" [_thread_blocked, id=120792, stack(0x000000f58dc00000,0x000000f58dd00000)]
  0x000001f7cb23d800 JavaThread "Incoming local TCP Connector on port 57560" [_thread_in_native, id=119688, stack(0x000000f58d900000,0x000000f58da00000)]
  0x000001f7cb557800 JavaThread "Daemon periodic checks" [_thread_blocked, id=113768, stack(0x000000f58dd00000,0x000000f58de00000)]
  0x000001f7c8fd1000 JavaThread "Daemon" [_thread_blocked, id=128752, stack(0x000000f58de00000,0x000000f58df00000)]
  0x000001f7c8fd1800 JavaThread "Handler for socket connection from /127.0.0.1:57560 to /127.0.0.1:57561" [_thread_in_native, id=125804, stack(0x000000f58df00000,0x000000f58e000000)]
  0x000001f7ca641000 JavaThread "Cancel handler" [_thread_blocked, id=119652, stack(0x000000f58e000000,0x000000f58e100000)]
  0x000001f7ca642000 JavaThread "Daemon worker" [_thread_in_vm, id=131024, stack(0x000000f58e100000,0x000000f58e200000)]
  0x000001f7caae5800 JavaThread "Asynchronous log dispatcher for DefaultDaemonConnection: socket connection from /127.0.0.1:57560 to /127.0.0.1:57561" [_thread_blocked, id=129220, stack(0x000000f58e200000,0x000000f58e300000)]
  0x000001f7ca099800 JavaThread "Stdin handler" [_thread_blocked, id=115828, stack(0x000000f58e300000,0x000000f58e400000)]
  0x000001f7c9cf4800 JavaThread "Daemon client event forwarder" [_thread_blocked, id=125068, stack(0x000000f58e400000,0x000000f58e500000)]
  0x000001f7cb8b8800 JavaThread "Cache worker for journal cache (C:\Users\ASUS\.gradle\caches\journal-1)" [_thread_blocked, id=110724, stack(0x000000f58e600000,0x000000f58e700000)]
  0x000001f7cb8b3800 JavaThread "File lock request listener" [_thread_in_native, id=120588, stack(0x000000f58e700000,0x000000f58e800000)]
  0x000001f7cb8b4800 JavaThread "Cache worker for file hash cache (C:\Users\ASUS\.gradle\caches\7.4\fileHashes)" [_thread_blocked, id=129508, stack(0x000000f58e800000,0x000000f58e900000)]
  0x000001f7cb8b3000 JavaThread "File watcher server" daemon [_thread_in_native, id=130792, stack(0x000000f58ea00000,0x000000f58eb00000)]
  0x000001f7cb8b5800 JavaThread "File watcher consumer" daemon [_thread_blocked, id=122116, stack(0x000000f58eb00000,0x000000f58ec00000)]
  0x000001f7cb8b6000 JavaThread "Cache worker for checksums cache (C:\Users\ASUS\AndroidStudioProjects\ClubSportif\.gradle\7.4\checksums)" [_thread_blocked, id=127112, stack(0x000000f58e900000,0x000000f58ea00000)]
  0x000001f7cb8b7000 JavaThread "Cache worker for cache directory md-rule (C:\Users\ASUS\.gradle\caches\7.4\md-rule)" [_thread_blocked, id=126348, stack(0x000000f58ec00000,0x000000f58ed00000)]
  0x000001f7cb8b8000 JavaThread "Cache worker for file hash cache (C:\Users\ASUS\AndroidStudioProjects\ClubSportif\.gradle\7.4\fileHashes)" [_thread_blocked, id=126932, stack(0x000000f58ed00000,0x000000f58ee00000)]
  0x000001f7cb8b9800 JavaThread "Cache worker for cache directory md-supplier (C:\Users\ASUS\.gradle\caches\7.4\md-supplier)" [_thread_blocked, id=127532, stack(0x000000f58ee00000,0x000000f58ef00000)]
  0x000001f7cb5bd000 JavaThread "Cache worker for execution history cache (C:\Users\ASUS\.gradle\caches\7.4\executionHistory)" [_thread_blocked, id=124884, stack(0x000000f58ef00000,0x000000f58f000000)]
  0x000001f7cb5bb000 JavaThread "jar transforms" [_thread_blocked, id=126304, stack(0x000000f58f000000,0x000000f58f100000)]
  0x000001f7cb5c0800 JavaThread "Cache worker for file content cache (C:\Users\ASUS\.gradle\caches\7.4\fileContent)" [_thread_blocked, id=130268, stack(0x000000f58f100000,0x000000f58f200000)]
  0x000001f7cb5bf000 JavaThread "jar transforms Thread 2" [_thread_blocked, id=115552, stack(0x000000f58f300000,0x000000f58f400000)]
  0x000001f7cb5c2000 JavaThread "Cache worker for dependencies-accessors (C:\Users\ASUS\AndroidStudioProjects\ClubSportif\.gradle\7.4\dependencies-accessors)" [_thread_blocked, id=122896, stack(0x000000f58f400000,0x000000f58f500000)]
  0x000001f7cb5c3000 JavaThread "jar transforms Thread 3" [_thread_blocked, id=102240, stack(0x000000f58f500000,0x000000f58f600000)]
  0x000001f7cb5c4000 JavaThread "Cache worker for Build Output Cleanup Cache (C:\Users\ASUS\AndroidStudioProjects\ClubSportif\.gradle\buildOutputCleanup)" [_thread_blocked, id=130044, stack(0x000000f58f600000,0x000000f58f700000)]
  0x000001f7cb5be000 JavaThread "Unconstrained build operations" [_thread_blocked, id=116656, stack(0x000000f58f700000,0x000000f58f800000)]
  0x000001f7cb5c4800 JavaThread "Unconstrained build operations Thread 2" [_thread_blocked, id=118924, stack(0x000000f58f800000,0x000000f58f900000)]
  0x000001f7cb5c8000 JavaThread "Unconstrained build operations Thread 3" [_thread_blocked, id=130272, stack(0x000000f58f900000,0x000000f58fa00000)]
  0x000001f7cb5c8800 JavaThread "Unconstrained build operations Thread 4" [_thread_blocked, id=130060, stack(0x000000f58fa00000,0x000000f58fb00000)]
  0x000001f7cb5c7000 JavaThread "Unconstrained build operations Thread 5" [_thread_blocked, id=126952, stack(0x000000f58fb00000,0x000000f58fc00000)]
  0x000001f7cb5c9800 JavaThread "Unconstrained build operations Thread 6" [_thread_blocked, id=117556, stack(0x000000f58fc00000,0x000000f58fd00000)]
  0x000001f7cb5c5800 JavaThread "Unconstrained build operations Thread 7" [_thread_blocked, id=119312, stack(0x000000f58fd00000,0x000000f58fe00000)]
  0x000001f7cb5c6000 JavaThread "Unconstrained build operations Thread 8" [_thread_blocked, id=130460, stack(0x000000f58fe00000,0x000000f58ff00000)]
  0x000001f7cb976000 JavaThread "Unconstrained build operations Thread 9" [_thread_blocked, id=121560, stack(0x000000f58ff00000,0x000000f590000000)]
  0x000001f7cb971000 JavaThread "Unconstrained build operations Thread 10" [_thread_blocked, id=127764, stack(0x000000f590000000,0x000000f590100000)]
  0x000001f7cb974000 JavaThread "Unconstrained build operations Thread 11" [_thread_blocked, id=130480, stack(0x000000f590100000,0x000000f590200000)]
  0x000001f7cb973800 JavaThread "Unconstrained build operations Thread 12" [_thread_blocked, id=120380, stack(0x000000f590200000,0x000000f590300000)]
  0x000001f7cb975000 JavaThread "Unconstrained build operations Thread 13" [_thread_blocked, id=126772, stack(0x000000f590300000,0x000000f590400000)]
  0x000001f7cb976800 JavaThread "Unconstrained build operations Thread 14" [_thread_blocked, id=106456, stack(0x000000f590400000,0x000000f590500000)]
  0x000001f7cb977800 JavaThread "Unconstrained build operations Thread 15" [_thread_blocked, id=128372, stack(0x000000f590500000,0x000000f590600000)]
  0x000001f7cb972800 JavaThread "Unconstrained build operations Thread 16" [_thread_blocked, id=119644, stack(0x000000f590600000,0x000000f590700000)]
  0x000001f7cb971800 JavaThread "Unconstrained build operations Thread 17" [_thread_blocked, id=128564, stack(0x000000f590700000,0x000000f590800000)]
  0x000001f7cb97d000 JavaThread "Unconstrained build operations Thread 18" [_thread_blocked, id=105284, stack(0x000000f590800000,0x000000f590900000)]
  0x000001f7cb97c800 JavaThread "Unconstrained build operations Thread 19" [_thread_blocked, id=127352, stack(0x000000f590900000,0x000000f590a00000)]
  0x000001f7cb97e000 JavaThread "Unconstrained build operations Thread 20" [_thread_blocked, id=124936, stack(0x000000f590a00000,0x000000f590b00000)]
  0x000001f7cb979000 JavaThread "Unconstrained build operations Thread 21" [_thread_blocked, id=118128, stack(0x000000f590b00000,0x000000f590c00000)]
  0x000001f7cb97a800 JavaThread "Unconstrained build operations Thread 22" [_thread_blocked, id=103544, stack(0x000000f590c00000,0x000000f590d00000)]
  0x000001f7cb978000 JavaThread "Unconstrained build operations Thread 23" [_thread_blocked, id=122072, stack(0x000000f590d00000,0x000000f590e00000)]
  0x000001f7cb97f000 JavaThread "Unconstrained build operations Thread 24" [_thread_blocked, id=109192, stack(0x000000f590e00000,0x000000f590f00000)]
  0x000001f7cb97b800 JavaThread "Unconstrained build operations Thread 25" [_thread_blocked, id=117176, stack(0x000000f590f00000,0x000000f591000000)]
  0x000001f7cb97f800 JavaThread "Unconstrained build operations Thread 26" [_thread_blocked, id=121176, stack(0x000000f591000000,0x000000f591100000)]
  0x000001f7cb97a000 JavaThread "Unconstrained build operations Thread 27" [_thread_blocked, id=125640, stack(0x000000f591100000,0x000000f591200000)]
  0x000001f7cb985000 JavaThread "Unconstrained build operations Thread 28" [_thread_blocked, id=130212, stack(0x000000f591200000,0x000000f591300000)]
  0x000001f7cb982800 JavaThread "Unconstrained build operations Thread 29" [_thread_blocked, id=128648, stack(0x000000f591300000,0x000000f591400000)]
  0x000001f7cb983800 JavaThread "Unconstrained build operations Thread 30" [_thread_blocked, id=129960, stack(0x000000f591400000,0x000000f591500000)]
  0x000001f7cb981800 JavaThread "Unconstrained build operations Thread 31" [_thread_blocked, id=123688, stack(0x000000f591500000,0x000000f591600000)]
  0x000001f7cb986000 JavaThread "Unconstrained build operations Thread 32" [_thread_blocked, id=126832, stack(0x000000f591600000,0x000000f591700000)]
  0x000001f7cb984000 JavaThread "Unconstrained build operations Thread 33" [_thread_blocked, id=124056, stack(0x000000f591700000,0x000000f591800000)]
  0x000001f7cb986800 JavaThread "Unconstrained build operations Thread 34" [_thread_blocked, id=129932, stack(0x000000f591800000,0x000000f591900000)]
  0x000001f7cb981000 JavaThread "Unconstrained build operations Thread 35" [_thread_blocked, id=109084, stack(0x000000f591900000,0x000000f591a00000)]
  0x000001f7cb98d000 JavaThread "Unconstrained build operations Thread 36" [_thread_blocked, id=127052, stack(0x000000f591a00000,0x000000f591b00000)]
  0x000001f7cb98b800 JavaThread "Unconstrained build operations Thread 37" [_thread_blocked, id=118140, stack(0x000000f591b00000,0x000000f591c00000)]
  0x000001f7cb98a000 JavaThread "Unconstrained build operations Thread 38" [_thread_blocked, id=126812, stack(0x000000f591c00000,0x000000f591d00000)]
  0x000001f7cb989000 JavaThread "Unconstrained build operations Thread 39" [_thread_blocked, id=129476, stack(0x000000f591d00000,0x000000f591e00000)]
  0x000001f7cb98a800 JavaThread "Unconstrained build operations Thread 40" [_thread_blocked, id=126968, stack(0x000000f591e00000,0x000000f591f00000)]
  0x000001f7cb98c800 JavaThread "jar transforms Thread 4" [_thread_blocked, id=116128, stack(0x000000f58f200000,0x000000f58f300000)]
  0x000001f7cb987800 JavaThread "Memory manager" [_thread_blocked, id=130608, stack(0x000000f592000000,0x000000f592100000)]
  0x000001f7cb464800 JavaThread "C2 CompilerThread1" daemon [_thread_in_native, id=107404, stack(0x000000f591f00000,0x000000f592000000)]

Other Threads:
  0x000001f7c811c800 VMThread "VM Thread" [stack: 0x000000f58ce00000,0x000000f58cf00000] [id=121672]
  0x000001f7c8c83000 WatcherThread [stack: 0x000000f58d800000,0x000000f58d900000] [id=127028]
  0x000001f7ac5b8000 GCTaskThread "GC Thread#0" [stack: 0x000000f58c900000,0x000000f58ca00000] [id=128076]
  0x000001f7c8f6e800 GCTaskThread "GC Thread#1" [stack: 0x000000f58da00000,0x000000f58db00000] [id=127276]
  0x000001f7c94c9000 GCTaskThread "GC Thread#2" [stack: 0x000000f58db00000,0x000000f58dc00000] [id=129324]
  0x000001f7c8f63800 GCTaskThread "GC Thread#3" [stack: 0x000000f58e500000,0x000000f58e600000] [id=75340]
  0x000001f7ac5e7800 ConcurrentGCThread "G1 Main Marker" [stack: 0x000000f58ca00000,0x000000f58cb00000] [id=120564]
  0x000001f7ac5ea000 ConcurrentGCThread "G1 Conc#0" [stack: 0x000000f58cb00000,0x000000f58cc00000] [id=129716]
  0x000001f7ac67b800 ConcurrentGCThread "G1 Refine#0" [stack: 0x000000f58cc00000,0x000000f58cd00000] [id=121128]
  0x000001f7ac67c800 ConcurrentGCThread "G1 Young RemSet Sampling" [stack: 0x000000f58cd00000,0x000000f58ce00000] [id=124516]

Threads with active compile tasks:
C2 CompilerThread0  20166 6247       4       org.objectweb.asm.MethodWriter::computeAllFrames (510 bytes)
C2 CompilerThread1  20166 6278  s    4       java.io.ByteArrayOutputStream::write (32 bytes)

VM state:not at safepoint (normal execution)

VM Mutex/Monitor currently owned by a thread: None

Heap address: 0x0000000080000000, size: 2048 MB, Compressed Oops mode: 32-bit
Narrow klass base: 0x0000000000000000, Narrow klass shift: 3
Compressed class space size: 1073741824 Address: 0x0000000100000000

Heap:
 garbage-first heap   total 157696K, used 103010K [0x0000000080000000, 0x0000000100000000)
  region size 1024K, 53 young (54272K), 3 survivors (3072K)
 Metaspace       used 63830K, capacity 65372K, committed 65660K, reserved 1105920K
  class space    used 7973K, capacity 8521K, committed 8652K, reserved 1048576K
Heap Regions: E=young(eden), S=young(survivor), O=old, HS=humongous(starts), HC=humongous(continues), CS=collection set, F=free, A=archive, TAMS=top-at-mark-start (previous, next)
|   0|0x0000000080000000, 0x0000000080100000, 0x0000000080100000|100%|HS|  |TAMS 0x0000000080100000, 0x0000000080000000| Complete 
|   1|0x0000000080100000, 0x0000000080200000, 0x0000000080200000|100%|HC|  |TAMS 0x0000000080200000, 0x0000000080100000| Complete 
|   2|0x0000000080200000, 0x0000000080300000, 0x0000000080300000|100%|HC|  |TAMS 0x0000000080300000, 0x0000000080200000| Complete 
|   3|0x0000000080300000, 0x0000000080400000, 0x0000000080400000|100%| O|  |TAMS 0x0000000080400000, 0x0000000080300000| Untracked 
|   4|0x0000000080400000, 0x0000000080500000, 0x0000000080500000|100%| O|  |TAMS 0x0000000080500000, 0x0000000080400000| Untracked 
|   5|0x0000000080500000, 0x0000000080600000, 0x0000000080600000|100%| O|  |TAMS 0x0000000080600000, 0x0000000080500000| Untracked 
|   6|0x0000000080600000, 0x0000000080700000, 0x0000000080700000|100%| O|  |TAMS 0x0000000080700000, 0x0000000080600000| Untracked 
|   7|0x0000000080700000, 0x0000000080800000, 0x0000000080800000|100%| O|  |TAMS 0x0000000080800000, 0x0000000080700000| Untracked 
|   8|0x0000000080800000, 0x0000000080900000, 0x0000000080900000|100%| O|  |TAMS 0x0000000080900000, 0x0000000080800000| Untracked 
|   9|0x0000000080900000, 0x0000000080a00000, 0x0000000080a00000|100%| O|  |TAMS 0x0000000080a00000, 0x0000000080900000| Untracked 
|  10|0x0000000080a00000, 0x0000000080b00000, 0x0000000080b00000|100%| O|  |TAMS 0x0000000080b00000, 0x0000000080a00000| Untracked 
|  11|0x0000000080b00000, 0x0000000080c00000, 0x0000000080c00000|100%| O|  |TAMS 0x0000000080c00000, 0x0000000080b00000| Untracked 
|  12|0x0000000080c00000, 0x0000000080d00000, 0x0000000080d00000|100%| O|  |TAMS 0x0000000080d00000, 0x0000000080c00000| Untracked 
|  13|0x0000000080d00000, 0x0000000080e00000, 0x0000000080e00000|100%| O|  |TAMS 0x0000000080e00000, 0x0000000080d00000| Untracked 
|  14|0x0000000080e00000, 0x0000000080f00000, 0x0000000080f00000|100%| O|  |TAMS 0x0000000080f00000, 0x0000000080e00000| Untracked 
|  15|0x0000000080f00000, 0x0000000081000000, 0x0000000081000000|100%| O|  |TAMS 0x0000000081000000, 0x0000000080f00000| Untracked 
|  16|0x0000000081000000, 0x0000000081100000, 0x0000000081100000|100%| O|  |TAMS 0x0000000081100000, 0x0000000081000000| Untracked 
|  17|0x0000000081100000, 0x0000000081200000, 0x0000000081200000|100%| O|  |TAMS 0x0000000081200000, 0x0000000081100000| Untracked 
|  18|0x0000000081200000, 0x0000000081300000, 0x0000000081300000|100%| O|  |TAMS 0x0000000081300000, 0x0000000081200000| Untracked 
|  19|0x0000000081300000, 0x0000000081400000, 0x0000000081400000|100%|HS|  |TAMS 0x0000000081400000, 0x0000000081300000| Complete 
|  20|0x0000000081400000, 0x0000000081500000, 0x0000000081500000|100%| O|  |TAMS 0x0000000081500000, 0x0000000081400000| Untracked 
|  21|0x0000000081500000, 0x0000000081600000, 0x0000000081600000|100%| O|  |TAMS 0x0000000081600000, 0x0000000081500000| Untracked 
|  22|0x0000000081600000, 0x0000000081700000, 0x0000000081700000|100%| O|  |TAMS 0x0000000081700000, 0x0000000081600000| Untracked 
|  23|0x0000000081700000, 0x0000000081800000, 0x0000000081800000|100%| O|  |TAMS 0x0000000081800000, 0x0000000081700000| Untracked 
|  24|0x0000000081800000, 0x0000000081900000, 0x0000000081900000|100%|HS|  |TAMS 0x0000000081900000, 0x0000000081800000| Complete 
|  25|0x0000000081900000, 0x0000000081a00000, 0x0000000081a00000|100%| O|  |TAMS 0x0000000081a00000, 0x0000000081900000| Untracked 
|  26|0x0000000081a00000, 0x0000000081b00000, 0x0000000081b00000|100%|HS|  |TAMS 0x0000000081b00000, 0x0000000081a00000| Complete 
|  27|0x0000000081b00000, 0x0000000081c00000, 0x0000000081c00000|100%|HC|  |TAMS 0x0000000081c00000, 0x0000000081b00000| Complete 
|  28|0x0000000081c00000, 0x0000000081d00000, 0x0000000081d00000|100%| O|  |TAMS 0x0000000081d00000, 0x0000000081c00000| Untracked 
|  29|0x0000000081d00000, 0x0000000081e00000, 0x0000000081e00000|100%| O|  |TAMS 0x0000000081e00000, 0x0000000081d00000| Untracked 
|  30|0x0000000081e00000, 0x0000000081f00000, 0x0000000081f00000|100%| O|  |TAMS 0x0000000081f00000, 0x0000000081e00000| Untracked 
|  31|0x0000000081f00000, 0x0000000082000000, 0x0000000082000000|100%| O|  |TAMS 0x0000000082000000, 0x0000000081f00000| Untracked 
|  32|0x0000000082000000, 0x0000000082100000, 0x0000000082100000|100%| O|  |TAMS 0x0000000082100000, 0x0000000082000000| Untracked 
|  33|0x0000000082100000, 0x0000000082200000, 0x0000000082200000|100%| O|  |TAMS 0x0000000082200000, 0x0000000082100000| Untracked 
|  34|0x0000000082200000, 0x0000000082300000, 0x0000000082300000|100%| O|  |TAMS 0x0000000082300000, 0x0000000082200000| Untracked 
|  35|0x0000000082300000, 0x0000000082400000, 0x0000000082400000|100%| O|  |TAMS 0x0000000082400000, 0x0000000082300000| Untracked 
|  36|0x0000000082400000, 0x0000000082500000, 0x0000000082500000|100%| O|  |TAMS 0x0000000082500000, 0x0000000082400000| Untracked 
|  37|0x0000000082500000, 0x0000000082600000, 0x0000000082600000|100%| O|  |TAMS 0x0000000082600000, 0x0000000082500000| Untracked 
|  38|0x0000000082600000, 0x0000000082700000, 0x0000000082700000|100%| O|  |TAMS 0x0000000082700000, 0x0000000082600000| Untracked 
|  39|0x0000000082700000, 0x0000000082800000, 0x0000000082800000|100%| O|  |TAMS 0x0000000082800000, 0x0000000082700000| Untracked 
|  40|0x0000000082800000, 0x0000000082900000, 0x0000000082900000|100%| O|  |TAMS 0x0000000082900000, 0x0000000082800000| Untracked 
|  41|0x0000000082900000, 0x0000000082a00000, 0x0000000082a00000|100%| O|  |TAMS 0x0000000082a00000, 0x0000000082900000| Untracked 
|  42|0x0000000082a00000, 0x0000000082a33200, 0x0000000082b00000| 19%| O|  |TAMS 0x0000000082a33200, 0x0000000082a00000| Untracked 
|  43|0x0000000082b00000, 0x0000000082c00000, 0x0000000082c00000|100%|HS|  |TAMS 0x0000000082b00000, 0x0000000082b00000| Complete 
|  44|0x0000000082c00000, 0x0000000082d00000, 0x0000000082d00000|100%|HS|  |TAMS 0x0000000082c00000, 0x0000000082c00000| Complete 
|  45|0x0000000082d00000, 0x0000000082e00000, 0x0000000082e00000|100%|HS|  |TAMS 0x0000000082d00000, 0x0000000082d00000| Complete 
|  46|0x0000000082e00000, 0x0000000082f00000, 0x0000000082f00000|100%|HS|  |TAMS 0x0000000082e00000, 0x0000000082e00000| Complete 
|  47|0x0000000082f00000, 0x0000000083000000, 0x0000000083000000|100%|HS|  |TAMS 0x0000000082f00000, 0x0000000082f00000| Complete 
|  48|0x0000000083000000, 0x0000000083100000, 0x0000000083100000|100%|HS|  |TAMS 0x0000000083000000, 0x0000000083000000| Complete 
|  49|0x0000000083100000, 0x0000000083200000, 0x0000000083200000|100%|HS|  |TAMS 0x0000000083100000, 0x0000000083100000| Complete 
|  50|0x0000000083200000, 0x0000000083200000, 0x0000000083300000|  0%| F|  |TAMS 0x0000000083200000, 0x0000000083200000| Untracked 
|  51|0x0000000083300000, 0x0000000083300000, 0x0000000083400000|  0%| F|  |TAMS 0x0000000083300000, 0x0000000083300000| Untracked 
|  52|0x0000000083400000, 0x0000000083400000, 0x0000000083500000|  0%| F|  |TAMS 0x0000000083400000, 0x0000000083400000| Untracked 
|  53|0x0000000083500000, 0x0000000083500000, 0x0000000083600000|  0%| F|  |TAMS 0x0000000083500000, 0x0000000083500000| Untracked 
|  54|0x0000000083600000, 0x0000000083600000, 0x0000000083700000|  0%| F|  |TAMS 0x0000000083600000, 0x0000000083600000| Untracked 
|  55|0x0000000083700000, 0x0000000083700000, 0x0000000083800000|  0%| F|  |TAMS 0x0000000083700000, 0x0000000083700000| Untracked 
|  56|0x0000000083800000, 0x0000000083800000, 0x0000000083900000|  0%| F|  |TAMS 0x0000000083800000, 0x0000000083800000| Untracked 
|  57|0x0000000083900000, 0x0000000083900000, 0x0000000083a00000|  0%| F|  |TAMS 0x0000000083900000, 0x0000000083900000| Untracked 
|  58|0x0000000083a00000, 0x0000000083a00000, 0x0000000083b00000|  0%| F|  |TAMS 0x0000000083a00000, 0x0000000083a00000| Untracked 
|  59|0x0000000083b00000, 0x0000000083b00000, 0x0000000083c00000|  0%| F|  |TAMS 0x0000000083b00000, 0x0000000083b00000| Untracked 
|  60|0x0000000083c00000, 0x0000000083c00000, 0x0000000083d00000|  0%| F|  |TAMS 0x0000000083c00000, 0x0000000083c00000| Untracked 
|  61|0x0000000083d00000, 0x0000000083d00000, 0x0000000083e00000|  0%| F|  |TAMS 0x0000000083d00000, 0x0000000083d00000| Untracked 
|  62|0x0000000083e00000, 0x0000000083e00000, 0x0000000083f00000|  0%| F|  |TAMS 0x0000000083e00000, 0x0000000083e00000| Untracked 
|  63|0x0000000083f00000, 0x0000000083f00000, 0x0000000084000000|  0%| F|  |TAMS 0x0000000083f00000, 0x0000000083f00000| Untracked 
|  64|0x0000000084000000, 0x0000000084000000, 0x0000000084100000|  0%| F|  |TAMS 0x0000000084000000, 0x0000000084000000| Untracked 
|  65|0x0000000084100000, 0x0000000084100000, 0x0000000084200000|  0%| F|  |TAMS 0x0000000084100000, 0x0000000084100000| Untracked 
|  66|0x0000000084200000, 0x0000000084200000, 0x0000000084300000|  0%| F|  |TAMS 0x0000000084200000, 0x0000000084200000| Untracked 
|  67|0x0000000084300000, 0x0000000084300000, 0x0000000084400000|  0%| F|  |TAMS 0x0000000084300000, 0x0000000084300000| Untracked 
|  68|0x0000000084400000, 0x0000000084400000, 0x0000000084500000|  0%| F|  |TAMS 0x0000000084400000, 0x0000000084400000| Untracked 
|  69|0x0000000084500000, 0x0000000084500000, 0x0000000084600000|  0%| F|  |TAMS 0x0000000084500000, 0x0000000084500000| Untracked 
|  70|0x0000000084600000, 0x0000000084600000, 0x0000000084700000|  0%| F|  |TAMS 0x0000000084600000, 0x0000000084600000| Untracked 
|  71|0x0000000084700000, 0x0000000084700000, 0x0000000084800000|  0%| F|  |TAMS 0x0000000084700000, 0x0000000084700000| Untracked 
|  72|0x0000000084800000, 0x0000000084800000, 0x0000000084900000|  0%| F|  |TAMS 0x0000000084800000, 0x0000000084800000| Untracked 
|  73|0x0000000084900000, 0x0000000084900000, 0x0000000084a00000|  0%| F|  |TAMS 0x0000000084900000, 0x0000000084900000| Untracked 
|  74|0x0000000084a00000, 0x0000000084a00000, 0x0000000084b00000|  0%| F|  |TAMS 0x0000000084a00000, 0x0000000084a00000| Untracked 
|  75|0x0000000084b00000, 0x0000000084b00000, 0x0000000084c00000|  0%| F|  |TAMS 0x0000000084b00000, 0x0000000084b00000| Untracked 
|  76|0x0000000084c00000, 0x0000000084c00000, 0x0000000084d00000|  0%| F|  |TAMS 0x0000000084c00000, 0x0000000084c00000| Untracked 
|  77|0x0000000084d00000, 0x0000000084d00000, 0x0000000084e00000|  0%| F|  |TAMS 0x0000000084d00000, 0x0000000084d00000| Untracked 
|  78|0x0000000084e00000, 0x0000000084e00000, 0x0000000084f00000|  0%| F|  |TAMS 0x0000000084e00000, 0x0000000084e00000| Untracked 
|  79|0x0000000084f00000, 0x0000000084f00000, 0x0000000085000000|  0%| F|  |TAMS 0x0000000084f00000, 0x0000000084f00000| Untracked 
|  80|0x0000000085000000, 0x0000000085000000, 0x0000000085100000|  0%| F|  |TAMS 0x0000000085000000, 0x0000000085000000| Untracked 
|  81|0x0000000085100000, 0x0000000085100000, 0x0000000085200000|  0%| F|  |TAMS 0x0000000085100000, 0x0000000085100000| Untracked 
|  82|0x0000000085200000, 0x0000000085200000, 0x0000000085300000|  0%| F|  |TAMS 0x0000000085200000, 0x0000000085200000| Untracked 
|  83|0x0000000085300000, 0x0000000085300000, 0x0000000085400000|  0%| F|  |TAMS 0x0000000085300000, 0x0000000085300000| Untracked 
|  84|0x0000000085400000, 0x0000000085400000, 0x0000000085500000|  0%| F|  |TAMS 0x0000000085400000, 0x0000000085400000| Untracked 
|  85|0x0000000085500000, 0x0000000085500000, 0x0000000085600000|  0%| F|  |TAMS 0x0000000085500000, 0x0000000085500000| Untracked 
|  86|0x0000000085600000, 0x0000000085600000, 0x0000000085700000|  0%| F|  |TAMS 0x0000000085600000, 0x0000000085600000| Untracked 
|  87|0x0000000085700000, 0x0000000085700000, 0x0000000085800000|  0%| F|  |TAMS 0x0000000085700000, 0x0000000085700000| Untracked 
|  88|0x0000000085800000, 0x0000000085800000, 0x0000000085900000|  0%| F|  |TAMS 0x0000000085800000, 0x0000000085800000| Untracked 
|  89|0x0000000085900000, 0x0000000085900000, 0x0000000085a00000|  0%| F|  |TAMS 0x0000000085900000, 0x0000000085900000| Untracked 
|  90|0x0000000085a00000, 0x0000000085a00000, 0x0000000085b00000|  0%| F|  |TAMS 0x0000000085a00000, 0x0000000085a00000| Untracked 
|  91|0x0000000085b00000, 0x0000000085b00000, 0x0000000085c00000|  0%| F|  |TAMS 0x0000000085b00000, 0x0000000085b00000| Untracked 
|  92|0x0000000085c00000, 0x0000000085c00000, 0x0000000085d00000|  0%| F|  |TAMS 0x0000000085c00000, 0x0000000085c00000| Untracked 
|  93|0x0000000085d00000, 0x0000000085d00000, 0x0000000085e00000|  0%| F|  |TAMS 0x0000000085d00000, 0x0000000085d00000| Untracked 
|  94|0x0000000085e00000, 0x0000000085e00000, 0x0000000085f00000|  0%| F|  |TAMS 0x0000000085e00000, 0x0000000085e00000| Untracked 
|  95|0x0000000085f00000, 0x0000000085f00000, 0x0000000086000000|  0%| F|  |TAMS 0x0000000085f00000, 0x0000000085f00000| Untracked 
|  96|0x0000000086000000, 0x0000000086000000, 0x0000000086100000|  0%| F|  |TAMS 0x0000000086000000, 0x0000000086000000| Untracked 
|  97|0x0000000086100000, 0x0000000086100000, 0x0000000086200000|  0%| F|  |TAMS 0x0000000086100000, 0x0000000086100000| Untracked 
|  98|0x0000000086200000, 0x0000000086200000, 0x0000000086300000|  0%| F|  |TAMS 0x0000000086200000, 0x0000000086200000| Untracked 
|  99|0x0000000086300000, 0x0000000086300000, 0x0000000086400000|  0%| F|  |TAMS 0x0000000086300000, 0x0000000086300000| Untracked 
| 100|0x0000000086400000, 0x0000000086400000, 0x0000000086500000|  0%| F|  |TAMS 0x0000000086400000, 0x0000000086400000| Untracked 
| 101|0x0000000086500000, 0x0000000086600000, 0x0000000086600000|100%| E|  |TAMS 0x0000000086500000, 0x0000000086500000| Complete 
| 102|0x0000000086600000, 0x0000000086700000, 0x0000000086700000|100%| E|CS|TAMS 0x0000000086600000, 0x0000000086600000| Complete 
| 103|0x0000000086700000, 0x0000000086800000, 0x0000000086800000|100%| E|CS|TAMS 0x0000000086700000, 0x0000000086700000| Complete 
| 104|0x0000000086800000, 0x0000000086900000, 0x0000000086900000|100%| E|CS|TAMS 0x0000000086800000, 0x0000000086800000| Complete 
| 105|0x0000000086900000, 0x0000000086a00000, 0x0000000086a00000|100%| E|CS|TAMS 0x0000000086900000, 0x0000000086900000| Complete 
| 106|0x0000000086a00000, 0x0000000086b00000, 0x0000000086b00000|100%| E|CS|TAMS 0x0000000086a00000, 0x0000000086a00000| Complete 
| 107|0x0000000086b00000, 0x0000000086c00000, 0x0000000086c00000|100%| E|CS|TAMS 0x0000000086b00000, 0x0000000086b00000| Complete 
| 108|0x0000000086c00000, 0x0000000086c659d0, 0x0000000086d00000| 39%| S|CS|TAMS 0x0000000086c00000, 0x0000000086c00000| Complete 
| 109|0x0000000086d00000, 0x0000000086e00000, 0x0000000086e00000|100%| S|CS|TAMS 0x0000000086d00000, 0x0000000086d00000| Complete 
| 110|0x0000000086e00000, 0x0000000086f00000, 0x0000000086f00000|100%| S|CS|TAMS 0x0000000086e00000, 0x0000000086e00000| Complete 
| 111|0x0000000086f00000, 0x0000000087000000, 0x0000000087000000|100%| E|CS|TAMS 0x0000000086f00000, 0x0000000086f00000| Complete 
| 112|0x0000000087000000, 0x0000000087100000, 0x0000000087100000|100%| E|CS|TAMS 0x0000000087000000, 0x0000000087000000| Complete 
| 113|0x0000000087100000, 0x0000000087200000, 0x0000000087200000|100%| E|CS|TAMS 0x0000000087100000, 0x0000000087100000| Complete 
| 114|0x0000000087200000, 0x0000000087300000, 0x0000000087300000|100%| E|CS|TAMS 0x0000000087200000, 0x0000000087200000| Complete 
| 115|0x0000000087300000, 0x0000000087400000, 0x0000000087400000|100%| E|CS|TAMS 0x0000000087300000, 0x0000000087300000| Complete 
| 116|0x0000000087400000, 0x0000000087500000, 0x0000000087500000|100%| E|CS|TAMS 0x0000000087400000, 0x0000000087400000| Complete 
| 117|0x0000000087500000, 0x0000000087600000, 0x0000000087600000|100%| E|CS|TAMS 0x0000000087500000, 0x0000000087500000| Complete 
| 118|0x0000000087600000, 0x0000000087700000, 0x0000000087700000|100%| E|CS|TAMS 0x0000000087600000, 0x0000000087600000| Complete 
| 119|0x0000000087700000, 0x0000000087800000, 0x0000000087800000|100%| E|CS|TAMS 0x0000000087700000, 0x0000000087700000| Complete 
| 120|0x0000000087800000, 0x0000000087900000, 0x0000000087900000|100%| E|CS|TAMS 0x0000000087800000, 0x0000000087800000| Complete 
| 121|0x0000000087900000, 0x0000000087a00000, 0x0000000087a00000|100%| E|CS|TAMS 0x0000000087900000, 0x0000000087900000| Complete 
| 122|0x0000000087a00000, 0x0000000087b00000, 0x0000000087b00000|100%| E|CS|TAMS 0x0000000087a00000, 0x0000000087a00000| Complete 
| 123|0x0000000087b00000, 0x0000000087c00000, 0x0000000087c00000|100%| E|CS|TAMS 0x0000000087b00000, 0x0000000087b00000| Complete 
| 124|0x0000000087c00000, 0x0000000087d00000, 0x0000000087d00000|100%| E|CS|TAMS 0x0000000087c00000, 0x0000000087c00000| Complete 
| 125|0x0000000087d00000, 0x0000000087e00000, 0x0000000087e00000|100%| E|CS|TAMS 0x0000000087d00000, 0x0000000087d00000| Complete 
| 126|0x0000000087e00000, 0x0000000087f00000, 0x0000000087f00000|100%| E|CS|TAMS 0x0000000087e00000, 0x0000000087e00000| Complete 
| 127|0x0000000087f00000, 0x0000000088000000, 0x0000000088000000|100%| E|CS|TAMS 0x0000000087f00000, 0x0000000087f00000| Complete 
| 128|0x0000000088000000, 0x0000000088100000, 0x0000000088100000|100%| E|CS|TAMS 0x0000000088000000, 0x0000000088000000| Complete 
| 129|0x0000000088100000, 0x0000000088200000, 0x0000000088200000|100%| E|CS|TAMS 0x0000000088100000, 0x0000000088100000| Complete 
| 130|0x0000000088200000, 0x0000000088300000, 0x0000000088300000|100%| E|CS|TAMS 0x0000000088200000, 0x0000000088200000| Complete 
| 131|0x0000000088300000, 0x0000000088400000, 0x0000000088400000|100%| E|CS|TAMS 0x0000000088300000, 0x0000000088300000| Complete 
| 132|0x0000000088400000, 0x0000000088500000, 0x0000000088500000|100%| E|CS|TAMS 0x0000000088400000, 0x0000000088400000| Complete 
| 133|0x0000000088500000, 0x0000000088600000, 0x0000000088600000|100%| E|CS|TAMS 0x0000000088500000, 0x0000000088500000| Complete 
| 134|0x0000000088600000, 0x0000000088700000, 0x0000000088700000|100%| E|CS|TAMS 0x0000000088600000, 0x0000000088600000| Complete 
| 135|0x0000000088700000, 0x0000000088800000, 0x0000000088800000|100%| E|CS|TAMS 0x0000000088700000, 0x0000000088700000| Complete 
| 136|0x0000000088800000, 0x0000000088900000, 0x0000000088900000|100%| E|CS|TAMS 0x0000000088800000, 0x0000000088800000| Complete 
| 137|0x0000000088900000, 0x0000000088a00000, 0x0000000088a00000|100%| E|CS|TAMS 0x0000000088900000, 0x0000000088900000| Complete 
| 138|0x0000000088a00000, 0x0000000088b00000, 0x0000000088b00000|100%| E|CS|TAMS 0x0000000088a00000, 0x0000000088a00000| Complete 
| 139|0x0000000088b00000, 0x0000000088c00000, 0x0000000088c00000|100%| E|CS|TAMS 0x0000000088b00000, 0x0000000088b00000| Complete 
| 140|0x0000000088c00000, 0x0000000088d00000, 0x0000000088d00000|100%| E|CS|TAMS 0x0000000088c00000, 0x0000000088c00000| Complete 
| 141|0x0000000088d00000, 0x0000000088e00000, 0x0000000088e00000|100%| E|CS|TAMS 0x0000000088d00000, 0x0000000088d00000| Complete 
| 142|0x0000000088e00000, 0x0000000088f00000, 0x0000000088f00000|100%| E|CS|TAMS 0x0000000088e00000, 0x0000000088e00000| Complete 
| 143|0x0000000088f00000, 0x0000000089000000, 0x0000000089000000|100%| E|CS|TAMS 0x0000000088f00000, 0x0000000088f00000| Complete 
| 144|0x0000000089000000, 0x0000000089100000, 0x0000000089100000|100%| E|CS|TAMS 0x0000000089000000, 0x0000000089000000| Complete 
| 145|0x0000000089100000, 0x0000000089200000, 0x0000000089200000|100%| E|CS|TAMS 0x0000000089100000, 0x0000000089100000| Complete 
| 146|0x0000000089200000, 0x0000000089300000, 0x0000000089300000|100%| E|CS|TAMS 0x0000000089200000, 0x0000000089200000| Complete 
| 147|0x0000000089300000, 0x0000000089400000, 0x0000000089400000|100%| E|CS|TAMS 0x0000000089300000, 0x0000000089300000| Complete 
| 148|0x0000000089400000, 0x0000000089500000, 0x0000000089500000|100%| E|CS|TAMS 0x0000000089400000, 0x0000000089400000| Complete 
| 149|0x0000000089500000, 0x0000000089600000, 0x0000000089600000|100%| E|CS|TAMS 0x0000000089500000, 0x0000000089500000| Complete 
| 150|0x0000000089600000, 0x0000000089700000, 0x0000000089700000|100%| E|CS|TAMS 0x0000000089600000, 0x0000000089600000| Complete 
| 151|0x0000000089700000, 0x0000000089800000, 0x0000000089800000|100%| E|CS|TAMS 0x0000000089700000, 0x0000000089700000| Complete 
| 152|0x0000000089800000, 0x0000000089900000, 0x0000000089900000|100%| E|CS|TAMS 0x0000000089800000, 0x0000000089800000| Complete 
| 153|0x0000000089900000, 0x0000000089a00000, 0x0000000089a00000|100%| E|CS|TAMS 0x0000000089900000, 0x0000000089900000| Complete 

Card table byte_map: [0x000001f7c12e0000,0x000001f7c16e0000] _byte_map_base: 0x000001f7c0ee0000

Marking Bits (Prev, Next): (CMBitMap*) 0x000001f7ac5def00, (CMBitMap*) 0x000001f7ac5deec8
 Prev Bits: [0x000001f7c3ae0000, 0x000001f7c5ae0000)
 Next Bits: [0x000001f7c1ae0000, 0x000001f7c3ae0000)

Polling page: 0x000001f7ac680000

Metaspace:

Usage:
  Non-class:     55.52 MB capacity,    54.55 MB ( 98%) used,   827.24 KB (  1%) free+waste,   162.06 KB ( <1%) overhead. 
      Class:      8.32 MB capacity,     7.79 MB ( 94%) used,   470.90 KB (  6%) free+waste,    75.63 KB ( <1%) overhead. 
       Both:     63.84 MB capacity,    62.34 MB ( 98%) used,     1.27 MB (  2%) free+waste,   237.69 KB ( <1%) overhead. 

Virtual space:
  Non-class space:       56.00 MB reserved,      55.67 MB (>99%) committed 
      Class space:        1.00 GB reserved,       8.45 MB ( <1%) committed 
             Both:        1.05 GB reserved,      64.12 MB (  6%) committed 

Chunk freelists:
   Non-Class:  29.00 KB
       Class:  23.00 KB
        Both:  52.00 KB

MaxMetaspaceSize: 17179869184.00 GB
CompressedClassSpaceSize: 1.00 GB
Initial GC threshold: 20.80 MB
Current GC threshold: 99.16 MB
CDS: off

CodeHeap 'non-profiled nmethods': size=120064Kb used=3627Kb max_used=3627Kb free=116437Kb
 bounds [0x000001f7b9380000, 0x000001f7b9710000, 0x000001f7c08c0000]
CodeHeap 'profiled nmethods': size=120000Kb used=13045Kb max_used=13045Kb free=106954Kb
 bounds [0x000001f7b1e50000, 0x000001f7b2b10000, 0x000001f7b9380000]
CodeHeap 'non-nmethods': size=5696Kb used=2333Kb max_used=2392Kb free=3362Kb
 bounds [0x000001f7b18c0000, 0x000001f7b1b30000, 0x000001f7b1e50000]
 total_blobs=7083 nmethods=6237 adapters=758
 compilation: enabled
              stopped_count=0, restarted_count=0
 full_count=0

Compilation events (20 events):
Event: 20.069 Thread 0x000001f7c8146000 6255       1       org.objectweb.asm.MethodWriter::hasAsmInstructions (5 bytes)
Event: 20.069 Thread 0x000001f7c8146000 nmethod 6255 0x000001f7b9706890 code [0x000001f7b9706a40, 0x000001f7b9706af8]
Event: 20.069 Thread 0x000001f7c8146000 6256       3       org.objectweb.asm.ByteVector::putInt (74 bytes)
Event: 20.069 Thread 0x000001f7c8146000 nmethod 6256 0x000001f7b2af6610 code [0x000001f7b2af67e0, 0x000001f7b2af6a28]
Event: 20.070 Thread 0x000001f7c8146000 6257   !   3       org.gradle.internal.instantiation.generator.AbstractClassGenerator::generateUnderLock (702 bytes)
Event: 20.074 Thread 0x000001f7cb464800 6261       4       org.objectweb.asm.ByteVector::putByteArray (49 bytes)
Event: 20.077 Thread 0x000001f7cb464800 nmethod 6261 0x000001f7b9706b90 code [0x000001f7b9706d20, 0x000001f7b9706e78]
Event: 20.082 Thread 0x000001f7c8146000 nmethod 6257 0x000001f7b2af6b90 code [0x000001f7b2af7840, 0x000001f7b2b004d8]
Event: 20.082 Thread 0x000001f7c8146000 6258       3       org.gradle.internal.instantiation.generator.AsmBackedClassGenerator$ClassBuilderImpl$$Lambda$132/0x0000000100317040::<init> (26 bytes)
Event: 20.082 Thread 0x000001f7c8146000 nmethod 6258 0x000001f7b2b04490 code [0x000001f7b2b04660, 0x000001f7b2b04938]
Event: 20.082 Thread 0x000001f7c8146000 6259       3       org.gradle.internal.instantiation.generator.AsmBackedClassGenerator$ClassBuilderImpl$$Lambda$132/0x0000000100317040::add (21 bytes)
Event: 20.082 Thread 0x000001f7c8146000 nmethod 6259 0x000001f7b2b04a10 code [0x000001f7b2b04bc0, 0x000001f7b2b04d08]
Event: 20.082 Thread 0x000001f7c8146000 6260       3       org.gradle.internal.instantiation.generator.AsmBackedClassGenerator$ClassBuilderImpl::lambda$addLazyGetter$5 (131 bytes)
Event: 20.083 Thread 0x000001f7c8146000 nmethod 6260 0x000001f7b2b04e10 code [0x000001f7b2b050e0, 0x000001f7b2b05e98]
Event: 20.084 Thread 0x000001f7c8146000 6262       3       sun.reflect.generics.tree.Wildcard::accept (8 bytes)
Event: 20.084 Thread 0x000001f7c8146000 nmethod 6262 0x000001f7b2b06310 code [0x000001f7b2b06540, 0x000001f7b2b06cb8]
Event: 20.084 Thread 0x000001f7c8146000 6263       3       sun.reflect.generics.visitor.Reifier::visitWildcard (22 bytes)
Event: 20.085 Thread 0x000001f7c8146000 nmethod 6263 0x000001f7b2b06f90 code [0x000001f7b2b071a0, 0x000001f7b2b07878]
Event: 20.085 Thread 0x000001f7c8146000 6264       3       sun.reflect.generics.factory.CoreReflectionFactory::makeWildcard (7 bytes)
Event: 20.085 Thread 0x000001f7c8146000 nmethod 6264 0x000001f7b2b07b10 code [0x000001f7b2b07ce0, 0x000001f7b2b080d8]

GC Heap History (20 events):
Event: 2.916 GC heap before
{Heap before GC invocations=2 (full 0):
 garbage-first heap   total 131072K, used 37280K [0x0000000080000000, 0x0000000100000000)
  region size 1024K, 29 young (29696K), 2 survivors (2048K)
 Metaspace       used 11253K, capacity 11508K, committed 11776K, reserved 1060864K
  class space    used 1153K, capacity 1244K, committed 1280K, reserved 1048576K
}
Event: 2.920 GC heap after
{Heap after GC invocations=3 (full 0):
 garbage-first heap   total 131072K, used 11104K [0x0000000080000000, 0x0000000100000000)
  region size 1024K, 4 young (4096K), 4 survivors (4096K)
 Metaspace       used 11253K, capacity 11508K, committed 11776K, reserved 1060864K
  class space    used 1153K, capacity 1244K, committed 1280K, reserved 1048576K
}
Event: 5.578 GC heap before
{Heap before GC invocations=3 (full 0):
 garbage-first heap   total 131072K, used 53088K [0x0000000080000000, 0x0000000100000000)
  region size 1024K, 45 young (46080K), 4 survivors (4096K)
 Metaspace       used 17455K, capacity 17909K, committed 18048K, reserved 1064960K
  class space    used 2012K, capacity 2147K, committed 2176K, reserved 1048576K
}
Event: 5.596 GC heap after
{Heap after GC invocations=4 (full 0):
 garbage-first heap   total 131072K, used 16267K [0x0000000080000000, 0x0000000100000000)
  region size 1024K, 6 young (6144K), 6 survivors (6144K)
 Metaspace       used 17455K, capacity 17909K, committed 18048K, reserved 1064960K
  class space    used 2012K, capacity 2147K, committed 2176K, reserved 1048576K
}
Event: 6.202 GC heap before
{Heap before GC invocations=4 (full 0):
 garbage-first heap   total 131072K, used 49035K [0x0000000080000000, 0x0000000100000000)
  region size 1024K, 39 young (39936K), 6 survivors (6144K)
 Metaspace       used 20812K, capacity 21251K, committed 21296K, reserved 1069056K
  class space    used 2525K, capacity 2686K, committed 2688K, reserved 1048576K
}
Event: 6.208 GC heap after
{Heap after GC invocations=5 (full 0):
 garbage-first heap   total 131072K, used 17499K [0x0000000080000000, 0x0000000100000000)
  region size 1024K, 6 young (6144K), 6 survivors (6144K)
 Metaspace       used 20812K, capacity 21251K, committed 21296K, reserved 1069056K
  class space    used 2525K, capacity 2686K, committed 2688K, reserved 1048576K
}
Event: 7.739 GC heap before
{Heap before GC invocations=6 (full 0):
 garbage-first heap   total 131072K, used 71771K [0x0000000080000000, 0x0000000100000000)
  region size 1024K, 60 young (61440K), 6 survivors (6144K)
 Metaspace       used 26575K, capacity 27273K, committed 27388K, reserved 1073152K
  class space    used 3430K, capacity 3640K, committed 3660K, reserved 1048576K
}
Event: 7.751 GC heap after
{Heap after GC invocations=7 (full 0):
 garbage-first heap   total 131072K, used 19700K [0x0000000080000000, 0x0000000100000000)
  region size 1024K, 4 young (4096K), 4 survivors (4096K)
 Metaspace       used 26575K, capacity 27273K, committed 27388K, reserved 1073152K
  class space    used 3430K, capacity 3640K, committed 3660K, reserved 1048576K
}
Event: 9.132 GC heap before
{Heap before GC invocations=7 (full 0):
 garbage-first heap   total 131072K, used 80116K [0x0000000080000000, 0x0000000100000000)
  region size 1024K, 63 young (64512K), 4 survivors (4096K)
 Metaspace       used 35091K, capacity 35879K, committed 35964K, reserved 1081344K
  class space    used 4494K, capacity 4788K, committed 4812K, reserved 1048576K
}
Event: 9.151 GC heap after
{Heap after GC invocations=8 (full 0):
 garbage-first heap   total 131072K, used 23015K [0x0000000080000000, 0x0000000100000000)
  region size 1024K, 7 young (7168K), 7 survivors (7168K)
 Metaspace       used 35091K, capacity 35879K, committed 35964K, reserved 1081344K
  class space    used 4494K, capacity 4788K, committed 4812K, reserved 1048576K
}
Event: 9.161 GC heap before
{Heap before GC invocations=8 (full 0):
 garbage-first heap   total 131072K, used 23015K [0x0000000080000000, 0x0000000100000000)
  region size 1024K, 8 young (8192K), 7 survivors (7168K)
 Metaspace       used 35149K, capacity 35893K, committed 35964K, reserved 1081344K
  class space    used 4502K, capacity 4793K, committed 4812K, reserved 1048576K
}
Event: 9.174 GC heap after
{Heap after GC invocations=9 (full 0):
 garbage-first heap   total 131072K, used 23157K [0x0000000080000000, 0x0000000100000000)
  region size 1024K, 4 young (4096K), 4 survivors (4096K)
 Metaspace       used 35149K, capacity 35893K, committed 35964K, reserved 1081344K
  class space    used 4502K, capacity 4793K, committed 4812K, reserved 1048576K
}
Event: 11.256 GC heap before
{Heap before GC invocations=10 (full 0):
 garbage-first heap   total 131072K, used 92789K [0x0000000080000000, 0x0000000100000000)
  region size 1024K, 69 young (70656K), 4 survivors (4096K)
 Metaspace       used 40317K, capacity 41227K, committed 41468K, reserved 1085440K
  class space    used 5074K, capacity 5413K, committed 5452K, reserved 1048576K
}
Event: 11.281 GC heap after
{Heap after GC invocations=11 (full 0):
 garbage-first heap   total 157696K, used 28108K [0x0000000080000000, 0x0000000100000000)
  region size 1024K, 9 young (9216K), 9 survivors (9216K)
 Metaspace       used 40317K, capacity 41227K, committed 41468K, reserved 1085440K
  class space    used 5074K, capacity 5413K, committed 5452K, reserved 1048576K
}
Event: 13.080 GC heap before
{Heap before GC invocations=11 (full 0):
 garbage-first heap   total 157696K, used 103884K [0x0000000080000000, 0x0000000100000000)
  region size 1024K, 83 young (84992K), 9 survivors (9216K)
 Metaspace       used 46858K, capacity 47999K, committed 48380K, reserved 1091584K
  class space    used 5933K, capacity 6341K, committed 6476K, reserved 1048576K
}
Event: 13.098 GC heap after
{Heap after GC invocations=12 (full 0):
 garbage-first heap   total 157696K, used 30461K [0x0000000080000000, 0x0000000100000000)
  region size 1024K, 8 young (8192K), 8 survivors (8192K)
 Metaspace       used 46858K, capacity 47999K, committed 48380K, reserved 1091584K
  class space    used 5933K, capacity 6341K, committed 6476K, reserved 1048576K
}
Event: 16.815 GC heap before
{Heap before GC invocations=12 (full 0):
 garbage-first heap   total 157696K, used 120573K [0x0000000080000000, 0x0000000100000000)
  region size 1024K, 92 young (94208K), 8 survivors (8192K)
 Metaspace       used 52804K, capacity 54187K, committed 54524K, reserved 1097728K
  class space    used 6648K, capacity 7130K, committed 7244K, reserved 1048576K
}
Event: 16.834 GC heap after
{Heap after GC invocations=13 (full 0):
 garbage-first heap   total 157696K, used 43467K [0x0000000080000000, 0x0000000100000000)
  region size 1024K, 12 young (12288K), 12 survivors (12288K)
 Metaspace       used 52804K, capacity 54187K, committed 54524K, reserved 1097728K
  class space    used 6648K, capacity 7130K, committed 7244K, reserved 1048576K
}
Event: 17.925 GC heap before
{Heap before GC invocations=13 (full 0):
 garbage-first heap   total 157696K, used 86475K [0x0000000080000000, 0x0000000100000000)
  region size 1024K, 55 young (56320K), 12 survivors (12288K)
 Metaspace       used 58840K, capacity 60244K, committed 60284K, reserved 1101824K
  class space    used 7351K, capacity 7865K, committed 7884K, reserved 1048576K
}
Event: 17.945 GC heap after
{Heap after GC invocations=14 (full 0):
 garbage-first heap   total 157696K, used 45666K [0x0000000080000000, 0x0000000100000000)
  region size 1024K, 3 young (3072K), 3 survivors (3072K)
 Metaspace       used 58840K, capacity 60244K, committed 60284K, reserved 1101824K
  class space    used 7351K, capacity 7865K, committed 7884K, reserved 1048576K
}

Deoptimization events (20 events):
Event: 19.174 Thread 0x000001f7ca642000 DEOPT PACKING pc=0x000001f7b96e36d4 sp=0x000000f58e1f3100
Event: 19.174 Thread 0x000001f7ca642000 DEOPT UNPACKING pc=0x000001f7b190a1af sp=0x000000f58e1f30d8 mode 2
Event: 19.174 Thread 0x000001f7ca642000 Uncommon trap: trap_request=0xffffffbe fr.pc=0x000001f7b96e36d4 relative=0x0000000000000df4
Event: 19.174 Thread 0x000001f7ca642000 Uncommon trap: reason=profile_predicate action=maybe_recompile pc=0x000001f7b96e36d4 method=java.math.BigInteger.montReduce([I[III)[I @ 56 c2
Event: 19.174 Thread 0x000001f7ca642000 DEOPT PACKING pc=0x000001f7b96e36d4 sp=0x000000f58e1f3100
Event: 19.174 Thread 0x000001f7ca642000 DEOPT UNPACKING pc=0x000001f7b190a1af sp=0x000000f58e1f30d8 mode 2
Event: 19.174 Thread 0x000001f7ca642000 Uncommon trap: trap_request=0xffffffbe fr.pc=0x000001f7b96e36d4 relative=0x0000000000000df4
Event: 19.174 Thread 0x000001f7ca642000 Uncommon trap: reason=profile_predicate action=maybe_recompile pc=0x000001f7b96e36d4 method=java.math.BigInteger.montReduce([I[III)[I @ 56 c2
Event: 19.174 Thread 0x000001f7ca642000 DEOPT PACKING pc=0x000001f7b96e36d4 sp=0x000000f58e1f3100
Event: 19.174 Thread 0x000001f7ca642000 DEOPT UNPACKING pc=0x000001f7b190a1af sp=0x000000f58e1f30d8 mode 2
Event: 19.217 Thread 0x000001f7ca642000 DEOPT PACKING pc=0x000001f7b2a4e23e sp=0x000000f58e1f3670
Event: 19.217 Thread 0x000001f7ca642000 DEOPT UNPACKING pc=0x000001f7b190a95e sp=0x000000f58e1f2ae8 mode 0
Event: 19.235 Thread 0x000001f7ca642000 Uncommon trap: trap_request=0xffffff4d fr.pc=0x000001f7b9670b3c relative=0x000000000000009c
Event: 19.235 Thread 0x000001f7ca642000 Uncommon trap: reason=unstable_if action=reinterpret pc=0x000001f7b9670b3c method=java.security.CodeSource.matchCerts(Ljava/security/CodeSource;Z)Z @ 11 c2
Event: 19.235 Thread 0x000001f7ca642000 DEOPT PACKING pc=0x000001f7b9670b3c sp=0x000000f58e1f09b0
Event: 19.235 Thread 0x000001f7ca642000 DEOPT UNPACKING pc=0x000001f7b190a1af sp=0x000000f58e1f0948 mode 2
Event: 19.279 Thread 0x000001f7ca642000 DEOPT PACKING pc=0x000001f7b24e33af sp=0x000000f58e1f5a30
Event: 19.279 Thread 0x000001f7ca642000 DEOPT UNPACKING pc=0x000001f7b190a95e sp=0x000000f58e1f4ed0 mode 0
Event: 19.887 Thread 0x000001f7ca642000 DEOPT PACKING pc=0x000001f7b2a42947 sp=0x000000f58e1f67e0
Event: 19.887 Thread 0x000001f7ca642000 DEOPT UNPACKING pc=0x000001f7b190a95e sp=0x000000f58e1f5ca0 mode 0

Classes redefined (0 events):
No events

Internal exceptions (20 events):
Event: 15.140 Thread 0x000001f7ca642000 Exception <a 'java/security/PrivilegedActionException'{0x0000000086acb6d0}> (0x0000000086acb6d0) thrown at [./src/hotspot/share/prims/jvm.cpp, line 1306]
Event: 15.140 Thread 0x000001f7ca642000 Exception <a 'java/security/PrivilegedActionException'{0x0000000086acc990}> (0x0000000086acc990) thrown at [./src/hotspot/share/prims/jvm.cpp, line 1306]
Event: 15.140 Thread 0x000001f7ca642000 Exception <a 'java/security/PrivilegedActionException'{0x0000000086acf5f8}> (0x0000000086acf5f8) thrown at [./src/hotspot/share/prims/jvm.cpp, line 1306]
Event: 15.141 Thread 0x000001f7ca642000 Exception <a 'java/security/PrivilegedActionException'{0x0000000086ad08b8}> (0x0000000086ad08b8) thrown at [./src/hotspot/share/prims/jvm.cpp, line 1306]
Event: 15.141 Thread 0x000001f7ca642000 Exception <a 'java/security/PrivilegedActionException'{0x0000000086ad3578}> (0x0000000086ad3578) thrown at [./src/hotspot/share/prims/jvm.cpp, line 1306]
Event: 15.141 Thread 0x000001f7ca642000 Exception <a 'java/security/PrivilegedActionException'{0x0000000086ad4838}> (0x0000000086ad4838) thrown at [./src/hotspot/share/prims/jvm.cpp, line 1306]
Event: 15.598 Thread 0x000001f7ca642000 Exception <a 'java/lang/ClassNotFoundException'{0x00000000862fd620}: org/gradle/api/internal/plugins/DefaultObjectConfigurationActionBeanInfo> (0x00000000862fd620) thrown at [./src/hotspot/share/classfile/systemDictionary.cpp, line 231]
Event: 15.600 Thread 0x000001f7ca642000 Exception <a 'java/lang/ClassNotFoundException'{0x0000000086133318}: org/gradle/api/internal/plugins/DefaultObjectConfigurationActionCustomizer> (0x0000000086133318) thrown at [./src/hotspot/share/classfile/systemDictionary.cpp, line 231]
Event: 16.084 Thread 0x000001f7ca642000 Exception <a 'java/lang/NoSuchMethodError'{0x000000008579e708}: 'java.lang.Object java.lang.invoke.DirectMethodHandle$Holder.invokeStatic(java.lang.Object, java.lang.Object, java.lang.Object, java.lang.Object, int)'> (0x000000008579e708) thrown at [./src/hotspot/share/interpreter/linkResolver.cpp, line 773]
Event: 16.084 Thread 0x000001f7ca642000 Exception <a 'java/lang/NoSuchMethodError'{0x00000000857a3100}: 'java.lang.Object java.lang.invoke.DirectMethodHandle$Holder.invokeSpecial(java.lang.Object, java.lang.Object, java.lang.Object, java.lang.Object, java.lang.Object, int)'> (0x00000000857a3100) thrown at [./src/hotspot/share/interpreter/linkResolver.cpp, line 773]
Event: 16.084 Thread 0x000001f7ca642000 Exception <a 'java/lang/NoSuchMethodError'{0x00000000857a7740}: 'java.lang.Object java.lang.invoke.Invokers$Holder.linkToTargetMethod(java.lang.Object, java.lang.Object, java.lang.Object, int, java.lang.Object)'> (0x00000000857a7740) thrown at [./src/hotspot/share/interpreter/linkResolver.cpp, line 773]
Event: 16.752 Thread 0x000001f7ca642000 Exception <a 'java/lang/NoSuchMethodError'{0x00000000841f4be0}: 'java.lang.Object java.lang.invoke.DirectMethodHandle$Holder.invokeSpecial(java.lang.Object, java.lang.Object, int, int, java.lang.Object, java.lang.Object, java.lang.Object)'> (0x00000000841f4be0) thrown at [./src/hotspot/share/interpreter/linkResolver.cpp, line 773]
Event: 16.753 Thread 0x000001f7ca642000 Exception <a 'java/lang/NoSuchMethodError'{0x00000000841f9160}: 'java.lang.Object java.lang.invoke.DelegatingMethodHandle$Holder.reinvoke_L(java.lang.Object, int, int, java.lang.Object, java.lang.Object, java.lang.Object)'> (0x00000000841f9160) thrown at [./src/hotspot/share/interpreter/linkResolver.cpp, line 773]
Event: 17.173 Thread 0x000001f7ca642000 Exception <a 'java/lang/NoSuchMethodError'{0x0000000088f2faa8}: 'int java.lang.invoke.DirectMethodHandle$Holder.invokeInterface(java.lang.Object, java.lang.Object, java.lang.Object, java.lang.Object)'> (0x0000000088f2faa8) thrown at [./src/hotspot/share/interpreter/linkResolver.cpp, line 773]
Event: 17.984 Thread 0x000001f7ca642000 Exception <a 'java/lang/IncompatibleClassChangeError'{0x000000008996de18}: Found class java.lang.Object, but interface was expected> (0x000000008996de18) thrown at [./src/hotspot/share/interpreter/linkResolver.cpp, line 839]
Event: 18.122 Thread 0x000001f7ca642000 Implicit null exception at 0x000001f7b965b954 to 0x000001f7b965bb38
Event: 18.122 Thread 0x000001f7ca642000 Implicit null exception at 0x000001f7b956f323 to 0x000001f7b9572830
Event: 18.260 Thread 0x000001f7ca642000 Implicit null exception at 0x000001f7b9581c8b to 0x000001f7b9581d64
Event: 18.353 Thread 0x000001f7ca642000 Implicit null exception at 0x000001f7b94f682c to 0x000001f7b94f69da
Event: 19.360 Thread 0x000001f7ca642000 Exception <a 'sun/nio/fs/WindowsException'{0x000000008791dbf8}> (0x000000008791dbf8) thrown at [./src/hotspot/share/prims/jni.cpp, line 616]

Events (20 events):
Event: 20.040 loading class com/android/repository/Revision$Precision
Event: 20.040 loading class com/android/repository/Revision$Precision done
Event: 20.041 loading class com/android/sdklib/AndroidVersion
Event: 20.041 loading class com/android/sdklib/AndroidVersion done
Event: 20.042 loading class com/android/sdklib/AndroidVersion$AndroidVersionException
Event: 20.042 loading class com/android/sdklib/AndroidVersion$AndroidVersionException done
Event: 20.043 loading class com/android/build/gradle/internal/dsl/CommonExtensionImpl$sdkComponents$2
Event: 20.043 loading class com/android/build/gradle/internal/dsl/CommonExtensionImpl$sdkComponents$2 done
Event: 20.050 loading class com/android/build/gradle/internal/dsl/CommonExtensionImpl$dataBinding$1
Event: 20.050 loading class com/android/build/gradle/internal/dsl/CommonExtensionImpl$dataBinding$1 done
Event: 20.050 loading class com/android/build/gradle/internal/dsl/DataBindingOptions$AgpDecorated
Event: 20.050 loading class com/android/build/gradle/internal/dsl/DataBindingOptions$AgpDecorated done
Event: 20.051 loading class kotlin/annotation/Target
Event: 20.051 loading class kotlin/annotation/Target done
Event: 20.086 loading class com/android/build/gradle/internal/dsl/CommonExtensionImpl$lintOptions$2
Event: 20.086 loading class com/android/build/gradle/internal/dsl/CommonExtensionImpl$lintOptions$2 done
Event: 20.088 loading class com/android/build/gradle/internal/dsl/ManagedDevices
Event: 20.088 loading class com/android/build/gradle/internal/dsl/ManagedDevices done
Event: 20.089 loading class com/android/build/api/dsl/ManagedDevices
Event: 20.089 loading class com/android/build/api/dsl/ManagedDevices done


Dynamic libraries:
0x00007ff78a550000 - 0x00007ff78a55a000 	C:\Program Files\Android\Android Studio\jre\bin\java.exe
0x00007ff866e50000 - 0x00007ff867048000 	C:\WINDOWS\SYSTEM32\ntdll.dll
0x00007ff865e10000 - 0x00007ff865ecf000 	C:\WINDOWS\System32\KERNEL32.DLL
0x00007ff8646b0000 - 0x00007ff864982000 	C:\WINDOWS\System32\KERNELBASE.dll
0x00007ff844e10000 - 0x00007ff844e29000 	C:\Program Files\Android\Android Studio\jre\bin\jli.dll
0x00007ff864fd0000 - 0x00007ff86516d000 	C:\WINDOWS\System32\USER32.dll
0x00007ff864b20000 - 0x00007ff864b42000 	C:\WINDOWS\System32\win32u.dll
0x00007ff864a20000 - 0x00007ff864b20000 	C:\WINDOWS\System32\ucrtbase.dll
0x00007ff8654a0000 - 0x00007ff8654cb000 	C:\WINDOWS\System32\GDI32.dll
0x00007ff864c00000 - 0x00007ff864d0f000 	C:\WINDOWS\System32\gdi32full.dll
0x00007ff864d60000 - 0x00007ff864dfd000 	C:\WINDOWS\System32\msvcp_win.dll
0x00007ff83e8b0000 - 0x00007ff83eb4a000 	C:\WINDOWS\WinSxS\amd64_microsoft.windows.common-controls_6595b64144ccf1df_6.0.19041.1110_none_60b5254171f9507e\COMCTL32.dll
0x00007ff865d70000 - 0x00007ff865e0e000 	C:\WINDOWS\System32\msvcrt.dll
0x00007ff844c20000 - 0x00007ff844c37000 	C:\Program Files\Android\Android Studio\jre\bin\VCRUNTIME140.dll
0x00007ff865220000 - 0x00007ff865252000 	C:\WINDOWS\System32\IMM32.DLL
0x00007ff82d810000 - 0x00007ff82d8ad000 	C:\Program Files\Android\Android Studio\jre\bin\msvcp140.dll
0x00007ff81f820000 - 0x00007ff820322000 	C:\Program Files\Android\Android Studio\jre\bin\server\jvm.dll
0x00007ff865320000 - 0x00007ff8653ce000 	C:\WINDOWS\System32\ADVAPI32.dll
0x00007ff8655c0000 - 0x00007ff86565c000 	C:\WINDOWS\System32\sechost.dll
0x00007ff8668f0000 - 0x00007ff866a15000 	C:\WINDOWS\System32\RPCRT4.dll
0x00007ff8654d0000 - 0x00007ff8654d8000 	C:\WINDOWS\System32\PSAPI.DLL
0x00007ff858400000 - 0x00007ff858409000 	C:\WINDOWS\SYSTEM32\WSOCK32.dll
0x00007ff865430000 - 0x00007ff86549b000 	C:\WINDOWS\System32\WS2_32.dll
0x00007ff85fba0000 - 0x00007ff85fbc7000 	C:\WINDOWS\SYSTEM32\WINMM.dll
0x00007ff85d750000 - 0x00007ff85d75a000 	C:\WINDOWS\SYSTEM32\VERSION.dll
0x00007ff862df0000 - 0x00007ff862e02000 	C:\WINDOWS\SYSTEM32\kernel.appcore.dll
0x00007ff85fc00000 - 0x00007ff85fc11000 	C:\Program Files\Android\Android Studio\jre\bin\verify.dll
0x00007ff8622c0000 - 0x00007ff8624a4000 	C:\WINDOWS\SYSTEM32\DBGHELP.DLL
0x00007ff85d2b0000 - 0x00007ff85d2dc000 	C:\WINDOWS\SYSTEM32\dbgcore.DLL
0x00007ff864990000 - 0x00007ff864a12000 	C:\WINDOWS\System32\bcryptPrimitives.dll
0x00007ff85e4b0000 - 0x00007ff85e4d9000 	C:\Program Files\Android\Android Studio\jre\bin\java.dll
0x00007ff85f3a0000 - 0x00007ff85f3ab000 	C:\Program Files\Android\Android Studio\jre\bin\jimage.dll
0x00007ff85d0c0000 - 0x00007ff85d0d8000 	C:\Program Files\Android\Android Studio\jre\bin\zip.dll
0x00007ff8661a0000 - 0x00007ff8668e3000 	C:\WINDOWS\System32\SHELL32.dll
0x00007ff8624b0000 - 0x00007ff862c42000 	C:\WINDOWS\SYSTEM32\windows.storage.dll
0x00007ff866a20000 - 0x00007ff866d74000 	C:\WINDOWS\System32\combase.dll
0x00007ff863ed0000 - 0x00007ff863f00000 	C:\WINDOWS\SYSTEM32\Wldp.dll
0x00007ff865710000 - 0x00007ff8657bd000 	C:\WINDOWS\System32\SHCORE.dll
0x00007ff8652c0000 - 0x00007ff865315000 	C:\WINDOWS\System32\shlwapi.dll
0x00007ff864490000 - 0x00007ff8644af000 	C:\WINDOWS\SYSTEM32\profapi.dll
0x00007ff85b890000 - 0x00007ff85b8aa000 	C:\Program Files\Android\Android Studio\jre\bin\net.dll
0x00007ff85a710000 - 0x00007ff85a81c000 	C:\WINDOWS\SYSTEM32\WINHTTP.dll
0x00007ff863c30000 - 0x00007ff863c9a000 	C:\WINDOWS\system32\mswsock.dll
0x00007ff858c40000 - 0x00007ff858c54000 	C:\Program Files\Android\Android Studio\jre\bin\nio.dll
0x00007ff84fce0000 - 0x00007ff84fd07000 	C:\Users\ASUS\.gradle\native\e1d6ef7f7dcc3fd88c89a11ec53ec762bb8ba0a96d01ffa2cd45eb1d1d8dd5c5\windows-amd64\native-platform.dll
0x00007ff82d5b0000 - 0x00007ff82d6f4000 	C:\Users\ASUS\.gradle\native\0d407fdbe67a94daf76414ababcb853783967236a71b16ec16e742cd7a986fd3\windows-amd64\native-platform-file-events.dll
0x00007ff85dfa0000 - 0x00007ff85dfaa000 	C:\Program Files\Android\Android Studio\jre\bin\management.dll
0x00007ff85d8e0000 - 0x00007ff85d8ed000 	C:\Program Files\Android\Android Studio\jre\bin\management_ext.dll
0x00007ff863e30000 - 0x00007ff863e48000 	C:\WINDOWS\SYSTEM32\CRYPTSP.dll
0x00007ff863550000 - 0x00007ff863584000 	C:\WINDOWS\system32\rsaenh.dll
0x00007ff864e00000 - 0x00007ff864e27000 	C:\WINDOWS\System32\bcrypt.dll
0x00007ff864450000 - 0x00007ff86447e000 	C:\WINDOWS\SYSTEM32\USERENV.dll
0x00007ff863e20000 - 0x00007ff863e2c000 	C:\WINDOWS\SYSTEM32\CRYPTBASE.dll
0x00007ff863920000 - 0x00007ff86395b000 	C:\WINDOWS\SYSTEM32\IPHLPAPI.DLL
0x00007ff866d80000 - 0x00007ff866d88000 	C:\WINDOWS\System32\NSI.dll
0x00007ff85d7c0000 - 0x00007ff85d7d7000 	C:\WINDOWS\SYSTEM32\dhcpcsvc6.DLL
0x00007ff85d7a0000 - 0x00007ff85d7bd000 	C:\WINDOWS\SYSTEM32\dhcpcsvc.DLL
0x00007ff863960000 - 0x00007ff863a2a000 	C:\WINDOWS\SYSTEM32\DNSAPI.dll

dbghelp: loaded successfully - version: 4.0.5 - missing functions: none
symbol engine: initialized successfully - sym options: 0x614 - pdb path: .;C:\Program Files\Android\Android Studio\jre\bin;C:\WINDOWS\SYSTEM32;C:\WINDOWS\WinSxS\amd64_microsoft.windows.common-controls_6595b64144ccf1df_6.0.19041.1110_none_60b5254171f9507e;C:\Program Files\Android\Android Studio\jre\bin\server;C:\Users\ASUS\.gradle\native\e1d6ef7f7dcc3fd88c89a11ec53ec762bb8ba0a96d01ffa2cd45eb1d1d8dd5c5\windows-amd64;C:\Users\ASUS\.gradle\native\0d407fdbe67a94daf76414ababcb853783967236a71b16ec16e742cd7a986fd3\windows-amd64

VM Arguments:
jvm_args: --add-opens=java.base/java.util=ALL-UNNAMED --add-opens=java.base/java.lang=ALL-UNNAMED --add-opens=java.base/java.lang.invoke=ALL-UNNAMED --add-opens=java.base/java.util=ALL-UNNAMED --add-opens=java.prefs/java.util.prefs=ALL-UNNAMED --add-opens=java.prefs/java.util.prefs=ALL-UNNAMED --add-opens=java.base/java.nio.charset=ALL-UNNAMED --add-opens=java.base/java.net=ALL-UNNAMED --add-opens=java.base/java.util.concurrent.atomic=ALL-UNNAMED -Xmx2048m -Dfile.encoding=UTF-8 -Duser.country=FR -Duser.language=fr -Duser.variant 
java_command: org.gradle.launcher.daemon.bootstrap.GradleDaemon 7.4
java_class_path (initial): C:\Users\ASUS\.gradle\wrapper\dists\gradle-7.4-bin\c0gwcg53nkjbqw7r0h0umtfvt\gradle-7.4\lib\gradle-launcher-7.4.jar
Launcher Type: SUN_STANDARD

[Global flags]
     intx CICompilerCount                          = 3                                         {product} {ergonomic}
     uint ConcGCThreads                            = 1                                         {product} {ergonomic}
     uint G1ConcRefinementThreads                  = 4                                         {product} {ergonomic}
   size_t G1HeapRegionSize                         = 1048576                                   {product} {ergonomic}
    uintx GCDrainStackTargetSize                   = 64                                        {product} {ergonomic}
   size_t InitialHeapSize                          = 134217728                                 {product} {ergonomic}
   size_t MarkStackSize                            = 4194304                                   {product} {ergonomic}
   size_t MaxHeapSize                              = 2147483648                                {product} {command line}
   size_t MaxNewSize                               = 1287651328                                {product} {ergonomic}
   size_t MinHeapDeltaBytes                        = 1048576                                   {product} {ergonomic}
    uintx NonNMethodCodeHeapSize                   = 5830732                                {pd product} {ergonomic}
    uintx NonProfiledCodeHeapSize                  = 122913754                              {pd product} {ergonomic}
    uintx ProfiledCodeHeapSize                     = 122913754                              {pd product} {ergonomic}
    uintx ReservedCodeCacheSize                    = 251658240                              {pd product} {ergonomic}
     bool SegmentedCodeCache                       = true                                      {product} {ergonomic}
     bool UseCompressedClassPointers               = true                                 {lp64_product} {ergonomic}
     bool UseCompressedOops                        = true                                 {lp64_product} {ergonomic}
     bool UseG1GC                                  = true                                      {product} {ergonomic}
     bool UseLargePagesIndividualAllocation        = false                                  {pd product} {ergonomic}

Logging:
Log output configuration:
 #0: stdout all=warning uptime,level,tags
 #1: stderr all=off uptime,level,tags

Environment Variables:
JAVA_HOME=C:\Program Files\Java\jdk-17.0.2\bin
JRE_HOME=C:\Program Files\Java\jre1.8.0_351
PATH=C:\Program Files\Common Files\Oracle\Java\javapath;C:\Program Files (x86)\Common Files\Oracle\Java\javapath;C:\Program Files\Java\jdk-17.0.2\bin;C:\ProgramData\chocolatey\bin;C:\Program Files\nodejs\;C:\Program Files\Git\cmd;C:\Program Files\Maven\apache-maven-3.8.6\bin;C:\Program Files\Microsoft SQL Server\150\Tools\Binn\;C:\Program Files\Microsoft SQL Server\Client SDK\ODBC\170\Tools\Binn\;C:\Program Files\dotnet\;C:\Program Files\MySQL\MySQL Shell 8.0\bin\;C:\Program Files\Java\jdk-17;C:\Users\ASUS\AppData\Local\Programs\Microsoft VS Code\bin;C:\MinGW\bin;C:\Program Files (x86)\GnuWin32\bin;C:\Program Files\Java\jdk-17.0.2\bin;C:\Program Files (x86)\Inno Setup 6;C:\Users\ASUS\AppData\Roaming\npm;C:\Program Files\JetBrains\IntelliJ IDEA 2022.2.4\bin;;C:\Program Files\Java\jdk1.8.0_311\bin;C:\Program Files\JetBrains\IntelliJ IDEA Community Edition 2022.2\bin;;C:\Users\ASUS\.dotnet\tools;C:\Program Files\Java\jre1.8.0_351;
USERNAME=ASUS
OS=Windows_NT
PROCESSOR_IDENTIFIER=Intel64 Family 6 Model 142 Stepping 9, GenuineIntel



---------------  S Y S T E M  ---------------

OS: Windows 10 , 64 bit Build 19041 (10.0.19041.2251)
OS uptime: 22 days 8:07 hours

CPU:total 4 (initial active 4) (2 cores per cpu, 2 threads per core) family 6 model 142 stepping 9 microcode 0xb4, cmov, cx8, fxsr, mmx, sse, sse2, sse3, ssse3, sse4.1, sse4.2, popcnt, avx, avx2, aes, clmul, erms, 3dnowpref, lzcnt, ht, tsc, tscinvbit, bmi1, bmi2, adx, fma

Memory: 4k page, system-wide physical 8075M (512M free)
TotalPageFile size 32651M (AvailPageFile size 6M)
current process WorkingSet (physical memory assigned to process): 354M, peak: 354M
current process commit charge ("private bytes"): 389M, peak: 391M

vm_info: OpenJDK 64-Bit Server VM (11.0.13+0-b1751.21-8125866) for windows-amd64 JRE (11.0.13+0-b1751.21-8125866), built on Feb  2 2022 03:00:22 by "builder" with MS VC++ 14.0 (VS2015)

END.
