#
# There is insufficient memory for the Java Runtime Environment to continue.
# Native memory allocation (malloc) failed to allocate 105616 bytes for Chunk::new
# Possible reasons:
#   The system is out of physical RAM or swap space
#   The process is running with CompressedOops enabled, and the Java Heap may be blocking the growth of the native heap
# Possible solutions:
#   Reduce memory load on the system
#   Increase physical memory or swap space
#   Check if swap backing store is full
#   Decrease Java heap size (-Xmx/-Xms)
#   Decrease number of Java threads
#   Decrease Java thread stack sizes (-Xss)
#   Set larger code cache with -XX:ReservedCodeCacheSize=
#   JVM is running with Unscaled Compressed Oops mode in which the Java heap is
#     placed in the first 4GB address space. The Java Heap base address is the
#     maximum limit for the native heap growth. Please use -XX:HeapBaseMinAddress
#     to set the Java Heap base and to place the Java Heap above 4GB virtual address.
# This output file may be truncated or incomplete.
#
#  Out of Memory Error (./src/hotspot/share/memory/arena.cpp:197), pid=126704, tid=89488
#
# JRE version: OpenJDK Runtime Environment (11.0.13) (build 11.0.13+0-b1751.21-8125866)
# Java VM: OpenJDK 64-Bit Server VM (11.0.13+0-b1751.21-8125866, mixed mode, tiered, compressed oops, g1 gc, windows-amd64)
# No core dump will be written. Minidumps are not enabled by default on client versions of Windows
#

---------------  S U M M A R Y ------------

Command Line: --add-opens=java.base/java.util=ALL-UNNAMED --add-opens=java.base/java.lang=ALL-UNNAMED --add-opens=java.base/java.lang.invoke=ALL-UNNAMED --add-opens=java.base/java.util=ALL-UNNAMED --add-opens=java.prefs/java.util.prefs=ALL-UNNAMED --add-opens=java.prefs/java.util.prefs=ALL-UNNAMED --add-opens=java.base/java.nio.charset=ALL-UNNAMED --add-opens=java.base/java.net=ALL-UNNAMED --add-opens=java.base/java.util.concurrent.atomic=ALL-UNNAMED -Xmx2048m -Dfile.encoding=UTF-8 -Duser.country=FR -Duser.language=fr -Duser.variant org.gradle.launcher.daemon.bootstrap.GradleDaemon 7.4

Host: Intel(R) Core(TM) i7-7500U CPU @ 2.70GHz, 4 cores, 7G,  Windows 10 , 64 bit Build 19041 (10.0.19041.2251)
Time: Sat Dec  3 15:56:23 2022 Maroc (heure d’été) elapsed time: 34.312306 seconds (0d 0h 0m 34s)

---------------  T H R E A D  ---------------

Current thread (0x000002bf42ac3800):  JavaThread "C2 CompilerThread0" daemon [_thread_in_native, id=89488, stack(0x000000d08bb00000,0x000000d08bc00000)]


Current CompileTask:
C2:  34312 11026   !   4       org.gradle.internal.classloader.FilteringClassLoader::loadClass (62 bytes)

Stack: [0x000000d08bb00000,0x000000d08bc00000]
Native frames: (J=compiled Java code, j=interpreted, Vv=VM code, C=native code)
V  [jvm.dll+0x6100fa]
V  [jvm.dll+0x747090]
V  [jvm.dll+0x7486ad]
V  [jvm.dll+0x748d83]
V  [jvm.dll+0x24ab48]
V  [jvm.dll+0xc04dc]
V  [jvm.dll+0xc0a0c]
V  [jvm.dll+0x508340]
V  [jvm.dll+0x32b862]
V  [jvm.dll+0x32ad2a]
V  [jvm.dll+0x2032b2]
V  [jvm.dll+0x202437]
V  [jvm.dll+0x188e01]
V  [jvm.dll+0x21106b]
V  [jvm.dll+0x20f8c1]
V  [jvm.dll+0x70de0f]
V  [jvm.dll+0x706a75]
V  [jvm.dll+0x60ed66]
C  [ucrtbase.dll+0x21bb2]
C  [KERNEL32.DLL+0x174b4]
C  [ntdll.dll+0x526a1]


---------------  P R O C E S S  ---------------

Threads class SMR info:
_java_thread_list=0x000002bf4b86f280, length=89, elements={
0x000002bf28ea3800, 0x000002bf42aa2800, 0x000002bf42aa5800, 0x000002bf42abc000,
0x000002bf42abf000, 0x000002bf42ac0800, 0x000002bf42ac3800, 0x000002bf42aed800,
0x000002bf42aee000, 0x000002bf43596000, 0x000002bf447e3000, 0x000002bf44e80800,
0x000002bf44e3a800, 0x000002bf438f4800, 0x000002bf438f5800, 0x000002bf438f2000,
0x000002bf438f8000, 0x000002bf438f6800, 0x000002bf438f3000, 0x000002bf438f9000,
0x000002bf438f4000, 0x000002bf438f7000, 0x000002bf44569800, 0x000002bf4456e000,
0x000002bf4456a800, 0x000002bf44569000, 0x000002bf4456b800, 0x000002bf44570800,
0x000002bf4456d000, 0x000002bf4456c000, 0x000002bf4456e800, 0x000002bf44577000,
0x000002bf44572000, 0x000002bf44576000, 0x000002bf44575000, 0x000002bf44573800,
0x000002bf44577800, 0x000002bf4741e000, 0x000002bf4741f800, 0x000002bf47421800,
0x000002bf47422000, 0x000002bf4741f000, 0x000002bf47424800, 0x000002bf47420800,
0x000002bf47423000, 0x000002bf47424000, 0x000002bf45588000, 0x000002bf45586000,
0x000002bf4558b000, 0x000002bf45587000, 0x000002bf4558a800, 0x000002bf4558e800,
0x000002bf45588800, 0x000002bf4558f000, 0x000002bf4558c000, 0x000002bf4558c800,
0x000002bf4558d800, 0x000002bf45589800, 0x000002bf45593800, 0x000002bf45595000,
0x000002bf45591000, 0x000002bf45591800, 0x000002bf45592800, 0x000002bf45594000,
0x000002bf45590000, 0x000002bf456a3800, 0x000002bf456a6800, 0x000002bf456a4000,
0x000002bf456a5800, 0x000002bf456a7800, 0x000002bf456a9000, 0x000002bf456a5000,
0x000002bf456ae000, 0x000002bf456aa000, 0x000002bf456a8000, 0x000002bf456ab800,
0x000002bf456ad000, 0x000002bf456ae800, 0x000002bf456b0800, 0x000002bf456aa800,
0x000002bf456b1000, 0x000002bf456b2000, 0x000002bf456ac800, 0x000002bf4b82f000,
0x000002bf4b831800, 0x000002bf4b82e000, 0x000002bf4b832000, 0x000002bf4b833000,
0x000002bf4b82d800
}

Java Threads: ( => current thread )
  0x000002bf28ea3800 JavaThread "main" [_thread_blocked, id=38924, stack(0x000000d08af00000,0x000000d08b000000)]
  0x000002bf42aa2800 JavaThread "Reference Handler" daemon [_thread_blocked, id=127300, stack(0x000000d08b600000,0x000000d08b700000)]
  0x000002bf42aa5800 JavaThread "Finalizer" daemon [_thread_blocked, id=127268, stack(0x000000d08b700000,0x000000d08b800000)]
  0x000002bf42abc000 JavaThread "Signal Dispatcher" daemon [_thread_blocked, id=130024, stack(0x000000d08b800000,0x000000d08b900000)]
  0x000002bf42abf000 JavaThread "Attach Listener" daemon [_thread_blocked, id=128524, stack(0x000000d08b900000,0x000000d08ba00000)]
  0x000002bf42ac0800 JavaThread "Service Thread" daemon [_thread_blocked, id=116792, stack(0x000000d08ba00000,0x000000d08bb00000)]
=>0x000002bf42ac3800 JavaThread "C2 CompilerThread0" daemon [_thread_in_native, id=89488, stack(0x000000d08bb00000,0x000000d08bc00000)]
  0x000002bf42aed800 JavaThread "C1 CompilerThread0" daemon [_thread_blocked, id=88184, stack(0x000000d08bc00000,0x000000d08bd00000)]
  0x000002bf42aee000 JavaThread "Sweeper thread" daemon [_thread_blocked, id=127552, stack(0x000000d08bd00000,0x000000d08be00000)]
  0x000002bf43596000 JavaThread "Common-Cleaner" daemon [_thread_blocked, id=127508, stack(0x000000d08be00000,0x000000d08bf00000)]
  0x000002bf447e3000 JavaThread "Daemon health stats" [_thread_blocked, id=113972, stack(0x000000d08c200000,0x000000d08c300000)]
  0x000002bf44e80800 JavaThread "Incoming local TCP Connector on port 50165" [_thread_in_native, id=123220, stack(0x000000d08c400000,0x000000d08c500000)]
  0x000002bf44e3a800 JavaThread "Daemon periodic checks" [_thread_blocked, id=125348, stack(0x000000d08c500000,0x000000d08c600000)]
  0x000002bf438f4800 JavaThread "Daemon" [_thread_blocked, id=122388, stack(0x000000d08c600000,0x000000d08c700000)]
  0x000002bf438f5800 JavaThread "Handler for socket connection from /127.0.0.1:50165 to /127.0.0.1:50167" [_thread_in_native, id=128448, stack(0x000000d08c700000,0x000000d08c800000)]
  0x000002bf438f2000 JavaThread "Cancel handler" [_thread_blocked, id=90492, stack(0x000000d08c800000,0x000000d08c900000)]
  0x000002bf438f8000 JavaThread "Daemon worker" [_thread_blocked, id=118036, stack(0x000000d08c900000,0x000000d08ca00000)]
  0x000002bf438f6800 JavaThread "Asynchronous log dispatcher for DefaultDaemonConnection: socket connection from /127.0.0.1:50165 to /127.0.0.1:50167" [_thread_blocked, id=126228, stack(0x000000d08ca00000,0x000000d08cb00000)]
  0x000002bf438f3000 JavaThread "Stdin handler" [_thread_blocked, id=122164, stack(0x000000d08cb00000,0x000000d08cc00000)]
  0x000002bf438f9000 JavaThread "Daemon client event forwarder" [_thread_blocked, id=122404, stack(0x000000d08cc00000,0x000000d08cd00000)]
  0x000002bf438f4000 JavaThread "Cache worker for journal cache (C:\Users\ASUS\.gradle\caches\journal-1)" [_thread_blocked, id=118132, stack(0x000000d08cd00000,0x000000d08ce00000)]
  0x000002bf438f7000 JavaThread "File lock request listener" [_thread_in_native, id=127964, stack(0x000000d08ce00000,0x000000d08cf00000)]
  0x000002bf44569800 JavaThread "Cache worker for file hash cache (C:\Users\ASUS\.gradle\caches\7.4\fileHashes)" [_thread_blocked, id=124180, stack(0x000000d08cf00000,0x000000d08d000000)]
  0x000002bf4456e000 JavaThread "File watcher server" daemon [_thread_in_native, id=128124, stack(0x000000d08d000000,0x000000d08d100000)]
  0x000002bf4456a800 JavaThread "File watcher consumer" daemon [_thread_blocked, id=120528, stack(0x000000d08d100000,0x000000d08d200000)]
  0x000002bf44569000 JavaThread "Cache worker for checksums cache (C:\Users\ASUS\AndroidStudioProjects\ClubSportif\.gradle\7.4\checksums)" [_thread_blocked, id=127500, stack(0x000000d08d200000,0x000000d08d300000)]
  0x000002bf4456b800 JavaThread "Cache worker for cache directory md-rule (C:\Users\ASUS\.gradle\caches\7.4\md-rule)" [_thread_blocked, id=119400, stack(0x000000d08d300000,0x000000d08d400000)]
  0x000002bf44570800 JavaThread "Cache worker for file hash cache (C:\Users\ASUS\AndroidStudioProjects\ClubSportif\.gradle\7.4\fileHashes)" [_thread_blocked, id=119916, stack(0x000000d08d400000,0x000000d08d500000)]
  0x000002bf4456d000 JavaThread "Cache worker for cache directory md-supplier (C:\Users\ASUS\.gradle\caches\7.4\md-supplier)" [_thread_blocked, id=129952, stack(0x000000d08d500000,0x000000d08d600000)]
  0x000002bf4456c000 JavaThread "Cache worker for execution history cache (C:\Users\ASUS\.gradle\caches\7.4\executionHistory)" [_thread_blocked, id=123832, stack(0x000000d08d600000,0x000000d08d700000)]
  0x000002bf4456e800 JavaThread "jar transforms" [_thread_blocked, id=14752, stack(0x000000d08d700000,0x000000d08d800000)]
  0x000002bf44577000 JavaThread "Cache worker for file content cache (C:\Users\ASUS\.gradle\caches\7.4\fileContent)" [_thread_blocked, id=118956, stack(0x000000d08d800000,0x000000d08d900000)]
  0x000002bf44572000 JavaThread "jar transforms Thread 2" [_thread_blocked, id=125416, stack(0x000000d08d900000,0x000000d08da00000)]
  0x000002bf44576000 JavaThread "Cache worker for dependencies-accessors (C:\Users\ASUS\AndroidStudioProjects\ClubSportif\.gradle\7.4\dependencies-accessors)" [_thread_blocked, id=124828, stack(0x000000d08da00000,0x000000d08db00000)]
  0x000002bf44575000 JavaThread "jar transforms Thread 3" [_thread_blocked, id=123352, stack(0x000000d08db00000,0x000000d08dc00000)]
  0x000002bf44573800 JavaThread "Cache worker for Build Output Cleanup Cache (C:\Users\ASUS\AndroidStudioProjects\ClubSportif\.gradle\buildOutputCleanup)" [_thread_blocked, id=126652, stack(0x000000d08dc00000,0x000000d08dd00000)]
  0x000002bf44577800 JavaThread "Unconstrained build operations" [_thread_blocked, id=121292, stack(0x000000d08dd00000,0x000000d08de00000)]
  0x000002bf4741e000 JavaThread "Unconstrained build operations Thread 2" [_thread_blocked, id=127120, stack(0x000000d08de00000,0x000000d08df00000)]
  0x000002bf4741f800 JavaThread "Unconstrained build operations Thread 3" [_thread_blocked, id=123152, stack(0x000000d08df00000,0x000000d08e000000)]
  0x000002bf47421800 JavaThread "Unconstrained build operations Thread 4" [_thread_blocked, id=120000, stack(0x000000d08e000000,0x000000d08e100000)]
  0x000002bf47422000 JavaThread "Unconstrained build operations Thread 5" [_thread_blocked, id=129152, stack(0x000000d08e100000,0x000000d08e200000)]
  0x000002bf4741f000 JavaThread "Unconstrained build operations Thread 6" [_thread_blocked, id=129124, stack(0x000000d08e200000,0x000000d08e300000)]
  0x000002bf47424800 JavaThread "Unconstrained build operations Thread 7" [_thread_blocked, id=122724, stack(0x000000d08e300000,0x000000d08e400000)]
  0x000002bf47420800 JavaThread "Unconstrained build operations Thread 8" [_thread_blocked, id=129756, stack(0x000000d08e400000,0x000000d08e500000)]
  0x000002bf47423000 JavaThread "Unconstrained build operations Thread 9" [_thread_blocked, id=129380, stack(0x000000d08e500000,0x000000d08e600000)]
  0x000002bf47424000 JavaThread "Unconstrained build operations Thread 10" [_thread_blocked, id=127836, stack(0x000000d08e600000,0x000000d08e700000)]
  0x000002bf45588000 JavaThread "Unconstrained build operations Thread 11" [_thread_blocked, id=128924, stack(0x000000d08e700000,0x000000d08e800000)]
  0x000002bf45586000 JavaThread "Unconstrained build operations Thread 12" [_thread_blocked, id=129236, stack(0x000000d08e800000,0x000000d08e900000)]
  0x000002bf4558b000 JavaThread "Unconstrained build operations Thread 13" [_thread_blocked, id=124192, stack(0x000000d08e900000,0x000000d08ea00000)]
  0x000002bf45587000 JavaThread "Unconstrained build operations Thread 14" [_thread_blocked, id=119728, stack(0x000000d08ea00000,0x000000d08eb00000)]
  0x000002bf4558a800 JavaThread "Unconstrained build operations Thread 15" [_thread_blocked, id=126012, stack(0x000000d08eb00000,0x000000d08ec00000)]
  0x000002bf4558e800 JavaThread "Unconstrained build operations Thread 16" [_thread_blocked, id=130008, stack(0x000000d08ec00000,0x000000d08ed00000)]
  0x000002bf45588800 JavaThread "Unconstrained build operations Thread 17" [_thread_blocked, id=121732, stack(0x000000d08ed00000,0x000000d08ee00000)]
  0x000002bf4558f000 JavaThread "Unconstrained build operations Thread 18" [_thread_blocked, id=129272, stack(0x000000d08ee00000,0x000000d08ef00000)]
  0x000002bf4558c000 JavaThread "Unconstrained build operations Thread 19" [_thread_blocked, id=130020, stack(0x000000d08ef00000,0x000000d08f000000)]
  0x000002bf4558c800 JavaThread "Unconstrained build operations Thread 20" [_thread_blocked, id=99712, stack(0x000000d08f000000,0x000000d08f100000)]
  0x000002bf4558d800 JavaThread "Unconstrained build operations Thread 21" [_thread_blocked, id=108460, stack(0x000000d08f100000,0x000000d08f200000)]
  0x000002bf45589800 JavaThread "Unconstrained build operations Thread 22" [_thread_blocked, id=122260, stack(0x000000d08f200000,0x000000d08f300000)]
  0x000002bf45593800 JavaThread "Unconstrained build operations Thread 23" [_thread_blocked, id=129548, stack(0x000000d08f300000,0x000000d08f400000)]
  0x000002bf45595000 JavaThread "Unconstrained build operations Thread 24" [_thread_blocked, id=126664, stack(0x000000d08f400000,0x000000d08f500000)]
  0x000002bf45591000 JavaThread "Unconstrained build operations Thread 25" [_thread_blocked, id=115552, stack(0x000000d08f500000,0x000000d08f600000)]
  0x000002bf45591800 JavaThread "Unconstrained build operations Thread 26" [_thread_blocked, id=114836, stack(0x000000d08f600000,0x000000d08f700000)]
  0x000002bf45592800 JavaThread "Unconstrained build operations Thread 27" [_thread_blocked, id=102496, stack(0x000000d08f700000,0x000000d08f800000)]
  0x000002bf45594000 JavaThread "Unconstrained build operations Thread 28" [_thread_blocked, id=123320, stack(0x000000d08f800000,0x000000d08f900000)]
  0x000002bf45590000 JavaThread "Unconstrained build operations Thread 29" [_thread_blocked, id=122212, stack(0x000000d08f900000,0x000000d08fa00000)]
  0x000002bf456a3800 JavaThread "Unconstrained build operations Thread 30" [_thread_blocked, id=126284, stack(0x000000d08fa00000,0x000000d08fb00000)]
  0x000002bf456a6800 JavaThread "Unconstrained build operations Thread 31" [_thread_blocked, id=130040, stack(0x000000d08fb00000,0x000000d08fc00000)]
  0x000002bf456a4000 JavaThread "Unconstrained build operations Thread 32" [_thread_blocked, id=125596, stack(0x000000d08fc00000,0x000000d08fd00000)]
  0x000002bf456a5800 JavaThread "Unconstrained build operations Thread 33" [_thread_blocked, id=121748, stack(0x000000d08fd00000,0x000000d08fe00000)]
  0x000002bf456a7800 JavaThread "Unconstrained build operations Thread 34" [_thread_blocked, id=121412, stack(0x000000d08fe00000,0x000000d08ff00000)]
  0x000002bf456a9000 JavaThread "Unconstrained build operations Thread 35" [_thread_blocked, id=110356, stack(0x000000d08ff00000,0x000000d090000000)]
  0x000002bf456a5000 JavaThread "Unconstrained build operations Thread 36" [_thread_blocked, id=114208, stack(0x000000d090000000,0x000000d090100000)]
  0x000002bf456ae000 JavaThread "Unconstrained build operations Thread 37" [_thread_blocked, id=112892, stack(0x000000d090100000,0x000000d090200000)]
  0x000002bf456aa000 JavaThread "Unconstrained build operations Thread 38" [_thread_blocked, id=123556, stack(0x000000d090200000,0x000000d090300000)]
  0x000002bf456a8000 JavaThread "Unconstrained build operations Thread 39" [_thread_blocked, id=82012, stack(0x000000d090300000,0x000000d090400000)]
  0x000002bf456ab800 JavaThread "Unconstrained build operations Thread 40" [_thread_blocked, id=122480, stack(0x000000d090400000,0x000000d090500000)]
  0x000002bf456ad000 JavaThread "jar transforms Thread 4" [_thread_blocked, id=119248, stack(0x000000d090500000,0x000000d090600000)]
  0x000002bf456ae800 JavaThread "Memory manager" [_thread_blocked, id=129220, stack(0x000000d090600000,0x000000d090700000)]
  0x000002bf456b0800 JavaThread "build event listener" [_thread_blocked, id=123712, stack(0x000000d090700000,0x000000d090800000)]
  0x000002bf456aa800 JavaThread "pool-3-thread-1" [_thread_blocked, id=128404, stack(0x000000d090800000,0x000000d090900000)]
  0x000002bf456b1000 JavaThread "build event listener" [_thread_blocked, id=96408, stack(0x000000d090900000,0x000000d090a00000)]
  0x000002bf456b2000 JavaThread "included builds" [_thread_blocked, id=124228, stack(0x000000d090a00000,0x000000d090b00000)]
  0x000002bf456ac800 JavaThread "Execution worker for ':'" [_thread_blocked, id=116948, stack(0x000000d090b00000,0x000000d090c00000)]
  0x000002bf4b82f000 JavaThread "Execution worker for ':' Thread 2" [_thread_blocked, id=125848, stack(0x000000d090c00000,0x000000d090d00000)]
  0x000002bf4b831800 JavaThread "Execution worker for ':' Thread 3" [_thread_blocked, id=129196, stack(0x000000d090d00000,0x000000d090e00000)]
  0x000002bf4b82e000 JavaThread "Cache worker for execution history cache (C:\Users\ASUS\AndroidStudioProjects\ClubSportif\.gradle\7.4\executionHistory)" [_thread_blocked, id=117084, stack(0x000000d090e00000,0x000000d090f00000)]
  0x000002bf4b832000 JavaThread "WorkerExecutor Queue" [_thread_blocked, id=118616, stack(0x000000d08ae00000,0x000000d08af00000)]
  0x000002bf4b833000 JavaThread "WorkerExecutor Queue Thread 2" [_thread_in_Java, id=126032, stack(0x000000d090f00000,0x000000d091000000)]
  0x000002bf4b82d800 JavaThread "WorkerExecutor Queue Thread 3" [_thread_blocked, id=129668, stack(0x000000d091000000,0x000000d091100000)]

Other Threads:
  0x000002bf42a9c000 VMThread "VM Thread" [stack: 0x000000d08b500000,0x000000d08b600000] [id=106932]
  0x000002bf435c5000 WatcherThread [stack: 0x000000d08bf00000,0x000000d08c000000] [id=121180]
  0x000002bf28eb7800 GCTaskThread "GC Thread#0" [stack: 0x000000d08b000000,0x000000d08b100000] [id=126516]
  0x000002bf43676800 GCTaskThread "GC Thread#1" [stack: 0x000000d08c000000,0x000000d08c100000] [id=126692]
  0x000002bf43ccd000 GCTaskThread "GC Thread#2" [stack: 0x000000d08c100000,0x000000d08c200000] [id=115496]
  0x000002bf453f8800 GCTaskThread "GC Thread#3" [stack: 0x000000d08c300000,0x000000d08c400000] [id=119608]
  0x000002bf28ee9000 ConcurrentGCThread "G1 Main Marker" [stack: 0x000000d08b100000,0x000000d08b200000] [id=116604]
  0x000002bf28eeb000 ConcurrentGCThread "G1 Conc#0" [stack: 0x000000d08b200000,0x000000d08b300000] [id=102600]
  0x000002bf28f77800 ConcurrentGCThread "G1 Refine#0" [stack: 0x000000d08b300000,0x000000d08b400000] [id=125272]
  0x000002bf28f78800 ConcurrentGCThread "G1 Young RemSet Sampling" [stack: 0x000000d08b400000,0x000000d08b500000] [id=121600]

Threads with active compile tasks:
C2 CompilerThread0  34410 11026   !   4       org.gradle.internal.classloader.FilteringClassLoader::loadClass (62 bytes)

VM state:not at safepoint (normal execution)

VM Mutex/Monitor currently owned by a thread: None

Heap address: 0x0000000080000000, size: 2048 MB, Compressed Oops mode: 32-bit
Narrow klass base: 0x0000000000000000, Narrow klass shift: 3
Compressed class space size: 1073741824 Address: 0x0000000100000000

Heap:
 garbage-first heap   total 175104K, used 141618K [0x0000000080000000, 0x0000000100000000)
  region size 1024K, 20 young (20480K), 5 survivors (5120K)
 Metaspace       used 90320K, capacity 92478K, committed 92780K, reserved 1136640K
  class space    used 11583K, capacity 12375K, committed 12440K, reserved 1048576K
Heap Regions: E=young(eden), S=young(survivor), O=old, HS=humongous(starts), HC=humongous(continues), CS=collection set, F=free, A=archive, TAMS=top-at-mark-start (previous, next)
|   0|0x0000000080000000, 0x0000000080100000, 0x0000000080100000|100%|HS|  |TAMS 0x0000000080100000, 0x0000000080000000| Complete 
|   1|0x0000000080100000, 0x0000000080200000, 0x0000000080200000|100%|HC|  |TAMS 0x0000000080200000, 0x0000000080100000| Complete 
|   2|0x0000000080200000, 0x0000000080300000, 0x0000000080300000|100%|HC|  |TAMS 0x0000000080300000, 0x0000000080200000| Complete 
|   3|0x0000000080300000, 0x0000000080400000, 0x0000000080400000|100%| O|  |TAMS 0x0000000080400000, 0x0000000080300000| Updating 
|   4|0x0000000080400000, 0x0000000080500000, 0x0000000080500000|100%| O|  |TAMS 0x0000000080500000, 0x0000000080400000| Updating 
|   5|0x0000000080500000, 0x0000000080600000, 0x0000000080600000|100%| O|  |TAMS 0x0000000080600000, 0x0000000080500000| Updating 
|   6|0x0000000080600000, 0x0000000080700000, 0x0000000080700000|100%| O|  |TAMS 0x0000000080700000, 0x0000000080600000| Updating 
|   7|0x0000000080700000, 0x0000000080800000, 0x0000000080800000|100%| O|  |TAMS 0x0000000080800000, 0x0000000080700000| Updating 
|   8|0x0000000080800000, 0x0000000080900000, 0x0000000080900000|100%| O|  |TAMS 0x0000000080900000, 0x0000000080800000| Updating 
|   9|0x0000000080900000, 0x0000000080a00000, 0x0000000080a00000|100%| O|  |TAMS 0x0000000080a00000, 0x0000000080900000| Updating 
|  10|0x0000000080a00000, 0x0000000080b00000, 0x0000000080b00000|100%| O|  |TAMS 0x0000000080b00000, 0x0000000080a00000| Updating 
|  11|0x0000000080b00000, 0x0000000080c00000, 0x0000000080c00000|100%| O|  |TAMS 0x0000000080c00000, 0x0000000080b00000| Updating 
|  12|0x0000000080c00000, 0x0000000080d00000, 0x0000000080d00000|100%| O|  |TAMS 0x0000000080d00000, 0x0000000080c00000| Updating 
|  13|0x0000000080d00000, 0x0000000080e00000, 0x0000000080e00000|100%| O|  |TAMS 0x0000000080e00000, 0x0000000080d00000| Updating 
|  14|0x0000000080e00000, 0x0000000080f00000, 0x0000000080f00000|100%| O|  |TAMS 0x0000000080f00000, 0x0000000080e00000| Updating 
|  15|0x0000000080f00000, 0x0000000081000000, 0x0000000081000000|100%|HS|  |TAMS 0x0000000081000000, 0x0000000080f00000| Complete 
|  16|0x0000000081000000, 0x0000000081100000, 0x0000000081100000|100%| O|  |TAMS 0x0000000081100000, 0x0000000081000000| Updating 
|  17|0x0000000081100000, 0x0000000081200000, 0x0000000081200000|100%| O|  |TAMS 0x0000000081200000, 0x0000000081100000| Updating 
|  18|0x0000000081200000, 0x0000000081300000, 0x0000000081300000|100%| O|  |TAMS 0x0000000081300000, 0x0000000081200000| Updating 
|  19|0x0000000081300000, 0x0000000081400000, 0x0000000081400000|100%| O|  |TAMS 0x0000000081400000, 0x0000000081300000| Updating 
|  20|0x0000000081400000, 0x0000000081500000, 0x0000000081500000|100%| O|  |TAMS 0x0000000081500000, 0x0000000081400000| Updating 
|  21|0x0000000081500000, 0x0000000081600000, 0x0000000081600000|100%| O|  |TAMS 0x0000000081600000, 0x0000000081500000| Updating 
|  22|0x0000000081600000, 0x0000000081700000, 0x0000000081700000|100%| O|  |TAMS 0x0000000081700000, 0x0000000081600000| Updating 
|  23|0x0000000081700000, 0x0000000081800000, 0x0000000081800000|100%|HS|  |TAMS 0x0000000081800000, 0x0000000081700000| Complete 
|  24|0x0000000081800000, 0x0000000081900000, 0x0000000081900000|100%| O|  |TAMS 0x0000000081900000, 0x0000000081800000| Updating 
|  25|0x0000000081900000, 0x0000000081a00000, 0x0000000081a00000|100%|HS|  |TAMS 0x0000000081a00000, 0x0000000081900000| Complete 
|  26|0x0000000081a00000, 0x0000000081b00000, 0x0000000081b00000|100%|HC|  |TAMS 0x0000000081b00000, 0x0000000081a00000| Complete 
|  27|0x0000000081b00000, 0x0000000081c00000, 0x0000000081c00000|100%| O|  |TAMS 0x0000000081c00000, 0x0000000081b00000| Updating 
|  28|0x0000000081c00000, 0x0000000081d00000, 0x0000000081d00000|100%| O|  |TAMS 0x0000000081d00000, 0x0000000081c00000| Updating 
|  29|0x0000000081d00000, 0x0000000081e00000, 0x0000000081e00000|100%| O|  |TAMS 0x0000000081e00000, 0x0000000081d00000| Updating 
|  30|0x0000000081e00000, 0x0000000081f00000, 0x0000000081f00000|100%| O|  |TAMS 0x0000000081f00000, 0x0000000081e00000| Updating 
|  31|0x0000000081f00000, 0x0000000082000000, 0x0000000082000000|100%| O|  |TAMS 0x0000000082000000, 0x0000000081f00000| Updating 
|  32|0x0000000082000000, 0x0000000082100000, 0x0000000082100000|100%| O|  |TAMS 0x0000000082100000, 0x0000000082000000| Updating 
|  33|0x0000000082100000, 0x0000000082200000, 0x0000000082200000|100%| O|  |TAMS 0x0000000082200000, 0x0000000082100000| Updating 
|  34|0x0000000082200000, 0x0000000082300000, 0x0000000082300000|100%| O|  |TAMS 0x0000000082300000, 0x0000000082200000| Updating 
|  35|0x0000000082300000, 0x0000000082400000, 0x0000000082400000|100%| O|  |TAMS 0x0000000082400000, 0x0000000082300000| Updating 
|  36|0x0000000082400000, 0x0000000082500000, 0x0000000082500000|100%| O|  |TAMS 0x0000000082500000, 0x0000000082400000| Updating 
|  37|0x0000000082500000, 0x0000000082600000, 0x0000000082600000|100%| O|  |TAMS 0x0000000082600000, 0x0000000082500000| Updating 
|  38|0x0000000082600000, 0x0000000082700000, 0x0000000082700000|100%| O|  |TAMS 0x0000000082700000, 0x0000000082600000| Updating 
|  39|0x0000000082700000, 0x0000000082800000, 0x0000000082800000|100%| O|  |TAMS 0x0000000082800000, 0x0000000082700000| Updating 
|  40|0x0000000082800000, 0x0000000082900000, 0x0000000082900000|100%| O|  |TAMS 0x0000000082900000, 0x0000000082800000| Updating 
|  41|0x0000000082900000, 0x0000000082a00000, 0x0000000082a00000|100%| O|  |TAMS 0x0000000082a00000, 0x0000000082900000| Updating 
|  42|0x0000000082a00000, 0x0000000082b00000, 0x0000000082b00000|100%| O|  |TAMS 0x0000000082b00000, 0x0000000082a00000| Updating 
|  43|0x0000000082b00000, 0x0000000082c00000, 0x0000000082c00000|100%| O|  |TAMS 0x0000000082c00000, 0x0000000082b00000| Updating 
|  44|0x0000000082c00000, 0x0000000082d00000, 0x0000000082d00000|100%| O|  |TAMS 0x0000000082d00000, 0x0000000082c00000| Updating 
|  45|0x0000000082d00000, 0x0000000082e00000, 0x0000000082e00000|100%| O|  |TAMS 0x0000000082e00000, 0x0000000082d00000| Updating 
|  46|0x0000000082e00000, 0x0000000082f00000, 0x0000000082f00000|100%| O|  |TAMS 0x0000000082f00000, 0x0000000082e00000| Updating 
|  47|0x0000000082f00000, 0x0000000083000000, 0x0000000083000000|100%| O|  |TAMS 0x0000000083000000, 0x0000000082f00000| Updating 
|  48|0x0000000083000000, 0x0000000083100000, 0x0000000083100000|100%| O|  |TAMS 0x0000000083100000, 0x0000000083000000| Updating 
|  49|0x0000000083100000, 0x0000000083200000, 0x0000000083200000|100%| O|  |TAMS 0x0000000083200000, 0x0000000083100000| Updating 
|  50|0x0000000083200000, 0x0000000083300000, 0x0000000083300000|100%| O|  |TAMS 0x0000000083300000, 0x0000000083200000| Updating 
|  51|0x0000000083300000, 0x0000000083400000, 0x0000000083400000|100%| O|  |TAMS 0x0000000083400000, 0x0000000083300000| Updating 
|  52|0x0000000083400000, 0x0000000083500000, 0x0000000083500000|100%| O|  |TAMS 0x0000000083500000, 0x0000000083400000| Updating 
|  53|0x0000000083500000, 0x0000000083600000, 0x0000000083600000|100%| O|  |TAMS 0x0000000083600000, 0x0000000083500000| Updating 
|  54|0x0000000083600000, 0x0000000083700000, 0x0000000083700000|100%| O|  |TAMS 0x0000000083700000, 0x0000000083600000| Updating 
|  55|0x0000000083700000, 0x0000000083800000, 0x0000000083800000|100%| O|  |TAMS 0x0000000083800000, 0x0000000083700000| Updating 
|  56|0x0000000083800000, 0x0000000083900000, 0x0000000083900000|100%| O|  |TAMS 0x0000000083900000, 0x0000000083800000| Updating 
|  57|0x0000000083900000, 0x0000000083a00000, 0x0000000083a00000|100%| O|  |TAMS 0x0000000083a00000, 0x0000000083900000| Updating 
|  58|0x0000000083a00000, 0x0000000083b00000, 0x0000000083b00000|100%| O|  |TAMS 0x0000000083b00000, 0x0000000083a00000| Updating 
|  59|0x0000000083b00000, 0x0000000083c00000, 0x0000000083c00000|100%| O|  |TAMS 0x0000000083c00000, 0x0000000083b00000| Updating 
|  60|0x0000000083c00000, 0x0000000083d00000, 0x0000000083d00000|100%| O|  |TAMS 0x0000000083d00000, 0x0000000083c00000| Updating 
|  61|0x0000000083d00000, 0x0000000083e00000, 0x0000000083e00000|100%| O|  |TAMS 0x0000000083e00000, 0x0000000083d00000| Updating 
|  62|0x0000000083e00000, 0x0000000083f00000, 0x0000000083f00000|100%| O|  |TAMS 0x0000000083f00000, 0x0000000083e00000| Updating 
|  63|0x0000000083f00000, 0x0000000084000000, 0x0000000084000000|100%| O|  |TAMS 0x0000000084000000, 0x0000000083f00000| Updating 
|  64|0x0000000084000000, 0x0000000084100000, 0x0000000084100000|100%| O|  |TAMS 0x0000000084100000, 0x0000000084000000| Updating 
|  65|0x0000000084100000, 0x0000000084200000, 0x0000000084200000|100%| O|  |TAMS 0x0000000084200000, 0x0000000084100000| Updating 
|  66|0x0000000084200000, 0x0000000084300000, 0x0000000084300000|100%| O|  |TAMS 0x0000000084300000, 0x0000000084200000| Updating 
|  67|0x0000000084300000, 0x0000000084400000, 0x0000000084400000|100%| O|  |TAMS 0x0000000084400000, 0x0000000084300000| Updating 
|  68|0x0000000084400000, 0x0000000084500000, 0x0000000084500000|100%| O|  |TAMS 0x0000000084500000, 0x0000000084400000| Updating 
|  69|0x0000000084500000, 0x0000000084600000, 0x0000000084600000|100%| O|  |TAMS 0x0000000084600000, 0x0000000084500000| Updating 
|  70|0x0000000084600000, 0x0000000084700000, 0x0000000084700000|100%| O|  |TAMS 0x0000000084700000, 0x0000000084600000| Updating 
|  71|0x0000000084700000, 0x0000000084800000, 0x0000000084800000|100%| O|  |TAMS 0x0000000084800000, 0x0000000084700000| Updating 
|  72|0x0000000084800000, 0x0000000084900000, 0x0000000084900000|100%| O|  |TAMS 0x0000000084900000, 0x0000000084800000| Updating 
|  73|0x0000000084900000, 0x0000000084a00000, 0x0000000084a00000|100%| O|  |TAMS 0x0000000084a00000, 0x0000000084900000| Updating 
|  74|0x0000000084a00000, 0x0000000084b00000, 0x0000000084b00000|100%| O|  |TAMS 0x0000000084b00000, 0x0000000084a00000| Updating 
|  75|0x0000000084b00000, 0x0000000084c00000, 0x0000000084c00000|100%| O|  |TAMS 0x0000000084c00000, 0x0000000084b00000| Updating 
|  76|0x0000000084c00000, 0x0000000084d00000, 0x0000000084d00000|100%| O|  |TAMS 0x0000000084d00000, 0x0000000084c00000| Updating 
|  77|0x0000000084d00000, 0x0000000084e00000, 0x0000000084e00000|100%|HS|  |TAMS 0x0000000084e00000, 0x0000000084d00000| Complete 
|  78|0x0000000084e00000, 0x0000000084f00000, 0x0000000084f00000|100%|HC|  |TAMS 0x0000000084f00000, 0x0000000084e00000| Complete 
|  79|0x0000000084f00000, 0x0000000085000000, 0x0000000085000000|100%|HC|  |TAMS 0x0000000085000000, 0x0000000084f00000| Complete 
|  80|0x0000000085000000, 0x0000000085100000, 0x0000000085100000|100%|HC|  |TAMS 0x0000000085100000, 0x0000000085000000| Complete 
|  81|0x0000000085100000, 0x0000000085200000, 0x0000000085200000|100%|HC|  |TAMS 0x0000000085200000, 0x0000000085100000| Complete 
|  82|0x0000000085200000, 0x0000000085300000, 0x0000000085300000|100%|HC|  |TAMS 0x0000000085300000, 0x0000000085200000| Complete 
|  83|0x0000000085300000, 0x0000000085400000, 0x0000000085400000|100%|HC|  |TAMS 0x0000000085400000, 0x0000000085300000| Complete 
|  84|0x0000000085400000, 0x0000000085500000, 0x0000000085500000|100%|HC|  |TAMS 0x0000000085500000, 0x0000000085400000| Complete 
|  85|0x0000000085500000, 0x0000000085600000, 0x0000000085600000|100%|HC|  |TAMS 0x0000000085600000, 0x0000000085500000| Complete 
|  86|0x0000000085600000, 0x0000000085700000, 0x0000000085700000|100%|HC|  |TAMS 0x0000000085700000, 0x0000000085600000| Complete 
|  87|0x0000000085700000, 0x0000000085800000, 0x0000000085800000|100%| O|  |TAMS 0x0000000085800000, 0x0000000085700000| Updating 
|  88|0x0000000085800000, 0x0000000085900000, 0x0000000085900000|100%| O|  |TAMS 0x0000000085900000, 0x0000000085800000| Updating 
|  89|0x0000000085900000, 0x0000000085a00000, 0x0000000085a00000|100%| O|  |TAMS 0x0000000085a00000, 0x0000000085900000| Updating 
|  90|0x0000000085a00000, 0x0000000085ac2c00, 0x0000000085b00000| 76%| O|  |TAMS 0x0000000085ac2c00, 0x0000000085a00000| Updating 
|  91|0x0000000085b00000, 0x0000000085c00000, 0x0000000085c00000|100%|HS|  |TAMS 0x0000000085b00000, 0x0000000085b00000| Complete 
|  92|0x0000000085c00000, 0x0000000085d00000, 0x0000000085d00000|100%|HS|  |TAMS 0x0000000085c00000, 0x0000000085c00000| Complete 
|  93|0x0000000085d00000, 0x0000000085e00000, 0x0000000085e00000|100%|HC|  |TAMS 0x0000000085d00000, 0x0000000085d00000| Complete 
|  94|0x0000000085e00000, 0x0000000085f00000, 0x0000000085f00000|100%|HS|  |TAMS 0x0000000085e00000, 0x0000000085e00000| Complete 
|  95|0x0000000085f00000, 0x0000000086000000, 0x0000000086000000|100%|HC|  |TAMS 0x0000000085f00000, 0x0000000085f00000| Complete 
|  96|0x0000000086000000, 0x0000000086100000, 0x0000000086100000|100%|HC|  |TAMS 0x0000000086000000, 0x0000000086000000| Complete 
|  97|0x0000000086100000, 0x0000000086200000, 0x0000000086200000|100%|HS|  |TAMS 0x0000000086100000, 0x0000000086100000| Complete 
|  98|0x0000000086200000, 0x0000000086300000, 0x0000000086300000|100%|HC|  |TAMS 0x0000000086200000, 0x0000000086200000| Complete 
|  99|0x0000000086300000, 0x0000000086400000, 0x0000000086400000|100%|HC|  |TAMS 0x0000000086300000, 0x0000000086300000| Complete 
| 100|0x0000000086400000, 0x0000000086500000, 0x0000000086500000|100%|HC|  |TAMS 0x0000000086400000, 0x0000000086400000| Complete 
| 101|0x0000000086500000, 0x0000000086600000, 0x0000000086600000|100%|HC|  |TAMS 0x0000000086500000, 0x0000000086500000| Complete 
| 102|0x0000000086600000, 0x0000000086700000, 0x0000000086700000|100%|HS|  |TAMS 0x0000000086600000, 0x0000000086600000| Complete 
| 103|0x0000000086700000, 0x0000000086800000, 0x0000000086800000|100%|HC|  |TAMS 0x0000000086700000, 0x0000000086700000| Complete 
| 104|0x0000000086800000, 0x0000000086900000, 0x0000000086900000|100%|HC|  |TAMS 0x0000000086800000, 0x0000000086800000| Complete 
| 105|0x0000000086900000, 0x0000000086a00000, 0x0000000086a00000|100%|HC|  |TAMS 0x0000000086900000, 0x0000000086900000| Complete 
| 106|0x0000000086a00000, 0x0000000086b00000, 0x0000000086b00000|100%|HC|  |TAMS 0x0000000086a00000, 0x0000000086a00000| Complete 
| 107|0x0000000086b00000, 0x0000000086c00000, 0x0000000086c00000|100%|HC|  |TAMS 0x0000000086b00000, 0x0000000086b00000| Complete 
| 108|0x0000000086c00000, 0x0000000086d00000, 0x0000000086d00000|100%|HC|  |TAMS 0x0000000086c00000, 0x0000000086c00000| Complete 
| 109|0x0000000086d00000, 0x0000000086e00000, 0x0000000086e00000|100%|HC|  |TAMS 0x0000000086d00000, 0x0000000086d00000| Complete 
| 110|0x0000000086e00000, 0x0000000086f00000, 0x0000000086f00000|100%|HC|  |TAMS 0x0000000086e00000, 0x0000000086e00000| Complete 
| 111|0x0000000086f00000, 0x0000000087000000, 0x0000000087000000|100%|HS|  |TAMS 0x0000000086f00000, 0x0000000086f00000| Complete 
| 112|0x0000000087000000, 0x0000000087100000, 0x0000000087100000|100%|HC|  |TAMS 0x0000000087000000, 0x0000000087000000| Complete 
| 113|0x0000000087100000, 0x0000000087200000, 0x0000000087200000|100%|HC|  |TAMS 0x0000000087100000, 0x0000000087100000| Complete 
| 114|0x0000000087200000, 0x0000000087300000, 0x0000000087300000|100%|HC|  |TAMS 0x0000000087200000, 0x0000000087200000| Complete 
| 115|0x0000000087300000, 0x0000000087400000, 0x0000000087400000|100%|HC|  |TAMS 0x0000000087300000, 0x0000000087300000| Complete 
| 116|0x0000000087400000, 0x0000000087500000, 0x0000000087500000|100%|HC|  |TAMS 0x0000000087400000, 0x0000000087400000| Complete 
| 117|0x0000000087500000, 0x0000000087600000, 0x0000000087600000|100%|HC|  |TAMS 0x0000000087500000, 0x0000000087500000| Complete 
| 118|0x0000000087600000, 0x0000000087700000, 0x0000000087700000|100%|HC|  |TAMS 0x0000000087600000, 0x0000000087600000| Complete 
| 119|0x0000000087700000, 0x0000000087800000, 0x0000000087800000|100%|HC|  |TAMS 0x0000000087700000, 0x0000000087700000| Complete 
| 120|0x0000000087800000, 0x0000000087900000, 0x0000000087900000|100%|HC|  |TAMS 0x0000000087800000, 0x0000000087800000| Complete 
| 121|0x0000000087900000, 0x0000000087900000, 0x0000000087a00000|  0%| F|  |TAMS 0x0000000087900000, 0x0000000087900000| Untracked 
| 122|0x0000000087a00000, 0x0000000087a00000, 0x0000000087b00000|  0%| F|  |TAMS 0x0000000087a00000, 0x0000000087a00000| Untracked 
| 123|0x0000000087b00000, 0x0000000087b00000, 0x0000000087c00000|  0%| F|  |TAMS 0x0000000087b00000, 0x0000000087b00000| Untracked 
| 124|0x0000000087c00000, 0x0000000087c00000, 0x0000000087d00000|  0%| F|  |TAMS 0x0000000087c00000, 0x0000000087c00000| Untracked 
| 125|0x0000000087d00000, 0x0000000087d00000, 0x0000000087e00000|  0%| F|  |TAMS 0x0000000087d00000, 0x0000000087d00000| Untracked 
| 126|0x0000000087e00000, 0x0000000087e00000, 0x0000000087f00000|  0%| F|  |TAMS 0x0000000087e00000, 0x0000000087e00000| Untracked 
| 127|0x0000000087f00000, 0x0000000087f00000, 0x0000000088000000|  0%| F|  |TAMS 0x0000000087f00000, 0x0000000087f00000| Untracked 
| 128|0x0000000088000000, 0x0000000088000000, 0x0000000088100000|  0%| F|  |TAMS 0x0000000088000000, 0x0000000088000000| Untracked 
| 129|0x0000000088100000, 0x0000000088100000, 0x0000000088200000|  0%| F|  |TAMS 0x0000000088100000, 0x0000000088100000| Untracked 
| 130|0x0000000088200000, 0x0000000088200000, 0x0000000088300000|  0%| F|  |TAMS 0x0000000088200000, 0x0000000088200000| Untracked 
| 131|0x0000000088300000, 0x0000000088300000, 0x0000000088400000|  0%| F|  |TAMS 0x0000000088300000, 0x0000000088300000| Untracked 
| 132|0x0000000088400000, 0x0000000088400000, 0x0000000088500000|  0%| F|  |TAMS 0x0000000088400000, 0x0000000088400000| Untracked 
| 133|0x0000000088500000, 0x0000000088500000, 0x0000000088600000|  0%| F|  |TAMS 0x0000000088500000, 0x0000000088500000| Untracked 
| 134|0x0000000088600000, 0x0000000088600000, 0x0000000088700000|  0%| F|  |TAMS 0x0000000088600000, 0x0000000088600000| Untracked 
| 135|0x0000000088700000, 0x0000000088700000, 0x0000000088800000|  0%| F|  |TAMS 0x0000000088700000, 0x0000000088700000| Untracked 
| 136|0x0000000088800000, 0x0000000088800000, 0x0000000088900000|  0%| F|  |TAMS 0x0000000088800000, 0x0000000088800000| Untracked 
| 137|0x0000000088900000, 0x0000000088900000, 0x0000000088a00000|  0%| F|  |TAMS 0x0000000088900000, 0x0000000088900000| Untracked 
| 138|0x0000000088a00000, 0x0000000088a00000, 0x0000000088b00000|  0%| F|  |TAMS 0x0000000088a00000, 0x0000000088a00000| Untracked 
| 139|0x0000000088b00000, 0x0000000088b00000, 0x0000000088c00000|  0%| F|  |TAMS 0x0000000088b00000, 0x0000000088b00000| Untracked 
| 140|0x0000000088c00000, 0x0000000088c00000, 0x0000000088d00000|  0%| F|  |TAMS 0x0000000088c00000, 0x0000000088c00000| Untracked 
| 141|0x0000000088d00000, 0x0000000088d00000, 0x0000000088e00000|  0%| F|  |TAMS 0x0000000088d00000, 0x0000000088d00000| Untracked 
| 142|0x0000000088e00000, 0x0000000088e00000, 0x0000000088f00000|  0%| F|  |TAMS 0x0000000088e00000, 0x0000000088e00000| Untracked 
| 143|0x0000000088f00000, 0x0000000088f00000, 0x0000000089000000|  0%| F|  |TAMS 0x0000000088f00000, 0x0000000088f00000| Untracked 
| 144|0x0000000089000000, 0x0000000089000000, 0x0000000089100000|  0%| F|  |TAMS 0x0000000089000000, 0x0000000089000000| Untracked 
| 145|0x0000000089100000, 0x0000000089100000, 0x0000000089200000|  0%| F|  |TAMS 0x0000000089100000, 0x0000000089100000| Untracked 
| 146|0x0000000089200000, 0x0000000089200000, 0x0000000089300000|  0%| F|  |TAMS 0x0000000089200000, 0x0000000089200000| Untracked 
| 147|0x0000000089300000, 0x0000000089300000, 0x0000000089400000|  0%| F|  |TAMS 0x0000000089300000, 0x0000000089300000| Untracked 
| 148|0x0000000089400000, 0x0000000089400000, 0x0000000089500000|  0%| F|  |TAMS 0x0000000089400000, 0x0000000089400000| Untracked 
| 149|0x0000000089500000, 0x0000000089500000, 0x0000000089600000|  0%| F|  |TAMS 0x0000000089500000, 0x0000000089500000| Untracked 
| 150|0x0000000089600000, 0x00000000896ac580, 0x0000000089700000| 67%| E|  |TAMS 0x0000000089600000, 0x0000000089600000| Complete 
| 151|0x0000000089700000, 0x0000000089800000, 0x0000000089800000|100%| E|CS|TAMS 0x0000000089700000, 0x0000000089700000| Complete 
| 152|0x0000000089800000, 0x0000000089900000, 0x0000000089900000|100%| E|CS|TAMS 0x0000000089800000, 0x0000000089800000| Complete 
| 153|0x0000000089900000, 0x0000000089989da0, 0x0000000089a00000| 53%| S|CS|TAMS 0x0000000089900000, 0x0000000089900000| Complete 
| 154|0x0000000089a00000, 0x0000000089b00000, 0x0000000089b00000|100%| S|CS|TAMS 0x0000000089a00000, 0x0000000089a00000| Complete 
| 155|0x0000000089b00000, 0x0000000089c00000, 0x0000000089c00000|100%| S|CS|TAMS 0x0000000089b00000, 0x0000000089b00000| Complete 
| 156|0x0000000089c00000, 0x0000000089d00000, 0x0000000089d00000|100%| S|CS|TAMS 0x0000000089c00000, 0x0000000089c00000| Complete 
| 157|0x0000000089d00000, 0x0000000089e00000, 0x0000000089e00000|100%| S|CS|TAMS 0x0000000089d00000, 0x0000000089d00000| Complete 
| 158|0x0000000089e00000, 0x0000000089f00000, 0x0000000089f00000|100%| E|CS|TAMS 0x0000000089e00000, 0x0000000089e00000| Complete 
| 159|0x0000000089f00000, 0x000000008a000000, 0x000000008a000000|100%| E|  |TAMS 0x0000000089f00000, 0x0000000089f00000| Complete 
| 160|0x000000008a000000, 0x000000008a100000, 0x000000008a100000|100%| E|CS|TAMS 0x000000008a000000, 0x000000008a000000| Complete 
| 161|0x000000008a100000, 0x000000008a200000, 0x000000008a200000|100%| E|CS|TAMS 0x000000008a100000, 0x000000008a100000| Complete 
| 162|0x000000008a200000, 0x000000008a300000, 0x000000008a300000|100%| E|CS|TAMS 0x000000008a200000, 0x000000008a200000| Complete 
| 163|0x000000008a300000, 0x000000008a400000, 0x000000008a400000|100%| E|CS|TAMS 0x000000008a300000, 0x000000008a300000| Complete 
| 164|0x000000008a400000, 0x000000008a500000, 0x000000008a500000|100%| E|CS|TAMS 0x000000008a400000, 0x000000008a400000| Complete 
| 165|0x000000008a500000, 0x000000008a600000, 0x000000008a600000|100%| E|CS|TAMS 0x000000008a500000, 0x000000008a500000| Complete 
| 166|0x000000008a600000, 0x000000008a700000, 0x000000008a700000|100%| E|CS|TAMS 0x000000008a600000, 0x000000008a600000| Complete 
| 167|0x000000008a700000, 0x000000008a800000, 0x000000008a800000|100%| E|CS|TAMS 0x000000008a700000, 0x000000008a700000| Complete 
| 168|0x000000008a800000, 0x000000008a900000, 0x000000008a900000|100%| E|CS|TAMS 0x000000008a800000, 0x000000008a800000| Complete 
| 169|0x000000008a900000, 0x000000008aa00000, 0x000000008aa00000|100%| E|CS|TAMS 0x000000008a900000, 0x000000008a900000| Complete 
| 170|0x000000008aa00000, 0x000000008ab00000, 0x000000008ab00000|100%| E|CS|TAMS 0x000000008aa00000, 0x000000008aa00000| Complete 

Card table byte_map: [0x000002bf3bdc0000,0x000002bf3c1c0000] _byte_map_base: 0x000002bf3b9c0000

Marking Bits (Prev, Next): (CMBitMap*) 0x000002bf28ee02b8, (CMBitMap*) 0x000002bf28ee02f0
 Prev Bits: [0x000002bf3c5c0000, 0x000002bf3e5c0000)
 Next Bits: [0x000002bf3e5c0000, 0x000002bf405c0000)

Polling page: 0x000002bf26df0000

Metaspace:

Usage:
  Non-class:     78.23 MB capacity,    76.89 MB ( 98%) used,     1.08 MB (  1%) free+waste,   255.00 KB ( <1%) overhead. 
      Class:     12.08 MB capacity,    11.31 MB ( 94%) used,   678.01 KB (  5%) free+waste,   113.94 KB ( <1%) overhead. 
       Both:     90.31 MB capacity,    88.20 MB ( 98%) used,     1.75 MB (  2%) free+waste,   368.94 KB ( <1%) overhead. 

Virtual space:
  Non-class space:       86.00 MB reserved,      78.46 MB ( 91%) committed 
      Class space:        1.00 GB reserved,      12.15 MB (  1%) committed 
             Both:        1.08 GB reserved,      90.61 MB (  8%) committed 

Chunk freelists:
   Non-Class:  109.00 KB
       Class:  41.00 KB
        Both:  150.00 KB

MaxMetaspaceSize: 17179869184.00 GB
CompressedClassSpaceSize: 1.00 GB
Initial GC threshold: 20.80 MB
Current GC threshold: 151.01 MB
CDS: off

CodeHeap 'non-profiled nmethods': size=120064Kb used=5269Kb max_used=5269Kb free=114794Kb
 bounds [0x000002bf34480000, 0x000002bf349b0000, 0x000002bf3b9c0000]
CodeHeap 'profiled nmethods': size=120000Kb used=22269Kb max_used=22269Kb free=97730Kb
 bounds [0x000002bf2cf50000, 0x000002bf2e510000, 0x000002bf34480000]
CodeHeap 'non-nmethods': size=5696Kb used=2374Kb max_used=2399Kb free=3321Kb
 bounds [0x000002bf2c9c0000, 0x000002bf2cc30000, 0x000002bf2cf50000]
 total_blobs=11723 nmethods=10829 adapters=806
 compilation: enabled
              stopped_count=0, restarted_count=0
 full_count=0

Compilation events (20 events):
Event: 34.267 Thread 0x000002bf42aed800 11030   !   3       com.android.tools.r8.graph.a1::s0 (91 bytes)
Event: 34.268 Thread 0x000002bf42aed800 nmethod 11030 0x000002bf2e4fd290 code [0x000002bf2e4fd580, 0x000002bf2e4fe4a8]
Event: 34.270 Thread 0x000002bf42aed800 11031       3       com.android.tools.r8.graph.s0::a (20 bytes)
Event: 34.270 Thread 0x000002bf42aed800 nmethod 11031 0x000002bf2e4feb90 code [0x000002bf2e4fed80, 0x000002bf2e4ff248]
Event: 34.271 Thread 0x000002bf42aed800 11032       3       com.android.tools.r8.internal.MB::b (75 bytes)
Event: 34.271 Thread 0x000002bf42aed800 nmethod 11032 0x000002bf2e4ff410 code [0x000002bf2e4ff5e0, 0x000002bf2e4ff968]
Event: 34.271 Thread 0x000002bf42aed800 11033       3       com.android.tools.r8.internal.pL::a (34 bytes)
Event: 34.271 Thread 0x000002bf42aed800 nmethod 11033 0x000002bf2e4ffb10 code [0x000002bf2e4ffce0, 0x000002bf2e4fff78]
Event: 34.272 Thread 0x000002bf42aed800 11035       3       com.android.tools.r8.dex.i::f (49 bytes)
Event: 34.272 Thread 0x000002bf42aed800 nmethod 11035 0x000002bf2e500090 code [0x000002bf2e500260, 0x000002bf2e500528]
Event: 34.272 Thread 0x000002bf42aed800 11036       3       com.android.tools.r8.internal.pL::e (33 bytes)
Event: 34.272 Thread 0x000002bf42aed800 nmethod 11036 0x000002bf2e500690 code [0x000002bf2e500840, 0x000002bf2e500978]
Event: 34.272 Thread 0x000002bf42aed800 11037       3       com.android.tools.r8.internal.pL::f (33 bytes)
Event: 34.272 Thread 0x000002bf42aed800 nmethod 11037 0x000002bf2e500a90 code [0x000002bf2e500c40, 0x000002bf2e500d78]
Event: 34.272 Thread 0x000002bf42aed800 11038       3       com.android.tools.r8.graph.s0::a (31 bytes)
Event: 34.273 Thread 0x000002bf42aed800 nmethod 11038 0x000002bf2e500e90 code [0x000002bf2e501060, 0x000002bf2e501318]
Event: 34.273 Thread 0x000002bf42aed800 11039       3       com.android.tools.r8.graph.P0::m0 (37 bytes)
Event: 34.273 Thread 0x000002bf42aed800 nmethod 11039 0x000002bf2e501490 code [0x000002bf2e501660, 0x000002bf2e501848]
Event: 34.280 Thread 0x000002bf42aed800 11042 %     3       com.android.tools.r8.dex.i::l @ 64 (2158 bytes)
Event: 34.290 Thread 0x000002bf42aed800 nmethod 11042% 0x000002bf2e501990 code [0x000002bf2e502660, 0x000002bf2e50b5f8]

GC Heap History (20 events):
Event: 19.215 GC heap before
{Heap before GC invocations=11 (full 0):
 garbage-first heap   total 175104K, used 108314K [0x0000000080000000, 0x0000000100000000)
  region size 1024K, 76 young (77824K), 10 survivors (10240K)
 Metaspace       used 58709K, capacity 60151K, committed 60240K, reserved 1101824K
  class space    used 7336K, capacity 7855K, committed 7936K, reserved 1048576K
}
Event: 19.239 GC heap after
{Heap after GC invocations=12 (full 0):
 garbage-first heap   total 175104K, used 44374K [0x0000000080000000, 0x0000000100000000)
  region size 1024K, 3 young (3072K), 3 survivors (3072K)
 Metaspace       used 58709K, capacity 60151K, committed 60240K, reserved 1101824K
  class space    used 7336K, capacity 7855K, committed 7936K, reserved 1048576K
}
Event: 21.179 GC heap before
{Heap before GC invocations=13 (full 0):
 garbage-first heap   total 175104K, used 131414K [0x0000000080000000, 0x0000000100000000)
  region size 1024K, 81 young (82944K), 3 survivors (3072K)
 Metaspace       used 65637K, capacity 67099K, committed 67436K, reserved 1107968K
  class space    used 8200K, capacity 8749K, committed 8856K, reserved 1048576K
}
Event: 21.196 GC heap after
{Heap after GC invocations=14 (full 0):
 garbage-first heap   total 175104K, used 51524K [0x0000000080000000, 0x0000000100000000)
  region size 1024K, 10 young (10240K), 10 survivors (10240K)
 Metaspace       used 65637K, capacity 67099K, committed 67436K, reserved 1107968K
  class space    used 8200K, capacity 8749K, committed 8856K, reserved 1048576K
}
Event: 23.099 GC heap before
{Heap before GC invocations=15 (full 0):
 garbage-first heap   total 175104K, used 131396K [0x0000000080000000, 0x0000000100000000)
  region size 1024K, 88 young (90112K), 10 survivors (10240K)
 Metaspace       used 69295K, capacity 70857K, committed 71020K, reserved 1112064K
  class space    used 8712K, capacity 9309K, committed 9368K, reserved 1048576K
}
Event: 23.117 GC heap after
{Heap after GC invocations=16 (full 0):
 garbage-first heap   total 175104K, used 56093K [0x0000000080000000, 0x0000000100000000)
  region size 1024K, 6 young (6144K), 6 survivors (6144K)
 Metaspace       used 69295K, capacity 70857K, committed 71020K, reserved 1112064K
  class space    used 8712K, capacity 9309K, committed 9368K, reserved 1048576K
}
Event: 24.348 GC heap before
{Heap before GC invocations=16 (full 0):
 garbage-first heap   total 175104K, used 134941K [0x0000000080000000, 0x0000000100000000)
  region size 1024K, 83 young (84992K), 6 survivors (6144K)
 Metaspace       used 74156K, capacity 75840K, committed 76012K, reserved 1116160K
  class space    used 9525K, capacity 10148K, committed 10264K, reserved 1048576K
}
Event: 24.364 GC heap after
{Heap after GC invocations=17 (full 0):
 garbage-first heap   total 175104K, used 61382K [0x0000000080000000, 0x0000000100000000)
  region size 1024K, 11 young (11264K), 11 survivors (11264K)
 Metaspace       used 74156K, capacity 75840K, committed 76012K, reserved 1116160K
  class space    used 9525K, capacity 10148K, committed 10264K, reserved 1048576K
}
Event: 26.053 GC heap before
{Heap before GC invocations=17 (full 0):
 garbage-first heap   total 175104K, used 137158K [0x0000000080000000, 0x0000000100000000)
  region size 1024K, 85 young (87040K), 11 survivors (11264K)
 Metaspace       used 80976K, capacity 82791K, committed 83180K, reserved 1122304K
  class space    used 10449K, capacity 11137K, committed 11288K, reserved 1048576K
}
Event: 26.075 GC heap after
{Heap after GC invocations=18 (full 0):
 garbage-first heap   total 175104K, used 66421K [0x0000000080000000, 0x0000000100000000)
  region size 1024K, 11 young (11264K), 11 survivors (11264K)
 Metaspace       used 80976K, capacity 82791K, committed 83180K, reserved 1122304K
  class space    used 10449K, capacity 11137K, committed 11288K, reserved 1048576K
}
Event: 28.916 GC heap before
{Heap before GC invocations=18 (full 0):
 garbage-first heap   total 175104K, used 138101K [0x0000000080000000, 0x0000000100000000)
  region size 1024K, 82 young (83968K), 11 survivors (11264K)
 Metaspace       used 85502K, capacity 87626K, committed 87916K, reserved 1126400K
  class space    used 11013K, capacity 11810K, committed 11928K, reserved 1048576K
}
Event: 28.937 GC heap after
{Heap after GC invocations=19 (full 0):
 garbage-first heap   total 175104K, used 72702K [0x0000000080000000, 0x0000000100000000)
  region size 1024K, 11 young (11264K), 11 survivors (11264K)
 Metaspace       used 85502K, capacity 87626K, committed 87916K, reserved 1126400K
  class space    used 11013K, capacity 11810K, committed 11928K, reserved 1048576K
}
Event: 30.494 GC heap before
{Heap before GC invocations=19 (full 0):
 garbage-first heap   total 175104K, used 139262K [0x0000000080000000, 0x0000000100000000)
  region size 1024K, 77 young (78848K), 11 survivors (11264K)
 Metaspace       used 86257K, capacity 88506K, committed 88684K, reserved 1126400K
  class space    used 11073K, capacity 11885K, committed 11928K, reserved 1048576K
}
Event: 30.525 GC heap after
{Heap after GC invocations=20 (full 0):
 garbage-first heap   total 175104K, used 78846K [0x0000000080000000, 0x0000000100000000)
  region size 1024K, 6 young (6144K), 6 survivors (6144K)
 Metaspace       used 86257K, capacity 88506K, committed 88684K, reserved 1126400K
  class space    used 11073K, capacity 11885K, committed 11928K, reserved 1048576K
}
Event: 32.176 GC heap before
{Heap before GC invocations=20 (full 0):
 garbage-first heap   total 175104K, used 140286K [0x0000000080000000, 0x0000000100000000)
  region size 1024K, 67 young (68608K), 6 survivors (6144K)
 Metaspace       used 86788K, capacity 88916K, committed 89196K, reserved 1126400K
  class space    used 11098K, capacity 11895K, committed 11928K, reserved 1048576K
}
Event: 32.188 GC heap after
{Heap after GC invocations=21 (full 0):
 garbage-first heap   total 175104K, used 83523K [0x0000000080000000, 0x0000000100000000)
  region size 1024K, 5 young (5120K), 5 survivors (5120K)
 Metaspace       used 86788K, capacity 88916K, committed 89196K, reserved 1126400K
  class space    used 11098K, capacity 11895K, committed 11928K, reserved 1048576K
}
Event: 32.976 GC heap before
{Heap before GC invocations=21 (full 0):
 garbage-first heap   total 175104K, used 121411K [0x0000000080000000, 0x0000000100000000)
  region size 1024K, 44 young (45056K), 5 survivors (5120K)
 Metaspace       used 87346K, capacity 89581K, committed 89836K, reserved 1128448K
  class space    used 11175K, capacity 11984K, committed 12056K, reserved 1048576K
}
Event: 32.988 GC heap after
{Heap after GC invocations=22 (full 0):
 garbage-first heap   total 175104K, used 84909K [0x0000000080000000, 0x0000000100000000)
  region size 1024K, 6 young (6144K), 6 survivors (6144K)
 Metaspace       used 87346K, capacity 89581K, committed 89836K, reserved 1128448K
  class space    used 11175K, capacity 11984K, committed 12056K, reserved 1048576K
}
Event: 34.135 GC heap before
{Heap before GC invocations=23 (full 0):
 garbage-first heap   total 175104K, used 106413K [0x0000000080000000, 0x0000000100000000)
  region size 1024K, 19 young (19456K), 6 survivors (6144K)
 Metaspace       used 90054K, capacity 92183K, committed 92524K, reserved 1132544K
  class space    used 11540K, capacity 12341K, committed 12440K, reserved 1048576K
}
Event: 34.152 GC heap after
{Heap after GC invocations=24 (full 0):
 garbage-first heap   total 175104K, used 97586K [0x0000000080000000, 0x0000000100000000)
  region size 1024K, 5 young (5120K), 5 survivors (5120K)
 Metaspace       used 90054K, capacity 92183K, committed 92524K, reserved 1132544K
  class space    used 11540K, capacity 12341K, committed 12440K, reserved 1048576K
}

Deoptimization events (20 events):
Event: 33.576 Thread 0x000002bf4b833000 DEOPT PACKING pc=0x000002bf349864f4 sp=0x000000d090ffd490
Event: 33.576 Thread 0x000002bf4b833000 DEOPT UNPACKING pc=0x000002bf2ca0a1af sp=0x000000d090ffd420 mode 2
Event: 33.577 Thread 0x000002bf4b833000 Uncommon trap: trap_request=0xffffffc6 fr.pc=0x000002bf349864f4 relative=0x0000000000001814
Event: 33.577 Thread 0x000002bf4b833000 Uncommon trap: reason=bimorphic_or_optimized_type_check action=maybe_recompile pc=0x000002bf349864f4 method=java.util.concurrent.ConcurrentHashMap.putVal(Ljava/lang/Object;Ljava/lang/Object;Z)Ljava/lang/Object; @ 159 c2
Event: 33.577 Thread 0x000002bf4b833000 DEOPT PACKING pc=0x000002bf349864f4 sp=0x000000d090ffd4b0
Event: 33.577 Thread 0x000002bf4b833000 DEOPT UNPACKING pc=0x000002bf2ca0a1af sp=0x000000d090ffd440 mode 2
Event: 33.577 Thread 0x000002bf4b833000 Uncommon trap: trap_request=0xffffffc6 fr.pc=0x000002bf349864f4 relative=0x0000000000001814
Event: 33.577 Thread 0x000002bf4b833000 Uncommon trap: reason=bimorphic_or_optimized_type_check action=maybe_recompile pc=0x000002bf349864f4 method=java.util.concurrent.ConcurrentHashMap.putVal(Ljava/lang/Object;Ljava/lang/Object;Z)Ljava/lang/Object; @ 159 c2
Event: 33.577 Thread 0x000002bf4b833000 DEOPT PACKING pc=0x000002bf349864f4 sp=0x000000d090ffd4c0
Event: 33.577 Thread 0x000002bf4b833000 DEOPT UNPACKING pc=0x000002bf2ca0a1af sp=0x000000d090ffd450 mode 2
Event: 33.733 Thread 0x000002bf4b833000 DEOPT PACKING pc=0x000002bf2e3bacd5 sp=0x000000d090ffd2c0
Event: 33.733 Thread 0x000002bf4b833000 DEOPT UNPACKING pc=0x000002bf2ca0a95e sp=0x000000d090ffc7e0 mode 0
Event: 33.886 Thread 0x000002bf4b833000 Uncommon trap: trap_request=0xffffff4d fr.pc=0x000002bf3493ccac relative=0x000000000000038c
Event: 33.886 Thread 0x000002bf4b833000 Uncommon trap: reason=unstable_if action=reinterpret pc=0x000002bf3493ccac method=java.util.stream.StreamOpFlag.getMask(I)I @ 1 c2
Event: 33.886 Thread 0x000002bf4b833000 DEOPT PACKING pc=0x000002bf3493ccac sp=0x000000d090ffd3d0
Event: 33.886 Thread 0x000002bf4b833000 DEOPT UNPACKING pc=0x000002bf2ca0a1af sp=0x000000d090ffd2c0 mode 2
Event: 34.133 Thread 0x000002bf4b833000 Uncommon trap: trap_request=0xffffff4d fr.pc=0x000002bf3477f2dc relative=0x00000000000000bc
Event: 34.133 Thread 0x000002bf4b833000 Uncommon trap: reason=unstable_if action=reinterpret pc=0x000002bf3477f2dc method=jdk.internal.misc.Unsafe.convEndian(ZS)S @ 4 c2
Event: 34.133 Thread 0x000002bf4b833000 DEOPT PACKING pc=0x000002bf3477f2dc sp=0x000000d090ffd660
Event: 34.133 Thread 0x000002bf4b833000 DEOPT UNPACKING pc=0x000002bf2ca0a1af sp=0x000000d090ffd520 mode 2

Classes redefined (0 events):
No events

Internal exceptions (20 events):
Event: 27.273 Thread 0x000002bf456b0800 Exception <a 'java/lang/NoSuchMethodError'{0x0000000088a4afc0}: <clinit>> (0x0000000088a4afc0) thrown at [./src/hotspot/share/prims/jni.cpp, line 1366]
Event: 27.343 Thread 0x000002bf438f9000 Exception <a 'java/lang/NoSuchMethodError'{0x0000000088992ef0}: <clinit>> (0x0000000088992ef0) thrown at [./src/hotspot/share/prims/jni.cpp, line 1366]
Event: 27.363 Thread 0x000002bf456b2000 Exception <a 'java/lang/NoSuchMethodError'{0x00000000888277f8}: 'int java.lang.invoke.DirectMethodHandle$Holder.invokeSpecial(java.lang.Object, java.lang.Object, java.lang.Object, java.lang.Object, java.lang.Object)'> (0x00000000888277f8) thrown at [./src/hotspot/share/interpreter/linkResolver.cpp, line 773]
Event: 28.154 Thread 0x000002bf4b82f000 Exception <a 'java/lang/NoSuchMethodError'{0x00000000881d18f8}: 'void java.lang.invoke.DirectMethodHandle$Holder.invokeStatic(java.lang.Object, java.lang.Object, java.lang.Object, java.lang.Object, int, java.lang.Object, java.lang.Object)'> (0x00000000881d18f8) thrown at [./src/hotspot/share/interpreter/linkResolver.cpp, line 773]
Event: 28.194 Thread 0x000002bf44577800 Exception <a 'java/lang/NoSuchMethodError'{0x0000000087cf4060}: 'java.lang.Object java.lang.invoke.DirectMethodHandle$Holder.invokeSpecialIFC(java.lang.Object, java.lang.Object, java.lang.Object)'> (0x0000000087cf4060) thrown at [./src/hotspot/share/interpreter/linkResolver.cpp, line 773]
Event: 28.194 Thread 0x000002bf47421800 Exception <a 'java/lang/NoSuchMethodError'{0x0000000087b21f80}: 'java.lang.Object java.lang.invoke.DirectMethodHandle$Holder.invokeSpecialIFC(java.lang.Object, java.lang.Object, java.lang.Object)'> (0x0000000087b21f80) thrown at [./src/hotspot/share/interpreter/linkResolver.cpp, line 773]
Event: 28.194 Thread 0x000002bf4b82f000 Exception <a 'java/lang/NoSuchMethodError'{0x00000000880fb470}: 'java.lang.Object java.lang.invoke.DirectMethodHandle$Holder.invokeSpecialIFC(java.lang.Object, java.lang.Object, java.lang.Object)'> (0x00000000880fb470) thrown at [./src/hotspot/share/interpreter/linkResolver.cpp, line 773]
Event: 28.195 Thread 0x000002bf456ab800 Exception <a 'java/lang/NoSuchMethodError'{0x0000000087b2ee30}: 'java.lang.Object java.lang.invoke.DirectMethodHandle$Holder.invokeSpecialIFC(java.lang.Object, java.lang.Object, java.lang.Object)'> (0x0000000087b2ee30) thrown at [./src/hotspot/share/interpreter/linkResolver.cpp, line 773]
Event: 28.601 Thread 0x000002bf456ab800 Exception <a 'java/lang/NoSuchMethodError'{0x0000000086d24f28}: 'void java.lang.invoke.DirectMethodHandle$Holder.invokeVirtual(java.lang.Object, java.lang.Object)'> (0x0000000086d24f28) thrown at [./src/hotspot/share/interpreter/linkResolver.cpp, line 773]
Event: 29.815 Thread 0x000002bf4b82f000 Exception <a 'java/lang/NoSuchMethodError'{0x00000000886be4f8}: 'void java.lang.invoke.DirectMethodHandle$Holder.invokeInterface(java.lang.Object, java.lang.Object, java.lang.Object, java.lang.Object)'> (0x00000000886be4f8) thrown at [./src/hotspot/share/interpreter/linkResolver.cpp, line 773]
Event: 30.304 Thread 0x000002bf456b2000 Exception <a 'java/lang/NoSuchMethodError'{0x0000000087259e88}: <clinit>> (0x0000000087259e88) thrown at [./src/hotspot/share/prims/jni.cpp, line 1366]
Event: 30.304 Thread 0x000002bf456b2000 Exception <a 'java/lang/NoSuchMethodError'{0x000000008725b738}: <clinit>> (0x000000008725b738) thrown at [./src/hotspot/share/prims/jni.cpp, line 1366]
Event: 30.304 Thread 0x000002bf456b2000 Exception <a 'java/lang/NoSuchMethodError'{0x000000008725e5d0}: <clinit>> (0x000000008725e5d0) thrown at [./src/hotspot/share/prims/jni.cpp, line 1366]
Event: 30.306 Thread 0x000002bf456b2000 Exception <a 'java/lang/NoSuchMethodError'{0x000000008727a1b8}: <clinit>> (0x000000008727a1b8) thrown at [./src/hotspot/share/prims/jni.cpp, line 1366]
Event: 30.306 Thread 0x000002bf456b2000 Exception <a 'java/lang/NoSuchMethodError'{0x000000008727b698}: <clinit>> (0x000000008727b698) thrown at [./src/hotspot/share/prims/jni.cpp, line 1366]
Event: 31.131 Thread 0x000002bf456b2000 Implicit null exception at 0x000002bf34928f5b to 0x000002bf34928fec
Event: 31.616 Thread 0x000002bf45588800 Implicit null exception at 0x000002bf349400dd to 0x000002bf349405f4
Event: 33.339 Thread 0x000002bf4b833000 Exception <a 'sun/nio/fs/WindowsException'{0x000000008a62cc60}> (0x000000008a62cc60) thrown at [./src/hotspot/share/prims/jni.cpp, line 616]
Event: 33.573 Thread 0x000002bf4b833000 Exception <a 'java/lang/NoSuchMethodError'{0x000000008a5e4820}: 'java.lang.Object java.lang.invoke.DirectMethodHandle$Holder.newInvokeSpecial(java.lang.Object, int)'> (0x000000008a5e4820) thrown at [./src/hotspot/share/interpreter/linkResolver.cpp, line 773]
Event: 34.125 Thread 0x000002bf4b833000 Exception <a 'java/lang/NoSuchMethodError'{0x0000000089e2b6a0}: 'java.lang.Object java.lang.invoke.DirectMethodHandle$Holder.invokeStaticInit(java.lang.Object, java.lang.Object, java.lang.Object, java.lang.Object, java.lang.Object, java.lang.Object, java.lang.Object, java.lang.Object, java.lang.Object, java.lang.Object, java.lang.Object, java.lang.Object, java.lang.Object, java.lang.Object, java.lang.Object, java.lang.Object, java.lang.Object, java.lang.Object, int, java.lang.Object, java.lang.Object)'> (0

Events (20 events):
Event: 34.238 loading class com/android/tools/r8/internal/QC
Event: 34.238 loading class com/android/tools/r8/internal/QC done
Event: 34.239 loading class com/android/tools/r8/internal/a
Event: 34.239 loading class com/android/tools/r8/internal/a done
Event: 34.240 loading class com/android/tools/r8/internal/MC
Event: 34.240 loading class com/android/tools/r8/internal/MC done
Event: 34.241 loading class com/android/tools/r8/internal/pb
Event: 34.241 loading class com/android/tools/r8/internal/pb done
Event: 34.241 loading class com/android/tools/r8/internal/LC
Event: 34.241 loading class com/android/tools/r8/internal/LC done
Event: 34.242 loading class com/android/tools/r8/internal/PC
Event: 34.242 loading class com/android/tools/r8/internal/PC done
Event: 34.259 loading class com/android/tools/r8/graph/c1
Event: 34.259 loading class com/android/tools/r8/graph/c1 done
Event: 34.259 loading class com/android/tools/r8/graph/c1
Event: 34.259 loading class com/android/tools/r8/graph/c1 done
Event: 34.259 loading class com/android/tools/r8/dex/i
Event: 34.259 loading class com/android/tools/r8/dex/i done
Event: 34.259 loading class com/android/tools/r8/graph/H
Event: 34.259 loading class com/android/tools/r8/graph/H done


Dynamic libraries:
0x00007ff7cd220000 - 0x00007ff7cd22a000 	C:\Program Files\Android\Android Studio\jre\bin\java.exe
0x00007ff866e50000 - 0x00007ff867048000 	C:\WINDOWS\SYSTEM32\ntdll.dll
0x00007ff865e10000 - 0x00007ff865ecf000 	C:\WINDOWS\System32\KERNEL32.DLL
0x00007ff8646b0000 - 0x00007ff864982000 	C:\WINDOWS\System32\KERNELBASE.dll
0x00007ff864a20000 - 0x00007ff864b20000 	C:\WINDOWS\System32\ucrtbase.dll
0x00007ff85c4f0000 - 0x00007ff85c509000 	C:\Program Files\Android\Android Studio\jre\bin\jli.dll
0x00007ff85c4d0000 - 0x00007ff85c4e7000 	C:\Program Files\Android\Android Studio\jre\bin\VCRUNTIME140.dll
0x00007ff864fd0000 - 0x00007ff86516d000 	C:\WINDOWS\System32\USER32.dll
0x00007ff864b20000 - 0x00007ff864b42000 	C:\WINDOWS\System32\win32u.dll
0x00007ff8654a0000 - 0x00007ff8654cb000 	C:\WINDOWS\System32\GDI32.dll
0x00007ff864c00000 - 0x00007ff864d0f000 	C:\WINDOWS\System32\gdi32full.dll
0x00007ff864d60000 - 0x00007ff864dfd000 	C:\WINDOWS\System32\msvcp_win.dll
0x00007ff83e8b0000 - 0x00007ff83eb4a000 	C:\WINDOWS\WinSxS\amd64_microsoft.windows.common-controls_6595b64144ccf1df_6.0.19041.1110_none_60b5254171f9507e\COMCTL32.dll
0x00007ff865d70000 - 0x00007ff865e0e000 	C:\WINDOWS\System32\msvcrt.dll
0x00007ff865220000 - 0x00007ff865252000 	C:\WINDOWS\System32\IMM32.DLL
0x00007ff838900000 - 0x00007ff83899d000 	C:\Program Files\Android\Android Studio\jre\bin\msvcp140.dll
0x00007ff8000c0000 - 0x00007ff800bc2000 	C:\Program Files\Android\Android Studio\jre\bin\server\jvm.dll
0x00007ff865320000 - 0x00007ff8653ce000 	C:\WINDOWS\System32\ADVAPI32.dll
0x00007ff8655c0000 - 0x00007ff86565c000 	C:\WINDOWS\System32\sechost.dll
0x00007ff8668f0000 - 0x00007ff866a15000 	C:\WINDOWS\System32\RPCRT4.dll
0x00007ff8654d0000 - 0x00007ff8654d8000 	C:\WINDOWS\System32\PSAPI.DLL
0x00007ff858400000 - 0x00007ff858409000 	C:\WINDOWS\SYSTEM32\WSOCK32.dll
0x00007ff865430000 - 0x00007ff86549b000 	C:\WINDOWS\System32\WS2_32.dll
0x00007ff85fba0000 - 0x00007ff85fbc7000 	C:\WINDOWS\SYSTEM32\WINMM.dll
0x00007ff85d750000 - 0x00007ff85d75a000 	C:\WINDOWS\SYSTEM32\VERSION.dll
0x00007ff862df0000 - 0x00007ff862e02000 	C:\WINDOWS\SYSTEM32\kernel.appcore.dll
0x00007ff852d90000 - 0x00007ff852da1000 	C:\Program Files\Android\Android Studio\jre\bin\verify.dll
0x00007ff8622c0000 - 0x00007ff8624a4000 	C:\WINDOWS\SYSTEM32\DBGHELP.DLL
0x00007ff85d2b0000 - 0x00007ff85d2dc000 	C:\WINDOWS\SYSTEM32\dbgcore.DLL
0x00007ff864990000 - 0x00007ff864a12000 	C:\WINDOWS\System32\bcryptPrimitives.dll
0x00007ff852d60000 - 0x00007ff852d89000 	C:\Program Files\Android\Android Studio\jre\bin\java.dll
0x00007ff85e4c0000 - 0x00007ff85e4cb000 	C:\Program Files\Android\Android Studio\jre\bin\jimage.dll
0x00007ff83f240000 - 0x00007ff83f258000 	C:\Program Files\Android\Android Studio\jre\bin\zip.dll
0x00007ff8661a0000 - 0x00007ff8668e3000 	C:\WINDOWS\System32\SHELL32.dll
0x00007ff8624b0000 - 0x00007ff862c42000 	C:\WINDOWS\SYSTEM32\windows.storage.dll
0x00007ff866a20000 - 0x00007ff866d74000 	C:\WINDOWS\System32\combase.dll
0x00007ff863ed0000 - 0x00007ff863f00000 	C:\WINDOWS\SYSTEM32\Wldp.dll
0x00007ff865710000 - 0x00007ff8657bd000 	C:\WINDOWS\System32\SHCORE.dll
0x00007ff8652c0000 - 0x00007ff865315000 	C:\WINDOWS\System32\shlwapi.dll
0x00007ff864490000 - 0x00007ff8644af000 	C:\WINDOWS\SYSTEM32\profapi.dll
0x00007ff83eb80000 - 0x00007ff83eb9a000 	C:\Program Files\Android\Android Studio\jre\bin\net.dll
0x00007ff85a710000 - 0x00007ff85a81c000 	C:\WINDOWS\SYSTEM32\WINHTTP.dll
0x00007ff863c30000 - 0x00007ff863c9a000 	C:\WINDOWS\system32\mswsock.dll
0x00007ff836be0000 - 0x00007ff836bf4000 	C:\Program Files\Android\Android Studio\jre\bin\nio.dll
0x00007ff85e500000 - 0x00007ff85e527000 	C:\Users\ASUS\.gradle\native\e1d6ef7f7dcc3fd88c89a11ec53ec762bb8ba0a96d01ffa2cd45eb1d1d8dd5c5\windows-amd64\native-platform.dll
0x00007ff82f860000 - 0x00007ff82f9a4000 	C:\Users\ASUS\.gradle\native\0d407fdbe67a94daf76414ababcb853783967236a71b16ec16e742cd7a986fd3\windows-amd64\native-platform-file-events.dll
0x00007ff85b890000 - 0x00007ff85b89a000 	C:\Program Files\Android\Android Studio\jre\bin\management.dll
0x00007ff854a40000 - 0x00007ff854a4d000 	C:\Program Files\Android\Android Studio\jre\bin\management_ext.dll
0x00007ff863e30000 - 0x00007ff863e48000 	C:\WINDOWS\SYSTEM32\CRYPTSP.dll
0x00007ff863550000 - 0x00007ff863584000 	C:\WINDOWS\system32\rsaenh.dll
0x00007ff864e00000 - 0x00007ff864e27000 	C:\WINDOWS\System32\bcrypt.dll
0x00007ff864450000 - 0x00007ff86447e000 	C:\WINDOWS\SYSTEM32\USERENV.dll
0x00007ff863e20000 - 0x00007ff863e2c000 	C:\WINDOWS\SYSTEM32\CRYPTBASE.dll
0x00007ff863920000 - 0x00007ff86395b000 	C:\WINDOWS\SYSTEM32\IPHLPAPI.DLL
0x00007ff866d80000 - 0x00007ff866d88000 	C:\WINDOWS\System32\NSI.dll
0x00007ff85d7c0000 - 0x00007ff85d7d7000 	C:\WINDOWS\SYSTEM32\dhcpcsvc6.DLL
0x00007ff85d7a0000 - 0x00007ff85d7bd000 	C:\WINDOWS\SYSTEM32\dhcpcsvc.DLL
0x00007ff863960000 - 0x00007ff863a2a000 	C:\WINDOWS\SYSTEM32\DNSAPI.dll

dbghelp: loaded successfully - version: 4.0.5 - missing functions: none
symbol engine: initialized successfully - sym options: 0x614 - pdb path: .;C:\Program Files\Android\Android Studio\jre\bin;C:\WINDOWS\SYSTEM32;C:\WINDOWS\WinSxS\amd64_microsoft.windows.common-controls_6595b64144ccf1df_6.0.19041.1110_none_60b5254171f9507e;C:\Program Files\Android\Android Studio\jre\bin\server;C:\Users\ASUS\.gradle\native\e1d6ef7f7dcc3fd88c89a11ec53ec762bb8ba0a96d01ffa2cd45eb1d1d8dd5c5\windows-amd64;C:\Users\ASUS\.gradle\native\0d407fdbe67a94daf76414ababcb853783967236a71b16ec16e742cd7a986fd3\windows-amd64

VM Arguments:
jvm_args: --add-opens=java.base/java.util=ALL-UNNAMED --add-opens=java.base/java.lang=ALL-UNNAMED --add-opens=java.base/java.lang.invoke=ALL-UNNAMED --add-opens=java.base/java.util=ALL-UNNAMED --add-opens=java.prefs/java.util.prefs=ALL-UNNAMED --add-opens=java.prefs/java.util.prefs=ALL-UNNAMED --add-opens=java.base/java.nio.charset=ALL-UNNAMED --add-opens=java.base/java.net=ALL-UNNAMED --add-opens=java.base/java.util.concurrent.atomic=ALL-UNNAMED -Xmx2048m -Dfile.encoding=UTF-8 -Duser.country=FR -Duser.language=fr -Duser.variant 
java_command: org.gradle.launcher.daemon.bootstrap.GradleDaemon 7.4
java_class_path (initial): C:\Users\ASUS\.gradle\wrapper\dists\gradle-7.4-bin\c0gwcg53nkjbqw7r0h0umtfvt\gradle-7.4\lib\gradle-launcher-7.4.jar
Launcher Type: SUN_STANDARD

[Global flags]
     intx CICompilerCount                          = 3                                         {product} {ergonomic}
     uint ConcGCThreads                            = 1                                         {product} {ergonomic}
     uint G1ConcRefinementThreads                  = 4                                         {product} {ergonomic}
   size_t G1HeapRegionSize                         = 1048576                                   {product} {ergonomic}
    uintx GCDrainStackTargetSize                   = 64                                        {product} {ergonomic}
   size_t InitialHeapSize                          = 134217728                                 {product} {ergonomic}
   size_t MarkStackSize                            = 4194304                                   {product} {ergonomic}
   size_t MaxHeapSize                              = 2147483648                                {product} {command line}
   size_t MaxNewSize                               = 1287651328                                {product} {ergonomic}
   size_t MinHeapDeltaBytes                        = 1048576                                   {product} {ergonomic}
    uintx NonNMethodCodeHeapSize                   = 5830732                                {pd product} {ergonomic}
    uintx NonProfiledCodeHeapSize                  = 122913754                              {pd product} {ergonomic}
    uintx ProfiledCodeHeapSize                     = 122913754                              {pd product} {ergonomic}
    uintx ReservedCodeCacheSize                    = 251658240                              {pd product} {ergonomic}
     bool SegmentedCodeCache                       = true                                      {product} {ergonomic}
     bool UseCompressedClassPointers               = true                                 {lp64_product} {ergonomic}
     bool UseCompressedOops                        = true                                 {lp64_product} {ergonomic}
     bool UseG1GC                                  = true                                      {product} {ergonomic}
     bool UseLargePagesIndividualAllocation        = false                                  {pd product} {ergonomic}

Logging:
Log output configuration:
 #0: stdout all=warning uptime,level,tags
 #1: stderr all=off uptime,level,tags

Environment Variables:
JAVA_HOME=C:\Program Files\Java\jdk-17.0.2\bin
JRE_HOME=C:\Program Files\Java\jre1.8.0_351
PATH=C:\Program Files\Common Files\Oracle\Java\javapath;C:\Program Files (x86)\Common Files\Oracle\Java\javapath;C:\Program Files\Java\jdk-17.0.2\bin;C:\ProgramData\chocolatey\bin;C:\Program Files\nodejs\;C:\Program Files\Git\cmd;C:\Program Files\Maven\apache-maven-3.8.6\bin;C:\Program Files\Microsoft SQL Server\150\Tools\Binn\;C:\Program Files\Microsoft SQL Server\Client SDK\ODBC\170\Tools\Binn\;C:\Program Files\dotnet\;C:\Program Files\MySQL\MySQL Shell 8.0\bin\;C:\Program Files\Java\jdk-17;C:\Users\ASUS\AppData\Local\Programs\Microsoft VS Code\bin;C:\MinGW\bin;C:\Program Files (x86)\GnuWin32\bin;C:\Program Files\Java\jdk-17.0.2\bin;C:\Program Files (x86)\Inno Setup 6;C:\Users\ASUS\AppData\Roaming\npm;C:\Program Files\JetBrains\IntelliJ IDEA 2022.2.4\bin;;C:\Program Files\Java\jdk1.8.0_311\bin;C:\Program Files\JetBrains\IntelliJ IDEA Community Edition 2022.2\bin;;C:\Users\ASUS\.dotnet\tools;C:\Program Files\Java\jre1.8.0_351;
USERNAME=ASUS
OS=Windows_NT
PROCESSOR_IDENTIFIER=Intel64 Family 6 Model 142 Stepping 9, GenuineIntel



---------------  S Y S T E M  ---------------

OS: Windows 10 , 64 bit Build 19041 (10.0.19041.2251)
OS uptime: 22 days 6:40 hours

CPU:total 4 (initial active 4) (2 cores per cpu, 2 threads per core) family 6 model 142 stepping 9 microcode 0xb4, cmov, cx8, fxsr, mmx, sse, sse2, sse3, ssse3, sse4.1, sse4.2, popcnt, avx, avx2, aes, clmul, erms, 3dnowpref, lzcnt, ht, tsc, tscinvbit, bmi1, bmi2, adx, fma

Memory: 4k page, system-wide physical 8075M (179M free)
TotalPageFile size 32651M (AvailPageFile size 0M)
current process WorkingSet (physical memory assigned to process): 396M, peak: 404M
current process commit charge ("private bytes"): 437M, peak: 443M

vm_info: OpenJDK 64-Bit Server VM (11.0.13+0-b1751.21-8125866) for windows-amd64 JRE (11.0.13+0-b1751.21-8125866), built on Feb  2 2022 03:00:22 by "builder" with MS VC++ 14.0 (VS2015)

END.
