#
# There is insufficient memory for the Java Runtime Environment to continue.
# Native memory allocation (malloc) failed to allocate 610576 bytes for Chunk::new
# Possible reasons:
#   The system is out of physical RAM or swap space
#   The process is running with CompressedOops enabled, and the Java Heap may be blocking the growth of the native heap
# Possible solutions:
#   Reduce memory load on the system
#   Increase physical memory or swap space
#   Check if swap backing store is full
#   Decrease Java heap size (-Xmx/-Xms)
#   Decrease number of Java threads
#   Decrease Java thread stack sizes (-Xss)
#   Set larger code cache with -XX:ReservedCodeCacheSize=
#   JVM is running with Unscaled Compressed Oops mode in which the Java heap is
#     placed in the first 4GB address space. The Java Heap base address is the
#     maximum limit for the native heap growth. Please use -XX:HeapBaseMinAddress
#     to set the Java Heap base and to place the Java Heap above 4GB virtual address.
# This output file may be truncated or incomplete.
#
#  Out of Memory Error (./src/hotspot/share/memory/arena.cpp:197), pid=118392, tid=120500
#
# JRE version: OpenJDK Runtime Environment (11.0.13) (build 11.0.13+0-b1751.21-8125866)
# Java VM: OpenJDK 64-Bit Server VM (11.0.13+0-b1751.21-8125866, mixed mode, tiered, compressed oops, g1 gc, windows-amd64)
# No core dump will be written. Minidumps are not enabled by default on client versions of Windows
#

---------------  S U M M A R Y ------------

Command Line: --add-opens=java.base/java.util=ALL-UNNAMED --add-opens=java.base/java.lang=ALL-UNNAMED --add-opens=java.base/java.lang.invoke=ALL-UNNAMED --add-opens=java.base/java.util=ALL-UNNAMED --add-opens=java.prefs/java.util.prefs=ALL-UNNAMED --add-opens=java.prefs/java.util.prefs=ALL-UNNAMED --add-opens=java.base/java.nio.charset=ALL-UNNAMED --add-opens=java.base/java.net=ALL-UNNAMED --add-opens=java.base/java.util.concurrent.atomic=ALL-UNNAMED -Xmx2048m -Dfile.encoding=UTF-8 -Duser.country=FR -Duser.language=fr -Duser.variant org.gradle.launcher.daemon.bootstrap.GradleDaemon 7.4

Host: Intel(R) Core(TM) i7-7500U CPU @ 2.70GHz, 4 cores, 7G,  Windows 10 , 64 bit Build 19041 (10.0.19041.2251)
Time: Sat Dec  3 17:27:37 2022 Maroc (heure d’été) elapsed time: 20.325953 seconds (0d 0h 0m 20s)

---------------  T H R E A D  ---------------

Current thread (0x000001773cb43800):  JavaThread "C2 CompilerThread0" daemon [_thread_in_native, id=120500, stack(0x000000627ba00000,0x000000627bb00000)]


Current CompileTask:
C2:  20326 5952       4       java.net.URLStreamHandler::toExternalForm (156 bytes)

Stack: [0x000000627ba00000,0x000000627bb00000]
Native frames: (J=compiled Java code, j=interpreted, Vv=VM code, C=native code)
V  [jvm.dll+0x6100fa]
V  [jvm.dll+0x747090]
V  [jvm.dll+0x7486ad]
V  [jvm.dll+0x748d83]
V  [jvm.dll+0x24ab48]
V  [jvm.dll+0xc04dc]
V  [jvm.dll+0xc0a0c]
V  [jvm.dll+0x35eb5b]
V  [jvm.dll+0x32b833]
V  [jvm.dll+0x32ad2a]
V  [jvm.dll+0x2032b2]
V  [jvm.dll+0x202437]
V  [jvm.dll+0x188e01]
V  [jvm.dll+0x21106b]
V  [jvm.dll+0x20f8c1]
V  [jvm.dll+0x70de0f]
V  [jvm.dll+0x706a75]
V  [jvm.dll+0x60ed66]
C  [ucrtbase.dll+0x21bb2]
C  [KERNEL32.DLL+0x174b4]
C  [ntdll.dll+0x526a1]


---------------  P R O C E S S  ---------------

Threads class SMR info:
_java_thread_list=0x000001774261c660, length=78, elements={
0x0000017720fce000, 0x000001773cb1e000, 0x000001773cb1f000, 0x000001773cb3a800,
0x000001773cb3b800, 0x000001773cb3d800, 0x000001773cb43800, 0x000001773cb45000,
0x000001773cb6a800, 0x000001773d65a000, 0x000001773fb90800, 0x000001773efdb000,
0x000001773f528000, 0x000001773eff3000, 0x000001773f81a000, 0x000001773f646800,
0x000001773ebc9000, 0x000001773e905800, 0x0000017740447000, 0x000001773ee79000,
0x000001773f61c800, 0x000001773f61e000, 0x000001773f61b000, 0x000001773f61f000,
0x000001773f620000, 0x000001773f61c000, 0x000001773f61d800, 0x000001773f61a000,
0x000001773f620800, 0x0000017740c34000, 0x0000017740c38000, 0x0000017740c36000,
0x0000017740c33800, 0x0000017740c3b800, 0x0000017740c3a000, 0x0000017740c40800,
0x0000017740c3c800, 0x0000017740c3e800, 0x0000017740c3d000, 0x0000017740c3a800,
0x0000017740c3f800, 0x0000017740c41000, 0x00000177410b9000, 0x00000177410b9800,
0x00000177410bc000, 0x00000177410bd800, 0x00000177410bb000, 0x00000177410b8000,
0x00000177410be800, 0x00000177410c0000, 0x00000177410ba800, 0x00000177410c1000,
0x00000177410bf800, 0x00000177410c2000, 0x00000177410c2800, 0x00000177410bd000,
0x00000177410c5000, 0x00000177410c4000, 0x00000177410c6800, 0x00000177410c6000,
0x00000177410c3800, 0x000001773dcbe000, 0x000001773dcba000, 0x000001773dcbf800,
0x000001773dcbe800, 0x000001773dcbd000, 0x000001773dcc0800, 0x000001773dcba800,
0x000001773dcc1000, 0x000001773dcbb800, 0x000001773dcc2000, 0x000001773dcbc800,
0x000001773dcc4800, 0x000001773dcc5000, 0x000001773dcc6000, 0x000001773dcc8800,
0x000001773dcc7000, 0x000001773dcc7800
}

Java Threads: ( => current thread )
  0x0000017720fce000 JavaThread "main" [_thread_blocked, id=129404, stack(0x000000627ae00000,0x000000627af00000)]
  0x000001773cb1e000 JavaThread "Reference Handler" daemon [_thread_blocked, id=130564, stack(0x000000627b500000,0x000000627b600000)]
  0x000001773cb1f000 JavaThread "Finalizer" daemon [_thread_blocked, id=129992, stack(0x000000627b600000,0x000000627b700000)]
  0x000001773cb3a800 JavaThread "Signal Dispatcher" daemon [_thread_blocked, id=130744, stack(0x000000627b700000,0x000000627b800000)]
  0x000001773cb3b800 JavaThread "Attach Listener" daemon [_thread_blocked, id=130512, stack(0x000000627b800000,0x000000627b900000)]
  0x000001773cb3d800 JavaThread "Service Thread" daemon [_thread_blocked, id=130644, stack(0x000000627b900000,0x000000627ba00000)]
=>0x000001773cb43800 JavaThread "C2 CompilerThread0" daemon [_thread_in_native, id=120500, stack(0x000000627ba00000,0x000000627bb00000)]
  0x000001773cb45000 JavaThread "C1 CompilerThread0" daemon [_thread_blocked, id=126040, stack(0x000000627bb00000,0x000000627bc00000)]
  0x000001773cb6a800 JavaThread "Sweeper thread" daemon [_thread_blocked, id=123032, stack(0x000000627bc00000,0x000000627bd00000)]
  0x000001773d65a000 JavaThread "Common-Cleaner" daemon [_thread_blocked, id=118348, stack(0x000000627bd00000,0x000000627be00000)]
  0x000001773fb90800 JavaThread "Daemon health stats" [_thread_blocked, id=119964, stack(0x000000627c200000,0x000000627c300000)]
  0x000001773efdb000 JavaThread "Incoming local TCP Connector on port 57723" [_thread_in_native, id=93004, stack(0x000000627bf00000,0x000000627c000000)]
  0x000001773f528000 JavaThread "Daemon periodic checks" [_thread_blocked, id=123284, stack(0x000000627c300000,0x000000627c400000)]
  0x000001773eff3000 JavaThread "Daemon" [_thread_blocked, id=114836, stack(0x000000627c400000,0x000000627c500000)]
  0x000001773f81a000 JavaThread "Handler for socket connection from /127.0.0.1:57723 to /127.0.0.1:57724" [_thread_in_native, id=14296, stack(0x000000627c500000,0x000000627c600000)]
  0x000001773f646800 JavaThread "Cancel handler" [_thread_blocked, id=96508, stack(0x000000627c600000,0x000000627c700000)]
  0x000001773ebc9000 JavaThread "Daemon worker" [_thread_in_vm, id=122784, stack(0x000000627c700000,0x000000627c800000)]
  0x000001773e905800 JavaThread "Asynchronous log dispatcher for DefaultDaemonConnection: socket connection from /127.0.0.1:57723 to /127.0.0.1:57724" [_thread_blocked, id=117940, stack(0x000000627c800000,0x000000627c900000)]
  0x0000017740447000 JavaThread "Stdin handler" [_thread_blocked, id=116392, stack(0x000000627c900000,0x000000627ca00000)]
  0x000001773ee79000 JavaThread "Daemon client event forwarder" [_thread_blocked, id=123688, stack(0x000000627ca00000,0x000000627cb00000)]
  0x000001773f61c800 JavaThread "Cache worker for journal cache (C:\Users\ASUS\.gradle\caches\journal-1)" [_thread_blocked, id=123256, stack(0x000000627cc00000,0x000000627cd00000)]
  0x000001773f61e000 JavaThread "File lock request listener" [_thread_in_native, id=129712, stack(0x000000627cd00000,0x000000627ce00000)]
  0x000001773f61b000 JavaThread "Cache worker for file hash cache (C:\Users\ASUS\.gradle\caches\7.4\fileHashes)" [_thread_blocked, id=107136, stack(0x000000627ce00000,0x000000627cf00000)]
  0x000001773f61f000 JavaThread "File watcher server" daemon [_thread_in_native, id=126844, stack(0x000000627d000000,0x000000627d100000)]
  0x000001773f620000 JavaThread "File watcher consumer" daemon [_thread_blocked, id=129588, stack(0x000000627d100000,0x000000627d200000)]
  0x000001773f61c000 JavaThread "Cache worker for checksums cache (C:\Users\ASUS\AndroidStudioProjects\ClubSportif\.gradle\7.4\checksums)" [_thread_blocked, id=121992, stack(0x000000627cf00000,0x000000627d000000)]
  0x000001773f61d800 JavaThread "Cache worker for cache directory md-rule (C:\Users\ASUS\.gradle\caches\7.4\md-rule)" [_thread_blocked, id=118096, stack(0x000000627d200000,0x000000627d300000)]
  0x000001773f61a000 JavaThread "Cache worker for file hash cache (C:\Users\ASUS\AndroidStudioProjects\ClubSportif\.gradle\7.4\fileHashes)" [_thread_blocked, id=75180, stack(0x000000627d300000,0x000000627d400000)]
  0x000001773f620800 JavaThread "Cache worker for cache directory md-supplier (C:\Users\ASUS\.gradle\caches\7.4\md-supplier)" [_thread_blocked, id=130236, stack(0x000000627d400000,0x000000627d500000)]
  0x0000017740c34000 JavaThread "Cache worker for execution history cache (C:\Users\ASUS\.gradle\caches\7.4\executionHistory)" [_thread_blocked, id=117248, stack(0x000000627d600000,0x000000627d700000)]
  0x0000017740c38000 JavaThread "jar transforms" [_thread_blocked, id=120120, stack(0x000000627d500000,0x000000627d600000)]
  0x0000017740c36000 JavaThread "Cache worker for file content cache (C:\Users\ASUS\.gradle\caches\7.4\fileContent)" [_thread_blocked, id=117668, stack(0x000000627d700000,0x000000627d800000)]
  0x0000017740c33800 JavaThread "jar transforms Thread 2" [_thread_blocked, id=95748, stack(0x000000627d800000,0x000000627d900000)]
  0x0000017740c3b800 JavaThread "Cache worker for dependencies-accessors (C:\Users\ASUS\AndroidStudioProjects\ClubSportif\.gradle\7.4\dependencies-accessors)" [_thread_blocked, id=129516, stack(0x000000627da00000,0x000000627db00000)]
  0x0000017740c3a000 JavaThread "jar transforms Thread 3" [_thread_blocked, id=126784, stack(0x000000627db00000,0x000000627dc00000)]
  0x0000017740c40800 JavaThread "Cache worker for Build Output Cleanup Cache (C:\Users\ASUS\AndroidStudioProjects\ClubSportif\.gradle\buildOutputCleanup)" [_thread_blocked, id=105156, stack(0x000000627d900000,0x000000627da00000)]
  0x0000017740c3c800 JavaThread "Unconstrained build operations" [_thread_blocked, id=129904, stack(0x000000627dd00000,0x000000627de00000)]
  0x0000017740c3e800 JavaThread "Unconstrained build operations Thread 2" [_thread_blocked, id=126504, stack(0x000000627de00000,0x000000627df00000)]
  0x0000017740c3d000 JavaThread "Unconstrained build operations Thread 3" [_thread_blocked, id=121056, stack(0x000000627df00000,0x000000627e000000)]
  0x0000017740c3a800 JavaThread "Unconstrained build operations Thread 4" [_thread_blocked, id=85668, stack(0x000000627e000000,0x000000627e100000)]
  0x0000017740c3f800 JavaThread "Unconstrained build operations Thread 5" [_thread_blocked, id=130552, stack(0x000000627e100000,0x000000627e200000)]
  0x0000017740c41000 JavaThread "Unconstrained build operations Thread 6" [_thread_blocked, id=130924, stack(0x000000627e200000,0x000000627e300000)]
  0x00000177410b9000 JavaThread "Unconstrained build operations Thread 7" [_thread_blocked, id=131060, stack(0x000000627e300000,0x000000627e400000)]
  0x00000177410b9800 JavaThread "Unconstrained build operations Thread 8" [_thread_blocked, id=130328, stack(0x000000627e400000,0x000000627e500000)]
  0x00000177410bc000 JavaThread "Unconstrained build operations Thread 9" [_thread_blocked, id=115568, stack(0x000000627e500000,0x000000627e600000)]
  0x00000177410bd800 JavaThread "Unconstrained build operations Thread 10" [_thread_blocked, id=130716, stack(0x000000627e600000,0x000000627e700000)]
  0x00000177410bb000 JavaThread "Unconstrained build operations Thread 11" [_thread_blocked, id=116016, stack(0x000000627e700000,0x000000627e800000)]
  0x00000177410b8000 JavaThread "Unconstrained build operations Thread 12" [_thread_blocked, id=123852, stack(0x000000627e800000,0x000000627e900000)]
  0x00000177410be800 JavaThread "Unconstrained build operations Thread 13" [_thread_blocked, id=126588, stack(0x000000627e900000,0x000000627ea00000)]
  0x00000177410c0000 JavaThread "Unconstrained build operations Thread 14" [_thread_blocked, id=119136, stack(0x000000627ea00000,0x000000627eb00000)]
  0x00000177410ba800 JavaThread "Unconstrained build operations Thread 15" [_thread_blocked, id=98872, stack(0x000000627eb00000,0x000000627ec00000)]
  0x00000177410c1000 JavaThread "Unconstrained build operations Thread 16" [_thread_blocked, id=131012, stack(0x000000627ec00000,0x000000627ed00000)]
  0x00000177410bf800 JavaThread "Unconstrained build operations Thread 17" [_thread_blocked, id=120776, stack(0x000000627ed00000,0x000000627ee00000)]
  0x00000177410c2000 JavaThread "Unconstrained build operations Thread 18" [_thread_blocked, id=126008, stack(0x000000627ee00000,0x000000627ef00000)]
  0x00000177410c2800 JavaThread "Unconstrained build operations Thread 19" [_thread_blocked, id=124180, stack(0x000000627ef00000,0x000000627f000000)]
  0x00000177410bd000 JavaThread "Unconstrained build operations Thread 20" [_thread_blocked, id=130248, stack(0x000000627f000000,0x000000627f100000)]
  0x00000177410c5000 JavaThread "Unconstrained build operations Thread 21" [_thread_blocked, id=110016, stack(0x000000627f100000,0x000000627f200000)]
  0x00000177410c4000 JavaThread "Unconstrained build operations Thread 22" [_thread_blocked, id=122788, stack(0x000000627f200000,0x000000627f300000)]
  0x00000177410c6800 JavaThread "Unconstrained build operations Thread 23" [_thread_blocked, id=127184, stack(0x000000627f300000,0x000000627f400000)]
  0x00000177410c6000 JavaThread "Unconstrained build operations Thread 24" [_thread_blocked, id=125700, stack(0x000000627f400000,0x000000627f500000)]
  0x00000177410c3800 JavaThread "Unconstrained build operations Thread 25" [_thread_blocked, id=94392, stack(0x000000627f500000,0x000000627f600000)]
  0x000001773dcbe000 JavaThread "Unconstrained build operations Thread 26" [_thread_blocked, id=121120, stack(0x000000627f600000,0x000000627f700000)]
  0x000001773dcba000 JavaThread "Unconstrained build operations Thread 27" [_thread_blocked, id=121408, stack(0x000000627f700000,0x000000627f800000)]
  0x000001773dcbf800 JavaThread "Unconstrained build operations Thread 28" [_thread_blocked, id=79936, stack(0x000000627f800000,0x000000627f900000)]
  0x000001773dcbe800 JavaThread "Unconstrained build operations Thread 29" [_thread_blocked, id=127112, stack(0x000000627f900000,0x000000627fa00000)]
  0x000001773dcbd000 JavaThread "Unconstrained build operations Thread 30" [_thread_blocked, id=118716, stack(0x000000627fa00000,0x000000627fb00000)]
  0x000001773dcc0800 JavaThread "Unconstrained build operations Thread 31" [_thread_blocked, id=105456, stack(0x000000627fb00000,0x000000627fc00000)]
  0x000001773dcba800 JavaThread "Unconstrained build operations Thread 32" [_thread_blocked, id=127828, stack(0x000000627fc00000,0x000000627fd00000)]
  0x000001773dcc1000 JavaThread "Unconstrained build operations Thread 33" [_thread_blocked, id=130700, stack(0x000000627fd00000,0x000000627fe00000)]
  0x000001773dcbb800 JavaThread "Unconstrained build operations Thread 34" [_thread_blocked, id=110044, stack(0x000000627fe00000,0x000000627ff00000)]
  0x000001773dcc2000 JavaThread "Unconstrained build operations Thread 35" [_thread_blocked, id=129540, stack(0x000000627ff00000,0x0000006280000000)]
  0x000001773dcbc800 JavaThread "Unconstrained build operations Thread 36" [_thread_blocked, id=107612, stack(0x0000006200000000,0x0000006200100000)]
  0x000001773dcc4800 JavaThread "Unconstrained build operations Thread 37" [_thread_blocked, id=122072, stack(0x0000006200100000,0x0000006200200000)]
  0x000001773dcc5000 JavaThread "Unconstrained build operations Thread 38" [_thread_blocked, id=109192, stack(0x0000006200200000,0x0000006200300000)]
  0x000001773dcc6000 JavaThread "Unconstrained build operations Thread 39" [_thread_blocked, id=127248, stack(0x0000006200300000,0x0000006200400000)]
  0x000001773dcc8800 JavaThread "Unconstrained build operations Thread 40" [_thread_blocked, id=130536, stack(0x0000006200400000,0x0000006200500000)]
  0x000001773dcc7000 JavaThread "jar transforms Thread 4" [_thread_blocked, id=127924, stack(0x0000006200500000,0x0000006200600000)]
  0x000001773dcc7800 JavaThread "Memory manager" [_thread_blocked, id=117460, stack(0x0000006200600000,0x0000006200700000)]

Other Threads:
  0x000001773cb19000 VMThread "VM Thread" [stack: 0x000000627b400000,0x000000627b500000] [id=120020]
  0x000001773d683000 WatcherThread [stack: 0x000000627be00000,0x000000627bf00000] [id=105248]
  0x0000017720fe7800 GCTaskThread "GC Thread#0" [stack: 0x000000627af00000,0x000000627b000000] [id=128712]
  0x000001773deff000 GCTaskThread "GC Thread#1" [stack: 0x000000627c000000,0x000000627c100000] [id=129132]
  0x000001773d743800 GCTaskThread "GC Thread#2" [stack: 0x000000627c100000,0x000000627c200000] [id=113712]
  0x000001773e673000 GCTaskThread "GC Thread#3" [stack: 0x000000627cb00000,0x000000627cc00000] [id=119404]
  0x0000017721017800 ConcurrentGCThread "G1 Main Marker" [stack: 0x000000627b000000,0x000000627b100000] [id=127772]
  0x000001772101a000 ConcurrentGCThread "G1 Conc#0" [stack: 0x000000627b100000,0x000000627b200000] [id=116688]
  0x00000177210a8000 ConcurrentGCThread "G1 Refine#0" [stack: 0x000000627b200000,0x000000627b300000] [id=130336]
  0x00000177210a9000 ConcurrentGCThread "G1 Young RemSet Sampling" [stack: 0x000000627b300000,0x000000627b400000] [id=127292]

Threads with active compile tasks:
C2 CompilerThread0  20399 5952       4       java.net.URLStreamHandler::toExternalForm (156 bytes)
C1 CompilerThread0  20399 5968       3       com.google.common.collect.MapMakerInternalMap$WeakValueReferenceImpl::copyFor (14 bytes)

VM state:not at safepoint (normal execution)

VM Mutex/Monitor currently owned by a thread: None

Heap address: 0x0000000080000000, size: 2048 MB, Compressed Oops mode: 32-bit
Narrow klass base: 0x0000000000000000, Narrow klass shift: 3
Compressed class space size: 1073741824 Address: 0x0000000100000000

Heap:
 garbage-first heap   total 165888K, used 54798K [0x0000000080000000, 0x0000000100000000)
  region size 1024K, 11 young (11264K), 2 survivors (2048K)
 Metaspace       used 60271K, capacity 61667K, committed 61776K, reserved 1103872K
  class space    used 7545K, capacity 8083K, committed 8192K, reserved 1048576K
Heap Regions: E=young(eden), S=young(survivor), O=old, HS=humongous(starts), HC=humongous(continues), CS=collection set, F=free, A=archive, TAMS=top-at-mark-start (previous, next)
|   0|0x0000000080000000, 0x0000000080100000, 0x0000000080100000|100%|HS|  |TAMS 0x0000000080100000, 0x0000000080000000| Complete 
|   1|0x0000000080100000, 0x0000000080200000, 0x0000000080200000|100%|HC|  |TAMS 0x0000000080200000, 0x0000000080100000| Complete 
|   2|0x0000000080200000, 0x0000000080300000, 0x0000000080300000|100%|HC|  |TAMS 0x0000000080300000, 0x0000000080200000| Complete 
|   3|0x0000000080300000, 0x0000000080400000, 0x0000000080400000|100%| O|  |TAMS 0x0000000080400000, 0x0000000080300000| Untracked 
|   4|0x0000000080400000, 0x0000000080500000, 0x0000000080500000|100%| O|  |TAMS 0x0000000080500000, 0x0000000080400000| Untracked 
|   5|0x0000000080500000, 0x0000000080600000, 0x0000000080600000|100%| O|  |TAMS 0x0000000080600000, 0x0000000080500000| Untracked 
|   6|0x0000000080600000, 0x0000000080700000, 0x0000000080700000|100%| O|  |TAMS 0x0000000080700000, 0x0000000080600000| Untracked 
|   7|0x0000000080700000, 0x0000000080800000, 0x0000000080800000|100%| O|  |TAMS 0x0000000080800000, 0x0000000080700000| Untracked 
|   8|0x0000000080800000, 0x0000000080900000, 0x0000000080900000|100%| O|  |TAMS 0x0000000080900000, 0x0000000080800000| Untracked 
|   9|0x0000000080900000, 0x0000000080a00000, 0x0000000080a00000|100%| O|  |TAMS 0x0000000080a00000, 0x0000000080900000| Untracked 
|  10|0x0000000080a00000, 0x0000000080b00000, 0x0000000080b00000|100%| O|  |TAMS 0x0000000080b00000, 0x0000000080a00000| Untracked 
|  11|0x0000000080b00000, 0x0000000080c00000, 0x0000000080c00000|100%| O|  |TAMS 0x0000000080c00000, 0x0000000080b00000| Untracked 
|  12|0x0000000080c00000, 0x0000000080d00000, 0x0000000080d00000|100%| O|  |TAMS 0x0000000080d00000, 0x0000000080c00000| Untracked 
|  13|0x0000000080d00000, 0x0000000080e00000, 0x0000000080e00000|100%| O|  |TAMS 0x0000000080e00000, 0x0000000080d00000| Untracked 
|  14|0x0000000080e00000, 0x0000000080f00000, 0x0000000080f00000|100%| O|  |TAMS 0x0000000080f00000, 0x0000000080e00000| Untracked 
|  15|0x0000000080f00000, 0x0000000081000000, 0x0000000081000000|100%| O|  |TAMS 0x0000000081000000, 0x0000000080f00000| Untracked 
|  16|0x0000000081000000, 0x0000000081100000, 0x0000000081100000|100%| O|  |TAMS 0x0000000081100000, 0x0000000081000000| Untracked 
|  17|0x0000000081100000, 0x0000000081200000, 0x0000000081200000|100%|HS|  |TAMS 0x0000000081200000, 0x0000000081100000| Complete 
|  18|0x0000000081200000, 0x0000000081300000, 0x0000000081300000|100%| O|  |TAMS 0x0000000081300000, 0x0000000081200000| Untracked 
|  19|0x0000000081300000, 0x0000000081400000, 0x0000000081400000|100%| O|  |TAMS 0x0000000081400000, 0x0000000081300000| Untracked 
|  20|0x0000000081400000, 0x0000000081500000, 0x0000000081500000|100%| O|  |TAMS 0x0000000081500000, 0x0000000081400000| Untracked 
|  21|0x0000000081500000, 0x0000000081600000, 0x0000000081600000|100%| O|  |TAMS 0x0000000081600000, 0x0000000081500000| Untracked 
|  22|0x0000000081600000, 0x0000000081700000, 0x0000000081700000|100%| O|  |TAMS 0x0000000081700000, 0x0000000081600000| Untracked 
|  23|0x0000000081700000, 0x0000000081800000, 0x0000000081800000|100%| O|  |TAMS 0x0000000081800000, 0x0000000081700000| Untracked 
|  24|0x0000000081800000, 0x0000000081900000, 0x0000000081900000|100%|HS|  |TAMS 0x0000000081900000, 0x0000000081800000| Complete 
|  25|0x0000000081900000, 0x0000000081a00000, 0x0000000081a00000|100%| O|  |TAMS 0x0000000081a00000, 0x0000000081900000| Untracked 
|  26|0x0000000081a00000, 0x0000000081b00000, 0x0000000081b00000|100%|HS|  |TAMS 0x0000000081b00000, 0x0000000081a00000| Complete 
|  27|0x0000000081b00000, 0x0000000081c00000, 0x0000000081c00000|100%|HC|  |TAMS 0x0000000081c00000, 0x0000000081b00000| Complete 
|  28|0x0000000081c00000, 0x0000000081d00000, 0x0000000081d00000|100%| O|  |TAMS 0x0000000081d00000, 0x0000000081c00000| Untracked 
|  29|0x0000000081d00000, 0x0000000081e00000, 0x0000000081e00000|100%| O|  |TAMS 0x0000000081e00000, 0x0000000081d00000| Untracked 
|  30|0x0000000081e00000, 0x0000000081f00000, 0x0000000081f00000|100%| O|  |TAMS 0x0000000081f00000, 0x0000000081e00000| Untracked 
|  31|0x0000000081f00000, 0x0000000082000000, 0x0000000082000000|100%| O|  |TAMS 0x0000000082000000, 0x0000000081f00000| Untracked 
|  32|0x0000000082000000, 0x0000000082100000, 0x0000000082100000|100%| O|  |TAMS 0x0000000082100000, 0x0000000082000000| Untracked 
|  33|0x0000000082100000, 0x0000000082200000, 0x0000000082200000|100%| O|  |TAMS 0x0000000082200000, 0x0000000082100000| Untracked 
|  34|0x0000000082200000, 0x0000000082300000, 0x0000000082300000|100%| O|  |TAMS 0x0000000082300000, 0x0000000082200000| Untracked 
|  35|0x0000000082300000, 0x0000000082400000, 0x0000000082400000|100%| O|  |TAMS 0x0000000082400000, 0x0000000082300000| Untracked 
|  36|0x0000000082400000, 0x0000000082500000, 0x0000000082500000|100%| O|  |TAMS 0x0000000082500000, 0x0000000082400000| Untracked 
|  37|0x0000000082500000, 0x0000000082600000, 0x0000000082600000|100%| O|  |TAMS 0x0000000082600000, 0x0000000082500000| Untracked 
|  38|0x0000000082600000, 0x0000000082700000, 0x0000000082700000|100%| O|  |TAMS 0x0000000082700000, 0x0000000082600000| Untracked 
|  39|0x0000000082700000, 0x0000000082800000, 0x0000000082800000|100%| O|  |TAMS 0x0000000082800000, 0x0000000082700000| Untracked 
|  40|0x0000000082800000, 0x0000000082900000, 0x0000000082900000|100%| O|  |TAMS 0x0000000082900000, 0x0000000082800000| Untracked 
|  41|0x0000000082900000, 0x0000000082a00000, 0x0000000082a00000|100%| O|  |TAMS 0x0000000082a00000, 0x0000000082900000| Untracked 
|  42|0x0000000082a00000, 0x0000000082b00000, 0x0000000082b00000|100%| O|  |TAMS 0x0000000082b00000, 0x0000000082a00000| Untracked 
|  43|0x0000000082b00000, 0x0000000082ba9000, 0x0000000082c00000| 66%| O|  |TAMS 0x0000000082ba9000, 0x0000000082b00000| Untracked 
|  44|0x0000000082c00000, 0x0000000082c00000, 0x0000000082d00000|  0%| F|  |TAMS 0x0000000082c00000, 0x0000000082c00000| Untracked 
|  45|0x0000000082d00000, 0x0000000082d00000, 0x0000000082e00000|  0%| F|  |TAMS 0x0000000082d00000, 0x0000000082d00000| Untracked 
|  46|0x0000000082e00000, 0x0000000082e00000, 0x0000000082f00000|  0%| F|  |TAMS 0x0000000082e00000, 0x0000000082e00000| Untracked 
|  47|0x0000000082f00000, 0x0000000082f00000, 0x0000000083000000|  0%| F|  |TAMS 0x0000000082f00000, 0x0000000082f00000| Untracked 
|  48|0x0000000083000000, 0x0000000083000000, 0x0000000083100000|  0%| F|  |TAMS 0x0000000083000000, 0x0000000083000000| Untracked 
|  49|0x0000000083100000, 0x0000000083100000, 0x0000000083200000|  0%| F|  |TAMS 0x0000000083100000, 0x0000000083100000| Untracked 
|  50|0x0000000083200000, 0x0000000083200000, 0x0000000083300000|  0%| F|  |TAMS 0x0000000083200000, 0x0000000083200000| Untracked 
|  51|0x0000000083300000, 0x0000000083300000, 0x0000000083400000|  0%| F|  |TAMS 0x0000000083300000, 0x0000000083300000| Untracked 
|  52|0x0000000083400000, 0x0000000083400000, 0x0000000083500000|  0%| F|  |TAMS 0x0000000083400000, 0x0000000083400000| Untracked 
|  53|0x0000000083500000, 0x0000000083500000, 0x0000000083600000|  0%| F|  |TAMS 0x0000000083500000, 0x0000000083500000| Untracked 
|  54|0x0000000083600000, 0x0000000083600000, 0x0000000083700000|  0%| F|  |TAMS 0x0000000083600000, 0x0000000083600000| Untracked 
|  55|0x0000000083700000, 0x0000000083700000, 0x0000000083800000|  0%| F|  |TAMS 0x0000000083700000, 0x0000000083700000| Untracked 
|  56|0x0000000083800000, 0x0000000083800000, 0x0000000083900000|  0%| F|  |TAMS 0x0000000083800000, 0x0000000083800000| Untracked 
|  57|0x0000000083900000, 0x0000000083900000, 0x0000000083a00000|  0%| F|  |TAMS 0x0000000083900000, 0x0000000083900000| Untracked 
|  58|0x0000000083a00000, 0x0000000083a00000, 0x0000000083b00000|  0%| F|  |TAMS 0x0000000083a00000, 0x0000000083a00000| Untracked 
|  59|0x0000000083b00000, 0x0000000083b00000, 0x0000000083c00000|  0%| F|  |TAMS 0x0000000083b00000, 0x0000000083b00000| Untracked 
|  60|0x0000000083c00000, 0x0000000083c00000, 0x0000000083d00000|  0%| F|  |TAMS 0x0000000083c00000, 0x0000000083c00000| Untracked 
|  61|0x0000000083d00000, 0x0000000083d00000, 0x0000000083e00000|  0%| F|  |TAMS 0x0000000083d00000, 0x0000000083d00000| Untracked 
|  62|0x0000000083e00000, 0x0000000083e00000, 0x0000000083f00000|  0%| F|  |TAMS 0x0000000083e00000, 0x0000000083e00000| Untracked 
|  63|0x0000000083f00000, 0x0000000083f00000, 0x0000000084000000|  0%| F|  |TAMS 0x0000000083f00000, 0x0000000083f00000| Untracked 
|  64|0x0000000084000000, 0x0000000084000000, 0x0000000084100000|  0%| F|  |TAMS 0x0000000084000000, 0x0000000084000000| Untracked 
|  65|0x0000000084100000, 0x0000000084100000, 0x0000000084200000|  0%| F|  |TAMS 0x0000000084100000, 0x0000000084100000| Untracked 
|  66|0x0000000084200000, 0x0000000084200000, 0x0000000084300000|  0%| F|  |TAMS 0x0000000084200000, 0x0000000084200000| Untracked 
|  67|0x0000000084300000, 0x0000000084300000, 0x0000000084400000|  0%| F|  |TAMS 0x0000000084300000, 0x0000000084300000| Untracked 
|  68|0x0000000084400000, 0x0000000084400000, 0x0000000084500000|  0%| F|  |TAMS 0x0000000084400000, 0x0000000084400000| Untracked 
|  69|0x0000000084500000, 0x0000000084500000, 0x0000000084600000|  0%| F|  |TAMS 0x0000000084500000, 0x0000000084500000| Untracked 
|  70|0x0000000084600000, 0x0000000084600000, 0x0000000084700000|  0%| F|  |TAMS 0x0000000084600000, 0x0000000084600000| Untracked 
|  71|0x0000000084700000, 0x0000000084700000, 0x0000000084800000|  0%| F|  |TAMS 0x0000000084700000, 0x0000000084700000| Untracked 
|  72|0x0000000084800000, 0x0000000084800000, 0x0000000084900000|  0%| F|  |TAMS 0x0000000084800000, 0x0000000084800000| Untracked 
|  73|0x0000000084900000, 0x0000000084900000, 0x0000000084a00000|  0%| F|  |TAMS 0x0000000084900000, 0x0000000084900000| Untracked 
|  74|0x0000000084a00000, 0x0000000084a00000, 0x0000000084b00000|  0%| F|  |TAMS 0x0000000084a00000, 0x0000000084a00000| Untracked 
|  75|0x0000000084b00000, 0x0000000084b00000, 0x0000000084c00000|  0%| F|  |TAMS 0x0000000084b00000, 0x0000000084b00000| Untracked 
|  76|0x0000000084c00000, 0x0000000084c00000, 0x0000000084d00000|  0%| F|  |TAMS 0x0000000084c00000, 0x0000000084c00000| Untracked 
|  77|0x0000000084d00000, 0x0000000084d00000, 0x0000000084e00000|  0%| F|  |TAMS 0x0000000084d00000, 0x0000000084d00000| Untracked 
|  78|0x0000000084e00000, 0x0000000084e00000, 0x0000000084f00000|  0%| F|  |TAMS 0x0000000084e00000, 0x0000000084e00000| Untracked 
|  79|0x0000000084f00000, 0x0000000084f00000, 0x0000000085000000|  0%| F|  |TAMS 0x0000000084f00000, 0x0000000084f00000| Untracked 
|  80|0x0000000085000000, 0x0000000085000000, 0x0000000085100000|  0%| F|  |TAMS 0x0000000085000000, 0x0000000085000000| Untracked 
|  81|0x0000000085100000, 0x0000000085100000, 0x0000000085200000|  0%| F|  |TAMS 0x0000000085100000, 0x0000000085100000| Untracked 
|  82|0x0000000085200000, 0x0000000085200000, 0x0000000085300000|  0%| F|  |TAMS 0x0000000085200000, 0x0000000085200000| Untracked 
|  83|0x0000000085300000, 0x0000000085300000, 0x0000000085400000|  0%| F|  |TAMS 0x0000000085300000, 0x0000000085300000| Untracked 
|  84|0x0000000085400000, 0x0000000085400000, 0x0000000085500000|  0%| F|  |TAMS 0x0000000085400000, 0x0000000085400000| Untracked 
|  85|0x0000000085500000, 0x0000000085500000, 0x0000000085600000|  0%| F|  |TAMS 0x0000000085500000, 0x0000000085500000| Untracked 
|  86|0x0000000085600000, 0x0000000085600000, 0x0000000085700000|  0%| F|  |TAMS 0x0000000085600000, 0x0000000085600000| Untracked 
|  87|0x0000000085700000, 0x0000000085700000, 0x0000000085800000|  0%| F|  |TAMS 0x0000000085700000, 0x0000000085700000| Untracked 
|  88|0x0000000085800000, 0x0000000085800000, 0x0000000085900000|  0%| F|  |TAMS 0x0000000085800000, 0x0000000085800000| Untracked 
|  89|0x0000000085900000, 0x0000000085900000, 0x0000000085a00000|  0%| F|  |TAMS 0x0000000085900000, 0x0000000085900000| Untracked 
|  90|0x0000000085a00000, 0x0000000085a00000, 0x0000000085b00000|  0%| F|  |TAMS 0x0000000085a00000, 0x0000000085a00000| Untracked 
|  91|0x0000000085b00000, 0x0000000085b00000, 0x0000000085c00000|  0%| F|  |TAMS 0x0000000085b00000, 0x0000000085b00000| Untracked 
|  92|0x0000000085c00000, 0x0000000085c00000, 0x0000000085d00000|  0%| F|  |TAMS 0x0000000085c00000, 0x0000000085c00000| Untracked 
|  93|0x0000000085d00000, 0x0000000085d00000, 0x0000000085e00000|  0%| F|  |TAMS 0x0000000085d00000, 0x0000000085d00000| Untracked 
|  94|0x0000000085e00000, 0x0000000085e00000, 0x0000000085f00000|  0%| F|  |TAMS 0x0000000085e00000, 0x0000000085e00000| Untracked 
|  95|0x0000000085f00000, 0x0000000085f00000, 0x0000000086000000|  0%| F|  |TAMS 0x0000000085f00000, 0x0000000085f00000| Untracked 
|  96|0x0000000086000000, 0x0000000086000000, 0x0000000086100000|  0%| F|  |TAMS 0x0000000086000000, 0x0000000086000000| Untracked 
|  97|0x0000000086100000, 0x0000000086100000, 0x0000000086200000|  0%| F|  |TAMS 0x0000000086100000, 0x0000000086100000| Untracked 
|  98|0x0000000086200000, 0x0000000086200000, 0x0000000086300000|  0%| F|  |TAMS 0x0000000086200000, 0x0000000086200000| Untracked 
|  99|0x0000000086300000, 0x0000000086300000, 0x0000000086400000|  0%| F|  |TAMS 0x0000000086300000, 0x0000000086300000| Untracked 
| 100|0x0000000086400000, 0x0000000086400000, 0x0000000086500000|  0%| F|  |TAMS 0x0000000086400000, 0x0000000086400000| Untracked 
| 101|0x0000000086500000, 0x0000000086500000, 0x0000000086600000|  0%| F|  |TAMS 0x0000000086500000, 0x0000000086500000| Untracked 
| 102|0x0000000086600000, 0x0000000086600000, 0x0000000086700000|  0%| F|  |TAMS 0x0000000086600000, 0x0000000086600000| Untracked 
| 103|0x0000000086700000, 0x0000000086700000, 0x0000000086800000|  0%| F|  |TAMS 0x0000000086700000, 0x0000000086700000| Untracked 
| 104|0x0000000086800000, 0x0000000086800000, 0x0000000086900000|  0%| F|  |TAMS 0x0000000086800000, 0x0000000086800000| Untracked 
| 105|0x0000000086900000, 0x0000000086900000, 0x0000000086a00000|  0%| F|  |TAMS 0x0000000086900000, 0x0000000086900000| Untracked 
| 106|0x0000000086a00000, 0x0000000086a00000, 0x0000000086b00000|  0%| F|  |TAMS 0x0000000086a00000, 0x0000000086a00000| Untracked 
| 107|0x0000000086b00000, 0x0000000086b00000, 0x0000000086c00000|  0%| F|  |TAMS 0x0000000086b00000, 0x0000000086b00000| Untracked 
| 108|0x0000000086c00000, 0x0000000086c00000, 0x0000000086d00000|  0%| F|  |TAMS 0x0000000086c00000, 0x0000000086c00000| Untracked 
| 109|0x0000000086d00000, 0x0000000086d00000, 0x0000000086e00000|  0%| F|  |TAMS 0x0000000086d00000, 0x0000000086d00000| Untracked 
| 110|0x0000000086e00000, 0x0000000086e00000, 0x0000000086f00000|  0%| F|  |TAMS 0x0000000086e00000, 0x0000000086e00000| Untracked 
| 111|0x0000000086f00000, 0x0000000086f00000, 0x0000000087000000|  0%| F|  |TAMS 0x0000000086f00000, 0x0000000086f00000| Untracked 
| 112|0x0000000087000000, 0x0000000087000000, 0x0000000087100000|  0%| F|  |TAMS 0x0000000087000000, 0x0000000087000000| Untracked 
| 113|0x0000000087100000, 0x0000000087100000, 0x0000000087200000|  0%| F|  |TAMS 0x0000000087100000, 0x0000000087100000| Untracked 
| 114|0x0000000087200000, 0x0000000087200000, 0x0000000087300000|  0%| F|  |TAMS 0x0000000087200000, 0x0000000087200000| Untracked 
| 115|0x0000000087300000, 0x0000000087300000, 0x0000000087400000|  0%| F|  |TAMS 0x0000000087300000, 0x0000000087300000| Untracked 
| 116|0x0000000087400000, 0x0000000087400000, 0x0000000087500000|  0%| F|  |TAMS 0x0000000087400000, 0x0000000087400000| Untracked 
| 117|0x0000000087500000, 0x0000000087500000, 0x0000000087600000|  0%| F|  |TAMS 0x0000000087500000, 0x0000000087500000| Untracked 
| 118|0x0000000087600000, 0x0000000087600000, 0x0000000087700000|  0%| F|  |TAMS 0x0000000087600000, 0x0000000087600000| Untracked 
| 119|0x0000000087700000, 0x0000000087700000, 0x0000000087800000|  0%| F|  |TAMS 0x0000000087700000, 0x0000000087700000| Untracked 
| 120|0x0000000087800000, 0x0000000087800000, 0x0000000087900000|  0%| F|  |TAMS 0x0000000087800000, 0x0000000087800000| Untracked 
| 121|0x0000000087900000, 0x0000000087900000, 0x0000000087a00000|  0%| F|  |TAMS 0x0000000087900000, 0x0000000087900000| Untracked 
| 122|0x0000000087a00000, 0x0000000087a00000, 0x0000000087b00000|  0%| F|  |TAMS 0x0000000087a00000, 0x0000000087a00000| Untracked 
| 123|0x0000000087b00000, 0x0000000087b00000, 0x0000000087c00000|  0%| F|  |TAMS 0x0000000087b00000, 0x0000000087b00000| Untracked 
| 124|0x0000000087c00000, 0x0000000087c00000, 0x0000000087d00000|  0%| F|  |TAMS 0x0000000087c00000, 0x0000000087c00000| Untracked 
| 125|0x0000000087d00000, 0x0000000087d00000, 0x0000000087e00000|  0%| F|  |TAMS 0x0000000087d00000, 0x0000000087d00000| Untracked 
| 126|0x0000000087e00000, 0x0000000087e00000, 0x0000000087f00000|  0%| F|  |TAMS 0x0000000087e00000, 0x0000000087e00000| Untracked 
| 127|0x0000000087f00000, 0x0000000087f00000, 0x0000000088000000|  0%| F|  |TAMS 0x0000000087f00000, 0x0000000087f00000| Untracked 
| 128|0x0000000088000000, 0x0000000088000000, 0x0000000088100000|  0%| F|  |TAMS 0x0000000088000000, 0x0000000088000000| Untracked 
| 129|0x0000000088100000, 0x0000000088100000, 0x0000000088200000|  0%| F|  |TAMS 0x0000000088100000, 0x0000000088100000| Untracked 
| 130|0x0000000088200000, 0x0000000088200000, 0x0000000088300000|  0%| F|  |TAMS 0x0000000088200000, 0x0000000088200000| Untracked 
| 131|0x0000000088300000, 0x0000000088300000, 0x0000000088400000|  0%| F|  |TAMS 0x0000000088300000, 0x0000000088300000| Untracked 
| 132|0x0000000088400000, 0x0000000088400000, 0x0000000088500000|  0%| F|  |TAMS 0x0000000088400000, 0x0000000088400000| Untracked 
| 133|0x0000000088500000, 0x0000000088500000, 0x0000000088600000|  0%| F|  |TAMS 0x0000000088500000, 0x0000000088500000| Untracked 
| 134|0x0000000088600000, 0x0000000088600000, 0x0000000088700000|  0%| F|  |TAMS 0x0000000088600000, 0x0000000088600000| Untracked 
| 135|0x0000000088700000, 0x0000000088700000, 0x0000000088800000|  0%| F|  |TAMS 0x0000000088700000, 0x0000000088700000| Untracked 
| 136|0x0000000088800000, 0x0000000088800000, 0x0000000088900000|  0%| F|  |TAMS 0x0000000088800000, 0x0000000088800000| Untracked 
| 137|0x0000000088900000, 0x0000000088900000, 0x0000000088a00000|  0%| F|  |TAMS 0x0000000088900000, 0x0000000088900000| Untracked 
| 138|0x0000000088a00000, 0x0000000088a00000, 0x0000000088b00000|  0%| F|  |TAMS 0x0000000088a00000, 0x0000000088a00000| Untracked 
| 139|0x0000000088b00000, 0x0000000088b00000, 0x0000000088c00000|  0%| F|  |TAMS 0x0000000088b00000, 0x0000000088b00000| Untracked 
| 140|0x0000000088c00000, 0x0000000088c00000, 0x0000000088d00000|  0%| F|  |TAMS 0x0000000088c00000, 0x0000000088c00000| Untracked 
| 141|0x0000000088d00000, 0x0000000088d00000, 0x0000000088e00000|  0%| F|  |TAMS 0x0000000088d00000, 0x0000000088d00000| Untracked 
| 142|0x0000000088e00000, 0x0000000088eda880, 0x0000000088f00000| 85%| S|CS|TAMS 0x0000000088e00000, 0x0000000088e00000| Complete 
| 143|0x0000000088f00000, 0x0000000089000000, 0x0000000089000000|100%| S|CS|TAMS 0x0000000088f00000, 0x0000000088f00000| Complete 
| 144|0x0000000089000000, 0x0000000089000000, 0x0000000089100000|  0%| F|  |TAMS 0x0000000089000000, 0x0000000089000000| Untracked 
| 145|0x0000000089100000, 0x0000000089100000, 0x0000000089200000|  0%| F|  |TAMS 0x0000000089100000, 0x0000000089100000| Untracked 
| 146|0x0000000089200000, 0x0000000089200000, 0x0000000089300000|  0%| F|  |TAMS 0x0000000089200000, 0x0000000089200000| Untracked 
| 147|0x0000000089300000, 0x0000000089300000, 0x0000000089400000|  0%| F|  |TAMS 0x0000000089300000, 0x0000000089300000| Untracked 
| 148|0x0000000089400000, 0x0000000089400000, 0x0000000089500000|  0%| F|  |TAMS 0x0000000089400000, 0x0000000089400000| Untracked 
| 149|0x0000000089500000, 0x0000000089500000, 0x0000000089600000|  0%| F|  |TAMS 0x0000000089500000, 0x0000000089500000| Untracked 
| 150|0x0000000089600000, 0x0000000089600000, 0x0000000089700000|  0%| F|  |TAMS 0x0000000089600000, 0x0000000089600000| Untracked 
| 151|0x0000000089700000, 0x0000000089700000, 0x0000000089800000|  0%| F|  |TAMS 0x0000000089700000, 0x0000000089700000| Untracked 
| 152|0x0000000089800000, 0x0000000089800000, 0x0000000089900000|  0%| F|  |TAMS 0x0000000089800000, 0x0000000089800000| Untracked 
| 153|0x0000000089900000, 0x0000000089a00000, 0x0000000089a00000|100%| E|  |TAMS 0x0000000089900000, 0x0000000089900000| Complete 
| 154|0x0000000089a00000, 0x0000000089b00000, 0x0000000089b00000|100%| E|CS|TAMS 0x0000000089a00000, 0x0000000089a00000| Complete 
| 155|0x0000000089b00000, 0x0000000089c00000, 0x0000000089c00000|100%| E|CS|TAMS 0x0000000089b00000, 0x0000000089b00000| Complete 
| 156|0x0000000089c00000, 0x0000000089d00000, 0x0000000089d00000|100%| E|CS|TAMS 0x0000000089c00000, 0x0000000089c00000| Complete 
| 157|0x0000000089d00000, 0x0000000089e00000, 0x0000000089e00000|100%| E|CS|TAMS 0x0000000089d00000, 0x0000000089d00000| Complete 
| 158|0x0000000089e00000, 0x0000000089f00000, 0x0000000089f00000|100%| E|CS|TAMS 0x0000000089e00000, 0x0000000089e00000| Complete 
| 159|0x0000000089f00000, 0x000000008a000000, 0x000000008a000000|100%| E|CS|TAMS 0x0000000089f00000, 0x0000000089f00000| Complete 
| 160|0x000000008a000000, 0x000000008a100000, 0x000000008a100000|100%| E|CS|TAMS 0x000000008a000000, 0x000000008a000000| Complete 
| 161|0x000000008a100000, 0x000000008a200000, 0x000000008a200000|100%| E|CS|TAMS 0x000000008a100000, 0x000000008a100000| Complete 

Card table byte_map: [0x0000017735ce0000,0x00000177360e0000] _byte_map_base: 0x00000177358e0000

Marking Bits (Prev, Next): (CMBitMap*) 0x000001772100e930, (CMBitMap*) 0x000001772100e8f8
 Prev Bits: [0x00000177384e0000, 0x000001773a4e0000)
 Next Bits: [0x00000177364e0000, 0x00000177384e0000)

Polling page: 0x0000017720dd0000

Metaspace:

Usage:
  Non-class:     52.39 MB capacity,    51.52 MB ( 98%) used,   736.73 KB (  1%) free+waste,   156.13 KB ( <1%) overhead. 
      Class:      7.89 MB capacity,     7.37 MB ( 93%) used,   460.27 KB (  6%) free+waste,    73.44 KB ( <1%) overhead. 
       Both:     60.28 MB capacity,    58.89 MB ( 98%) used,     1.17 MB (  2%) free+waste,   229.56 KB ( <1%) overhead. 

Virtual space:
  Non-class space:       54.00 MB reserved,      52.58 MB ( 97%) committed 
      Class space:        1.00 GB reserved,       8.00 MB ( <1%) committed 
             Both:        1.05 GB reserved,      60.58 MB (  6%) committed 

Chunk freelists:
   Non-Class:  0 bytes
       Class:  13.00 KB
        Both:  13.00 KB

MaxMetaspaceSize: 17179869184.00 GB
CompressedClassSpaceSize: 1.00 GB
Initial GC threshold: 20.80 MB
Current GC threshold: 98.46 MB
CDS: off

CodeHeap 'non-profiled nmethods': size=120064Kb used=3563Kb max_used=3563Kb free=116500Kb
 bounds [0x000001772dd70000, 0x000001772e0f0000, 0x00000177352b0000]
CodeHeap 'profiled nmethods': size=120000Kb used=12667Kb max_used=12667Kb free=107332Kb
 bounds [0x0000017726840000, 0x00000177274a0000, 0x000001772dd70000]
CodeHeap 'non-nmethods': size=5696Kb used=2325Kb max_used=2358Kb free=3370Kb
 bounds [0x00000177262b0000, 0x0000017726520000, 0x0000017726840000]
 total_blobs=6789 nmethods=5952 adapters=749
 compilation: enabled
              stopped_count=0, restarted_count=0
 full_count=0

Compilation events (20 events):
Event: 20.176 Thread 0x000001773cb45000 nmethod 5944 0x0000017727493490 code [0x00000177274937e0, 0x0000017727494b18]
Event: 20.176 Thread 0x000001773cb45000 5945       3       java.util.TreeMap::entrySet (27 bytes)
Event: 20.178 Thread 0x000001773cb45000 nmethod 5945 0x0000017727495290 code [0x0000017727495460, 0x0000017727495838]
Event: 20.178 Thread 0x000001773cb45000 5946       3       java.util.TreeMap$EntrySet::iterator (19 bytes)
Event: 20.179 Thread 0x000001773cb45000 nmethod 5946 0x0000017727495990 code [0x0000017727495b80, 0x0000017727496098]
Event: 20.182 Thread 0x000001773cb45000 5947       3       javax.management.StandardMBean::getDescription (11 bytes)
Event: 20.182 Thread 0x000001773cb45000 nmethod 5947 0x0000017727496290 code [0x0000017727496440, 0x0000017727496638]
Event: 20.187 Thread 0x000001773cb45000 5948       3       com.sun.jmx.mbeanserver.MXBeanIntrospector::originalTypeString (20 bytes)
Event: 20.187 Thread 0x000001773cb45000 nmethod 5948 0x0000017727496710 code [0x0000017727496900, 0x0000017727496d18]
Event: 20.187 Thread 0x000001773cb45000 5949       3       javax.management.ImmutableDescriptor::union (308 bytes)
Event: 20.190 Thread 0x000001773cb45000 nmethod 5949 0x0000017727496e10 code [0x0000017727497180, 0x0000017727498b68]
Event: 20.191 Thread 0x000001773cb45000 5950       3       javax.management.MBeanFeatureInfo::<init> (20 bytes)
Event: 20.191 Thread 0x000001773cb45000 nmethod 5950 0x0000017727499490 code [0x0000017727499640, 0x00000177274998b8]
Event: 20.279 Thread 0x000001773cb43800 5951       4       java.net.URLClassLoader$1::run (5 bytes)
Event: 20.280 Thread 0x000001773cb43800 nmethod 5951 0x000001772e0eaa10 code [0x000001772e0eaba0, 0x000001772e0eac28]
Event: 20.296 Thread 0x000001773cb43800 5952       4       java.net.URLStreamHandler::toExternalForm (156 bytes)
Event: 20.311 Thread 0x000001773cb45000 5953       3       com.google.common.cache.LocalCache::customWeigher (16 bytes)
Event: 20.312 Thread 0x000001773cb45000 nmethod 5953 0x0000017727499990 code [0x0000017727499b40, 0x0000017727499cb8]
Event: 20.322 Thread 0x000001773cb45000 5954       3       com.google.common.reflect.TypeResolver::resolveParameterizedType (61 bytes)
Event: 20.323 Thread 0x000001773cb45000 nmethod 5954 0x0000017727499d90 code [0x0000017727499fe0, 0x000001772749a8c8]

GC Heap History (20 events):
Event: 2.179 GC heap before
{Heap before GC invocations=2 (full 0):
 garbage-first heap   total 131072K, used 40632K [0x0000000080000000, 0x0000000100000000)
  region size 1024K, 32 young (32768K), 2 survivors (2048K)
 Metaspace       used 11244K, capacity 11508K, committed 11776K, reserved 1060864K
  class space    used 1153K, capacity 1244K, committed 1280K, reserved 1048576K
}
Event: 2.183 GC heap after
{Heap after GC invocations=3 (full 0):
 garbage-first heap   total 131072K, used 10927K [0x0000000080000000, 0x0000000100000000)
  region size 1024K, 3 young (3072K), 3 survivors (3072K)
 Metaspace       used 11244K, capacity 11508K, committed 11776K, reserved 1060864K
  class space    used 1153K, capacity 1244K, committed 1280K, reserved 1048576K
}
Event: 5.119 GC heap before
{Heap before GC invocations=3 (full 0):
 garbage-first heap   total 131072K, used 54959K [0x0000000080000000, 0x0000000100000000)
  region size 1024K, 46 young (47104K), 3 survivors (3072K)
 Metaspace       used 17793K, capacity 18229K, committed 18432K, reserved 1064960K
  class space    used 2078K, capacity 2211K, committed 2304K, reserved 1048576K
}
Event: 5.198 GC heap after
{Heap after GC invocations=4 (full 0):
 garbage-first heap   total 131072K, used 16736K [0x0000000080000000, 0x0000000100000000)
  region size 1024K, 6 young (6144K), 6 survivors (6144K)
 Metaspace       used 17793K, capacity 18229K, committed 18432K, reserved 1064960K
  class space    used 2078K, capacity 2211K, committed 2304K, reserved 1048576K
}
Event: 5.887 GC heap before
{Heap before GC invocations=4 (full 0):
 garbage-first heap   total 131072K, used 41312K [0x0000000080000000, 0x0000000100000000)
  region size 1024K, 32 young (32768K), 6 survivors (6144K)
 Metaspace       used 20804K, capacity 21245K, committed 21296K, reserved 1069056K
  class space    used 2528K, capacity 2684K, committed 2688K, reserved 1048576K
}
Event: 5.897 GC heap after
{Heap after GC invocations=5 (full 0):
 garbage-first heap   total 131072K, used 17924K [0x0000000080000000, 0x0000000100000000)
  region size 1024K, 5 young (5120K), 5 survivors (5120K)
 Metaspace       used 20804K, capacity 21245K, committed 21296K, reserved 1069056K
  class space    used 2528K, capacity 2684K, committed 2688K, reserved 1048576K
}
Event: 6.747 GC heap before
{Heap before GC invocations=6 (full 0):
 garbage-first heap   total 131072K, used 65028K [0x0000000080000000, 0x0000000100000000)
  region size 1024K, 51 young (52224K), 5 survivors (5120K)
 Metaspace       used 25567K, capacity 26156K, committed 26288K, reserved 1073152K
  class space    used 3292K, capacity 3518K, committed 3584K, reserved 1048576K
}
Event: 6.763 GC heap after
{Heap after GC invocations=7 (full 0):
 garbage-first heap   total 131072K, used 19493K [0x0000000080000000, 0x0000000100000000)
  region size 1024K, 3 young (3072K), 3 survivors (3072K)
 Metaspace       used 25567K, capacity 26156K, committed 26288K, reserved 1073152K
  class space    used 3292K, capacity 3518K, committed 3584K, reserved 1048576K
}
Event: 8.949 GC heap before
{Heap before GC invocations=7 (full 0):
 garbage-first heap   total 131072K, used 71717K [0x0000000080000000, 0x0000000100000000)
  region size 1024K, 54 young (55296K), 3 survivors (3072K)
 Metaspace       used 30473K, capacity 31209K, committed 31408K, reserved 1077248K
  class space    used 4036K, capacity 4315K, committed 4352K, reserved 1048576K
}
Event: 8.960 GC heap after
{Heap after GC invocations=8 (full 0):
 garbage-first heap   total 165888K, used 21185K [0x0000000080000000, 0x0000000100000000)
  region size 1024K, 5 young (5120K), 5 survivors (5120K)
 Metaspace       used 30473K, capacity 31209K, committed 31408K, reserved 1077248K
  class space    used 4036K, capacity 4315K, committed 4352K, reserved 1048576K
}
Event: 10.078 GC heap before
{Heap before GC invocations=8 (full 0):
 garbage-first heap   total 165888K, used 36545K [0x0000000080000000, 0x0000000100000000)
  region size 1024K, 21 young (21504K), 5 survivors (5120K)
 Metaspace       used 35018K, capacity 35750K, committed 35920K, reserved 1081344K
  class space    used 4495K, capacity 4788K, committed 4864K, reserved 1048576K
}
Event: 10.099 GC heap after
{Heap after GC invocations=9 (full 0):
 garbage-first heap   total 165888K, used 23330K [0x0000000080000000, 0x0000000100000000)
  region size 1024K, 7 young (7168K), 7 survivors (7168K)
 Metaspace       used 35018K, capacity 35750K, committed 35920K, reserved 1081344K
  class space    used 4495K, capacity 4788K, committed 4864K, reserved 1048576K
}
Event: 13.197 GC heap before
{Heap before GC invocations=10 (full 0):
 garbage-first heap   total 165888K, used 98082K [0x0000000080000000, 0x0000000100000000)
  region size 1024K, 78 young (79872K), 7 survivors (7168K)
 Metaspace       used 40792K, capacity 41794K, committed 42064K, reserved 1085440K
  class space    used 5145K, capacity 5517K, committed 5632K, reserved 1048576K
}
Event: 13.214 GC heap after
{Heap after GC invocations=11 (full 0):
 garbage-first heap   total 165888K, used 29083K [0x0000000080000000, 0x0000000100000000)
  region size 1024K, 10 young (10240K), 10 survivors (10240K)
 Metaspace       used 40792K, capacity 41794K, committed 42064K, reserved 1085440K
  class space    used 5145K, capacity 5517K, committed 5632K, reserved 1048576K
}
Event: 15.765 GC heap before
{Heap before GC invocations=11 (full 0):
 garbage-first heap   total 165888K, used 118171K [0x0000000080000000, 0x0000000100000000)
  region size 1024K, 97 young (99328K), 10 survivors (10240K)
 Metaspace       used 48063K, capacity 49178K, committed 49360K, reserved 1091584K
  class space    used 6077K, capacity 6501K, committed 6528K, reserved 1048576K
}
Event: 15.788 GC heap after
{Heap after GC invocations=12 (full 0):
 garbage-first heap   total 165888K, used 32511K [0x0000000080000000, 0x0000000100000000)
  region size 1024K, 10 young (10240K), 10 survivors (10240K)
 Metaspace       used 48063K, capacity 49178K, committed 49360K, reserved 1091584K
  class space    used 6077K, capacity 6501K, committed 6528K, reserved 1048576K
}
Event: 18.929 GC heap before
{Heap before GC invocations=12 (full 0):
 garbage-first heap   total 165888K, used 126719K [0x0000000080000000, 0x0000000100000000)
  region size 1024K, 97 young (99328K), 10 survivors (10240K)
 Metaspace       used 56638K, capacity 58025K, committed 58192K, reserved 1099776K
  class space    used 7079K, capacity 7620K, committed 7680K, reserved 1048576K
}
Event: 18.949 GC heap after
{Heap after GC invocations=13 (full 0):
 garbage-first heap   total 165888K, used 44597K [0x0000000080000000, 0x0000000100000000)
  region size 1024K, 12 young (12288K), 12 survivors (12288K)
 Metaspace       used 56638K, capacity 58025K, committed 58192K, reserved 1099776K
  class space    used 7079K, capacity 7620K, committed 7680K, reserved 1048576K
}
Event: 19.800 GC heap before
{Heap before GC invocations=13 (full 0):
 garbage-first heap   total 165888K, used 62005K [0x0000000080000000, 0x0000000100000000)
  region size 1024K, 30 young (30720K), 12 survivors (12288K)
 Metaspace       used 58727K, capacity 60120K, committed 60240K, reserved 1101824K
  class space    used 7327K, capacity 7843K, committed 7936K, reserved 1048576K
}
Event: 19.826 GC heap after
{Heap after GC invocations=14 (full 0):
 garbage-first heap   total 165888K, used 46606K [0x0000000080000000, 0x0000000100000000)
  region size 1024K, 2 young (2048K), 2 survivors (2048K)
 Metaspace       used 58727K, capacity 60120K, committed 60240K, reserved 1101824K
  class space    used 7327K, capacity 7843K, committed 7936K, reserved 1048576K
}

Deoptimization events (20 events):
Event: 20.021 Thread 0x000001773ebc9000 Uncommon trap: trap_request=0xffffffde fr.pc=0x000001772e0b0e2c relative=0x000000000000010c
Event: 20.021 Thread 0x000001773ebc9000 Uncommon trap: reason=class_check action=maybe_recompile pc=0x000001772e0b0e2c method=java.lang.reflect.Array.newInstance(Ljava/lang/Class;I)Ljava/lang/Object; @ 2 c2
Event: 20.021 Thread 0x000001773ebc9000 DEOPT PACKING pc=0x000001772e0b0e2c sp=0x000000627c7f2710
Event: 20.021 Thread 0x000001773ebc9000 DEOPT UNPACKING pc=0x00000177262fa1af sp=0x000000627c7f26a8 mode 2
Event: 20.021 Thread 0x000001773ebc9000 Uncommon trap: trap_request=0xffffffde fr.pc=0x000001772e0b0e2c relative=0x000000000000010c
Event: 20.021 Thread 0x000001773ebc9000 Uncommon trap: reason=class_check action=maybe_recompile pc=0x000001772e0b0e2c method=java.lang.reflect.Array.newInstance(Ljava/lang/Class;I)Ljava/lang/Object; @ 2 c2
Event: 20.021 Thread 0x000001773ebc9000 DEOPT PACKING pc=0x000001772e0b0e2c sp=0x000000627c7f2710
Event: 20.021 Thread 0x000001773ebc9000 DEOPT UNPACKING pc=0x00000177262fa1af sp=0x000000627c7f26a8 mode 2
Event: 20.021 Thread 0x000001773ebc9000 Uncommon trap: trap_request=0xffffffde fr.pc=0x000001772e0b0e2c relative=0x000000000000010c
Event: 20.021 Thread 0x000001773ebc9000 Uncommon trap: reason=class_check action=maybe_recompile pc=0x000001772e0b0e2c method=java.lang.reflect.Array.newInstance(Ljava/lang/Class;I)Ljava/lang/Object; @ 2 c2
Event: 20.022 Thread 0x000001773ebc9000 DEOPT PACKING pc=0x000001772e0b0e2c sp=0x000000627c7f2710
Event: 20.022 Thread 0x000001773ebc9000 DEOPT UNPACKING pc=0x00000177262fa1af sp=0x000000627c7f26a8 mode 2
Event: 20.198 Thread 0x000001773ebc9000 Uncommon trap: trap_request=0xffffff4d fr.pc=0x000001772e084748 relative=0x0000000000000228
Event: 20.198 Thread 0x000001773ebc9000 Uncommon trap: reason=unstable_if action=reinterpret pc=0x000001772e084748 method=java.security.SecureClassLoader$CodeSourceKey.hashCode()I @ 9 c2
Event: 20.198 Thread 0x000001773ebc9000 DEOPT PACKING pc=0x000001772e084748 sp=0x000000627c7f28d0
Event: 20.198 Thread 0x000001773ebc9000 DEOPT UNPACKING pc=0x00000177262fa1af sp=0x000000627c7f2860 mode 2
Event: 20.198 Thread 0x000001773ebc9000 Uncommon trap: trap_request=0xffffff4d fr.pc=0x000001772dfa360c relative=0x0000000000003b0c
Event: 20.198 Thread 0x000001773ebc9000 Uncommon trap: reason=unstable_if action=reinterpret pc=0x000001772dfa360c method=java.lang.ClassLoader.defineClassSourceLocation(Ljava/security/ProtectionDomain;)Ljava/lang/String; @ 15 c2
Event: 20.198 Thread 0x000001773ebc9000 DEOPT PACKING pc=0x000001772dfa360c sp=0x000000627c7f29b0
Event: 20.198 Thread 0x000001773ebc9000 DEOPT UNPACKING pc=0x00000177262fa1af sp=0x000000627c7f2928 mode 2

Classes redefined (0 events):
No events

Internal exceptions (20 events):
Event: 17.002 Thread 0x000001773ebc9000 Exception <a 'java/security/PrivilegedActionException'{0x00000000886e3aa0}> (0x00000000886e3aa0) thrown at [./src/hotspot/share/prims/jvm.cpp, line 1306]
Event: 17.002 Thread 0x000001773ebc9000 Exception <a 'java/security/PrivilegedActionException'{0x00000000886e6760}> (0x00000000886e6760) thrown at [./src/hotspot/share/prims/jvm.cpp, line 1306]
Event: 17.003 Thread 0x000001773ebc9000 Exception <a 'java/security/PrivilegedActionException'{0x00000000886e7a20}> (0x00000000886e7a20) thrown at [./src/hotspot/share/prims/jvm.cpp, line 1306]
Event: 17.003 Thread 0x000001773ebc9000 Exception <a 'java/security/PrivilegedActionException'{0x00000000886ea638}> (0x00000000886ea638) thrown at [./src/hotspot/share/prims/jvm.cpp, line 1306]
Event: 17.003 Thread 0x000001773ebc9000 Exception <a 'java/security/PrivilegedActionException'{0x00000000886eb8f8}> (0x00000000886eb8f8) thrown at [./src/hotspot/share/prims/jvm.cpp, line 1306]
Event: 17.003 Thread 0x000001773ebc9000 Exception <a 'java/security/PrivilegedActionException'{0x00000000886ee560}> (0x00000000886ee560) thrown at [./src/hotspot/share/prims/jvm.cpp, line 1306]
Event: 17.003 Thread 0x000001773ebc9000 Exception <a 'java/security/PrivilegedActionException'{0x00000000886ef820}> (0x00000000886ef820) thrown at [./src/hotspot/share/prims/jvm.cpp, line 1306]
Event: 17.003 Thread 0x000001773ebc9000 Exception <a 'java/security/PrivilegedActionException'{0x00000000886f24e0}> (0x00000000886f24e0) thrown at [./src/hotspot/share/prims/jvm.cpp, line 1306]
Event: 17.003 Thread 0x000001773ebc9000 Exception <a 'java/security/PrivilegedActionException'{0x00000000886f37a0}> (0x00000000886f37a0) thrown at [./src/hotspot/share/prims/jvm.cpp, line 1306]
Event: 17.379 Thread 0x000001773ebc9000 Exception <a 'java/lang/ClassNotFoundException'{0x0000000087ea8730}: org/gradle/api/internal/plugins/DefaultObjectConfigurationActionBeanInfo> (0x0000000087ea8730) thrown at [./src/hotspot/share/classfile/systemDictionary.cpp, line 231]
Event: 17.390 Thread 0x000001773ebc9000 Exception <a 'java/lang/ClassNotFoundException'{0x0000000087eddf80}: org/gradle/api/internal/plugins/DefaultObjectConfigurationActionCustomizer> (0x0000000087eddf80) thrown at [./src/hotspot/share/classfile/systemDictionary.cpp, line 231]
Event: 17.664 Thread 0x000001773ebc9000 Exception <a 'java/lang/NoSuchMethodError'{0x00000000873441b0}: 'java.lang.Object java.lang.invoke.DirectMethodHandle$Holder.invokeStatic(java.lang.Object, java.lang.Object, java.lang.Object, java.lang.Object, int)'> (0x00000000873441b0) thrown at [./src/hotspot/share/interpreter/linkResolver.cpp, line 773]
Event: 17.665 Thread 0x000001773ebc9000 Exception <a 'java/lang/NoSuchMethodError'{0x0000000087348ba8}: 'java.lang.Object java.lang.invoke.DirectMethodHandle$Holder.invokeSpecial(java.lang.Object, java.lang.Object, java.lang.Object, java.lang.Object, java.lang.Object, int)'> (0x0000000087348ba8) thrown at [./src/hotspot/share/interpreter/linkResolver.cpp, line 773]
Event: 17.665 Thread 0x000001773ebc9000 Exception <a 'java/lang/NoSuchMethodError'{0x000000008734d1e8}: 'java.lang.Object java.lang.invoke.Invokers$Holder.linkToTargetMethod(java.lang.Object, java.lang.Object, java.lang.Object, int, java.lang.Object)'> (0x000000008734d1e8) thrown at [./src/hotspot/share/interpreter/linkResolver.cpp, line 773]
Event: 18.157 Thread 0x000001773ebc9000 Exception <a 'java/lang/NoSuchMethodError'{0x000000008659a2c8}: 'java.lang.Object java.lang.invoke.DirectMethodHandle$Holder.invokeSpecial(java.lang.Object, java.lang.Object, int, int, java.lang.Object, java.lang.Object, java.lang.Object)'> (0x000000008659a2c8) thrown at [./src/hotspot/share/interpreter/linkResolver.cpp, line 773]
Event: 18.157 Thread 0x000001773ebc9000 Exception <a 'java/lang/NoSuchMethodError'{0x000000008659e848}: 'java.lang.Object java.lang.invoke.DelegatingMethodHandle$Holder.reinvoke_L(java.lang.Object, int, int, java.lang.Object, java.lang.Object, java.lang.Object)'> (0x000000008659e848) thrown at [./src/hotspot/share/interpreter/linkResolver.cpp, line 773]
Event: 18.676 Thread 0x000001773ebc9000 Exception <a 'java/lang/NoSuchMethodError'{0x00000000858b5330}: 'int java.lang.invoke.DirectMethodHandle$Holder.invokeInterface(java.lang.Object, java.lang.Object, java.lang.Object, java.lang.Object)'> (0x00000000858b5330) thrown at [./src/hotspot/share/interpreter/linkResolver.cpp, line 773]
Event: 20.012 Thread 0x000001773ebc9000 Exception <a 'java/lang/IncompatibleClassChangeError'{0x000000008a0562f0}: Found class java.lang.Object, but interface was expected> (0x000000008a0562f0) thrown at [./src/hotspot/share/interpreter/linkResolver.cpp, line 839]
Event: 20.198 Thread 0x000001773ebc9000 Implicit null exception at 0x000001772e084554 to 0x000001772e084738
Event: 20.198 Thread 0x000001773ebc9000 Implicit null exception at 0x000001772dfa02d7 to 0x000001772dfa35e4

Events (20 events):
Event: 20.293 loading class org/gradle/workers/internal/WorkerDaemonExpiration
Event: 20.293 loading class org/gradle/workers/internal/WorkerDaemonExpiration done
Event: 20.297 loading class org/gradle/process/internal/worker/child/DefaultWorkerDirectoryProvider
Event: 20.297 loading class org/gradle/process/internal/worker/child/DefaultWorkerDirectoryProvider done
Event: 20.298 loading class org/gradle/api/internal/tasks/compile/processing/AnnotationProcessorDetector$ProcessorServiceLocator
Event: 20.298 loading class org/gradle/api/internal/tasks/compile/processing/AnnotationProcessorDetector$ProcessorServiceLocator done
Event: 20.309 loading class org/gradle/api/internal/tasks/compile/processing/AnnotationProcessorDeclarationSerializer
Event: 20.309 loading class org/gradle/api/internal/tasks/compile/processing/AnnotationProcessorDeclarationSerializer done
Event: 20.312 loading class org/gradle/api/internal/tasks/compile/DefaultJavaCompilerFactory
Event: 20.312 loading class org/gradle/api/internal/tasks/compile/DefaultJavaCompilerFactory done
Event: 20.312 loading class org/gradle/language/base/internal/compile/Compiler
Event: 20.313 loading class org/gradle/language/base/internal/compile/Compiler done
Event: 20.317 loading class org/gradle/language/java/internal/JavaLanguagePluginServiceRegistry$JavaProjectScopeServices$1
Event: 20.317 loading class org/gradle/language/java/internal/JavaLanguagePluginServiceRegistry$JavaProjectScopeServices$1 done
Event: 20.319 loading class org/gradle/api/Transformer
Event: 20.319 loading class org/gradle/api/Transformer done
Event: 20.320 loading class org/gradle/api/Transformer
Event: 20.320 loading class org/gradle/api/Transformer done
Event: 20.322 loading class org/gradle/api/Transformer
Event: 20.322 loading class org/gradle/api/Transformer done


Dynamic libraries:
0x00007ff7c9de0000 - 0x00007ff7c9dea000 	C:\Program Files\Android\Android Studio\jre\bin\java.exe
0x00007ff866e50000 - 0x00007ff867048000 	C:\WINDOWS\SYSTEM32\ntdll.dll
0x00007ff865e10000 - 0x00007ff865ecf000 	C:\WINDOWS\System32\KERNEL32.DLL
0x00007ff8646b0000 - 0x00007ff864982000 	C:\WINDOWS\System32\KERNELBASE.dll
0x00007ff864a20000 - 0x00007ff864b20000 	C:\WINDOWS\System32\ucrtbase.dll
0x00007ff85e5c0000 - 0x00007ff85e5d9000 	C:\Program Files\Android\Android Studio\jre\bin\jli.dll
0x00007ff864fd0000 - 0x00007ff86516d000 	C:\WINDOWS\System32\USER32.dll
0x00007ff864b20000 - 0x00007ff864b42000 	C:\WINDOWS\System32\win32u.dll
0x00007ff8654a0000 - 0x00007ff8654cb000 	C:\WINDOWS\System32\GDI32.dll
0x00007ff85e4e0000 - 0x00007ff85e4f7000 	C:\Program Files\Android\Android Studio\jre\bin\VCRUNTIME140.dll
0x00007ff864c00000 - 0x00007ff864d0f000 	C:\WINDOWS\System32\gdi32full.dll
0x00007ff864d60000 - 0x00007ff864dfd000 	C:\WINDOWS\System32\msvcp_win.dll
0x00007ff83e8b0000 - 0x00007ff83eb4a000 	C:\WINDOWS\WinSxS\amd64_microsoft.windows.common-controls_6595b64144ccf1df_6.0.19041.1110_none_60b5254171f9507e\COMCTL32.dll
0x00007ff865d70000 - 0x00007ff865e0e000 	C:\WINDOWS\System32\msvcrt.dll
0x00007ff865220000 - 0x00007ff865252000 	C:\WINDOWS\System32\IMM32.DLL
0x00007ff831c40000 - 0x00007ff831cdd000 	C:\Program Files\Android\Android Studio\jre\bin\msvcp140.dll
0x00007ff81f820000 - 0x00007ff820322000 	C:\Program Files\Android\Android Studio\jre\bin\server\jvm.dll
0x00007ff865320000 - 0x00007ff8653ce000 	C:\WINDOWS\System32\ADVAPI32.dll
0x00007ff8655c0000 - 0x00007ff86565c000 	C:\WINDOWS\System32\sechost.dll
0x00007ff8668f0000 - 0x00007ff866a15000 	C:\WINDOWS\System32\RPCRT4.dll
0x00007ff8654d0000 - 0x00007ff8654d8000 	C:\WINDOWS\System32\PSAPI.DLL
0x00007ff858400000 - 0x00007ff858409000 	C:\WINDOWS\SYSTEM32\WSOCK32.dll
0x00007ff865430000 - 0x00007ff86549b000 	C:\WINDOWS\System32\WS2_32.dll
0x00007ff85fba0000 - 0x00007ff85fbc7000 	C:\WINDOWS\SYSTEM32\WINMM.dll
0x00007ff85d750000 - 0x00007ff85d75a000 	C:\WINDOWS\SYSTEM32\VERSION.dll
0x00007ff862df0000 - 0x00007ff862e02000 	C:\WINDOWS\SYSTEM32\kernel.appcore.dll
0x00007ff85fc00000 - 0x00007ff85fc11000 	C:\Program Files\Android\Android Studio\jre\bin\verify.dll
0x00007ff8622c0000 - 0x00007ff8624a4000 	C:\WINDOWS\SYSTEM32\DBGHELP.DLL
0x00007ff85d2b0000 - 0x00007ff85d2dc000 	C:\WINDOWS\SYSTEM32\dbgcore.DLL
0x00007ff864990000 - 0x00007ff864a12000 	C:\WINDOWS\System32\bcryptPrimitives.dll
0x00007ff85e4b0000 - 0x00007ff85e4d9000 	C:\Program Files\Android\Android Studio\jre\bin\java.dll
0x00007ff85f3a0000 - 0x00007ff85f3ab000 	C:\Program Files\Android\Android Studio\jre\bin\jimage.dll
0x00007ff85d0c0000 - 0x00007ff85d0d8000 	C:\Program Files\Android\Android Studio\jre\bin\zip.dll
0x00007ff8661a0000 - 0x00007ff8668e3000 	C:\WINDOWS\System32\SHELL32.dll
0x00007ff8624b0000 - 0x00007ff862c42000 	C:\WINDOWS\SYSTEM32\windows.storage.dll
0x00007ff866a20000 - 0x00007ff866d74000 	C:\WINDOWS\System32\combase.dll
0x00007ff863ed0000 - 0x00007ff863f00000 	C:\WINDOWS\SYSTEM32\Wldp.dll
0x00007ff865710000 - 0x00007ff8657bd000 	C:\WINDOWS\System32\SHCORE.dll
0x00007ff8652c0000 - 0x00007ff865315000 	C:\WINDOWS\System32\shlwapi.dll
0x00007ff864490000 - 0x00007ff8644af000 	C:\WINDOWS\SYSTEM32\profapi.dll
0x00007ff85b890000 - 0x00007ff85b8aa000 	C:\Program Files\Android\Android Studio\jre\bin\net.dll
0x00007ff85a710000 - 0x00007ff85a81c000 	C:\WINDOWS\SYSTEM32\WINHTTP.dll
0x00007ff863c30000 - 0x00007ff863c9a000 	C:\WINDOWS\system32\mswsock.dll
0x00007ff858c40000 - 0x00007ff858c54000 	C:\Program Files\Android\Android Studio\jre\bin\nio.dll
0x00007ff84fce0000 - 0x00007ff84fd07000 	C:\Users\ASUS\.gradle\native\e1d6ef7f7dcc3fd88c89a11ec53ec762bb8ba0a96d01ffa2cd45eb1d1d8dd5c5\windows-amd64\native-platform.dll
0x00007ff82e7f0000 - 0x00007ff82e934000 	C:\Users\ASUS\.gradle\native\0d407fdbe67a94daf76414ababcb853783967236a71b16ec16e742cd7a986fd3\windows-amd64\native-platform-file-events.dll
0x00007ff85dfa0000 - 0x00007ff85dfaa000 	C:\Program Files\Android\Android Studio\jre\bin\management.dll
0x00007ff85d8e0000 - 0x00007ff85d8ed000 	C:\Program Files\Android\Android Studio\jre\bin\management_ext.dll
0x00007ff863e30000 - 0x00007ff863e48000 	C:\WINDOWS\SYSTEM32\CRYPTSP.dll
0x00007ff863550000 - 0x00007ff863584000 	C:\WINDOWS\system32\rsaenh.dll
0x00007ff864e00000 - 0x00007ff864e27000 	C:\WINDOWS\System32\bcrypt.dll
0x00007ff864450000 - 0x00007ff86447e000 	C:\WINDOWS\SYSTEM32\USERENV.dll
0x00007ff863e20000 - 0x00007ff863e2c000 	C:\WINDOWS\SYSTEM32\CRYPTBASE.dll
0x00007ff863920000 - 0x00007ff86395b000 	C:\WINDOWS\SYSTEM32\IPHLPAPI.DLL
0x00007ff866d80000 - 0x00007ff866d88000 	C:\WINDOWS\System32\NSI.dll
0x00007ff85d7c0000 - 0x00007ff85d7d7000 	C:\WINDOWS\SYSTEM32\dhcpcsvc6.DLL
0x00007ff85d7a0000 - 0x00007ff85d7bd000 	C:\WINDOWS\SYSTEM32\dhcpcsvc.DLL
0x00007ff863960000 - 0x00007ff863a2a000 	C:\WINDOWS\SYSTEM32\DNSAPI.dll

dbghelp: loaded successfully - version: 4.0.5 - missing functions: none
symbol engine: initialized successfully - sym options: 0x614 - pdb path: .;C:\Program Files\Android\Android Studio\jre\bin;C:\WINDOWS\SYSTEM32;C:\WINDOWS\WinSxS\amd64_microsoft.windows.common-controls_6595b64144ccf1df_6.0.19041.1110_none_60b5254171f9507e;C:\Program Files\Android\Android Studio\jre\bin\server;C:\Users\ASUS\.gradle\native\e1d6ef7f7dcc3fd88c89a11ec53ec762bb8ba0a96d01ffa2cd45eb1d1d8dd5c5\windows-amd64;C:\Users\ASUS\.gradle\native\0d407fdbe67a94daf76414ababcb853783967236a71b16ec16e742cd7a986fd3\windows-amd64

VM Arguments:
jvm_args: --add-opens=java.base/java.util=ALL-UNNAMED --add-opens=java.base/java.lang=ALL-UNNAMED --add-opens=java.base/java.lang.invoke=ALL-UNNAMED --add-opens=java.base/java.util=ALL-UNNAMED --add-opens=java.prefs/java.util.prefs=ALL-UNNAMED --add-opens=java.prefs/java.util.prefs=ALL-UNNAMED --add-opens=java.base/java.nio.charset=ALL-UNNAMED --add-opens=java.base/java.net=ALL-UNNAMED --add-opens=java.base/java.util.concurrent.atomic=ALL-UNNAMED -Xmx2048m -Dfile.encoding=UTF-8 -Duser.country=FR -Duser.language=fr -Duser.variant 
java_command: org.gradle.launcher.daemon.bootstrap.GradleDaemon 7.4
java_class_path (initial): C:\Users\ASUS\.gradle\wrapper\dists\gradle-7.4-bin\c0gwcg53nkjbqw7r0h0umtfvt\gradle-7.4\lib\gradle-launcher-7.4.jar
Launcher Type: SUN_STANDARD

[Global flags]
     intx CICompilerCount                          = 3                                         {product} {ergonomic}
     uint ConcGCThreads                            = 1                                         {product} {ergonomic}
     uint G1ConcRefinementThreads                  = 4                                         {product} {ergonomic}
   size_t G1HeapRegionSize                         = 1048576                                   {product} {ergonomic}
    uintx GCDrainStackTargetSize                   = 64                                        {product} {ergonomic}
   size_t InitialHeapSize                          = 134217728                                 {product} {ergonomic}
   size_t MarkStackSize                            = 4194304                                   {product} {ergonomic}
   size_t MaxHeapSize                              = 2147483648                                {product} {command line}
   size_t MaxNewSize                               = 1287651328                                {product} {ergonomic}
   size_t MinHeapDeltaBytes                        = 1048576                                   {product} {ergonomic}
    uintx NonNMethodCodeHeapSize                   = 5830732                                {pd product} {ergonomic}
    uintx NonProfiledCodeHeapSize                  = 122913754                              {pd product} {ergonomic}
    uintx ProfiledCodeHeapSize                     = 122913754                              {pd product} {ergonomic}
    uintx ReservedCodeCacheSize                    = 251658240                              {pd product} {ergonomic}
     bool SegmentedCodeCache                       = true                                      {product} {ergonomic}
     bool UseCompressedClassPointers               = true                                 {lp64_product} {ergonomic}
     bool UseCompressedOops                        = true                                 {lp64_product} {ergonomic}
     bool UseG1GC                                  = true                                      {product} {ergonomic}
     bool UseLargePagesIndividualAllocation        = false                                  {pd product} {ergonomic}

Logging:
Log output configuration:
 #0: stdout all=warning uptime,level,tags
 #1: stderr all=off uptime,level,tags

Environment Variables:
JAVA_HOME=C:\Program Files\Java\jdk-17.0.2\bin
JRE_HOME=C:\Program Files\Java\jre1.8.0_351
PATH=C:\Program Files\Common Files\Oracle\Java\javapath;C:\Program Files (x86)\Common Files\Oracle\Java\javapath;C:\Program Files\Java\jdk-17.0.2\bin;C:\ProgramData\chocolatey\bin;C:\Program Files\nodejs\;C:\Program Files\Git\cmd;C:\Program Files\Maven\apache-maven-3.8.6\bin;C:\Program Files\Microsoft SQL Server\150\Tools\Binn\;C:\Program Files\Microsoft SQL Server\Client SDK\ODBC\170\Tools\Binn\;C:\Program Files\dotnet\;C:\Program Files\MySQL\MySQL Shell 8.0\bin\;C:\Program Files\Java\jdk-17;C:\Users\ASUS\AppData\Local\Programs\Microsoft VS Code\bin;C:\MinGW\bin;C:\Program Files (x86)\GnuWin32\bin;C:\Program Files\Java\jdk-17.0.2\bin;C:\Program Files (x86)\Inno Setup 6;C:\Users\ASUS\AppData\Roaming\npm;C:\Program Files\JetBrains\IntelliJ IDEA 2022.2.4\bin;;C:\Program Files\Java\jdk1.8.0_311\bin;C:\Program Files\JetBrains\IntelliJ IDEA Community Edition 2022.2\bin;;C:\Users\ASUS\.dotnet\tools;C:\Program Files\Java\jre1.8.0_351;
USERNAME=ASUS
OS=Windows_NT
PROCESSOR_IDENTIFIER=Intel64 Family 6 Model 142 Stepping 9, GenuineIntel



---------------  S Y S T E M  ---------------

OS: Windows 10 , 64 bit Build 19041 (10.0.19041.2251)
OS uptime: 22 days 8:11 hours

CPU:total 4 (initial active 4) (2 cores per cpu, 2 threads per core) family 6 model 142 stepping 9 microcode 0xb4, cmov, cx8, fxsr, mmx, sse, sse2, sse3, ssse3, sse4.1, sse4.2, popcnt, avx, avx2, aes, clmul, erms, 3dnowpref, lzcnt, ht, tsc, tscinvbit, bmi1, bmi2, adx, fma

Memory: 4k page, system-wide physical 8075M (469M free)
TotalPageFile size 32651M (AvailPageFile size 2M)
current process WorkingSet (physical memory assigned to process): 329M, peak: 334M
current process commit charge ("private bytes"): 372M, peak: 380M

vm_info: OpenJDK 64-Bit Server VM (11.0.13+0-b1751.21-8125866) for windows-amd64 JRE (11.0.13+0-b1751.21-8125866), built on Feb  2 2022 03:00:22 by "builder" with MS VC++ 14.0 (VS2015)

END.
