#
# There is insufficient memory for the Java Runtime Environment to continue.
# Native memory allocation (malloc) failed to allocate 1798256 bytes for Chunk::new
# Possible reasons:
#   The system is out of physical RAM or swap space
#   The process is running with CompressedOops enabled, and the Java Heap may be blocking the growth of the native heap
# Possible solutions:
#   Reduce memory load on the system
#   Increase physical memory or swap space
#   Check if swap backing store is full
#   Decrease Java heap size (-Xmx/-Xms)
#   Decrease number of Java threads
#   Decrease Java thread stack sizes (-Xss)
#   Set larger code cache with -XX:ReservedCodeCacheSize=
#   JVM is running with Unscaled Compressed Oops mode in which the Java heap is
#     placed in the first 4GB address space. The Java Heap base address is the
#     maximum limit for the native heap growth. Please use -XX:HeapBaseMinAddress
#     to set the Java Heap base and to place the Java Heap above 4GB virtual address.
# This output file may be truncated or incomplete.
#
#  Out of Memory Error (./src/hotspot/share/memory/arena.cpp:197), pid=126912, tid=129228
#
# JRE version: OpenJDK Runtime Environment (11.0.13) (build 11.0.13+0-b1751.21-8125866)
# Java VM: OpenJDK 64-Bit Server VM (11.0.13+0-b1751.21-8125866, mixed mode, tiered, compressed oops, g1 gc, windows-amd64)
# No core dump will be written. Minidumps are not enabled by default on client versions of Windows
#

---------------  S U M M A R Y ------------

Command Line: --add-opens=java.base/java.util=ALL-UNNAMED --add-opens=java.base/java.lang=ALL-UNNAMED --add-opens=java.base/java.lang.invoke=ALL-UNNAMED --add-opens=java.base/java.util=ALL-UNNAMED --add-opens=java.prefs/java.util.prefs=ALL-UNNAMED --add-opens=java.prefs/java.util.prefs=ALL-UNNAMED --add-opens=java.base/java.nio.charset=ALL-UNNAMED --add-opens=java.base/java.net=ALL-UNNAMED --add-opens=java.base/java.util.concurrent.atomic=ALL-UNNAMED -Xmx2048m -Dfile.encoding=UTF-8 -Duser.country=FR -Duser.language=fr -Duser.variant org.gradle.launcher.daemon.bootstrap.GradleDaemon 7.4

Host: Intel(R) Core(TM) i7-7500U CPU @ 2.70GHz, 4 cores, 7G,  Windows 10 , 64 bit Build 19041 (10.0.19041.2251)
Time: Sat Dec  3 15:38:11 2022 Maroc (heure d’été) elapsed time: 12.929693 seconds (0d 0h 0m 12s)

---------------  T H R E A D  ---------------

Current thread (0x00000180fcffd000):  JavaThread "C2 CompilerThread0" daemon [_thread_in_native, id=129228, stack(0x0000004516c00000,0x0000004516d00000)]


Current CompileTask:
C2:  12929 3725       4       groovy.lang.MetaClassImpl$1MOPIter::methodNameAction (325 bytes)

Stack: [0x0000004516c00000,0x0000004516d00000]
Native frames: (J=compiled Java code, j=interpreted, Vv=VM code, C=native code)
V  [jvm.dll+0x6100fa]
V  [jvm.dll+0x747090]
V  [jvm.dll+0x7486ad]
V  [jvm.dll+0x748d83]
V  [jvm.dll+0x24ab48]
V  [jvm.dll+0xc04dc]
V  [jvm.dll+0xc0a0c]
V  [jvm.dll+0x35eb9d]
V  [jvm.dll+0x32b833]
V  [jvm.dll+0x32ad2a]
V  [jvm.dll+0x2032b2]
V  [jvm.dll+0x202437]
V  [jvm.dll+0x188e01]
V  [jvm.dll+0x21106b]
V  [jvm.dll+0x20f8c1]
V  [jvm.dll+0x70de0f]
V  [jvm.dll+0x706a75]
V  [jvm.dll+0x60ed66]
C  [ucrtbase.dll+0x21bb2]
C  [KERNEL32.DLL+0x174b4]
C  [ntdll.dll+0x526a1]


---------------  P R O C E S S  ---------------

Threads class SMR info:
_java_thread_list=0x00000180805fe920, length=35, elements={
0x00000180e33d3800, 0x00000180fcfd3800, 0x00000180fcfdd000, 0x00000180fd993800,
0x00000180fcfed800, 0x00000180fcff0000, 0x00000180fcffd000, 0x00000180fd001800,
0x00000180fd003000, 0x00000180fdacf000, 0x0000018080b35800, 0x00000180ff360800,
0x00000180fefa7000, 0x00000180ff467800, 0x00000180fe7cb000, 0x00000180ff06a800,
0x00000180fe9fd000, 0x00000180fe579800, 0x00000180fec82000, 0x00000180803d0800,
0x0000018080cbf800, 0x0000018080cbb800, 0x0000018080cbd000, 0x0000018080cbc000,
0x0000018080cbd800, 0x0000018080cbe800, 0x0000018080cc0000, 0x0000018080cba800,
0x0000018080cc1000, 0x00000180feab1000, 0x00000180feab0000, 0x00000180feaaf800,
0x00000180feaad000, 0x00000180feaad800, 0x00000180feab2000
}

Java Threads: ( => current thread )
  0x00000180e33d3800 JavaThread "main" [_thread_blocked, id=115200, stack(0x0000004516000000,0x0000004516100000)]
  0x00000180fcfd3800 JavaThread "Reference Handler" daemon [_thread_blocked, id=129924, stack(0x0000004516700000,0x0000004516800000)]
  0x00000180fcfdd000 JavaThread "Finalizer" daemon [_thread_blocked, id=129892, stack(0x0000004516800000,0x0000004516900000)]
  0x00000180fd993800 JavaThread "Signal Dispatcher" daemon [_thread_blocked, id=76680, stack(0x0000004516900000,0x0000004516a00000)]
  0x00000180fcfed800 JavaThread "Attach Listener" daemon [_thread_blocked, id=129152, stack(0x0000004516a00000,0x0000004516b00000)]
  0x00000180fcff0000 JavaThread "Service Thread" daemon [_thread_blocked, id=122148, stack(0x0000004516b00000,0x0000004516c00000)]
=>0x00000180fcffd000 JavaThread "C2 CompilerThread0" daemon [_thread_in_native, id=129228, stack(0x0000004516c00000,0x0000004516d00000)]
  0x00000180fd001800 JavaThread "C1 CompilerThread0" daemon [_thread_blocked, id=128980, stack(0x0000004516d00000,0x0000004516e00000)]
  0x00000180fd003000 JavaThread "Sweeper thread" daemon [_thread_blocked, id=116084, stack(0x0000004516e00000,0x0000004516f00000)]
  0x00000180fdacf000 JavaThread "Common-Cleaner" daemon [_thread_blocked, id=121648, stack(0x0000004516f00000,0x0000004517000000)]
  0x0000018080b35800 JavaThread "Daemon health stats" [_thread_blocked, id=129916, stack(0x0000004517400000,0x0000004517500000)]
  0x00000180ff360800 JavaThread "Incoming local TCP Connector on port 49662" [_thread_in_native, id=128296, stack(0x0000004517300000,0x0000004517400000)]
  0x00000180fefa7000 JavaThread "Daemon periodic checks" [_thread_blocked, id=129188, stack(0x0000004517500000,0x0000004517600000)]
  0x00000180ff467800 JavaThread "Daemon" [_thread_blocked, id=129940, stack(0x0000004517600000,0x0000004517700000)]
  0x00000180fe7cb000 JavaThread "Handler for socket connection from /127.0.0.1:49662 to /127.0.0.1:49673" [_thread_in_native, id=118684, stack(0x0000004517700000,0x0000004517800000)]
  0x00000180ff06a800 JavaThread "Cancel handler" [_thread_blocked, id=126224, stack(0x0000004517800000,0x0000004517900000)]
  0x00000180fe9fd000 JavaThread "Daemon worker" [_thread_in_vm, id=121716, stack(0x0000004517900000,0x0000004517a00000)]
  0x00000180fe579800 JavaThread "Asynchronous log dispatcher for DefaultDaemonConnection: socket connection from /127.0.0.1:49662 to /127.0.0.1:49673" [_thread_blocked, id=129724, stack(0x0000004517a00000,0x0000004517b00000)]
  0x00000180fec82000 JavaThread "Stdin handler" [_thread_blocked, id=80100, stack(0x0000004517b00000,0x0000004517c00000)]
  0x00000180803d0800 JavaThread "Daemon client event forwarder" [_thread_blocked, id=126116, stack(0x0000004517c00000,0x0000004517d00000)]
  0x0000018080cbf800 JavaThread "Cache worker for journal cache (C:\Users\ASUS\.gradle\caches\journal-1)" [_thread_blocked, id=128512, stack(0x0000004517e00000,0x0000004517f00000)]
  0x0000018080cbb800 JavaThread "File lock request listener" [_thread_in_native, id=51152, stack(0x0000004517f00000,0x0000004518000000)]
  0x0000018080cbd000 JavaThread "Cache worker for file hash cache (C:\Users\ASUS\.gradle\caches\7.4\fileHashes)" [_thread_blocked, id=120812, stack(0x0000004518000000,0x0000004518100000)]
  0x0000018080cbc000 JavaThread "File watcher server" daemon [_thread_in_native, id=119752, stack(0x0000004518100000,0x0000004518200000)]
  0x0000018080cbd800 JavaThread "File watcher consumer" daemon [_thread_blocked, id=125584, stack(0x0000004518200000,0x0000004518300000)]
  0x0000018080cbe800 JavaThread "Cache worker for checksums cache (C:\Users\ASUS\AndroidStudioProjects\ClubSportif\.gradle\7.4\checksums)" [_thread_blocked, id=129520, stack(0x0000004518300000,0x0000004518400000)]
  0x0000018080cc0000 JavaThread "Cache worker for cache directory md-rule (C:\Users\ASUS\.gradle\caches\7.4\md-rule)" [_thread_blocked, id=129048, stack(0x0000004518400000,0x0000004518500000)]
  0x0000018080cba800 JavaThread "Cache worker for file hash cache (C:\Users\ASUS\AndroidStudioProjects\ClubSportif\.gradle\7.4\fileHashes)" [_thread_blocked, id=128680, stack(0x0000004518500000,0x0000004518600000)]
  0x0000018080cc1000 JavaThread "Cache worker for cache directory md-supplier (C:\Users\ASUS\.gradle\caches\7.4\md-supplier)" [_thread_blocked, id=120848, stack(0x0000004518600000,0x0000004518700000)]
  0x00000180feab1000 JavaThread "Cache worker for execution history cache (C:\Users\ASUS\.gradle\caches\7.4\executionHistory)" [_thread_blocked, id=129052, stack(0x0000004518700000,0x0000004518800000)]
  0x00000180feab0000 JavaThread "jar transforms" [_thread_blocked, id=112896, stack(0x0000004518800000,0x0000004518900000)]
  0x00000180feaaf800 JavaThread "Cache worker for file content cache (C:\Users\ASUS\.gradle\caches\7.4\fileContent)" [_thread_blocked, id=103956, stack(0x0000004518900000,0x0000004518a00000)]
  0x00000180feaad000 JavaThread "jar transforms Thread 2" [_thread_blocked, id=119780, stack(0x0000004518a00000,0x0000004518b00000)]
  0x00000180feaad800 JavaThread "Cache worker for dependencies-accessors (C:\Users\ASUS\AndroidStudioProjects\ClubSportif\.gradle\7.4\dependencies-accessors)" [_thread_blocked, id=128072, stack(0x0000004518b00000,0x0000004518c00000)]
  0x00000180feab2000 JavaThread "jar transforms Thread 3" [_thread_blocked, id=71536, stack(0x0000004518c00000,0x0000004518d00000)]

Other Threads:
  0x00000180fcfcf800 VMThread "VM Thread" [stack: 0x0000004516600000,0x0000004516700000] [id=129920]
  0x00000180fdad4000 WatcherThread [stack: 0x0000004517000000,0x0000004517100000] [id=122328]
  0x00000180e33e9000 GCTaskThread "GC Thread#0" [stack: 0x0000004516100000,0x0000004516200000] [id=123272]
  0x00000180fddae800 GCTaskThread "GC Thread#1" [stack: 0x0000004517100000,0x0000004517200000] [id=124552]
  0x00000180fde42800 GCTaskThread "GC Thread#2" [stack: 0x0000004517200000,0x0000004517300000] [id=79936]
  0x0000018081252800 GCTaskThread "GC Thread#3" [stack: 0x0000004517d00000,0x0000004517e00000] [id=113760]
  0x00000180e3418800 ConcurrentGCThread "G1 Main Marker" [stack: 0x0000004516200000,0x0000004516300000] [id=128472]
  0x00000180e341b000 ConcurrentGCThread "G1 Conc#0" [stack: 0x0000004516300000,0x0000004516400000] [id=120412]
  0x00000180e34ad800 ConcurrentGCThread "G1 Refine#0" [stack: 0x0000004516400000,0x0000004516500000] [id=95356]
  0x00000180fce20800 ConcurrentGCThread "G1 Young RemSet Sampling" [stack: 0x0000004516500000,0x0000004516600000] [id=123784]

Threads with active compile tasks:
C2 CompilerThread0  12987 3725       4       groovy.lang.MetaClassImpl$1MOPIter::methodNameAction (325 bytes)

VM state:not at safepoint (normal execution)

VM Mutex/Monitor currently owned by a thread: None

Heap address: 0x0000000080000000, size: 2048 MB, Compressed Oops mode: 32-bit
Narrow klass base: 0x0000000000000000, Narrow klass shift: 3
Compressed class space size: 1073741824 Address: 0x0000000100000000

Heap:
 garbage-first heap   total 157696K, used 79579K [0x0000000080000000, 0x0000000100000000)
  region size 1024K, 60 young (61440K), 8 survivors (8192K)
 Metaspace       used 44824K, capacity 45884K, committed 45948K, reserved 1089536K
  class space    used 5652K, capacity 6040K, committed 6092K, reserved 1048576K
Heap Regions: E=young(eden), S=young(survivor), O=old, HS=humongous(starts), HC=humongous(continues), CS=collection set, F=free, A=archive, TAMS=top-at-mark-start (previous, next)
|   0|0x0000000080000000, 0x0000000080100000, 0x0000000080100000|100%|HS|  |TAMS 0x0000000080100000, 0x0000000080000000| Complete 
|   1|0x0000000080100000, 0x0000000080200000, 0x0000000080200000|100%|HC|  |TAMS 0x0000000080200000, 0x0000000080100000| Complete 
|   2|0x0000000080200000, 0x0000000080300000, 0x0000000080300000|100%|HC|  |TAMS 0x0000000080300000, 0x0000000080200000| Complete 
|   3|0x0000000080300000, 0x0000000080400000, 0x0000000080400000|100%| O|  |TAMS 0x0000000080400000, 0x0000000080300000| Untracked 
|   4|0x0000000080400000, 0x0000000080500000, 0x0000000080500000|100%| O|  |TAMS 0x0000000080500000, 0x0000000080400000| Untracked 
|   5|0x0000000080500000, 0x0000000080600000, 0x0000000080600000|100%| O|  |TAMS 0x0000000080600000, 0x0000000080500000| Untracked 
|   6|0x0000000080600000, 0x0000000080700000, 0x0000000080700000|100%| O|  |TAMS 0x0000000080700000, 0x0000000080600000| Untracked 
|   7|0x0000000080700000, 0x0000000080800000, 0x0000000080800000|100%| O|  |TAMS 0x0000000080800000, 0x0000000080700000| Untracked 
|   8|0x0000000080800000, 0x0000000080900000, 0x0000000080900000|100%| O|  |TAMS 0x0000000080900000, 0x0000000080800000| Untracked 
|   9|0x0000000080900000, 0x0000000080a00000, 0x0000000080a00000|100%| O|  |TAMS 0x0000000080a00000, 0x0000000080900000| Untracked 
|  10|0x0000000080a00000, 0x0000000080b00000, 0x0000000080b00000|100%| O|  |TAMS 0x0000000080b00000, 0x0000000080a00000| Untracked 
|  11|0x0000000080b00000, 0x0000000080c00000, 0x0000000080c00000|100%| O|  |TAMS 0x0000000080c00000, 0x0000000080b00000| Untracked 
|  12|0x0000000080c00000, 0x0000000080d00000, 0x0000000080d00000|100%| O|  |TAMS 0x0000000080d00000, 0x0000000080c00000| Untracked 
|  13|0x0000000080d00000, 0x0000000080e00000, 0x0000000080e00000|100%| O|  |TAMS 0x0000000080e00000, 0x0000000080d00000| Untracked 
|  14|0x0000000080e00000, 0x0000000080f00000, 0x0000000080f00000|100%| O|  |TAMS 0x0000000080f00000, 0x0000000080e00000| Untracked 
|  15|0x0000000080f00000, 0x0000000081000000, 0x0000000081000000|100%| O|  |TAMS 0x0000000081000000, 0x0000000080f00000| Untracked 
|  16|0x0000000081000000, 0x0000000081100000, 0x0000000081100000|100%| O|  |TAMS 0x00000000810bb800, 0x0000000081000000| Untracked 
|  17|0x0000000081100000, 0x0000000081200000, 0x0000000081200000|100%|HS|  |TAMS 0x0000000081100000, 0x0000000081100000| Complete 
|  18|0x0000000081200000, 0x0000000081200000, 0x0000000081300000|  0%| F|  |TAMS 0x0000000081200000, 0x0000000081200000| Untracked 
|  19|0x0000000081300000, 0x0000000081300000, 0x0000000081400000|  0%| F|  |TAMS 0x0000000081300000, 0x0000000081300000| Untracked 
|  20|0x0000000081400000, 0x0000000081500000, 0x0000000081500000|100%| O|  |TAMS 0x0000000081400000, 0x0000000081400000| Untracked 
|  21|0x0000000081500000, 0x00000000815bde00, 0x0000000081600000| 74%| O|  |TAMS 0x0000000081500000, 0x0000000081500000| Untracked 
|  22|0x0000000081600000, 0x0000000081600000, 0x0000000081700000|  0%| F|  |TAMS 0x0000000081600000, 0x0000000081600000| Untracked 
|  23|0x0000000081700000, 0x0000000081700000, 0x0000000081800000|  0%| F|  |TAMS 0x0000000081700000, 0x0000000081700000| Untracked 
|  24|0x0000000081800000, 0x0000000081800000, 0x0000000081900000|  0%| F|  |TAMS 0x0000000081800000, 0x0000000081800000| Untracked 
|  25|0x0000000081900000, 0x0000000081900000, 0x0000000081a00000|  0%| F|  |TAMS 0x0000000081900000, 0x0000000081900000| Untracked 
|  26|0x0000000081a00000, 0x0000000081a00000, 0x0000000081b00000|  0%| F|  |TAMS 0x0000000081a00000, 0x0000000081a00000| Untracked 
|  27|0x0000000081b00000, 0x0000000081b00000, 0x0000000081c00000|  0%| F|  |TAMS 0x0000000081b00000, 0x0000000081b00000| Untracked 
|  28|0x0000000081c00000, 0x0000000081c00000, 0x0000000081d00000|  0%| F|  |TAMS 0x0000000081c00000, 0x0000000081c00000| Untracked 
|  29|0x0000000081d00000, 0x0000000081d00000, 0x0000000081e00000|  0%| F|  |TAMS 0x0000000081d00000, 0x0000000081d00000| Untracked 
|  30|0x0000000081e00000, 0x0000000081e00000, 0x0000000081f00000|  0%| F|  |TAMS 0x0000000081e00000, 0x0000000081e00000| Untracked 
|  31|0x0000000081f00000, 0x0000000081f00000, 0x0000000082000000|  0%| F|  |TAMS 0x0000000081f00000, 0x0000000081f00000| Untracked 
|  32|0x0000000082000000, 0x0000000082000000, 0x0000000082100000|  0%| F|  |TAMS 0x0000000082000000, 0x0000000082000000| Untracked 
|  33|0x0000000082100000, 0x0000000082100000, 0x0000000082200000|  0%| F|  |TAMS 0x0000000082100000, 0x0000000082100000| Untracked 
|  34|0x0000000082200000, 0x0000000082200000, 0x0000000082300000|  0%| F|  |TAMS 0x0000000082200000, 0x0000000082200000| Untracked 
|  35|0x0000000082300000, 0x0000000082300000, 0x0000000082400000|  0%| F|  |TAMS 0x0000000082300000, 0x0000000082300000| Untracked 
|  36|0x0000000082400000, 0x0000000082400000, 0x0000000082500000|  0%| F|  |TAMS 0x0000000082400000, 0x0000000082400000| Untracked 
|  37|0x0000000082500000, 0x0000000082500000, 0x0000000082600000|  0%| F|  |TAMS 0x0000000082500000, 0x0000000082500000| Untracked 
|  38|0x0000000082600000, 0x0000000082600000, 0x0000000082700000|  0%| F|  |TAMS 0x0000000082600000, 0x0000000082600000| Untracked 
|  39|0x0000000082700000, 0x0000000082700000, 0x0000000082800000|  0%| F|  |TAMS 0x0000000082700000, 0x0000000082700000| Untracked 
|  40|0x0000000082800000, 0x0000000082800000, 0x0000000082900000|  0%| F|  |TAMS 0x0000000082800000, 0x0000000082800000| Untracked 
|  41|0x0000000082900000, 0x0000000082900000, 0x0000000082a00000|  0%| F|  |TAMS 0x0000000082900000, 0x0000000082900000| Untracked 
|  42|0x0000000082a00000, 0x0000000082a00000, 0x0000000082b00000|  0%| F|  |TAMS 0x0000000082a00000, 0x0000000082a00000| Untracked 
|  43|0x0000000082b00000, 0x0000000082b00000, 0x0000000082c00000|  0%| F|  |TAMS 0x0000000082b00000, 0x0000000082b00000| Untracked 
|  44|0x0000000082c00000, 0x0000000082c00000, 0x0000000082d00000|  0%| F|  |TAMS 0x0000000082c00000, 0x0000000082c00000| Untracked 
|  45|0x0000000082d00000, 0x0000000082d00000, 0x0000000082e00000|  0%| F|  |TAMS 0x0000000082d00000, 0x0000000082d00000| Untracked 
|  46|0x0000000082e00000, 0x0000000082e00000, 0x0000000082f00000|  0%| F|  |TAMS 0x0000000082e00000, 0x0000000082e00000| Untracked 
|  47|0x0000000082f00000, 0x0000000082f00000, 0x0000000083000000|  0%| F|  |TAMS 0x0000000082f00000, 0x0000000082f00000| Untracked 
|  48|0x0000000083000000, 0x0000000083000000, 0x0000000083100000|  0%| F|  |TAMS 0x0000000083000000, 0x0000000083000000| Untracked 
|  49|0x0000000083100000, 0x0000000083100000, 0x0000000083200000|  0%| F|  |TAMS 0x0000000083100000, 0x0000000083100000| Untracked 
|  50|0x0000000083200000, 0x0000000083200000, 0x0000000083300000|  0%| F|  |TAMS 0x0000000083200000, 0x0000000083200000| Untracked 
|  51|0x0000000083300000, 0x0000000083300000, 0x0000000083400000|  0%| F|  |TAMS 0x0000000083300000, 0x0000000083300000| Untracked 
|  52|0x0000000083400000, 0x0000000083400000, 0x0000000083500000|  0%| F|  |TAMS 0x0000000083400000, 0x0000000083400000| Untracked 
|  53|0x0000000083500000, 0x0000000083500000, 0x0000000083600000|  0%| F|  |TAMS 0x0000000083500000, 0x0000000083500000| Untracked 
|  54|0x0000000083600000, 0x00000000836f9038, 0x0000000083700000| 97%| S|CS|TAMS 0x0000000083600000, 0x0000000083600000| Complete 
|  55|0x0000000083700000, 0x0000000083800000, 0x0000000083800000|100%| S|CS|TAMS 0x0000000083700000, 0x0000000083700000| Complete 
|  56|0x0000000083800000, 0x0000000083900000, 0x0000000083900000|100%| S|CS|TAMS 0x0000000083800000, 0x0000000083800000| Complete 
|  57|0x0000000083900000, 0x0000000083a00000, 0x0000000083a00000|100%| S|CS|TAMS 0x0000000083900000, 0x0000000083900000| Complete 
|  58|0x0000000083a00000, 0x0000000083b00000, 0x0000000083b00000|100%| S|CS|TAMS 0x0000000083a00000, 0x0000000083a00000| Complete 
|  59|0x0000000083b00000, 0x0000000083c00000, 0x0000000083c00000|100%| S|CS|TAMS 0x0000000083b00000, 0x0000000083b00000| Complete 
|  60|0x0000000083c00000, 0x0000000083d00000, 0x0000000083d00000|100%| S|CS|TAMS 0x0000000083c00000, 0x0000000083c00000| Complete 
|  61|0x0000000083d00000, 0x0000000083e00000, 0x0000000083e00000|100%| S|CS|TAMS 0x0000000083d00000, 0x0000000083d00000| Complete 
|  62|0x0000000083e00000, 0x0000000083e00000, 0x0000000083f00000|  0%| F|  |TAMS 0x0000000083e00000, 0x0000000083e00000| Untracked 
|  63|0x0000000083f00000, 0x0000000083f00000, 0x0000000084000000|  0%| F|  |TAMS 0x0000000083f00000, 0x0000000083f00000| Untracked 
|  64|0x0000000084000000, 0x0000000084000000, 0x0000000084100000|  0%| F|  |TAMS 0x0000000084000000, 0x0000000084000000| Untracked 
|  65|0x0000000084100000, 0x0000000084100000, 0x0000000084200000|  0%| F|  |TAMS 0x0000000084100000, 0x0000000084100000| Untracked 
|  66|0x0000000084200000, 0x0000000084200000, 0x0000000084300000|  0%| F|  |TAMS 0x0000000084200000, 0x0000000084200000| Untracked 
|  67|0x0000000084300000, 0x0000000084300000, 0x0000000084400000|  0%| F|  |TAMS 0x0000000084300000, 0x0000000084300000| Untracked 
|  68|0x0000000084400000, 0x0000000084400000, 0x0000000084500000|  0%| F|  |TAMS 0x0000000084400000, 0x0000000084400000| Untracked 
|  69|0x0000000084500000, 0x0000000084500000, 0x0000000084600000|  0%| F|  |TAMS 0x0000000084500000, 0x0000000084500000| Untracked 
|  70|0x0000000084600000, 0x0000000084600000, 0x0000000084700000|  0%| F|  |TAMS 0x0000000084600000, 0x0000000084600000| Untracked 
|  71|0x0000000084700000, 0x0000000084700000, 0x0000000084800000|  0%| F|  |TAMS 0x0000000084700000, 0x0000000084700000| Untracked 
|  72|0x0000000084800000, 0x0000000084800000, 0x0000000084900000|  0%| F|  |TAMS 0x0000000084800000, 0x0000000084800000| Untracked 
|  73|0x0000000084900000, 0x0000000084900000, 0x0000000084a00000|  0%| F|  |TAMS 0x0000000084900000, 0x0000000084900000| Untracked 
|  74|0x0000000084a00000, 0x0000000084a00000, 0x0000000084b00000|  0%| F|  |TAMS 0x0000000084a00000, 0x0000000084a00000| Untracked 
|  75|0x0000000084b00000, 0x0000000084b00000, 0x0000000084c00000|  0%| F|  |TAMS 0x0000000084b00000, 0x0000000084b00000| Untracked 
|  76|0x0000000084c00000, 0x0000000084c00000, 0x0000000084d00000|  0%| F|  |TAMS 0x0000000084c00000, 0x0000000084c00000| Untracked 
|  77|0x0000000084d00000, 0x0000000084d00000, 0x0000000084e00000|  0%| F|  |TAMS 0x0000000084d00000, 0x0000000084d00000| Untracked 
|  78|0x0000000084e00000, 0x0000000084e00000, 0x0000000084f00000|  0%| F|  |TAMS 0x0000000084e00000, 0x0000000084e00000| Untracked 
|  79|0x0000000084f00000, 0x0000000084f00000, 0x0000000085000000|  0%| F|  |TAMS 0x0000000084f00000, 0x0000000084f00000| Untracked 
|  80|0x0000000085000000, 0x0000000085000000, 0x0000000085100000|  0%| F|  |TAMS 0x0000000085000000, 0x0000000085000000| Untracked 
|  81|0x0000000085100000, 0x0000000085100000, 0x0000000085200000|  0%| F|  |TAMS 0x0000000085100000, 0x0000000085100000| Untracked 
|  82|0x0000000085200000, 0x0000000085200000, 0x0000000085300000|  0%| F|  |TAMS 0x0000000085200000, 0x0000000085200000| Untracked 
|  83|0x0000000085300000, 0x0000000085300000, 0x0000000085400000|  0%| F|  |TAMS 0x0000000085300000, 0x0000000085300000| Untracked 
|  84|0x0000000085400000, 0x0000000085400000, 0x0000000085500000|  0%| F|  |TAMS 0x0000000085400000, 0x0000000085400000| Untracked 
|  85|0x0000000085500000, 0x0000000085500000, 0x0000000085600000|  0%| F|  |TAMS 0x0000000085500000, 0x0000000085500000| Untracked 
|  86|0x0000000085600000, 0x0000000085600000, 0x0000000085700000|  0%| F|  |TAMS 0x0000000085600000, 0x0000000085600000| Untracked 
|  87|0x0000000085700000, 0x0000000085700000, 0x0000000085800000|  0%| F|  |TAMS 0x0000000085700000, 0x0000000085700000| Untracked 
|  88|0x0000000085800000, 0x0000000085800000, 0x0000000085900000|  0%| F|  |TAMS 0x0000000085800000, 0x0000000085800000| Untracked 
|  89|0x0000000085900000, 0x0000000085900000, 0x0000000085a00000|  0%| F|  |TAMS 0x0000000085900000, 0x0000000085900000| Untracked 
|  90|0x0000000085a00000, 0x0000000085a00000, 0x0000000085b00000|  0%| F|  |TAMS 0x0000000085a00000, 0x0000000085a00000| Untracked 
|  91|0x0000000085b00000, 0x0000000085b00000, 0x0000000085c00000|  0%| F|  |TAMS 0x0000000085b00000, 0x0000000085b00000| Untracked 
|  92|0x0000000085c00000, 0x0000000085c00000, 0x0000000085d00000|  0%| F|  |TAMS 0x0000000085c00000, 0x0000000085c00000| Untracked 
|  93|0x0000000085d00000, 0x0000000085d00000, 0x0000000085e00000|  0%| F|  |TAMS 0x0000000085d00000, 0x0000000085d00000| Untracked 
|  94|0x0000000085e00000, 0x0000000085e00000, 0x0000000085f00000|  0%| F|  |TAMS 0x0000000085e00000, 0x0000000085e00000| Untracked 
|  95|0x0000000085f00000, 0x0000000085f00000, 0x0000000086000000|  0%| F|  |TAMS 0x0000000085f00000, 0x0000000085f00000| Untracked 
|  96|0x0000000086000000, 0x0000000086000000, 0x0000000086100000|  0%| F|  |TAMS 0x0000000086000000, 0x0000000086000000| Untracked 
|  97|0x0000000086100000, 0x0000000086100000, 0x0000000086200000|  0%| F|  |TAMS 0x0000000086100000, 0x0000000086100000| Untracked 
|  98|0x0000000086200000, 0x0000000086200000, 0x0000000086300000|  0%| F|  |TAMS 0x0000000086200000, 0x0000000086200000| Untracked 
|  99|0x0000000086300000, 0x0000000086300000, 0x0000000086400000|  0%| F|  |TAMS 0x0000000086300000, 0x0000000086300000| Untracked 
| 100|0x0000000086400000, 0x0000000086400000, 0x0000000086500000|  0%| F|  |TAMS 0x0000000086400000, 0x0000000086400000| Untracked 
| 101|0x0000000086500000, 0x0000000086500000, 0x0000000086600000|  0%| F|  |TAMS 0x0000000086500000, 0x0000000086500000| Untracked 
| 102|0x0000000086600000, 0x0000000086700000, 0x0000000086700000|100%| E|  |TAMS 0x0000000086600000, 0x0000000086600000| Complete 
| 103|0x0000000086700000, 0x0000000086800000, 0x0000000086800000|100%| E|CS|TAMS 0x0000000086700000, 0x0000000086700000| Complete 
| 104|0x0000000086800000, 0x0000000086900000, 0x0000000086900000|100%| E|CS|TAMS 0x0000000086800000, 0x0000000086800000| Complete 
| 105|0x0000000086900000, 0x0000000086a00000, 0x0000000086a00000|100%| E|CS|TAMS 0x0000000086900000, 0x0000000086900000| Complete 
| 106|0x0000000086a00000, 0x0000000086b00000, 0x0000000086b00000|100%| E|CS|TAMS 0x0000000086a00000, 0x0000000086a00000| Complete 
| 107|0x0000000086b00000, 0x0000000086c00000, 0x0000000086c00000|100%| E|CS|TAMS 0x0000000086b00000, 0x0000000086b00000| Complete 
| 108|0x0000000086c00000, 0x0000000086d00000, 0x0000000086d00000|100%| E|CS|TAMS 0x0000000086c00000, 0x0000000086c00000| Complete 
| 109|0x0000000086d00000, 0x0000000086e00000, 0x0000000086e00000|100%| E|CS|TAMS 0x0000000086d00000, 0x0000000086d00000| Complete 
| 110|0x0000000086e00000, 0x0000000086f00000, 0x0000000086f00000|100%| E|CS|TAMS 0x0000000086e00000, 0x0000000086e00000| Complete 
| 111|0x0000000086f00000, 0x0000000087000000, 0x0000000087000000|100%| E|CS|TAMS 0x0000000086f00000, 0x0000000086f00000| Complete 
| 112|0x0000000087000000, 0x0000000087100000, 0x0000000087100000|100%| E|CS|TAMS 0x0000000087000000, 0x0000000087000000| Complete 
| 113|0x0000000087100000, 0x0000000087200000, 0x0000000087200000|100%| E|CS|TAMS 0x0000000087100000, 0x0000000087100000| Complete 
| 114|0x0000000087200000, 0x0000000087300000, 0x0000000087300000|100%| E|CS|TAMS 0x0000000087200000, 0x0000000087200000| Complete 
| 115|0x0000000087300000, 0x0000000087400000, 0x0000000087400000|100%| E|CS|TAMS 0x0000000087300000, 0x0000000087300000| Complete 
| 116|0x0000000087400000, 0x0000000087500000, 0x0000000087500000|100%| E|CS|TAMS 0x0000000087400000, 0x0000000087400000| Complete 
| 117|0x0000000087500000, 0x0000000087600000, 0x0000000087600000|100%| E|CS|TAMS 0x0000000087500000, 0x0000000087500000| Complete 
| 118|0x0000000087600000, 0x0000000087700000, 0x0000000087700000|100%| E|CS|TAMS 0x0000000087600000, 0x0000000087600000| Complete 
| 119|0x0000000087700000, 0x0000000087800000, 0x0000000087800000|100%| E|CS|TAMS 0x0000000087700000, 0x0000000087700000| Complete 
| 120|0x0000000087800000, 0x0000000087900000, 0x0000000087900000|100%| E|  |TAMS 0x0000000087800000, 0x0000000087800000| Complete 
| 121|0x0000000087900000, 0x0000000087a00000, 0x0000000087a00000|100%| E|CS|TAMS 0x0000000087900000, 0x0000000087900000| Complete 
| 122|0x0000000087a00000, 0x0000000087b00000, 0x0000000087b00000|100%| E|CS|TAMS 0x0000000087a00000, 0x0000000087a00000| Complete 
| 123|0x0000000087b00000, 0x0000000087c00000, 0x0000000087c00000|100%| E|CS|TAMS 0x0000000087b00000, 0x0000000087b00000| Complete 
| 124|0x0000000087c00000, 0x0000000087d00000, 0x0000000087d00000|100%| E|CS|TAMS 0x0000000087c00000, 0x0000000087c00000| Complete 
| 125|0x0000000087d00000, 0x0000000087e00000, 0x0000000087e00000|100%| E|CS|TAMS 0x0000000087d00000, 0x0000000087d00000| Complete 
| 126|0x0000000087e00000, 0x0000000087f00000, 0x0000000087f00000|100%| E|CS|TAMS 0x0000000087e00000, 0x0000000087e00000| Complete 
| 127|0x0000000087f00000, 0x0000000088000000, 0x0000000088000000|100%| E|CS|TAMS 0x0000000087f00000, 0x0000000087f00000| Complete 
| 128|0x0000000088000000, 0x0000000088100000, 0x0000000088100000|100%| E|CS|TAMS 0x0000000088000000, 0x0000000088000000| Complete 
| 129|0x0000000088100000, 0x0000000088200000, 0x0000000088200000|100%| E|CS|TAMS 0x0000000088100000, 0x0000000088100000| Complete 
| 130|0x0000000088200000, 0x0000000088300000, 0x0000000088300000|100%| E|CS|TAMS 0x0000000088200000, 0x0000000088200000| Complete 
| 131|0x0000000088300000, 0x0000000088400000, 0x0000000088400000|100%| E|CS|TAMS 0x0000000088300000, 0x0000000088300000| Complete 
| 132|0x0000000088400000, 0x0000000088500000, 0x0000000088500000|100%| E|CS|TAMS 0x0000000088400000, 0x0000000088400000| Complete 
| 133|0x0000000088500000, 0x0000000088600000, 0x0000000088600000|100%| E|CS|TAMS 0x0000000088500000, 0x0000000088500000| Complete 
| 134|0x0000000088600000, 0x0000000088700000, 0x0000000088700000|100%| E|CS|TAMS 0x0000000088600000, 0x0000000088600000| Complete 
| 135|0x0000000088700000, 0x0000000088800000, 0x0000000088800000|100%| E|CS|TAMS 0x0000000088700000, 0x0000000088700000| Complete 
| 136|0x0000000088800000, 0x0000000088900000, 0x0000000088900000|100%| E|CS|TAMS 0x0000000088800000, 0x0000000088800000| Complete 
| 137|0x0000000088900000, 0x0000000088a00000, 0x0000000088a00000|100%| E|CS|TAMS 0x0000000088900000, 0x0000000088900000| Complete 
| 138|0x0000000088a00000, 0x0000000088b00000, 0x0000000088b00000|100%| E|CS|TAMS 0x0000000088a00000, 0x0000000088a00000| Complete 
| 139|0x0000000088b00000, 0x0000000088c00000, 0x0000000088c00000|100%| E|CS|TAMS 0x0000000088b00000, 0x0000000088b00000| Complete 
| 140|0x0000000088c00000, 0x0000000088d00000, 0x0000000088d00000|100%| E|CS|TAMS 0x0000000088c00000, 0x0000000088c00000| Complete 
| 141|0x0000000088d00000, 0x0000000088e00000, 0x0000000088e00000|100%| E|CS|TAMS 0x0000000088d00000, 0x0000000088d00000| Complete 
| 142|0x0000000088e00000, 0x0000000088f00000, 0x0000000088f00000|100%| E|CS|TAMS 0x0000000088e00000, 0x0000000088e00000| Complete 
| 143|0x0000000088f00000, 0x0000000089000000, 0x0000000089000000|100%| E|CS|TAMS 0x0000000088f00000, 0x0000000088f00000| Complete 
| 144|0x0000000089000000, 0x0000000089100000, 0x0000000089100000|100%| E|CS|TAMS 0x0000000089000000, 0x0000000089000000| Complete 
| 145|0x0000000089100000, 0x0000000089200000, 0x0000000089200000|100%| E|CS|TAMS 0x0000000089100000, 0x0000000089100000| Complete 
| 146|0x0000000089200000, 0x0000000089300000, 0x0000000089300000|100%| E|CS|TAMS 0x0000000089200000, 0x0000000089200000| Complete 
| 147|0x0000000089300000, 0x0000000089400000, 0x0000000089400000|100%| E|CS|TAMS 0x0000000089300000, 0x0000000089300000| Complete 
| 148|0x0000000089400000, 0x0000000089500000, 0x0000000089500000|100%| E|CS|TAMS 0x0000000089400000, 0x0000000089400000| Complete 
| 149|0x0000000089500000, 0x0000000089600000, 0x0000000089600000|100%| E|CS|TAMS 0x0000000089500000, 0x0000000089500000| Complete 
| 150|0x0000000089600000, 0x0000000089700000, 0x0000000089700000|100%| E|CS|TAMS 0x0000000089600000, 0x0000000089600000| Complete 
| 151|0x0000000089700000, 0x0000000089800000, 0x0000000089800000|100%| E|CS|TAMS 0x0000000089700000, 0x0000000089700000| Complete 
| 152|0x0000000089800000, 0x0000000089900000, 0x0000000089900000|100%| E|CS|TAMS 0x0000000089800000, 0x0000000089800000| Complete 
| 153|0x0000000089900000, 0x0000000089a00000, 0x0000000089a00000|100%| E|CS|TAMS 0x0000000089900000, 0x0000000089900000| Complete 

Card table byte_map: [0x00000180f62f0000,0x00000180f66f0000] _byte_map_base: 0x00000180f5ef0000

Marking Bits (Prev, Next): (CMBitMap*) 0x00000180e340fce8, (CMBitMap*) 0x00000180e340fd20
 Prev Bits: [0x00000180f6af0000, 0x00000180f8af0000)
 Next Bits: [0x00000180f8af0000, 0x00000180faaf0000)

Polling page: 0x00000180e13e0000

Metaspace:

Usage:
  Non-class:     38.91 MB capacity,    38.27 MB ( 98%) used,   545.62 KB (  1%) free+waste,   106.56 KB ( <1%) overhead. 
      Class:      5.90 MB capacity,     5.53 MB ( 94%) used,   331.45 KB (  5%) free+waste,    50.81 KB ( <1%) overhead. 
       Both:     44.81 MB capacity,    43.80 MB ( 98%) used,   877.07 KB (  2%) free+waste,   157.38 KB ( <1%) overhead. 

Virtual space:
  Non-class space:       40.00 MB reserved,      38.92 MB ( 97%) committed 
      Class space:        1.00 GB reserved,       5.95 MB ( <1%) committed 
             Both:        1.04 GB reserved,      44.87 MB (  4%) committed 

Chunk freelists:
   Non-Class:  12.00 KB
       Class:  8.00 KB
        Both:  20.00 KB

MaxMetaspaceSize: 17179869184.00 GB
CompressedClassSpaceSize: 1.00 GB
Initial GC threshold: 20.80 MB
Current GC threshold: 59.16 MB
CDS: off

CodeHeap 'non-profiled nmethods': size=120064Kb used=1932Kb max_used=1932Kb free=118131Kb
 bounds [0x00000180ee9b0000, 0x00000180eec20000, 0x00000180f5ef0000]
CodeHeap 'profiled nmethods': size=120000Kb used=8301Kb max_used=8301Kb free=111698Kb
 bounds [0x00000180e7480000, 0x00000180e7ca0000, 0x00000180ee9b0000]
CodeHeap 'non-nmethods': size=5696Kb used=2275Kb max_used=2314Kb free=3420Kb
 bounds [0x00000180e6ef0000, 0x00000180e7160000, 0x00000180e7480000]
 total_blobs=4557 nmethods=3787 adapters=682
 compilation: enabled
              stopped_count=0, restarted_count=0
 full_count=0

Compilation events (20 events):
Event: 12.910 Thread 0x00000180fd001800 3787       3       groovyjarjarasm.asm.SymbolTable::get (13 bytes)
Event: 12.910 Thread 0x00000180fd001800 nmethod 3787 0x00000180e7c84190 code [0x00000180e7c84340, 0x00000180e7c84498]
Event: 12.911 Thread 0x00000180fd001800 3788       3       groovyjarjarasm.asm.SymbolTable::hash (10 bytes)
Event: 12.911 Thread 0x00000180fd001800 nmethod 3788 0x00000180e7c84590 code [0x00000180e7c84740, 0x00000180e7c84868]
Event: 12.911 Thread 0x00000180fd001800 3789       3       groovyjarjarasm.asm.ByteVector::putByte (39 bytes)
Event: 12.911 Thread 0x00000180fd001800 nmethod 3789 0x00000180e7c84990 code [0x00000180e7c84b60, 0x00000180e7c84d48]
Event: 12.911 Thread 0x00000180fd001800 3790       3       groovyjarjarasm.asm.Frame::merge (322 bytes)
Event: 12.912 Thread 0x00000180fd001800 nmethod 3790 0x00000180e7c84e90 code [0x00000180e7c850c0, 0x00000180e7c859c8]
Event: 12.916 Thread 0x00000180fd001800 3791   !   3       org.codehaus.groovy.reflection.stdclasses.CachedSAMClass::getSAMMethodImpl (151 bytes)
Event: 12.917 Thread 0x00000180fd001800 nmethod 3791 0x00000180e7c85c10 code [0x00000180e7c85fc0, 0x00000180e7c87868]
Event: 12.922 Thread 0x00000180fd001800 3792       3       com.sun.beans.util.Cache$CacheEntry::matches (53 bytes)
Event: 12.922 Thread 0x00000180fd001800 nmethod 3792 0x00000180e7c88110 code [0x00000180e7c88300, 0x00000180e7c88868]
Event: 12.923 Thread 0x00000180fd001800 3793   !   3       com.sun.beans.introspect.ClassInfo::get (28 bytes)
Event: 12.923 Thread 0x00000180fd001800 nmethod 3793 0x00000180e7c88a10 code [0x00000180e7c88c00, 0x00000180e7c88fd8]
Event: 12.923 Thread 0x00000180fd001800 3794   !   3       com.sun.beans.util.Cache::get (256 bytes)
Event: 12.925 Thread 0x00000180fd001800 nmethod 3794 0x00000180e7c89190 code [0x00000180e7c89500, 0x00000180e7c8aab8]
Event: 12.925 Thread 0x00000180fd001800 3795       3       java.util.stream.ReferencePipeline::toArray (18 bytes)
Event: 12.925 Thread 0x00000180fd001800 nmethod 3795 0x00000180e7c8b710 code [0x00000180e7c8b8e0, 0x00000180e7c8bb08]
Event: 12.925 Thread 0x00000180fd001800 3796       3       java.util.stream.AbstractPipeline::evaluateToArrayNode (78 bytes)
Event: 12.926 Thread 0x00000180fd001800 nmethod 3796 0x00000180e7c8bc10 code [0x00000180e7c8be40, 0x00000180e7c8c4b8]

GC Heap History (18 events):
Event: 0.824 GC heap before
{Heap before GC invocations=0 (full 0):
 garbage-first heap   total 131072K, used 17408K [0x0000000080000000, 0x0000000100000000)
  region size 1024K, 14 young (14336K), 0 survivors (0K)
 Metaspace       used 6744K, capacity 6989K, committed 7168K, reserved 1056768K
  class space    used 572K, capacity 650K, committed 768K, reserved 1048576K
}
Event: 0.841 GC heap after
{Heap after GC invocations=1 (full 0):
 garbage-first heap   total 131072K, used 4245K [0x0000000080000000, 0x0000000100000000)
  region size 1024K, 2 young (2048K), 2 survivors (2048K)
 Metaspace       used 6744K, capacity 6989K, committed 7168K, reserved 1056768K
  class space    used 572K, capacity 650K, committed 768K, reserved 1048576K
}
Event: 1.532 GC heap before
{Heap before GC invocations=1 (full 0):
 garbage-first heap   total 131072K, used 19605K [0x0000000080000000, 0x0000000100000000)
  region size 1024K, 14 young (14336K), 2 survivors (2048K)
 Metaspace       used 10296K, capacity 10553K, committed 10624K, reserved 1058816K
  class space    used 1052K, capacity 1139K, committed 1152K, reserved 1048576K
}
Event: 1.535 GC heap after
{Heap after GC invocations=2 (full 0):
 garbage-first heap   total 131072K, used 9425K [0x0000000080000000, 0x0000000100000000)
  region size 1024K, 2 young (2048K), 2 survivors (2048K)
 Metaspace       used 10296K, capacity 10553K, committed 10624K, reserved 1058816K
  class space    used 1052K, capacity 1139K, committed 1152K, reserved 1048576K
}
Event: 2.217 GC heap before
{Heap before GC invocations=2 (full 0):
 garbage-first heap   total 131072K, used 38097K [0x0000000080000000, 0x0000000100000000)
  region size 1024K, 30 young (30720K), 2 survivors (2048K)
 Metaspace       used 11233K, capacity 11508K, committed 11776K, reserved 1060864K
  class space    used 1153K, capacity 1244K, committed 1280K, reserved 1048576K
}
Event: 2.221 GC heap after
{Heap after GC invocations=3 (full 0):
 garbage-first heap   total 131072K, used 11789K [0x0000000080000000, 0x0000000100000000)
  region size 1024K, 4 young (4096K), 4 survivors (4096K)
 Metaspace       used 11233K, capacity 11508K, committed 11776K, reserved 1060864K
  class space    used 1153K, capacity 1244K, committed 1280K, reserved 1048576K
}
Event: 4.362 GC heap before
{Heap before GC invocations=3 (full 0):
 garbage-first heap   total 131072K, used 54797K [0x0000000080000000, 0x0000000100000000)
  region size 1024K, 46 young (47104K), 4 survivors (4096K)
 Metaspace       used 17570K, capacity 18005K, committed 18176K, reserved 1064960K
  class space    used 2039K, capacity 2179K, committed 2304K, reserved 1048576K
}
Event: 4.372 GC heap after
{Heap after GC invocations=4 (full 0):
 garbage-first heap   total 131072K, used 16072K [0x0000000080000000, 0x0000000100000000)
  region size 1024K, 6 young (6144K), 6 survivors (6144K)
 Metaspace       used 17570K, capacity 18005K, committed 18176K, reserved 1064960K
  class space    used 2039K, capacity 2179K, committed 2304K, reserved 1048576K
}
Event: 4.995 GC heap before
{Heap before GC invocations=4 (full 0):
 garbage-first heap   total 131072K, used 46792K [0x0000000080000000, 0x0000000100000000)
  region size 1024K, 37 young (37888K), 6 survivors (6144K)
 Metaspace       used 20791K, capacity 21181K, committed 21296K, reserved 1069056K
  class space    used 2525K, capacity 2684K, committed 2688K, reserved 1048576K
}
Event: 5.005 GC heap after
{Heap after GC invocations=5 (full 0):
 garbage-first heap   total 131072K, used 17531K [0x0000000080000000, 0x0000000100000000)
  region size 1024K, 5 young (5120K), 5 survivors (5120K)
 Metaspace       used 20791K, capacity 21181K, committed 21296K, reserved 1069056K
  class space    used 2525K, capacity 2684K, committed 2688K, reserved 1048576K
}
Event: 7.411 GC heap before
{Heap before GC invocations=6 (full 0):
 garbage-first heap   total 131072K, used 69755K [0x0000000080000000, 0x0000000100000000)
  region size 1024K, 57 young (58368K), 5 survivors (5120K)
 Metaspace       used 26483K, capacity 27081K, committed 27132K, reserved 1073152K
  class space    used 3415K, capacity 3640K, committed 3660K, reserved 1048576K
}
Event: 7.418 GC heap after
{Heap after GC invocations=7 (full 0):
 garbage-first heap   total 131072K, used 19441K [0x0000000080000000, 0x0000000100000000)
  region size 1024K, 4 young (4096K), 4 survivors (4096K)
 Metaspace       used 26483K, capacity 27081K, committed 27132K, reserved 1073152K
  class space    used 3415K, capacity 3640K, committed 3660K, reserved 1048576K
}
Event: 9.172 GC heap before
{Heap before GC invocations=7 (full 0):
 garbage-first heap   total 131072K, used 77809K [0x0000000080000000, 0x0000000100000000)
  region size 1024K, 61 young (62464K), 4 survivors (4096K)
 Metaspace       used 32850K, capacity 33577K, committed 33788K, reserved 1079296K
  class space    used 4277K, capacity 4551K, committed 4684K, reserved 1048576K
}
Event: 9.180 GC heap after
{Heap after GC invocations=8 (full 0):
 garbage-first heap   total 131072K, used 21939K [0x0000000080000000, 0x0000000100000000)
  region size 1024K, 6 young (6144K), 6 survivors (6144K)
 Metaspace       used 32850K, capacity 33577K, committed 33788K, reserved 1079296K
  class space    used 4277K, capacity 4551K, committed 4684K, reserved 1048576K
}
Event: 9.562 GC heap before
{Heap before GC invocations=8 (full 0):
 garbage-first heap   total 131072K, used 26035K [0x0000000080000000, 0x0000000100000000)
  region size 1024K, 11 young (11264K), 6 survivors (6144K)
 Metaspace       used 35177K, capacity 35914K, committed 35964K, reserved 1081344K
  class space    used 4508K, capacity 4801K, committed 4812K, reserved 1048576K
}
Event: 9.578 GC heap after
{Heap after GC invocations=9 (full 0):
 garbage-first heap   total 131072K, used 23214K [0x0000000080000000, 0x0000000100000000)
  region size 1024K, 6 young (6144K), 6 survivors (6144K)
 Metaspace       used 35177K, capacity 35914K, committed 35964K, reserved 1081344K
  class space    used 4508K, capacity 4801K, committed 4812K, reserved 1048576K
}
Event: 11.590 GC heap before
{Heap before GC invocations=10 (full 0):
 garbage-first heap   total 131072K, used 86702K [0x0000000080000000, 0x0000000100000000)
  region size 1024K, 66 young (67584K), 6 survivors (6144K)
 Metaspace       used 39855K, capacity 40791K, committed 40956K, reserved 1085440K
  class space    used 5033K, capacity 5374K, committed 5452K, reserved 1048576K
}
Event: 11.612 GC heap after
{Heap after GC invocations=11 (full 0):
 garbage-first heap   total 157696K, used 27355K [0x0000000080000000, 0x0000000100000000)
  region size 1024K, 8 young (8192K), 8 survivors (8192K)
 Metaspace       used 39855K, capacity 40791K, committed 40956K, reserved 1085440K
  class space    used 5033K, capacity 5374K, committed 5452K, reserved 1048576K
}

Deoptimization events (20 events):
Event: 12.492 Thread 0x00000180fe9fd000 Uncommon trap: trap_request=0xffffff4d fr.pc=0x00000180eea91204 relative=0x00000000000001c4
Event: 12.492 Thread 0x00000180fe9fd000 Uncommon trap: reason=unstable_if action=reinterpret pc=0x00000180eea91204 method=java.util.HashMap.getNode(ILjava/lang/Object;)Ljava/util/HashMap$Node; @ 53 c2
Event: 12.492 Thread 0x00000180fe9fd000 DEOPT PACKING pc=0x00000180eea91204 sp=0x00000045179f8bc0
Event: 12.492 Thread 0x00000180fe9fd000 DEOPT UNPACKING pc=0x00000180e6f3a1af sp=0x00000045179f8b48 mode 2
Event: 12.492 Thread 0x00000180fe9fd000 Uncommon trap: trap_request=0xffffff4d fr.pc=0x00000180eeb3069c relative=0x000000000000071c
Event: 12.492 Thread 0x00000180fe9fd000 Uncommon trap: reason=unstable_if action=reinterpret pc=0x00000180eeb3069c method=java.util.HashMap.putVal(ILjava/lang/Object;Ljava/lang/Object;ZZ)Ljava/lang/Object; @ 85 c2
Event: 12.492 Thread 0x00000180fe9fd000 DEOPT PACKING pc=0x00000180eeb3069c sp=0x00000045179f8c00
Event: 12.492 Thread 0x00000180fe9fd000 DEOPT UNPACKING pc=0x00000180e6f3a1af sp=0x00000045179f8b30 mode 2
Event: 12.497 Thread 0x00000180fe9fd000 Uncommon trap: trap_request=0xffffff4d fr.pc=0x00000180eeb61df8 relative=0x0000000000000318
Event: 12.497 Thread 0x00000180fe9fd000 Uncommon trap: reason=unstable_if action=reinterpret pc=0x00000180eeb61df8 method=org.gradle.internal.reflect.PropertyAccessorType.isGetGetterName(Ljava/lang/String;)Z @ 14 c2
Event: 12.497 Thread 0x00000180fe9fd000 DEOPT PACKING pc=0x00000180eeb61df8 sp=0x00000045179f9690
Event: 12.497 Thread 0x00000180fe9fd000 DEOPT UNPACKING pc=0x00000180e6f3a1af sp=0x00000045179f95e8 mode 2
Event: 12.547 Thread 0x00000180fe9fd000 Uncommon trap: trap_request=0xffffff4d fr.pc=0x00000180eeaec908 relative=0x00000000000000e8
Event: 12.547 Thread 0x00000180fe9fd000 Uncommon trap: reason=unstable_if action=reinterpret pc=0x00000180eeaec908 method=org.objectweb.asm.ByteVector.putShort(I)Lorg/objectweb/asm/ByteVector; @ 13 c2
Event: 12.547 Thread 0x00000180fe9fd000 DEOPT PACKING pc=0x00000180eeaec908 sp=0x00000045179f90f0
Event: 12.547 Thread 0x00000180fe9fd000 DEOPT UNPACKING pc=0x00000180e6f3a1af sp=0x00000045179f9088 mode 2
Event: 12.590 Thread 0x00000180fe9fd000 Uncommon trap: trap_request=0xffffff4d fr.pc=0x00000180eeb0e398 relative=0x0000000000001b18
Event: 12.590 Thread 0x00000180fe9fd000 Uncommon trap: reason=unstable_if action=reinterpret pc=0x00000180eeb0e398 method=java.util.concurrent.ConcurrentHashMap.computeIfAbsent(Ljava/lang/Object;Ljava/util/function/Function;)Ljava/lang/Object; @ 123 c2
Event: 12.590 Thread 0x00000180fe9fd000 DEOPT PACKING pc=0x00000180eeb0e398 sp=0x00000045179fa540
Event: 12.590 Thread 0x00000180fe9fd000 DEOPT UNPACKING pc=0x00000180e6f3a1af sp=0x00000045179fa4e0 mode 2

Classes redefined (0 events):
No events

Internal exceptions (20 events):
Event: 11.705 Thread 0x00000180fe9fd000 Exception <a 'java/lang/ClassNotFoundException'{0x00000000895605e0}: org/gradle/initialization/DefaultProjectDescriptorCustomizer> (0x00000000895605e0) thrown at [./src/hotspot/share/classfile/systemDictionary.cpp, line 231]
Event: 11.709 Thread 0x00000180fe9fd000 Implicit null exception at 0x00000180eeb08bef to 0x00000180eeb08c98
Event: 11.979 Thread 0x00000180803d0800 Exception <a 'java/lang/NoSuchMethodError'{0x000000008978edd8}: <clinit>> (0x000000008978edd8) thrown at [./src/hotspot/share/prims/jni.cpp, line 1366]
Event: 11.981 Thread 0x00000180803d0800 Exception <a 'java/lang/NoSuchMethodError'{0x00000000897904c8}: <clinit>> (0x00000000897904c8) thrown at [./src/hotspot/share/prims/jni.cpp, line 1366]
Event: 12.005 Thread 0x00000180803d0800 Exception <a 'java/lang/NoSuchMethodError'{0x00000000889067c0}: <clinit>> (0x00000000889067c0) thrown at [./src/hotspot/share/prims/jni.cpp, line 1366]
Event: 12.006 Thread 0x00000180803d0800 Exception <a 'java/lang/NoSuchMethodError'{0x0000000088908b48}: <clinit>> (0x0000000088908b48) thrown at [./src/hotspot/share/prims/jni.cpp, line 1366]
Event: 12.076 Thread 0x00000180803d0800 Exception <a 'java/lang/NoSuchMethodError'{0x0000000088918598}: <clinit>> (0x0000000088918598) thrown at [./src/hotspot/share/prims/jni.cpp, line 1366]
Event: 12.492 Thread 0x00000180fe9fd000 Implicit null exception at 0x00000180eea96af4 to 0x00000180eea96d04
Event: 12.733 Thread 0x00000180fe9fd000 Exception <a 'java/lang/ClassNotFoundException'{0x00000000875bdc18}: build_tv9e88so6gp82zxbkxp7sif1BeanInfo> (0x00000000875bdc18) thrown at [./src/hotspot/share/classfile/systemDictionary.cpp, line 231]
Event: 12.733 Thread 0x00000180fe9fd000 Exception <a 'java/lang/ClassNotFoundException'{0x00000000875d4fd0}: org/gradle/api/internal/project/ProjectScriptBeanInfo> (0x00000000875d4fd0) thrown at [./src/hotspot/share/classfile/systemDictionary.cpp, line 231]
Event: 12.734 Thread 0x00000180fe9fd000 Exception <a 'java/lang/ClassNotFoundException'{0x00000000875ec800}: org/gradle/api/internal/project/ProjectScriptCustomizer> (0x00000000875ec800) thrown at [./src/hotspot/share/classfile/systemDictionary.cpp, line 231]
Event: 12.735 Thread 0x00000180fe9fd000 Exception <a 'java/lang/ClassNotFoundException'{0x0000000087408dc0}: build_tv9e88so6gp82zxbkxp7sif1Customizer> (0x0000000087408dc0) thrown at [./src/hotspot/share/classfile/systemDictionary.cpp, line 231]
Event: 12.747 Thread 0x00000180fe9fd000 Exception <a 'java/lang/ClassNotFoundException'{0x00000000874a5ef8}: org/gradle/api/internal/initialization/DefaultScriptHandlerBeanInfo> (0x00000000874a5ef8) thrown at [./src/hotspot/share/classfile/systemDictionary.cpp, line 231]
Event: 12.748 Thread 0x00000180fe9fd000 Exception <a 'java/lang/ClassNotFoundException'{0x00000000874d0348}: org/gradle/api/internal/initialization/DefaultScriptHandlerCustomizer> (0x00000000874d0348) thrown at [./src/hotspot/share/classfile/systemDictionary.cpp, line 231]
Event: 12.888 Thread 0x00000180fe9fd000 Exception <a 'java/lang/ClassNotFoundException'{0x0000000086b87230}: org/gradle/api/internal/artifacts/dsl/dependencies/DefaultDependencyHandler_DecoratedBeanInfo> (0x0000000086b87230) thrown at [./src/hotspot/share/classfile/systemDictionary.cpp, line 231]
Event: 12.889 Thread 0x00000180fe9fd000 Exception <a 'java/lang/ClassNotFoundException'{0x0000000086bc5ef8}: org/gradle/api/internal/artifacts/dsl/dependencies/DefaultDependencyHandlerBeanInfo> (0x0000000086bc5ef8) thrown at [./src/hotspot/share/classfile/systemDictionary.cpp, line 231]
Event: 12.890 Thread 0x00000180fe9fd000 Exception <a 'java/lang/ClassNotFoundException'{0x0000000086a05250}: org/gradle/api/internal/artifacts/dsl/dependencies/DefaultDependencyHandlerCustomizer> (0x0000000086a05250) thrown at [./src/hotspot/share/classfile/systemDictionary.cpp, line 231]
Event: 12.892 Thread 0x00000180fe9fd000 Exception <a 'java/lang/ClassNotFoundException'{0x0000000086a6e980}: org/gradle/api/internal/artifacts/dsl/dependencies/DefaultDependencyHandler_DecoratedCustomizer> (0x0000000086a6e980) thrown at [./src/hotspot/share/classfile/systemDictionary.cpp, line 231]
Event: 12.921 Thread 0x00000180fe9fd000 Exception <a 'java/lang/ClassNotFoundException'{0x0000000086983b48}: org/gradle/plugin/use/internal/PluginRequestCollector$PluginDependenciesSpecImplBeanInfo> (0x0000000086983b48) thrown at [./src/hotspot/share/classfile/systemDictionary.cpp, line 231]
Event: 12.922 Thread 0x00000180fe9fd000 Exception <a 'java/lang/ClassNotFoundException'{0x00000000869b2ff8}: org/gradle/plugin/use/internal/PluginRequestCollector$PluginDependenciesSpecImplCustomizer> (0x00000000869b2ff8) thrown at [./src/hotspot/share/classfile/systemDictionary.cpp, line 231]

Events (20 events):
Event: 12.917 loading class org/gradle/plugin/use/internal/PluginRequestCollector$PluginDependenciesSpecImplBeanInfo
Event: 12.917 loading class org/gradle/plugin/use/internal/PluginRequestCollector$PluginDependenciesSpecImplBeanInfo done
Event: 12.917 loading class org/gradle/plugin/use/internal/PluginRequestCollector$PluginDependenciesSpecImplBeanInfo
Event: 12.917 loading class org/gradle/plugin/use/internal/PluginRequestCollector$PluginDependenciesSpecImplBeanInfo done
Event: 12.921 loading class org/gradle/plugin/use/internal/PluginRequestCollector$PluginDependenciesSpecImplBeanInfo
Event: 12.921 loading class org/gradle/plugin/use/internal/PluginRequestCollector$PluginDependenciesSpecImplBeanInfo done
Event: 12.921 loading class org/gradle/plugin/use/internal/PluginRequestCollector$PluginDependenciesSpecImplCustomizer
Event: 12.921 loading class org/gradle/plugin/use/internal/PluginRequestCollector$PluginDependenciesSpecImplCustomizer done
Event: 12.921 loading class org/gradle/plugin/use/internal/PluginRequestCollector$PluginDependenciesSpecImplCustomizer
Event: 12.921 loading class org/gradle/plugin/use/internal/PluginRequestCollector$PluginDependenciesSpecImplCustomizer done
Event: 12.921 loading class org/gradle/plugin/use/internal/PluginRequestCollector$PluginDependenciesSpecImplCustomizer
Event: 12.921 loading class org/gradle/plugin/use/internal/PluginRequestCollector$PluginDependenciesSpecImplCustomizer done
Event: 12.922 loading class org/gradle/plugin/use/internal/PluginRequestCollector$PluginDependenciesSpecImplCustomizer
Event: 12.922 loading class org/gradle/plugin/use/internal/PluginRequestCollector$PluginDependenciesSpecImplCustomizer done
Event: 12.922 loading class org/gradle/plugin/use/PluginDependency
Event: 12.922 loading class org/gradle/plugin/use/PluginDependency done
Event: 12.925 loading class org/gradle/plugin/use/internal/PluginRequestCollector$PluginDependencySpecImpl
Event: 12.925 loading class org/gradle/plugin/use/internal/PluginRequestCollector$PluginDependencySpecImpl done
Event: 12.926 loading class org/gradle/plugin/internal/InvalidPluginVersionException
Event: 12.926 loading class org/gradle/plugin/internal/InvalidPluginVersionException done


Dynamic libraries:
0x00007ff673700000 - 0x00007ff67370a000 	C:\Program Files\Android\Android Studio\jre\bin\java.exe
0x00007ff866e50000 - 0x00007ff867048000 	C:\WINDOWS\SYSTEM32\ntdll.dll
0x00007ff865e10000 - 0x00007ff865ecf000 	C:\WINDOWS\System32\KERNEL32.DLL
0x00007ff8646b0000 - 0x00007ff864982000 	C:\WINDOWS\System32\KERNELBASE.dll
0x00007ff864a20000 - 0x00007ff864b20000 	C:\WINDOWS\System32\ucrtbase.dll
0x00007ff8516e0000 - 0x00007ff8516f9000 	C:\Program Files\Android\Android Studio\jre\bin\jli.dll
0x00007ff8514d0000 - 0x00007ff8514e7000 	C:\Program Files\Android\Android Studio\jre\bin\VCRUNTIME140.dll
0x00007ff864fd0000 - 0x00007ff86516d000 	C:\WINDOWS\System32\USER32.dll
0x00007ff83e8b0000 - 0x00007ff83eb4a000 	C:\WINDOWS\WinSxS\amd64_microsoft.windows.common-controls_6595b64144ccf1df_6.0.19041.1110_none_60b5254171f9507e\COMCTL32.dll
0x00007ff865d70000 - 0x00007ff865e0e000 	C:\WINDOWS\System32\msvcrt.dll
0x00007ff864b20000 - 0x00007ff864b42000 	C:\WINDOWS\System32\win32u.dll
0x00007ff8654a0000 - 0x00007ff8654cb000 	C:\WINDOWS\System32\GDI32.dll
0x00007ff864c00000 - 0x00007ff864d0f000 	C:\WINDOWS\System32\gdi32full.dll
0x00007ff864d60000 - 0x00007ff864dfd000 	C:\WINDOWS\System32\msvcp_win.dll
0x00007ff865220000 - 0x00007ff865252000 	C:\WINDOWS\System32\IMM32.DLL
0x00007ff83afb0000 - 0x00007ff83b04d000 	C:\Program Files\Android\Android Studio\jre\bin\msvcp140.dll
0x00007ff8000c0000 - 0x00007ff800bc2000 	C:\Program Files\Android\Android Studio\jre\bin\server\jvm.dll
0x00007ff865320000 - 0x00007ff8653ce000 	C:\WINDOWS\System32\ADVAPI32.dll
0x00007ff8655c0000 - 0x00007ff86565c000 	C:\WINDOWS\System32\sechost.dll
0x00007ff8668f0000 - 0x00007ff866a15000 	C:\WINDOWS\System32\RPCRT4.dll
0x00007ff8654d0000 - 0x00007ff8654d8000 	C:\WINDOWS\System32\PSAPI.DLL
0x00007ff85fba0000 - 0x00007ff85fbc7000 	C:\WINDOWS\SYSTEM32\WINMM.dll
0x00007ff85d750000 - 0x00007ff85d75a000 	C:\WINDOWS\SYSTEM32\VERSION.dll
0x00007ff858400000 - 0x00007ff858409000 	C:\WINDOWS\SYSTEM32\WSOCK32.dll
0x00007ff865430000 - 0x00007ff86549b000 	C:\WINDOWS\System32\WS2_32.dll
0x00007ff862df0000 - 0x00007ff862e02000 	C:\WINDOWS\SYSTEM32\kernel.appcore.dll
0x00007ff852d90000 - 0x00007ff852da1000 	C:\Program Files\Android\Android Studio\jre\bin\verify.dll
0x00007ff8622c0000 - 0x00007ff8624a4000 	C:\WINDOWS\SYSTEM32\DBGHELP.DLL
0x00007ff85d2b0000 - 0x00007ff85d2dc000 	C:\WINDOWS\SYSTEM32\dbgcore.DLL
0x00007ff864990000 - 0x00007ff864a12000 	C:\WINDOWS\System32\bcryptPrimitives.dll
0x00007ff852d60000 - 0x00007ff852d89000 	C:\Program Files\Android\Android Studio\jre\bin\java.dll
0x00007ff85e4c0000 - 0x00007ff85e4cb000 	C:\Program Files\Android\Android Studio\jre\bin\jimage.dll
0x00007ff83f240000 - 0x00007ff83f258000 	C:\Program Files\Android\Android Studio\jre\bin\zip.dll
0x00007ff8661a0000 - 0x00007ff8668e3000 	C:\WINDOWS\System32\SHELL32.dll
0x00007ff8624b0000 - 0x00007ff862c42000 	C:\WINDOWS\SYSTEM32\windows.storage.dll
0x00007ff866a20000 - 0x00007ff866d74000 	C:\WINDOWS\System32\combase.dll
0x00007ff863ed0000 - 0x00007ff863f00000 	C:\WINDOWS\SYSTEM32\Wldp.dll
0x00007ff865710000 - 0x00007ff8657bd000 	C:\WINDOWS\System32\SHCORE.dll
0x00007ff8652c0000 - 0x00007ff865315000 	C:\WINDOWS\System32\shlwapi.dll
0x00007ff864490000 - 0x00007ff8644af000 	C:\WINDOWS\SYSTEM32\profapi.dll
0x00007ff83eb80000 - 0x00007ff83eb9a000 	C:\Program Files\Android\Android Studio\jre\bin\net.dll
0x00007ff85a710000 - 0x00007ff85a81c000 	C:\WINDOWS\SYSTEM32\WINHTTP.dll
0x00007ff863c30000 - 0x00007ff863c9a000 	C:\WINDOWS\system32\mswsock.dll
0x00007ff836be0000 - 0x00007ff836bf4000 	C:\Program Files\Android\Android Studio\jre\bin\nio.dll
0x00007ff85e500000 - 0x00007ff85e527000 	C:\Users\ASUS\.gradle\native\e1d6ef7f7dcc3fd88c89a11ec53ec762bb8ba0a96d01ffa2cd45eb1d1d8dd5c5\windows-amd64\native-platform.dll
0x00007ff831b90000 - 0x00007ff831cd4000 	C:\Users\ASUS\.gradle\native\0d407fdbe67a94daf76414ababcb853783967236a71b16ec16e742cd7a986fd3\windows-amd64\native-platform-file-events.dll
0x00007ff85b890000 - 0x00007ff85b89a000 	C:\Program Files\Android\Android Studio\jre\bin\management.dll
0x00007ff854a40000 - 0x00007ff854a4d000 	C:\Program Files\Android\Android Studio\jre\bin\management_ext.dll
0x00007ff863e30000 - 0x00007ff863e48000 	C:\WINDOWS\SYSTEM32\CRYPTSP.dll
0x00007ff863550000 - 0x00007ff863584000 	C:\WINDOWS\system32\rsaenh.dll
0x00007ff864e00000 - 0x00007ff864e27000 	C:\WINDOWS\System32\bcrypt.dll
0x00007ff864450000 - 0x00007ff86447e000 	C:\WINDOWS\SYSTEM32\USERENV.dll
0x00007ff863e20000 - 0x00007ff863e2c000 	C:\WINDOWS\SYSTEM32\CRYPTBASE.dll
0x00007ff863920000 - 0x00007ff86395b000 	C:\WINDOWS\SYSTEM32\IPHLPAPI.DLL
0x00007ff866d80000 - 0x00007ff866d88000 	C:\WINDOWS\System32\NSI.dll
0x00007ff85d7c0000 - 0x00007ff85d7d7000 	C:\WINDOWS\SYSTEM32\dhcpcsvc6.DLL
0x00007ff85d7a0000 - 0x00007ff85d7bd000 	C:\WINDOWS\SYSTEM32\dhcpcsvc.DLL
0x00007ff863960000 - 0x00007ff863a2a000 	C:\WINDOWS\SYSTEM32\DNSAPI.dll

dbghelp: loaded successfully - version: 4.0.5 - missing functions: none
symbol engine: initialized successfully - sym options: 0x614 - pdb path: .;C:\Program Files\Android\Android Studio\jre\bin;C:\WINDOWS\SYSTEM32;C:\WINDOWS\WinSxS\amd64_microsoft.windows.common-controls_6595b64144ccf1df_6.0.19041.1110_none_60b5254171f9507e;C:\Program Files\Android\Android Studio\jre\bin\server;C:\Users\ASUS\.gradle\native\e1d6ef7f7dcc3fd88c89a11ec53ec762bb8ba0a96d01ffa2cd45eb1d1d8dd5c5\windows-amd64;C:\Users\ASUS\.gradle\native\0d407fdbe67a94daf76414ababcb853783967236a71b16ec16e742cd7a986fd3\windows-amd64

VM Arguments:
jvm_args: --add-opens=java.base/java.util=ALL-UNNAMED --add-opens=java.base/java.lang=ALL-UNNAMED --add-opens=java.base/java.lang.invoke=ALL-UNNAMED --add-opens=java.base/java.util=ALL-UNNAMED --add-opens=java.prefs/java.util.prefs=ALL-UNNAMED --add-opens=java.prefs/java.util.prefs=ALL-UNNAMED --add-opens=java.base/java.nio.charset=ALL-UNNAMED --add-opens=java.base/java.net=ALL-UNNAMED --add-opens=java.base/java.util.concurrent.atomic=ALL-UNNAMED -Xmx2048m -Dfile.encoding=UTF-8 -Duser.country=FR -Duser.language=fr -Duser.variant 
java_command: org.gradle.launcher.daemon.bootstrap.GradleDaemon 7.4
java_class_path (initial): C:\Users\ASUS\.gradle\wrapper\dists\gradle-7.4-bin\c0gwcg53nkjbqw7r0h0umtfvt\gradle-7.4\lib\gradle-launcher-7.4.jar
Launcher Type: SUN_STANDARD

[Global flags]
     intx CICompilerCount                          = 3                                         {product} {ergonomic}
     uint ConcGCThreads                            = 1                                         {product} {ergonomic}
     uint G1ConcRefinementThreads                  = 4                                         {product} {ergonomic}
   size_t G1HeapRegionSize                         = 1048576                                   {product} {ergonomic}
    uintx GCDrainStackTargetSize                   = 64                                        {product} {ergonomic}
   size_t InitialHeapSize                          = 134217728                                 {product} {ergonomic}
   size_t MarkStackSize                            = 4194304                                   {product} {ergonomic}
   size_t MaxHeapSize                              = 2147483648                                {product} {command line}
   size_t MaxNewSize                               = 1287651328                                {product} {ergonomic}
   size_t MinHeapDeltaBytes                        = 1048576                                   {product} {ergonomic}
    uintx NonNMethodCodeHeapSize                   = 5830732                                {pd product} {ergonomic}
    uintx NonProfiledCodeHeapSize                  = 122913754                              {pd product} {ergonomic}
    uintx ProfiledCodeHeapSize                     = 122913754                              {pd product} {ergonomic}
    uintx ReservedCodeCacheSize                    = 251658240                              {pd product} {ergonomic}
     bool SegmentedCodeCache                       = true                                      {product} {ergonomic}
     bool UseCompressedClassPointers               = true                                 {lp64_product} {ergonomic}
     bool UseCompressedOops                        = true                                 {lp64_product} {ergonomic}
     bool UseG1GC                                  = true                                      {product} {ergonomic}
     bool UseLargePagesIndividualAllocation        = false                                  {pd product} {ergonomic}

Logging:
Log output configuration:
 #0: stdout all=warning uptime,level,tags
 #1: stderr all=off uptime,level,tags

Environment Variables:
JAVA_HOME=C:\Program Files\Java\jdk-17.0.2\bin
JRE_HOME=C:\Program Files\Java\jre1.8.0_351
PATH=C:\Program Files\Common Files\Oracle\Java\javapath;C:\Program Files (x86)\Common Files\Oracle\Java\javapath;C:\Program Files\Java\jdk-17.0.2\bin;C:\ProgramData\chocolatey\bin;C:\Program Files\nodejs\;C:\Program Files\Git\cmd;C:\Program Files\Maven\apache-maven-3.8.6\bin;C:\Program Files\Microsoft SQL Server\150\Tools\Binn\;C:\Program Files\Microsoft SQL Server\Client SDK\ODBC\170\Tools\Binn\;C:\Program Files\dotnet\;C:\Program Files\MySQL\MySQL Shell 8.0\bin\;C:\Program Files\Java\jdk-17;C:\Users\ASUS\AppData\Local\Programs\Microsoft VS Code\bin;C:\MinGW\bin;C:\Program Files (x86)\GnuWin32\bin;C:\Program Files\Java\jdk-17.0.2\bin;C:\Program Files (x86)\Inno Setup 6;C:\Users\ASUS\AppData\Roaming\npm;C:\Program Files\JetBrains\IntelliJ IDEA 2022.2.4\bin;;C:\Program Files\Java\jdk1.8.0_311\bin;C:\Program Files\JetBrains\IntelliJ IDEA Community Edition 2022.2\bin;;C:\Users\ASUS\.dotnet\tools;C:\Program Files\Java\jre1.8.0_351;
USERNAME=ASUS
OS=Windows_NT
PROCESSOR_IDENTIFIER=Intel64 Family 6 Model 142 Stepping 9, GenuineIntel



---------------  S Y S T E M  ---------------

OS: Windows 10 , 64 bit Build 19041 (10.0.19041.2251)
OS uptime: 22 days 6:22 hours

CPU:total 4 (initial active 4) (2 cores per cpu, 2 threads per core) family 6 model 142 stepping 9 microcode 0xb4, cmov, cx8, fxsr, mmx, sse, sse2, sse3, ssse3, sse4.1, sse4.2, popcnt, avx, avx2, aes, clmul, erms, 3dnowpref, lzcnt, ht, tsc, tscinvbit, bmi1, bmi2, adx, fma

Memory: 4k page, system-wide physical 8075M (91M free)
TotalPageFile size 32651M (AvailPageFile size 5M)
current process WorkingSet (physical memory assigned to process): 269M, peak: 269M
current process commit charge ("private bytes"): 331M, peak: 333M

vm_info: OpenJDK 64-Bit Server VM (11.0.13+0-b1751.21-8125866) for windows-amd64 JRE (11.0.13+0-b1751.21-8125866), built on Feb  2 2022 03:00:22 by "builder" with MS VC++ 14.0 (VS2015)

END.
