#
# There is insufficient memory for the Java Runtime Environment to continue.
# Native memory allocation (mmap) failed to map 96468992 bytes for Failed to commit area from 0x000000008c400000 to 0x0000000092000000 of length 96468992.
# Possible reasons:
#   The system is out of physical RAM or swap space
#   The process is running with CompressedOops enabled, and the Java Heap may be blocking the growth of the native heap
# Possible solutions:
#   Reduce memory load on the system
#   Increase physical memory or swap space
#   Check if swap backing store is full
#   Decrease Java heap size (-Xmx/-Xms)
#   Decrease number of Java threads
#   Decrease Java thread stack sizes (-Xss)
#   Set larger code cache with -XX:ReservedCodeCacheSize=
#   JVM is running with Unscaled Compressed Oops mode in which the Java heap is
#     placed in the first 4GB address space. The Java Heap base address is the
#     maximum limit for the native heap growth. Please use -XX:HeapBaseMinAddress
#     to set the Java Heap base and to place the Java Heap above 4GB virtual address.
# This output file may be truncated or incomplete.
#
#  Out of Memory Error (./src/hotspot/os/windows/os_windows.cpp:3619), pid=126692, tid=118288
#
# JRE version: OpenJDK Runtime Environment (11.0.13) (build 11.0.13+0-b1751.21-8125866)
# Java VM: OpenJDK 64-Bit Server VM (11.0.13+0-b1751.21-8125866, mixed mode, tiered, compressed oops, g1 gc, windows-amd64)
# No core dump will be written. Minidumps are not enabled by default on client versions of Windows
#

---------------  S U M M A R Y ------------

Command Line: --add-opens=java.base/java.util=ALL-UNNAMED --add-opens=java.base/java.lang=ALL-UNNAMED --add-opens=java.base/java.lang.invoke=ALL-UNNAMED --add-opens=java.base/java.util=ALL-UNNAMED --add-opens=java.prefs/java.util.prefs=ALL-UNNAMED --add-opens=java.prefs/java.util.prefs=ALL-UNNAMED --add-opens=java.base/java.nio.charset=ALL-UNNAMED --add-opens=java.base/java.net=ALL-UNNAMED --add-opens=java.base/java.util.concurrent.atomic=ALL-UNNAMED -Xmx2048m -Dfile.encoding=UTF-8 -Duser.country=FR -Duser.language=fr -Duser.variant org.gradle.launcher.daemon.bootstrap.GradleDaemon 7.4

Host: Intel(R) Core(TM) i7-7500U CPU @ 2.70GHz, 4 cores, 7G,  Windows 10 , 64 bit Build 19041 (10.0.19041.2251)
Time: Sat Dec  3 16:19:54 2022 Maroc (heure d’été) elapsed time: 30.384355 seconds (0d 0h 0m 30s)

---------------  T H R E A D  ---------------

Current thread (0x0000029245cdb800):  VMThread "VM Thread" [stack: 0x000000ec82a00000,0x000000ec82b00000] [id=118288]

Stack: [0x000000ec82a00000,0x000000ec82b00000]
[error occurred during error reporting (printing stack bounds), id 0xc0000005, EXCEPTION_ACCESS_VIOLATION (0xc0000005) at pc=0x000002922fc0112d]

Native frames: (J=compiled Java code, j=interpreted, Vv=VM code, C=native code)
V  [jvm.dll+0x6100fa]
V  [jvm.dll+0x747090]
V  [jvm.dll+0x7486ad]
V  [jvm.dll+0x748ce5]
V  [jvm.dll+0x748c9b]
V  [jvm.dll+0x60f224]
V  [jvm.dll+0x60f9b8]
C  [ntdll.dll+0xa241f]
C  [ntdll.dll+0x514a4]
C  [ntdll.dll+0xa0f4e]
C  0x000002922fc0112d

VM_Operation (0x000000ec889fe4a0): G1CollectForAllocation, mode: safepoint, requested by thread 0x000002924c1bd000


---------------  P R O C E S S  ---------------

Threads class SMR info:
_java_thread_list=0x000002924a2c6c90, length=93, elements={
0x000002922c0dc800, 0x0000029245ce0800, 0x0000029245cea000, 0x0000029245cfc800,
0x0000029245cfe800, 0x0000029245cff800, 0x0000029245d04800, 0x0000029245d05800,
0x00000292466a4000, 0x00000292467d6800, 0x00000292490fe000, 0x00000292473a5000,
0x000002924960a800, 0x000002924918d800, 0x00000292474e0800, 0x00000292494be800,
0x000002924747f800, 0x0000029248fe0800, 0x000002924966b000, 0x0000029247ad8800,
0x0000029249082800, 0x0000029249083000, 0x0000029249084000, 0x0000029249081800,
0x0000029247640000, 0x0000029247643000, 0x0000029247641800, 0x0000029247644000,
0x000002924763e000, 0x0000029247640800, 0x000002924763f000, 0x0000029247645800,
0x0000029247646800, 0x0000029247648000, 0x0000029247642800, 0x000002924764b000,
0x000002924764a800, 0x0000029247649000, 0x000002924764c000, 0x0000029247649800,
0x000002924764d000, 0x000002924c4e0000, 0x000002924c4e1800, 0x000002924c4e2800,
0x000002924c4e4000, 0x000002924c4e5800, 0x000002924c4e0800, 0x000002924c4e5000,
0x000002924c4e6800, 0x000002924c4e3000, 0x0000029249c80000, 0x0000029249c80800,
0x0000029249c7e000, 0x0000029249c83000, 0x0000029249c81800, 0x0000029249c82800,
0x0000029249c7d800, 0x0000029249c84000, 0x0000029249c84800, 0x0000029249c7f000,
0x0000029249c89000, 0x0000029249c8a800, 0x0000029249c89800, 0x0000029249c85800,
0x0000029249c8c000, 0x0000029249c88000, 0x0000029249c8b800, 0x0000029249c86800,
0x0000029249c87000, 0x0000029249db9000, 0x0000029249db5800, 0x0000029249db6800,
0x0000029249db5000, 0x0000029249dba000, 0x0000029249db7800, 0x0000029249db4000,
0x0000029249dba800, 0x0000029249dbb800, 0x0000029249dbc000, 0x0000029249dbd000,
0x0000029249dbe000, 0x0000029249db8000, 0x0000029249dc2000, 0x0000029249dc0800,
0x0000029249dbe800, 0x0000029249dc1000, 0x0000029249dbf800, 0x0000029249dc2800,
0x000002924c1bb800, 0x000002924c1bc800, 0x000002924c1ba800, 0x000002924c1be000,
0x000002924c1bd000
}

Java Threads: ( => current thread )
  0x000002922c0dc800 JavaThread "main" [_thread_blocked, id=116160, stack(0x000000ec82400000,0x000000ec82500000)]
  0x0000029245ce0800 JavaThread "Reference Handler" daemon [_thread_blocked, id=113724, stack(0x000000ec82b00000,0x000000ec82c00000)]
  0x0000029245cea000 JavaThread "Finalizer" daemon [_thread_blocked, id=121024, stack(0x000000ec82c00000,0x000000ec82d00000)]
  0x0000029245cfc800 JavaThread "Signal Dispatcher" daemon [_thread_blocked, id=126588, stack(0x000000ec82d00000,0x000000ec82e00000)]
  0x0000029245cfe800 JavaThread "Attach Listener" daemon [_thread_blocked, id=41520, stack(0x000000ec82e00000,0x000000ec82f00000)]
  0x0000029245cff800 JavaThread "Service Thread" daemon [_thread_blocked, id=125396, stack(0x000000ec82f00000,0x000000ec83000000)]
  0x0000029245d04800 JavaThread "C2 CompilerThread0" daemon [_thread_blocked, id=129404, stack(0x000000ec83000000,0x000000ec83100000)]
  0x0000029245d05800 JavaThread "C1 CompilerThread0" daemon [_thread_blocked, id=124256, stack(0x000000ec83100000,0x000000ec83200000)]
  0x00000292466a4000 JavaThread "Sweeper thread" daemon [_thread_blocked, id=124688, stack(0x000000ec83200000,0x000000ec83300000)]
  0x00000292467d6800 JavaThread "Common-Cleaner" daemon [_thread_blocked, id=121504, stack(0x000000ec83300000,0x000000ec83400000)]
  0x00000292490fe000 JavaThread "Daemon health stats" [_thread_blocked, id=126876, stack(0x000000ec83700000,0x000000ec83800000)]
  0x00000292473a5000 JavaThread "Incoming local TCP Connector on port 51388" [_thread_in_native, id=127852, stack(0x000000ec83800000,0x000000ec83900000)]
  0x000002924960a800 JavaThread "Daemon periodic checks" [_thread_blocked, id=124384, stack(0x000000ec83900000,0x000000ec83a00000)]
  0x000002924918d800 JavaThread "Daemon" [_thread_blocked, id=130036, stack(0x000000ec83a00000,0x000000ec83b00000)]
  0x00000292474e0800 JavaThread "Handler for socket connection from /127.0.0.1:51388 to /127.0.0.1:51389" [_thread_in_native, id=128376, stack(0x000000ec83b00000,0x000000ec83c00000)]
  0x00000292494be800 JavaThread "Cancel handler" [_thread_blocked, id=93004, stack(0x000000ec83c00000,0x000000ec83d00000)]
  0x000002924747f800 JavaThread "Daemon worker" [_thread_blocked, id=112200, stack(0x000000ec83d00000,0x000000ec83e00000)]
  0x0000029248fe0800 JavaThread "Asynchronous log dispatcher for DefaultDaemonConnection: socket connection from /127.0.0.1:51388 to /127.0.0.1:51389" [_thread_blocked, id=129236, stack(0x000000ec83e00000,0x000000ec83f00000)]
  0x000002924966b000 JavaThread "Stdin handler" [_thread_blocked, id=128076, stack(0x000000ec83f00000,0x000000ec84000000)]
  0x0000029247ad8800 JavaThread "Daemon client event forwarder" [_thread_blocked, id=115400, stack(0x000000ec84000000,0x000000ec84100000)]
  0x0000029249082800 JavaThread "Cache worker for journal cache (C:\Users\ASUS\.gradle\caches\journal-1)" [_thread_blocked, id=118568, stack(0x000000ec84200000,0x000000ec84300000)]
  0x0000029249083000 JavaThread "File lock request listener" [_thread_in_native, id=102908, stack(0x000000ec84300000,0x000000ec84400000)]
  0x0000029249084000 JavaThread "Cache worker for file hash cache (C:\Users\ASUS\.gradle\caches\7.4\fileHashes)" [_thread_blocked, id=129728, stack(0x000000ec84400000,0x000000ec84500000)]
  0x0000029249081800 JavaThread "File watcher server" daemon [_thread_blocked, id=122224, stack(0x000000ec84500000,0x000000ec84600000)]
  0x0000029247640000 JavaThread "File watcher consumer" daemon [_thread_blocked, id=125304, stack(0x000000ec84600000,0x000000ec84700000)]
  0x0000029247643000 JavaThread "Cache worker for checksums cache (C:\Users\ASUS\AndroidStudioProjects\ClubSportif\.gradle\7.4\checksums)" [_thread_blocked, id=129984, stack(0x000000ec84700000,0x000000ec84800000)]
  0x0000029247641800 JavaThread "Cache worker for cache directory md-rule (C:\Users\ASUS\.gradle\caches\7.4\md-rule)" [_thread_blocked, id=129412, stack(0x000000ec84800000,0x000000ec84900000)]
  0x0000029247644000 JavaThread "Cache worker for file hash cache (C:\Users\ASUS\AndroidStudioProjects\ClubSportif\.gradle\7.4\fileHashes)" [_thread_blocked, id=122164, stack(0x000000ec84900000,0x000000ec84a00000)]
  0x000002924763e000 JavaThread "Cache worker for cache directory md-supplier (C:\Users\ASUS\.gradle\caches\7.4\md-supplier)" [_thread_blocked, id=122964, stack(0x000000ec84a00000,0x000000ec84b00000)]
  0x0000029247640800 JavaThread "Cache worker for execution history cache (C:\Users\ASUS\.gradle\caches\7.4\executionHistory)" [_thread_blocked, id=122624, stack(0x000000ec84b00000,0x000000ec84c00000)]
  0x000002924763f000 JavaThread "jar transforms" [_thread_blocked, id=83752, stack(0x000000ec84d00000,0x000000ec84e00000)]
  0x0000029247645800 JavaThread "Cache worker for file content cache (C:\Users\ASUS\.gradle\caches\7.4\fileContent)" [_thread_blocked, id=125140, stack(0x000000ec84e00000,0x000000ec84f00000)]
  0x0000029247646800 JavaThread "jar transforms Thread 2" [_thread_blocked, id=126144, stack(0x000000ec84f00000,0x000000ec85000000)]
  0x0000029247648000 JavaThread "Cache worker for dependencies-accessors (C:\Users\ASUS\AndroidStudioProjects\ClubSportif\.gradle\7.4\dependencies-accessors)" [_thread_blocked, id=128640, stack(0x000000ec85000000,0x000000ec85100000)]
  0x0000029247642800 JavaThread "jar transforms Thread 3" [_thread_blocked, id=121072, stack(0x000000ec85100000,0x000000ec85200000)]
  0x000002924764b000 JavaThread "Cache worker for Build Output Cleanup Cache (C:\Users\ASUS\AndroidStudioProjects\ClubSportif\.gradle\buildOutputCleanup)" [_thread_blocked, id=127196, stack(0x000000ec85200000,0x000000ec85300000)]
  0x000002924764a800 JavaThread "Unconstrained build operations" [_thread_blocked, id=127364, stack(0x000000ec85300000,0x000000ec85400000)]
  0x0000029247649000 JavaThread "Unconstrained build operations Thread 2" [_thread_blocked, id=127520, stack(0x000000ec85400000,0x000000ec85500000)]
  0x000002924764c000 JavaThread "Unconstrained build operations Thread 3" [_thread_blocked, id=117316, stack(0x000000ec85500000,0x000000ec85600000)]
  0x0000029247649800 JavaThread "Unconstrained build operations Thread 4" [_thread_blocked, id=43888, stack(0x000000ec85600000,0x000000ec85700000)]
  0x000002924764d000 JavaThread "Unconstrained build operations Thread 5" [_thread_blocked, id=129056, stack(0x000000ec85700000,0x000000ec85800000)]
  0x000002924c4e0000 JavaThread "Unconstrained build operations Thread 6" [_thread_blocked, id=83188, stack(0x000000ec85800000,0x000000ec85900000)]
  0x000002924c4e1800 JavaThread "Unconstrained build operations Thread 7" [_thread_blocked, id=117668, stack(0x000000ec85900000,0x000000ec85a00000)]
  0x000002924c4e2800 JavaThread "Unconstrained build operations Thread 8" [_thread_blocked, id=127788, stack(0x000000ec85a00000,0x000000ec85b00000)]
  0x000002924c4e4000 JavaThread "Unconstrained build operations Thread 9" [_thread_blocked, id=124992, stack(0x000000ec85b00000,0x000000ec85c00000)]
  0x000002924c4e5800 JavaThread "Unconstrained build operations Thread 10" [_thread_blocked, id=125580, stack(0x000000ec85c00000,0x000000ec85d00000)]
  0x000002924c4e0800 JavaThread "Unconstrained build operations Thread 11" [_thread_blocked, id=127624, stack(0x000000ec85d00000,0x000000ec85e00000)]
  0x000002924c4e5000 JavaThread "Unconstrained build operations Thread 12" [_thread_blocked, id=120508, stack(0x000000ec85e00000,0x000000ec85f00000)]
  0x000002924c4e6800 JavaThread "Unconstrained build operations Thread 13" [_thread_blocked, id=110032, stack(0x000000ec85f00000,0x000000ec86000000)]
  0x000002924c4e3000 JavaThread "Unconstrained build operations Thread 14" [_thread_blocked, id=129592, stack(0x000000ec86000000,0x000000ec86100000)]
  0x0000029249c80000 JavaThread "Unconstrained build operations Thread 15" [_thread_blocked, id=125684, stack(0x000000ec86100000,0x000000ec86200000)]
  0x0000029249c80800 JavaThread "Unconstrained build operations Thread 16" [_thread_blocked, id=113076, stack(0x000000ec86200000,0x000000ec86300000)]
  0x0000029249c7e000 JavaThread "Unconstrained build operations Thread 17" [_thread_blocked, id=121496, stack(0x000000ec86300000,0x000000ec86400000)]
  0x0000029249c83000 JavaThread "Unconstrained build operations Thread 18" [_thread_blocked, id=126248, stack(0x000000ec86400000,0x000000ec86500000)]
  0x0000029249c81800 JavaThread "Unconstrained build operations Thread 19" [_thread_blocked, id=125096, stack(0x000000ec86500000,0x000000ec86600000)]
  0x0000029249c82800 JavaThread "Unconstrained build operations Thread 20" [_thread_blocked, id=113684, stack(0x000000ec86600000,0x000000ec86700000)]
  0x0000029249c7d800 JavaThread "Unconstrained build operations Thread 21" [_thread_blocked, id=71644, stack(0x000000ec86700000,0x000000ec86800000)]
  0x0000029249c84000 JavaThread "Unconstrained build operations Thread 22" [_thread_blocked, id=127652, stack(0x000000ec86800000,0x000000ec86900000)]
  0x0000029249c84800 JavaThread "Unconstrained build operations Thread 23" [_thread_blocked, id=119004, stack(0x000000ec86900000,0x000000ec86a00000)]
  0x0000029249c7f000 JavaThread "Unconstrained build operations Thread 24" [_thread_blocked, id=127408, stack(0x000000ec86a00000,0x000000ec86b00000)]
  0x0000029249c89000 JavaThread "Unconstrained build operations Thread 25" [_thread_blocked, id=98184, stack(0x000000ec86b00000,0x000000ec86c00000)]
  0x0000029249c8a800 JavaThread "Unconstrained build operations Thread 26" [_thread_blocked, id=120356, stack(0x000000ec86c00000,0x000000ec86d00000)]
  0x0000029249c89800 JavaThread "Unconstrained build operations Thread 27" [_thread_blocked, id=100396, stack(0x000000ec86d00000,0x000000ec86e00000)]
  0x0000029249c85800 JavaThread "Unconstrained build operations Thread 28" [_thread_blocked, id=126220, stack(0x000000ec86e00000,0x000000ec86f00000)]
  0x0000029249c8c000 JavaThread "Unconstrained build operations Thread 29" [_thread_blocked, id=116372, stack(0x000000ec86f00000,0x000000ec87000000)]
  0x0000029249c88000 JavaThread "Unconstrained build operations Thread 30" [_thread_blocked, id=98872, stack(0x000000ec87000000,0x000000ec87100000)]
  0x0000029249c8b800 JavaThread "Unconstrained build operations Thread 31" [_thread_blocked, id=66044, stack(0x000000ec87100000,0x000000ec87200000)]
  0x0000029249c86800 JavaThread "Unconstrained build operations Thread 32" [_thread_blocked, id=121004, stack(0x000000ec87200000,0x000000ec87300000)]
  0x0000029249c87000 JavaThread "Unconstrained build operations Thread 33" [_thread_blocked, id=113264, stack(0x000000ec87300000,0x000000ec87400000)]
  0x0000029249db9000 JavaThread "Unconstrained build operations Thread 34" [_thread_blocked, id=119824, stack(0x000000ec87400000,0x000000ec87500000)]
  0x0000029249db5800 JavaThread "Unconstrained build operations Thread 35" [_thread_blocked, id=112652, stack(0x000000ec87500000,0x000000ec87600000)]
  0x0000029249db6800 JavaThread "Unconstrained build operations Thread 36" [_thread_blocked, id=95932, stack(0x000000ec87600000,0x000000ec87700000)]
  0x0000029249db5000 JavaThread "Unconstrained build operations Thread 37" [_thread_blocked, id=121912, stack(0x000000ec87700000,0x000000ec87800000)]
  0x0000029249dba000 JavaThread "Unconstrained build operations Thread 38" [_thread_blocked, id=122060, stack(0x000000ec87800000,0x000000ec87900000)]
  0x0000029249db7800 JavaThread "Unconstrained build operations Thread 39" [_thread_blocked, id=119596, stack(0x000000ec87900000,0x000000ec87a00000)]
  0x0000029249db4000 JavaThread "Unconstrained build operations Thread 40" [_thread_blocked, id=112596, stack(0x000000ec87a00000,0x000000ec87b00000)]
  0x0000029249dba800 JavaThread "jar transforms Thread 4" [_thread_blocked, id=85668, stack(0x000000ec87b00000,0x000000ec87c00000)]
  0x0000029249dbb800 JavaThread "Memory manager" [_thread_blocked, id=127276, stack(0x000000ec84c00000,0x000000ec84d00000)]
  0x0000029249dbc000 JavaThread "build event listener" [_thread_blocked, id=120664, stack(0x000000ec87c00000,0x000000ec87d00000)]
  0x0000029249dbd000 JavaThread "pool-3-thread-1" [_thread_blocked, id=127896, stack(0x000000ec87d00000,0x000000ec87e00000)]
  0x0000029249dbe000 JavaThread "build event listener" [_thread_blocked, id=120500, stack(0x000000ec87e00000,0x000000ec87f00000)]
  0x0000029249db8000 JavaThread "included builds" [_thread_blocked, id=122788, stack(0x000000ec87f00000,0x000000ec88000000)]
  0x0000029249dc2000 JavaThread "Execution worker for ':'" [_thread_blocked, id=103016, stack(0x000000ec88000000,0x000000ec88100000)]
  0x0000029249dc0800 JavaThread "Execution worker for ':' Thread 2" [_thread_blocked, id=129744, stack(0x000000ec88100000,0x000000ec88200000)]
  0x0000029249dbe800 JavaThread "Execution worker for ':' Thread 3" [_thread_blocked, id=130012, stack(0x000000ec88200000,0x000000ec88300000)]
  0x0000029249dc1000 JavaThread "Cache worker for execution history cache (C:\Users\ASUS\AndroidStudioProjects\ClubSportif\.gradle\7.4\executionHistory)" [_thread_blocked, id=129332, stack(0x000000ec88300000,0x000000ec88400000)]
  0x0000029249dbf800 JavaThread "WorkerExecutor Queue" [_thread_blocked, id=118936, stack(0x000000ec88400000,0x000000ec88500000)]
  0x0000029249dc2800 JavaThread "WorkerExecutor Queue Thread 2" [_thread_blocked, id=116972, stack(0x000000ec88500000,0x000000ec88600000)]
  0x000002924c1bb800 JavaThread "WorkerExecutor Queue Thread 3" [_thread_blocked, id=104088, stack(0x000000ec88600000,0x000000ec88700000)]
  0x000002924c1bc800 JavaThread "ForkJoinPool-1-worker-3" daemon [_thread_blocked, id=129856, stack(0x000000ec82300000,0x000000ec82400000)]
  0x000002924c1ba800 JavaThread "ForkJoinPool-1-worker-5" daemon [_thread_blocked, id=124984, stack(0x000000ec88700000,0x000000ec88800000)]
  0x000002924c1be000 JavaThread "ForkJoinPool-1-worker-7" daemon [_thread_blocked, id=130028, stack(0x000000ec88800000,0x000000ec88900000)]
  0x000002924c1bd000 JavaThread "ForkJoinPool-1-worker-1" daemon [_thread_blocked, id=128296, stack(0x000000ec88900000,0x000000ec88a00000)]

Other Threads:
=>0x0000029245cdb800 VMThread "VM Thread" [stack: 0x000000ec82a00000,0x000000ec82b00000] [id=118288]
  0x0000029246800800 WatcherThread [stack: 0x000000ec83400000,0x000000ec83500000] [id=129388]
  0x000002922c0f6000 GCTaskThread "GC Thread#0" [stack: 0x000000ec82500000,0x000000ec82600000] [id=4932]
  0x000002924701c800 GCTaskThread "GC Thread#1" [stack: 0x000000ec83500000,0x000000ec83600000] [id=119264]
  0x00000292468b1800 GCTaskThread "GC Thread#2" [stack: 0x000000ec83600000,0x000000ec83700000] [id=123092]
  0x000002924969c800 GCTaskThread "GC Thread#3" [stack: 0x000000ec84100000,0x000000ec84200000] [id=106500]
  0x000002922c125000 ConcurrentGCThread "G1 Main Marker" [stack: 0x000000ec82600000,0x000000ec82700000] [id=105432]
  0x000002922c127800 ConcurrentGCThread "G1 Conc#0" [stack: 0x000000ec82700000,0x000000ec82800000] [id=123452]
  0x000002922c1b8800 ConcurrentGCThread "G1 Refine#0" [stack: 0x000000ec82800000,0x000000ec82900000] [id=116376]
  0x000002922c1b9800 ConcurrentGCThread "G1 Young RemSet Sampling" [stack: 0x000000ec82900000,0x000000ec82a00000] [id=116016]

Threads with active compile tasks:
C2 CompilerThread0  30431 10857       4       com.android.tools.r8.graph.a1::n0 (24 bytes)
C1 CompilerThread0  30431 10909       3       com.android.tools.r8.dex.i::a (1036 bytes)

VM state:at safepoint (normal execution)

VM Mutex/Monitor currently owned by a thread:  ([mutex/lock_event])
[0x000002922c0d7d40] Threads_lock - owner thread: 0x0000029245cdb800
[0x000002922c0d92a0] Heap_lock - owner thread: 0x000002924c1bd000

Heap address: 0x0000000080000000, size: 2048 MB, Compressed Oops mode: 32-bit
Narrow klass base: 0x0000000000000000, Narrow klass shift: 3
Compressed class space size: 1073741824 Address: 0x0000000100000000

Heap:
 garbage-first heap   total 294912K, used 134166K [0x0000000080000000, 0x0000000100000000)
  region size 1024K, 2 young (2048K), 2 survivors (2048K)
 Metaspace       used 92154K, capacity 94424K, committed 94684K, reserved 1130496K
  class space    used 11991K, capacity 12836K, committed 12960K, reserved 1048576K
Heap Regions: E=young(eden), S=young(survivor), O=old, HS=humongous(starts), HC=humongous(continues), CS=collection set, F=free, A=archive, TAMS=top-at-mark-start (previous, next)
|   0|0x0000000080000000, 0x0000000080100000, 0x0000000080100000|100%|HS|  |TAMS 0x0000000080100000, 0x0000000080000000| Complete 
|   1|0x0000000080100000, 0x0000000080200000, 0x0000000080200000|100%|HC|  |TAMS 0x0000000080200000, 0x0000000080100000| Complete 
|   2|0x0000000080200000, 0x0000000080300000, 0x0000000080300000|100%|HC|  |TAMS 0x0000000080300000, 0x0000000080200000| Complete 
|   3|0x0000000080300000, 0x0000000080400000, 0x0000000080400000|100%| O|  |TAMS 0x0000000080400000, 0x0000000080300000| Untracked 
|   4|0x0000000080400000, 0x0000000080500000, 0x0000000080500000|100%| O|  |TAMS 0x0000000080500000, 0x0000000080400000| Untracked 
|   5|0x0000000080500000, 0x0000000080600000, 0x0000000080600000|100%| O|  |TAMS 0x0000000080600000, 0x0000000080500000| Untracked 
|   6|0x0000000080600000, 0x0000000080700000, 0x0000000080700000|100%| O|  |TAMS 0x0000000080700000, 0x0000000080600000| Untracked 
|   7|0x0000000080700000, 0x0000000080800000, 0x0000000080800000|100%| O|  |TAMS 0x0000000080800000, 0x0000000080700000| Untracked 
|   8|0x0000000080800000, 0x0000000080900000, 0x0000000080900000|100%| O|  |TAMS 0x0000000080900000, 0x0000000080800000| Untracked 
|   9|0x0000000080900000, 0x0000000080a00000, 0x0000000080a00000|100%| O|  |TAMS 0x0000000080a00000, 0x0000000080900000| Untracked 
|  10|0x0000000080a00000, 0x0000000080b00000, 0x0000000080b00000|100%| O|  |TAMS 0x0000000080b00000, 0x0000000080a00000| Untracked 
|  11|0x0000000080b00000, 0x0000000080c00000, 0x0000000080c00000|100%| O|  |TAMS 0x0000000080c00000, 0x0000000080b00000| Untracked 
|  12|0x0000000080c00000, 0x0000000080d00000, 0x0000000080d00000|100%| O|  |TAMS 0x0000000080d00000, 0x0000000080c00000| Untracked 
|  13|0x0000000080d00000, 0x0000000080e00000, 0x0000000080e00000|100%| O|  |TAMS 0x0000000080e00000, 0x0000000080d00000| Untracked 
|  14|0x0000000080e00000, 0x0000000080f00000, 0x0000000080f00000|100%| O|  |TAMS 0x0000000080f00000, 0x0000000080e00000| Untracked 
|  15|0x0000000080f00000, 0x0000000081000000, 0x0000000081000000|100%| O|  |TAMS 0x0000000081000000, 0x0000000080f00000| Untracked 
|  16|0x0000000081000000, 0x0000000081100000, 0x0000000081100000|100%| O|  |TAMS 0x0000000081100000, 0x0000000081000000| Untracked 
|  17|0x0000000081100000, 0x0000000081200000, 0x0000000081200000|100%|HS|  |TAMS 0x0000000081200000, 0x0000000081100000| Complete 
|  18|0x0000000081200000, 0x0000000081300000, 0x0000000081300000|100%| O|  |TAMS 0x0000000081300000, 0x0000000081200000| Untracked 
|  19|0x0000000081300000, 0x0000000081400000, 0x0000000081400000|100%| O|  |TAMS 0x0000000081400000, 0x0000000081300000| Untracked 
|  20|0x0000000081400000, 0x0000000081500000, 0x0000000081500000|100%| O|  |TAMS 0x0000000081500000, 0x0000000081400000| Untracked 
|  21|0x0000000081500000, 0x0000000081600000, 0x0000000081600000|100%| O|  |TAMS 0x0000000081600000, 0x0000000081500000| Untracked 
|  22|0x0000000081600000, 0x0000000081700000, 0x0000000081700000|100%| O|  |TAMS 0x0000000081700000, 0x0000000081600000| Untracked 
|  23|0x0000000081700000, 0x0000000081800000, 0x0000000081800000|100%| O|  |TAMS 0x0000000081800000, 0x0000000081700000| Untracked 
|  24|0x0000000081800000, 0x0000000081900000, 0x0000000081900000|100%| O|  |TAMS 0x0000000081900000, 0x0000000081800000| Untracked 
|  25|0x0000000081900000, 0x0000000081a00000, 0x0000000081a00000|100%| O|  |TAMS 0x0000000081a00000, 0x0000000081900000| Untracked 
|  26|0x0000000081a00000, 0x0000000081b00000, 0x0000000081b00000|100%| O|  |TAMS 0x0000000081b00000, 0x0000000081a00000| Untracked 
|  27|0x0000000081b00000, 0x0000000081c00000, 0x0000000081c00000|100%| O|  |TAMS 0x0000000081c00000, 0x0000000081b00000| Untracked 
|  28|0x0000000081c00000, 0x0000000081d00000, 0x0000000081d00000|100%| O|  |TAMS 0x0000000081d00000, 0x0000000081c00000| Untracked 
|  29|0x0000000081d00000, 0x0000000081e00000, 0x0000000081e00000|100%|HS|  |TAMS 0x0000000081e00000, 0x0000000081d00000| Complete 
|  30|0x0000000081e00000, 0x0000000081f00000, 0x0000000081f00000|100%| O|  |TAMS 0x0000000081f00000, 0x0000000081e00000| Untracked 
|  31|0x0000000081f00000, 0x0000000082000000, 0x0000000082000000|100%|HS|  |TAMS 0x0000000082000000, 0x0000000081f00000| Complete 
|  32|0x0000000082000000, 0x0000000082100000, 0x0000000082100000|100%|HC|  |TAMS 0x0000000082100000, 0x0000000082000000| Complete 
|  33|0x0000000082100000, 0x0000000082200000, 0x0000000082200000|100%| O|  |TAMS 0x0000000082200000, 0x0000000082100000| Untracked 
|  34|0x0000000082200000, 0x0000000082300000, 0x0000000082300000|100%| O|  |TAMS 0x0000000082300000, 0x0000000082200000| Untracked 
|  35|0x0000000082300000, 0x0000000082400000, 0x0000000082400000|100%| O|  |TAMS 0x0000000082400000, 0x0000000082300000| Untracked 
|  36|0x0000000082400000, 0x0000000082500000, 0x0000000082500000|100%| O|  |TAMS 0x0000000082500000, 0x0000000082400000| Untracked 
|  37|0x0000000082500000, 0x0000000082600000, 0x0000000082600000|100%| O|  |TAMS 0x0000000082600000, 0x0000000082500000| Untracked 
|  38|0x0000000082600000, 0x0000000082700000, 0x0000000082700000|100%| O|  |TAMS 0x0000000082700000, 0x0000000082600000| Untracked 
|  39|0x0000000082700000, 0x0000000082800000, 0x0000000082800000|100%| O|  |TAMS 0x0000000082800000, 0x0000000082700000| Untracked 
|  40|0x0000000082800000, 0x0000000082900000, 0x0000000082900000|100%| O|  |TAMS 0x0000000082900000, 0x0000000082800000| Untracked 
|  41|0x0000000082900000, 0x0000000082a00000, 0x0000000082a00000|100%| O|  |TAMS 0x0000000082a00000, 0x0000000082900000| Untracked 
|  42|0x0000000082a00000, 0x0000000082b00000, 0x0000000082b00000|100%| O|  |TAMS 0x0000000082b00000, 0x0000000082a00000| Untracked 
|  43|0x0000000082b00000, 0x0000000082c00000, 0x0000000082c00000|100%| O|  |TAMS 0x0000000082c00000, 0x0000000082b00000| Untracked 
|  44|0x0000000082c00000, 0x0000000082d00000, 0x0000000082d00000|100%| O|  |TAMS 0x0000000082d00000, 0x0000000082c00000| Untracked 
|  45|0x0000000082d00000, 0x0000000082e00000, 0x0000000082e00000|100%| O|  |TAMS 0x0000000082e00000, 0x0000000082d00000| Untracked 
|  46|0x0000000082e00000, 0x0000000082f00000, 0x0000000082f00000|100%| O|  |TAMS 0x0000000082f00000, 0x0000000082e00000| Untracked 
|  47|0x0000000082f00000, 0x0000000083000000, 0x0000000083000000|100%| O|  |TAMS 0x0000000083000000, 0x0000000082f00000| Untracked 
|  48|0x0000000083000000, 0x0000000083100000, 0x0000000083100000|100%| O|  |TAMS 0x0000000083100000, 0x0000000083000000| Untracked 
|  49|0x0000000083100000, 0x0000000083200000, 0x0000000083200000|100%| O|  |TAMS 0x0000000083200000, 0x0000000083100000| Untracked 
|  50|0x0000000083200000, 0x0000000083300000, 0x0000000083300000|100%| O|  |TAMS 0x0000000083300000, 0x0000000083200000| Untracked 
|  51|0x0000000083300000, 0x0000000083400000, 0x0000000083400000|100%| O|  |TAMS 0x0000000083400000, 0x0000000083300000| Untracked 
|  52|0x0000000083400000, 0x0000000083500000, 0x0000000083500000|100%| O|  |TAMS 0x0000000083500000, 0x0000000083400000| Untracked 
|  53|0x0000000083500000, 0x0000000083600000, 0x0000000083600000|100%| O|  |TAMS 0x0000000083600000, 0x0000000083500000| Untracked 
|  54|0x0000000083600000, 0x0000000083700000, 0x0000000083700000|100%| O|  |TAMS 0x0000000083700000, 0x0000000083600000| Untracked 
|  55|0x0000000083700000, 0x0000000083800000, 0x0000000083800000|100%| O|  |TAMS 0x0000000083800000, 0x0000000083700000| Untracked 
|  56|0x0000000083800000, 0x0000000083900000, 0x0000000083900000|100%| O|  |TAMS 0x0000000083900000, 0x0000000083800000| Untracked 
|  57|0x0000000083900000, 0x0000000083a00000, 0x0000000083a00000|100%| O|  |TAMS 0x0000000083a00000, 0x0000000083900000| Untracked 
|  58|0x0000000083a00000, 0x0000000083b00000, 0x0000000083b00000|100%| O|  |TAMS 0x0000000083b00000, 0x0000000083a00000| Untracked 
|  59|0x0000000083b00000, 0x0000000083c00000, 0x0000000083c00000|100%| O|  |TAMS 0x0000000083c00000, 0x0000000083b00000| Untracked 
|  60|0x0000000083c00000, 0x0000000083d00000, 0x0000000083d00000|100%| O|  |TAMS 0x0000000083d00000, 0x0000000083c00000| Untracked 
|  61|0x0000000083d00000, 0x0000000083e00000, 0x0000000083e00000|100%| O|  |TAMS 0x0000000083e00000, 0x0000000083d00000| Untracked 
|  62|0x0000000083e00000, 0x0000000083f00000, 0x0000000083f00000|100%| O|  |TAMS 0x0000000083f00000, 0x0000000083e00000| Untracked 
|  63|0x0000000083f00000, 0x0000000084000000, 0x0000000084000000|100%| O|  |TAMS 0x0000000084000000, 0x0000000083f00000| Untracked 
|  64|0x0000000084000000, 0x0000000084100000, 0x0000000084100000|100%| O|  |TAMS 0x0000000084100000, 0x0000000084000000| Untracked 
|  65|0x0000000084100000, 0x0000000084200000, 0x0000000084200000|100%| O|  |TAMS 0x0000000084200000, 0x0000000084100000| Untracked 
|  66|0x0000000084200000, 0x0000000084300000, 0x0000000084300000|100%| O|  |TAMS 0x0000000084300000, 0x0000000084200000| Untracked 
|  67|0x0000000084300000, 0x0000000084400000, 0x0000000084400000|100%| O|  |TAMS 0x0000000084400000, 0x0000000084300000| Untracked 
|  68|0x0000000084400000, 0x0000000084500000, 0x0000000084500000|100%| O|  |TAMS 0x0000000084500000, 0x0000000084400000| Untracked 
|  69|0x0000000084500000, 0x0000000084600000, 0x0000000084600000|100%| O|  |TAMS 0x0000000084600000, 0x0000000084500000| Untracked 
|  70|0x0000000084600000, 0x0000000084700000, 0x0000000084700000|100%| O|  |TAMS 0x0000000084700000, 0x0000000084600000| Untracked 
|  71|0x0000000084700000, 0x0000000084800000, 0x0000000084800000|100%| O|  |TAMS 0x0000000084800000, 0x0000000084700000| Untracked 
|  72|0x0000000084800000, 0x0000000084900000, 0x0000000084900000|100%| O|  |TAMS 0x0000000084900000, 0x0000000084800000| Untracked 
|  73|0x0000000084900000, 0x0000000084a00000, 0x0000000084a00000|100%| O|  |TAMS 0x0000000084a00000, 0x0000000084900000| Untracked 
|  74|0x0000000084a00000, 0x0000000084b00000, 0x0000000084b00000|100%| O|  |TAMS 0x0000000084b00000, 0x0000000084a00000| Untracked 
|  75|0x0000000084b00000, 0x0000000084c00000, 0x0000000084c00000|100%| O|  |TAMS 0x0000000084c00000, 0x0000000084b00000| Untracked 
|  76|0x0000000084c00000, 0x0000000084d00000, 0x0000000084d00000|100%| O|  |TAMS 0x0000000084d00000, 0x0000000084c00000| Untracked 
|  77|0x0000000084d00000, 0x0000000084e00000, 0x0000000084e00000|100%| O|  |TAMS 0x0000000084e00000, 0x0000000084d00000| Untracked 
|  78|0x0000000084e00000, 0x0000000084f00000, 0x0000000084f00000|100%| O|  |TAMS 0x0000000084f00000, 0x0000000084e00000| Untracked 
|  79|0x0000000084f00000, 0x0000000085000000, 0x0000000085000000|100%| O|  |TAMS 0x0000000085000000, 0x0000000084f00000| Untracked 
|  80|0x0000000085000000, 0x0000000085100000, 0x0000000085100000|100%| O|  |TAMS 0x0000000085100000, 0x0000000085000000| Untracked 
|  81|0x0000000085100000, 0x0000000085200000, 0x0000000085200000|100%|HS|  |TAMS 0x0000000085200000, 0x0000000085100000| Complete 
|  82|0x0000000085200000, 0x0000000085300000, 0x0000000085300000|100%|HC|  |TAMS 0x0000000085300000, 0x0000000085200000| Complete 
|  83|0x0000000085300000, 0x0000000085400000, 0x0000000085400000|100%|HC|  |TAMS 0x0000000085400000, 0x0000000085300000| Complete 
|  84|0x0000000085400000, 0x0000000085500000, 0x0000000085500000|100%|HC|  |TAMS 0x0000000085500000, 0x0000000085400000| Complete 
|  85|0x0000000085500000, 0x0000000085600000, 0x0000000085600000|100%|HC|  |TAMS 0x0000000085600000, 0x0000000085500000| Complete 
|  86|0x0000000085600000, 0x0000000085700000, 0x0000000085700000|100%|HC|  |TAMS 0x0000000085700000, 0x0000000085600000| Complete 
|  87|0x0000000085700000, 0x0000000085800000, 0x0000000085800000|100%|HC|  |TAMS 0x0000000085800000, 0x0000000085700000| Complete 
|  88|0x0000000085800000, 0x0000000085900000, 0x0000000085900000|100%|HC|  |TAMS 0x0000000085900000, 0x0000000085800000| Complete 
|  89|0x0000000085900000, 0x0000000085a00000, 0x0000000085a00000|100%|HC|  |TAMS 0x0000000085a00000, 0x0000000085900000| Complete 
|  90|0x0000000085a00000, 0x0000000085b00000, 0x0000000085b00000|100%|HC|  |TAMS 0x0000000085b00000, 0x0000000085a00000| Complete 
|  91|0x0000000085b00000, 0x0000000085c00000, 0x0000000085c00000|100%|HS|  |TAMS 0x0000000085b00000, 0x0000000085b00000| Complete 
|  92|0x0000000085c00000, 0x0000000085d00000, 0x0000000085d00000|100%| O|  |TAMS 0x0000000085c00000, 0x0000000085c00000| Untracked 
|  93|0x0000000085d00000, 0x0000000085e00000, 0x0000000085e00000|100%| O|  |TAMS 0x0000000085d00000, 0x0000000085d00000| Untracked 
|  94|0x0000000085e00000, 0x0000000085f00000, 0x0000000085f00000|100%| O|  |TAMS 0x0000000085e00000, 0x0000000085e00000| Untracked 
|  95|0x0000000085f00000, 0x0000000086000000, 0x0000000086000000|100%| O|  |TAMS 0x0000000085f00000, 0x0000000085f00000| Untracked 
|  96|0x0000000086000000, 0x0000000086100000, 0x0000000086100000|100%| O|  |TAMS 0x0000000086000000, 0x0000000086000000| Untracked 
|  97|0x0000000086100000, 0x0000000086200000, 0x0000000086200000|100%| O|  |TAMS 0x0000000086100000, 0x0000000086100000| Untracked 
|  98|0x0000000086200000, 0x0000000086300000, 0x0000000086300000|100%| O|  |TAMS 0x0000000086200000, 0x0000000086200000| Untracked 
|  99|0x0000000086300000, 0x0000000086400000, 0x0000000086400000|100%| O|  |TAMS 0x0000000086300000, 0x0000000086300000| Untracked 
| 100|0x0000000086400000, 0x0000000086500000, 0x0000000086500000|100%| O|  |TAMS 0x0000000086400000, 0x0000000086400000| Untracked 
| 101|0x0000000086500000, 0x0000000086600000, 0x0000000086600000|100%| O|  |TAMS 0x0000000086500000, 0x0000000086500000| Untracked 
| 102|0x0000000086600000, 0x0000000086661800, 0x0000000086700000| 38%| O|  |TAMS 0x0000000086600000, 0x0000000086600000| Untracked 
| 103|0x0000000086700000, 0x0000000086700000, 0x0000000086800000|  0%| F|  |TAMS 0x0000000086700000, 0x0000000086700000| Untracked 
| 104|0x0000000086800000, 0x0000000086800000, 0x0000000086900000|  0%| F|  |TAMS 0x0000000086800000, 0x0000000086800000| Untracked 
| 105|0x0000000086900000, 0x0000000086900000, 0x0000000086a00000|  0%| F|  |TAMS 0x0000000086900000, 0x0000000086900000| Untracked 
| 106|0x0000000086a00000, 0x0000000086a00000, 0x0000000086b00000|  0%| F|  |TAMS 0x0000000086a00000, 0x0000000086a00000| Untracked 
| 107|0x0000000086b00000, 0x0000000086b00000, 0x0000000086c00000|  0%| F|  |TAMS 0x0000000086b00000, 0x0000000086b00000| Untracked 
| 108|0x0000000086c00000, 0x0000000086c00000, 0x0000000086d00000|  0%| F|  |TAMS 0x0000000086c00000, 0x0000000086c00000| Untracked 
| 109|0x0000000086d00000, 0x0000000086d00000, 0x0000000086e00000|  0%| F|  |TAMS 0x0000000086d00000, 0x0000000086d00000| Untracked 
| 110|0x0000000086e00000, 0x0000000086e00000, 0x0000000086f00000|  0%| F|  |TAMS 0x0000000086e00000, 0x0000000086e00000| Untracked 
| 111|0x0000000086f00000, 0x0000000087000000, 0x0000000087000000|100%|HS|  |TAMS 0x0000000087000000, 0x0000000086f00000| Complete 
| 112|0x0000000087000000, 0x0000000087100000, 0x0000000087100000|100%|HC|  |TAMS 0x0000000087100000, 0x0000000087000000| Complete 
| 113|0x0000000087100000, 0x0000000087200000, 0x0000000087200000|100%|HC|  |TAMS 0x0000000087200000, 0x0000000087100000| Complete 
| 114|0x0000000087200000, 0x0000000087300000, 0x0000000087300000|100%|HC|  |TAMS 0x0000000087300000, 0x0000000087200000| Complete 
| 115|0x0000000087300000, 0x0000000087400000, 0x0000000087400000|100%|HC|  |TAMS 0x0000000087400000, 0x0000000087300000| Complete 
| 116|0x0000000087400000, 0x0000000087500000, 0x0000000087500000|100%|HC|  |TAMS 0x0000000087500000, 0x0000000087400000| Complete 
| 117|0x0000000087500000, 0x0000000087600000, 0x0000000087600000|100%|HC|  |TAMS 0x0000000087600000, 0x0000000087500000| Complete 
| 118|0x0000000087600000, 0x0000000087700000, 0x0000000087700000|100%|HC|  |TAMS 0x0000000087700000, 0x0000000087600000| Complete 
| 119|0x0000000087700000, 0x0000000087800000, 0x0000000087800000|100%|HC|  |TAMS 0x0000000087800000, 0x0000000087700000| Complete 
| 120|0x0000000087800000, 0x0000000087900000, 0x0000000087900000|100%|HC|  |TAMS 0x0000000087900000, 0x0000000087800000| Complete 
| 121|0x0000000087900000, 0x0000000087a00000, 0x0000000087a00000|100%|HS|  |TAMS 0x0000000087a00000, 0x0000000087900000| Complete 
| 122|0x0000000087a00000, 0x0000000087a00000, 0x0000000087b00000|  0%| F|  |TAMS 0x0000000087a00000, 0x0000000087a00000| Untracked 
| 123|0x0000000087b00000, 0x0000000087b00000, 0x0000000087c00000|  0%| F|  |TAMS 0x0000000087b00000, 0x0000000087b00000| Untracked 
| 124|0x0000000087c00000, 0x0000000087d00000, 0x0000000087d00000|100%| O|  |TAMS 0x0000000087d00000, 0x0000000087c00000| Untracked 
| 125|0x0000000087d00000, 0x0000000087e00000, 0x0000000087e00000|100%| O|  |TAMS 0x0000000087e00000, 0x0000000087d00000| Untracked 
| 126|0x0000000087e00000, 0x0000000087f00000, 0x0000000087f00000|100%| O|  |TAMS 0x0000000087f00000, 0x0000000087e00000| Untracked 
| 127|0x0000000087f00000, 0x0000000088000000, 0x0000000088000000|100%| O|  |TAMS 0x0000000088000000, 0x0000000087f00000| Untracked 
| 128|0x0000000088000000, 0x0000000088100000, 0x0000000088100000|100%| O|  |TAMS 0x0000000088100000, 0x0000000088000000| Untracked 
| 129|0x0000000088100000, 0x0000000088100000, 0x0000000088200000|  0%| F|  |TAMS 0x0000000088100000, 0x0000000088100000| Untracked 
| 130|0x0000000088200000, 0x0000000088200000, 0x0000000088300000|  0%| F|  |TAMS 0x0000000088200000, 0x0000000088200000| Untracked 
| 131|0x0000000088300000, 0x0000000088300000, 0x0000000088400000|  0%| F|  |TAMS 0x0000000088300000, 0x0000000088300000| Untracked 
| 132|0x0000000088400000, 0x0000000088400000, 0x0000000088500000|  0%| F|  |TAMS 0x0000000088400000, 0x0000000088400000| Untracked 
| 133|0x0000000088500000, 0x0000000088500000, 0x0000000088600000|  0%| F|  |TAMS 0x0000000088500000, 0x0000000088500000| Untracked 
| 134|0x0000000088600000, 0x0000000088600000, 0x0000000088700000|  0%| F|  |TAMS 0x0000000088600000, 0x0000000088600000| Untracked 
| 135|0x0000000088700000, 0x0000000088700000, 0x0000000088800000|  0%| F|  |TAMS 0x0000000088700000, 0x0000000088700000| Untracked 
| 136|0x0000000088800000, 0x0000000088800000, 0x0000000088900000|  0%| F|  |TAMS 0x0000000088800000, 0x0000000088800000| Untracked 
| 137|0x0000000088900000, 0x0000000088900000, 0x0000000088a00000|  0%| F|  |TAMS 0x0000000088900000, 0x0000000088900000| Untracked 
| 138|0x0000000088a00000, 0x0000000088a00000, 0x0000000088b00000|  0%| F|  |TAMS 0x0000000088a00000, 0x0000000088a00000| Untracked 
| 139|0x0000000088b00000, 0x0000000088b00000, 0x0000000088c00000|  0%| F|  |TAMS 0x0000000088b00000, 0x0000000088b00000| Untracked 
| 140|0x0000000088c00000, 0x0000000088c00000, 0x0000000088d00000|  0%| F|  |TAMS 0x0000000088c00000, 0x0000000088c00000| Untracked 
| 141|0x0000000088d00000, 0x0000000088d00000, 0x0000000088e00000|  0%| F|  |TAMS 0x0000000088d00000, 0x0000000088d00000| Untracked 
| 142|0x0000000088e00000, 0x0000000088e00000, 0x0000000088f00000|  0%| F|  |TAMS 0x0000000088e00000, 0x0000000088e00000| Untracked 
| 143|0x0000000088f00000, 0x0000000088f00000, 0x0000000089000000|  0%| F|  |TAMS 0x0000000088f00000, 0x0000000088f00000| Untracked 
| 144|0x0000000089000000, 0x0000000089000000, 0x0000000089100000|  0%| F|  |TAMS 0x0000000089000000, 0x0000000089000000| Untracked 
| 145|0x0000000089100000, 0x0000000089100000, 0x0000000089200000|  0%| F|  |TAMS 0x0000000089100000, 0x0000000089100000| Untracked 
| 146|0x0000000089200000, 0x0000000089200000, 0x0000000089300000|  0%| F|  |TAMS 0x0000000089200000, 0x0000000089200000| Untracked 
| 147|0x0000000089300000, 0x0000000089300000, 0x0000000089400000|  0%| F|  |TAMS 0x0000000089300000, 0x0000000089300000| Untracked 
| 148|0x0000000089400000, 0x0000000089400000, 0x0000000089500000|  0%| F|  |TAMS 0x0000000089400000, 0x0000000089400000| Untracked 
| 149|0x0000000089500000, 0x0000000089500000, 0x0000000089600000|  0%| F|  |TAMS 0x0000000089500000, 0x0000000089500000| Untracked 
| 150|0x0000000089600000, 0x0000000089600000, 0x0000000089700000|  0%| F|  |TAMS 0x0000000089600000, 0x0000000089600000| Untracked 
| 151|0x0000000089700000, 0x0000000089700000, 0x0000000089800000|  0%| F|  |TAMS 0x0000000089700000, 0x0000000089700000| Untracked 
| 152|0x0000000089800000, 0x0000000089800000, 0x0000000089900000|  0%| F|  |TAMS 0x0000000089800000, 0x0000000089800000| Untracked 
| 153|0x0000000089900000, 0x0000000089900000, 0x0000000089a00000|  0%| F|  |TAMS 0x0000000089900000, 0x0000000089900000| Untracked 
| 154|0x0000000089a00000, 0x0000000089a00000, 0x0000000089b00000|  0%| F|  |TAMS 0x0000000089a00000, 0x0000000089a00000| Untracked 
| 155|0x0000000089b00000, 0x0000000089b00000, 0x0000000089c00000|  0%| F|  |TAMS 0x0000000089b00000, 0x0000000089b00000| Untracked 
| 156|0x0000000089c00000, 0x0000000089c00000, 0x0000000089d00000|  0%| F|  |TAMS 0x0000000089c00000, 0x0000000089c00000| Untracked 
| 157|0x0000000089d00000, 0x0000000089d00000, 0x0000000089e00000|  0%| F|  |TAMS 0x0000000089d00000, 0x0000000089d00000| Untracked 
| 158|0x0000000089e00000, 0x0000000089e00000, 0x0000000089f00000|  0%| F|  |TAMS 0x0000000089e00000, 0x0000000089e00000| Untracked 
| 159|0x0000000089f00000, 0x0000000089f00000, 0x000000008a000000|  0%| F|  |TAMS 0x0000000089f00000, 0x0000000089f00000| Untracked 
| 160|0x000000008a000000, 0x000000008a000000, 0x000000008a100000|  0%| F|  |TAMS 0x000000008a000000, 0x000000008a000000| Untracked 
| 161|0x000000008a100000, 0x000000008a100000, 0x000000008a200000|  0%| F|  |TAMS 0x000000008a100000, 0x000000008a100000| Untracked 
| 162|0x000000008a200000, 0x000000008a200000, 0x000000008a300000|  0%| F|  |TAMS 0x000000008a200000, 0x000000008a200000| Untracked 
| 163|0x000000008a300000, 0x000000008a300000, 0x000000008a400000|  0%| F|  |TAMS 0x000000008a300000, 0x000000008a300000| Untracked 
| 164|0x000000008a400000, 0x000000008a400000, 0x000000008a500000|  0%| F|  |TAMS 0x000000008a400000, 0x000000008a400000| Untracked 
| 165|0x000000008a500000, 0x000000008a500000, 0x000000008a600000|  0%| F|  |TAMS 0x000000008a500000, 0x000000008a500000| Untracked 
| 166|0x000000008a600000, 0x000000008a600000, 0x000000008a700000|  0%| F|  |TAMS 0x000000008a600000, 0x000000008a600000| Untracked 
| 167|0x000000008a700000, 0x000000008a700000, 0x000000008a800000|  0%| F|  |TAMS 0x000000008a700000, 0x000000008a700000| Untracked 
| 168|0x000000008a800000, 0x000000008a800000, 0x000000008a900000|  0%| F|  |TAMS 0x000000008a800000, 0x000000008a800000| Untracked 
| 169|0x000000008a900000, 0x000000008a900000, 0x000000008aa00000|  0%| F|  |TAMS 0x000000008a900000, 0x000000008a900000| Untracked 
| 170|0x000000008aa00000, 0x000000008aa00000, 0x000000008ab00000|  0%| F|  |TAMS 0x000000008aa00000, 0x000000008aa00000| Untracked 
| 171|0x000000008ab00000, 0x000000008ab00000, 0x000000008ac00000|  0%| F|  |TAMS 0x000000008ab00000, 0x000000008ab00000| Untracked 
| 172|0x000000008ac00000, 0x000000008ac00000, 0x000000008ad00000|  0%| F|  |TAMS 0x000000008ac00000, 0x000000008ac00000| Untracked 
| 173|0x000000008ad00000, 0x000000008ad00000, 0x000000008ae00000|  0%| F|  |TAMS 0x000000008ad00000, 0x000000008ad00000| Untracked 
| 174|0x000000008ae00000, 0x000000008ae00000, 0x000000008af00000|  0%| F|  |TAMS 0x000000008ae00000, 0x000000008ae00000| Untracked 
| 175|0x000000008af00000, 0x000000008af00000, 0x000000008b000000|  0%| F|  |TAMS 0x000000008af00000, 0x000000008af00000| Untracked 
| 176|0x000000008b000000, 0x000000008b0a40d8, 0x000000008b100000| 64%| S|CS|TAMS 0x000000008b000000, 0x000000008b000000| Complete 
| 177|0x000000008b100000, 0x000000008b200000, 0x000000008b200000|100%| S|CS|TAMS 0x000000008b100000, 0x000000008b100000| Complete 
| 178|0x000000008b200000, 0x000000008b200000, 0x000000008b300000|  0%| F|  |TAMS 0x000000008b200000, 0x000000008b200000| Untracked 
| 179|0x000000008b300000, 0x000000008b300000, 0x000000008b400000|  0%| F|  |TAMS 0x000000008b300000, 0x000000008b300000| Untracked 
| 180|0x000000008b400000, 0x000000008b400000, 0x000000008b500000|  0%| F|  |TAMS 0x000000008b400000, 0x000000008b400000| Untracked 
| 181|0x000000008b500000, 0x000000008b500000, 0x000000008b600000|  0%| F|  |TAMS 0x000000008b500000, 0x000000008b500000| Untracked 
| 182|0x000000008b600000, 0x000000008b600000, 0x000000008b700000|  0%| F|  |TAMS 0x000000008b600000, 0x000000008b600000| Untracked 
| 183|0x000000008b700000, 0x000000008b700000, 0x000000008b800000|  0%| F|  |TAMS 0x000000008b700000, 0x000000008b700000| Untracked 
| 184|0x000000008b800000, 0x000000008b800000, 0x000000008b900000|  0%| F|  |TAMS 0x000000008b800000, 0x000000008b800000| Untracked 
| 185|0x000000008b900000, 0x000000008ba00000, 0x000000008ba00000|100%| O|  |TAMS 0x000000008ba00000, 0x000000008b900000| Untracked 
| 186|0x000000008ba00000, 0x000000008bb00000, 0x000000008bb00000|100%| O|  |TAMS 0x000000008bb00000, 0x000000008ba00000| Untracked 
| 187|0x000000008bb00000, 0x000000008bc00000, 0x000000008bc00000|100%| O|  |TAMS 0x000000008bc00000, 0x000000008bb00000| Untracked 
| 188|0x000000008bc00000, 0x000000008bd00000, 0x000000008bd00000|100%| O|  |TAMS 0x000000008bd00000, 0x000000008bc00000| Untracked 
| 189|0x000000008bd00000, 0x000000008be00000, 0x000000008be00000|100%| O|  |TAMS 0x000000008be00000, 0x000000008bd00000| Untracked 
| 190|0x000000008be00000, 0x000000008bf00000, 0x000000008bf00000|100%| O|  |TAMS 0x000000008bf00000, 0x000000008be00000| Untracked 
| 191|0x000000008bf00000, 0x000000008c000000, 0x000000008c000000|100%| O|  |TAMS 0x000000008c000000, 0x000000008bf00000| Untracked 
| 192|0x000000008c000000, 0x000000008c100000, 0x000000008c100000|100%| O|  |TAMS 0x000000008c100000, 0x000000008c000000| Untracked 
| 193|0x000000008c100000, 0x000000008c200000, 0x000000008c200000|100%| O|  |TAMS 0x000000008c200000, 0x000000008c100000| Untracked 
| 194|0x000000008c200000, 0x000000008c300000, 0x000000008c300000|100%| O|  |TAMS 0x000000008c300000, 0x000000008c200000| Untracked 
| 195|0x000000008c300000, 0x000000008c400000, 0x000000008c400000|100%| O|  |TAMS 0x000000008c36ba00, 0x000000008c300000| Untracked 

Card table byte_map: [0x000002923f000000,0x000002923f400000] _byte_map_base: 0x000002923ec00000

Marking Bits (Prev, Next): (CMBitMap*) 0x000002922c11c5b8, (CMBitMap*) 0x000002922c11c5f0
 Prev Bits: [0x000002923f800000, 0x0000029241800000)
 Next Bits: [0x0000029241800000, 0x0000029243800000)

Polling page: 0x000002922a090000

Metaspace:

Usage:
  Non-class:     79.68 MB capacity,    78.28 MB ( 98%) used,     1.14 MB (  1%) free+waste,   261.00 KB ( <1%) overhead. 
      Class:     12.54 MB capacity,    11.71 MB ( 93%) used,   727.27 KB (  6%) free+waste,   117.50 KB ( <1%) overhead. 
       Both:     92.21 MB capacity,    89.99 MB ( 98%) used,     1.85 MB (  2%) free+waste,   378.50 KB ( <1%) overhead. 

Virtual space:
  Non-class space:       80.00 MB reserved,      79.81 MB (>99%) committed 
      Class space:        1.00 GB reserved,      12.66 MB (  1%) committed 
             Both:        1.08 GB reserved,      92.46 MB (  8%) committed 

Chunk freelists:
   Non-Class:  8.00 KB
       Class:  0 bytes
        Both:  8.00 KB

MaxMetaspaceSize: 17179869184.00 GB
CompressedClassSpaceSize: 1.00 GB
Initial GC threshold: 20.80 MB
Current GC threshold: 150.78 MB
CDS: off

CodeHeap 'non-profiled nmethods': size=120064Kb used=5357Kb max_used=5357Kb free=114706Kb
 bounds [0x00000292376c0000, 0x0000029237c00000, 0x000002923ec00000]
CodeHeap 'profiled nmethods': size=120000Kb used=22673Kb max_used=22673Kb free=97326Kb
 bounds [0x0000029230190000, 0x00000292317c0000, 0x00000292376c0000]
CodeHeap 'non-nmethods': size=5696Kb used=2381Kb max_used=2408Kb free=3314Kb
 bounds [0x000002922fc00000, 0x000002922fe70000, 0x0000029230190000]
 total_blobs=11645 nmethods=10743 adapters=814
 compilation: enabled
              stopped_count=0, restarted_count=0
 full_count=0

Compilation events (20 events):
Event: 30.361 Thread 0x0000029245d04800 nmethod 10894 0x0000029237bf9790 code [0x0000029237bf9920, 0x0000029237bf9a58]
Event: 30.361 Thread 0x0000029245d04800 10895       4       com.android.tools.r8.graph.k0::a (7 bytes)
Event: 30.361 Thread 0x0000029245d05800 nmethod 10903 0x0000029237bf9b10 code [0x0000029237bf9cc0, 0x0000029237bf9d58]
Event: 30.361 Thread 0x0000029245d05800 10904       3       com.android.tools.r8.code.F::<init> (6 bytes)
Event: 30.361 Thread 0x0000029245d05800 nmethod 10904 0x00000292317b3f90 code [0x00000292317b4160, 0x00000292317b4438]
Event: 30.361 Thread 0x0000029245d05800 10905       1       com.android.tools.r8.graph.s0::g (5 bytes)
Event: 30.361 Thread 0x0000029245d05800 nmethod 10905 0x0000029237bf9e10 code [0x0000029237bf9fc0, 0x0000029237bfa078]
Event: 30.361 Thread 0x0000029245d05800 10907       1       com.android.tools.r8.dex.g::a (5 bytes)
Event: 30.362 Thread 0x0000029245d05800 nmethod 10907 0x0000029237bfa110 code [0x0000029237bfa2c0, 0x0000029237bfa358]
Event: 30.362 Thread 0x0000029245d05800 10909       3       com.android.tools.r8.dex.i::a (1036 bytes)
Event: 30.362 Thread 0x0000029245d04800 nmethod 10895 0x0000029237bfa410 code [0x0000029237bfa5a0, 0x0000029237bfa6d8]
Event: 30.362 Thread 0x0000029245d04800 10828       4       com.android.tools.r8.graph.i::equals (22 bytes)
Event: 30.363 Thread 0x0000029245d04800 nmethod 10828 0x0000029237bfa790 code [0x0000029237bfa920, 0x0000029237bfa9b8]
Event: 30.363 Thread 0x0000029245d04800 10831       4       com.android.tools.r8.internal.Ac::h (8 bytes)
Event: 30.365 Thread 0x0000029245d04800 nmethod 10831 0x0000029237bfaa90 code [0x0000029237bfac20, 0x0000029237bfad38]
Event: 30.365 Thread 0x0000029245d04800 10901       4       java.util.Arrays$ArrayList::size (6 bytes)
Event: 30.365 Thread 0x0000029245d04800 nmethod 10901 0x0000029237bfae90 code [0x0000029237bfb020, 0x0000029237bfb098]
Event: 30.365 Thread 0x0000029245d04800 10911       4       com.android.tools.r8.dex.c::a (9 bytes)
Event: 30.367 Thread 0x0000029245d04800 nmethod 10911 0x0000029237bfb190 code [0x0000029237bfb340, 0x0000029237bfb438]
Event: 30.367 Thread 0x0000029245d04800 10857       4       com.android.tools.r8.graph.a1::n0 (24 bytes)

GC Heap History (20 events):
Event: 25.364 GC heap after
{Heap after GC invocations=25 (full 0):
 garbage-first heap   total 131072K, used 74402K [0x0000000080000000, 0x0000000100000000)
  region size 1024K, 4 young (4096K), 4 survivors (4096K)
 Metaspace       used 85309K, capacity 87410K, committed 87644K, reserved 1126400K
  class space    used 10993K, capacity 11778K, committed 11808K, reserved 1048576K
}
Event: 26.375 GC heap before
{Heap before GC invocations=25 (full 0):
 garbage-first heap   total 131072K, used 107170K [0x0000000080000000, 0x0000000100000000)
  region size 1024K, 37 young (37888K), 4 survivors (4096K)
 Metaspace       used 85655K, capacity 87804K, committed 87900K, reserved 1126400K
  class space    used 11014K, capacity 11798K, committed 11808K, reserved 1048576K
}
Event: 26.390 GC heap after
{Heap after GC invocations=26 (full 0):
 garbage-first heap   total 157696K, used 76742K [0x0000000080000000, 0x0000000100000000)
  region size 1024K, 3 young (3072K), 3 survivors (3072K)
 Metaspace       used 85655K, capacity 87804K, committed 87900K, reserved 1126400K
  class space    used 11014K, capacity 11798K, committed 11808K, reserved 1048576K
}
Event: 27.195 GC heap before
{Heap before GC invocations=27 (full 0):
 garbage-first heap   total 157696K, used 121798K [0x0000000080000000, 0x0000000100000000)
  region size 1024K, 48 young (49152K), 3 survivors (3072K)
 Metaspace       used 86204K, capacity 88377K, committed 88540K, reserved 1126400K
  class space    used 11057K, capacity 11858K, committed 11936K, reserved 1048576K
}
Event: 27.206 GC heap after
{Heap after GC invocations=28 (full 0):
 garbage-first heap   total 157696K, used 80029K [0x0000000080000000, 0x0000000100000000)
  region size 1024K, 6 young (6144K), 6 survivors (6144K)
 Metaspace       used 86204K, capacity 88377K, committed 88540K, reserved 1126400K
  class space    used 11057K, capacity 11858K, committed 11936K, reserved 1048576K
}
Event: 27.861 GC heap before
{Heap before GC invocations=28 (full 0):
 garbage-first heap   total 157696K, used 124061K [0x0000000080000000, 0x0000000100000000)
  region size 1024K, 50 young (51200K), 6 survivors (6144K)
 Metaspace       used 86667K, capacity 88838K, committed 89052K, reserved 1126400K
  class space    used 11082K, capacity 11868K, committed 11936K, reserved 1048576K
}
Event: 27.877 GC heap after
{Heap after GC invocations=29 (full 0):
 garbage-first heap   total 157696K, used 83152K [0x0000000080000000, 0x0000000100000000)
  region size 1024K, 4 young (4096K), 4 survivors (4096K)
 Metaspace       used 86667K, capacity 88838K, committed 89052K, reserved 1126400K
  class space    used 11082K, capacity 11868K, committed 11936K, reserved 1048576K
}
Event: 28.642 GC heap before
{Heap before GC invocations=30 (full 0):
 garbage-first heap   total 157696K, used 126160K [0x0000000080000000, 0x0000000100000000)
  region size 1024K, 47 young (48128K), 4 survivors (4096K)
 Metaspace       used 87059K, capacity 89206K, committed 89308K, reserved 1126400K
  class space    used 11130K, capacity 11923K, committed 11936K, reserved 1048576K
}
Event: 28.652 GC heap after
{Heap after GC invocations=31 (full 0):
 garbage-first heap   total 157696K, used 85473K [0x0000000080000000, 0x0000000100000000)
  region size 1024K, 6 young (6144K), 6 survivors (6144K)
 Metaspace       used 87059K, capacity 89206K, committed 89308K, reserved 1126400K
  class space    used 11130K, capacity 11923K, committed 11936K, reserved 1048576K
}
Event: 28.707 GC heap before
{Heap before GC invocations=31 (full 0):
 garbage-first heap   total 157696K, used 90593K [0x0000000080000000, 0x0000000100000000)
  region size 1024K, 12 young (12288K), 6 survivors (6144K)
 Metaspace       used 87166K, capacity 89410K, committed 89564K, reserved 1126400K
  class space    used 11143K, capacity 11925K, committed 11936K, reserved 1048576K
}
Event: 28.717 GC heap after
{Heap after GC invocations=32 (full 0):
 garbage-first heap   total 189440K, used 85584K [0x0000000080000000, 0x0000000100000000)
  region size 1024K, 3 young (3072K), 3 survivors (3072K)
 Metaspace       used 87166K, capacity 89410K, committed 89564K, reserved 1126400K
  class space    used 11143K, capacity 11925K, committed 11936K, reserved 1048576K
}
Event: 29.288 GC heap before
{Heap before GC invocations=33 (full 0):
 garbage-first heap   total 189440K, used 110160K [0x0000000080000000, 0x0000000100000000)
  region size 1024K, 19 young (19456K), 3 survivors (3072K)
 Metaspace       used 90024K, capacity 92189K, committed 92380K, reserved 1130496K
  class space    used 11542K, capacity 12343K, committed 12448K, reserved 1048576K
}
Event: 29.299 GC heap after
{Heap after GC invocations=34 (full 0):
 garbage-first heap   total 189440K, used 97999K [0x0000000080000000, 0x0000000100000000)
  region size 1024K, 5 young (5120K), 5 survivors (5120K)
 Metaspace       used 90024K, capacity 92189K, committed 92380K, reserved 1130496K
  class space    used 11542K, capacity 12343K, committed 12448K, reserved 1048576K
}
Event: 29.744 GC heap before
{Heap before GC invocations=35 (full 0):
 garbage-first heap   total 189440K, used 174799K [0x0000000080000000, 0x0000000100000000)
  region size 1024K, 49 young (50176K), 5 survivors (5120K)
 Metaspace       used 90342K, capacity 92549K, committed 92636K, reserved 1130496K
  class space    used 11586K, capacity 12377K, committed 12448K, reserved 1048576K
}
Event: 29.834 GC heap after
{Heap after GC invocations=36 (full 0):
 garbage-first heap   total 200704K, used 127406K [0x0000000080000000, 0x0000000100000000)
  region size 1024K, 7 young (7168K), 7 survivors (7168K)
 Metaspace       used 90342K, capacity 92549K, committed 92636K, reserved 1130496K
  class space    used 11586K, capacity 12377K, committed 12448K, reserved 1048576K
}
Event: 29.845 GC heap before
{Heap before GC invocations=36 (full 0):
 garbage-first heap   total 200704K, used 130478K [0x0000000080000000, 0x0000000100000000)
  region size 1024K, 9 young (9216K), 7 survivors (7168K)
 Metaspace       used 90343K, capacity 92549K, committed 92636K, reserved 1130496K
  class space    used 11586K, capacity 12377K, committed 12448K, reserved 1048576K
}
Event: 29.869 GC heap after
{Heap after GC invocations=37 (full 0):
 garbage-first heap   total 200704K, used 130145K [0x0000000080000000, 0x0000000100000000)
  region size 1024K, 2 young (2048K), 2 survivors (2048K)
 Metaspace       used 90343K, capacity 92549K, committed 92636K, reserved 1130496K
  class space    used 11586K, capacity 12377K, committed 12448K, reserved 1048576K
}
Event: 30.205 GC heap before
{Heap before GC invocations=37 (full 0):
 garbage-first heap   total 200704K, used 137313K [0x0000000080000000, 0x0000000100000000)
  region size 1024K, 9 young (9216K), 2 survivors (2048K)
 Metaspace       used 90621K, capacity 92875K, committed 92892K, reserved 1130496K
  class space    used 11621K, capacity 12443K, committed 12448K, reserved 1048576K
}
Event: 30.215 GC heap after
{Heap after GC invocations=38 (full 0):
 garbage-first heap   total 200704K, used 132440K [0x0000000080000000, 0x0000000100000000)
  region size 1024K, 2 young (2048K), 2 survivors (2048K)
 Metaspace       used 90621K, capacity 92875K, committed 92892K, reserved 1130496K
  class space    used 11621K, capacity 12443K, committed 12448K, reserved 1048576K
}
Event: 30.367 GC heap before
{Heap before GC invocations=39 (full 0):
 garbage-first heap   total 200704K, used 138584K [0x0000000080000000, 0x0000000100000000)
  region size 1024K, 9 young (9216K), 2 survivors (2048K)
 Metaspace       used 92154K, capacity 94424K, committed 94684K, reserved 1130496K
  class space    used 11991K, capacity 12836K, committed 12960K, reserved 1048576K
}

Deoptimization events (20 events):
Event: 29.673 Thread 0x0000029249dc2800 DEOPT PACKING pc=0x000002923178c818 sp=0x000000ec885fd260
Event: 29.673 Thread 0x0000029249dc2800 DEOPT UNPACKING pc=0x000002922fc4a95e sp=0x000000ec885fc760 mode 0
Event: 29.682 Thread 0x0000029249dc2800 DEOPT PACKING pc=0x000002923178c7f7 sp=0x000000ec885fd260
Event: 29.682 Thread 0x0000029249dc2800 DEOPT UNPACKING pc=0x000002922fc4a95e sp=0x000000ec885fc760 mode 0
Event: 29.687 Thread 0x0000029249dc2800 DEOPT PACKING pc=0x000002923178c818 sp=0x000000ec885fd260
Event: 29.687 Thread 0x0000029249dc2800 DEOPT UNPACKING pc=0x000002922fc4a95e sp=0x000000ec885fc760 mode 0
Event: 29.689 Thread 0x0000029249dc2800 DEOPT PACKING pc=0x000002923178c7f7 sp=0x000000ec885fd260
Event: 29.689 Thread 0x0000029249dc2800 DEOPT UNPACKING pc=0x000002922fc4a95e sp=0x000000ec885fc760 mode 0
Event: 29.693 Thread 0x0000029249dc2800 DEOPT PACKING pc=0x000002923178c818 sp=0x000000ec885fd260
Event: 29.693 Thread 0x0000029249dc2800 DEOPT UNPACKING pc=0x000002922fc4a95e sp=0x000000ec885fc760 mode 0
Event: 29.701 Thread 0x0000029249dc2800 DEOPT PACKING pc=0x000002923178c818 sp=0x000000ec885fd260
Event: 29.701 Thread 0x0000029249dc2800 DEOPT UNPACKING pc=0x000002922fc4a95e sp=0x000000ec885fc760 mode 0
Event: 29.716 Thread 0x0000029249dc2800 DEOPT PACKING pc=0x000002923178c818 sp=0x000000ec885fd260
Event: 29.716 Thread 0x0000029249dc2800 DEOPT UNPACKING pc=0x000002922fc4a95e sp=0x000000ec885fc760 mode 0
Event: 29.835 Thread 0x0000029249dc2800 DEOPT PACKING pc=0x000002923178c7f7 sp=0x000000ec885fd310
Event: 29.835 Thread 0x0000029249dc2800 DEOPT UNPACKING pc=0x000002922fc4a95e sp=0x000000ec885fc810 mode 0
Event: 29.876 Thread 0x0000029249dc2800 Uncommon trap: trap_request=0xffffff4d fr.pc=0x0000029237bde414 relative=0x0000000000000bb4
Event: 29.876 Thread 0x0000029249dc2800 Uncommon trap: reason=unstable_if action=reinterpret pc=0x0000029237bde414 method=com.android.tools.r8.internal.RC.a(Ljava/lang/Object;Z)Lcom/android/tools/r8/internal/QC; @ 15 c2
Event: 29.876 Thread 0x0000029249dc2800 DEOPT PACKING pc=0x0000029237bde414 sp=0x000000ec885fd280
Event: 29.876 Thread 0x0000029249dc2800 DEOPT UNPACKING pc=0x000002922fc4a1af sp=0x000000ec885fd230 mode 2

Classes redefined (0 events):
No events

Internal exceptions (20 events):
Event: 25.076 Thread 0x000002924764a800 Exception <a 'java/lang/NoSuchMethodError'{0x0000000086c101d0}: 'java.lang.Object java.lang.invoke.DirectMethodHandle$Holder.invokeSpecialIFC(java.lang.Object, java.lang.Object, java.lang.Object)'> (0x0000000086c101d0) thrown at [./src/hotspot/share/interpreter/linkResolver.cpp, line 773]
Event: 25.077 Thread 0x0000029247649800 Exception <a 'java/lang/NoSuchMethodError'{0x0000000086dec658}: 'java.lang.Object java.lang.invoke.DirectMethodHandle$Holder.invokeSpecialIFC(java.lang.Object, java.lang.Object, java.lang.Object)'> (0x0000000086dec658) thrown at [./src/hotspot/share/interpreter/linkResolver.cpp, line 773]
Event: 25.077 Thread 0x0000029247649000 Exception <a 'java/lang/NoSuchMethodError'{0x0000000086df6858}: 'java.lang.Object java.lang.invoke.DirectMethodHandle$Holder.invokeSpecialIFC(java.lang.Object, java.lang.Object, java.lang.Object)'> (0x0000000086df6858) thrown at [./src/hotspot/share/interpreter/linkResolver.cpp, line 773]
Event: 25.465 Thread 0x0000029247649800 Exception <a 'java/lang/NoSuchMethodError'{0x0000000087c6b3a8}: 'void java.lang.invoke.DirectMethodHandle$Holder.invokeVirtual(java.lang.Object, java.lang.Object)'> (0x0000000087c6b3a8) thrown at [./src/hotspot/share/interpreter/linkResolver.cpp, line 773]
Event: 26.410 Thread 0x0000029249dc2000 Implicit null exception at 0x0000029237b3af80 to 0x0000029237b3b900
Event: 26.637 Thread 0x0000029249dc2000 Exception <a 'java/lang/NoSuchMethodError'{0x0000000088ffd890}: 'void java.lang.invoke.DirectMethodHandle$Holder.invokeInterface(java.lang.Object, java.lang.Object, java.lang.Object, java.lang.Object)'> (0x0000000088ffd890) thrown at [./src/hotspot/share/interpreter/linkResolver.cpp, line 773]
Event: 27.003 Thread 0x0000029249dc2000 Exception <a 'java/lang/NoSuchMethodError'{0x0000000087b75400}: <clinit>> (0x0000000087b75400) thrown at [./src/hotspot/share/prims/jni.cpp, line 1366]
Event: 27.003 Thread 0x0000029249dc2000 Exception <a 'java/lang/NoSuchMethodError'{0x0000000087b76a08}: <clinit>> (0x0000000087b76a08) thrown at [./src/hotspot/share/prims/jni.cpp, line 1366]
Event: 27.004 Thread 0x0000029249dc2000 Exception <a 'java/lang/NoSuchMethodError'{0x0000000087b795f8}: <clinit>> (0x0000000087b795f8) thrown at [./src/hotspot/share/prims/jni.cpp, line 1366]
Event: 27.006 Thread 0x0000029249dc2000 Exception <a 'java/lang/NoSuchMethodError'{0x0000000087b917c0}: <clinit>> (0x0000000087b917c0) thrown at [./src/hotspot/share/prims/jni.cpp, line 1366]
Event: 27.006 Thread 0x0000029249dc2000 Exception <a 'java/lang/NoSuchMethodError'{0x0000000087b929f8}: <clinit>> (0x0000000087b929f8) thrown at [./src/hotspot/share/prims/jni.cpp, line 1366]
Event: 27.083 Thread 0x0000029247649800 Implicit null exception at 0x0000029237b69d24 to 0x0000029237b69ec4
Event: 29.018 Thread 0x0000029249dc2800 Exception <a 'sun/nio/fs/WindowsException'{0x000000008b2a59a8}> (0x000000008b2a59a8) thrown at [./src/hotspot/share/prims/jni.cpp, line 616]
Event: 29.095 Thread 0x0000029249dc2800 Exception <a 'java/lang/NoSuchMethodError'{0x000000008b055468}: 'java.lang.Object java.lang.invoke.DirectMethodHandle$Holder.newInvokeSpecial(java.lang.Object, int)'> (0x000000008b055468) thrown at [./src/hotspot/share/interpreter/linkResolver.cpp, line 773]
Event: 29.278 Thread 0x0000029249dc2800 Exception <a 'java/lang/NoSuchMethodError'{0x000000008aa8cb60}: 'java.lang.Object java.lang.invoke.DirectMethodHandle$Holder.invokeStaticInit(java.lang.Object, java.lang.Object, java.lang.Object, java.lang.Object, java.lang.Object, java.lang.Object, java.lang.Object, java.lang.Object, java.lang.Object, java.lang.Object, java.lang.Object, java.lang.Object, java.lang.Object, java.lang.Object, java.lang.Object, java.lang.Object, java.lang.Object, java.lang.Object, int, java.lang.Object, java.lang.Object)'> (0
Event: 29.876 Thread 0x0000029249dc2800 Implicit null exception at 0x0000029237bdd89c to 0x0000029237bde3ec
Event: 30.343 Thread 0x000002924c1bc800 Exception <a 'java/lang/IncompatibleClassChangeError'{0x000000008b4c8838}: Found class java.lang.Object, but interface was expected> (0x000000008b4c8838) thrown at [./src/hotspot/share/interpreter/linkResolver.cpp, line 839]
Event: 30.352 Thread 0x000002924c1be000 Exception <a 'java/lang/IncompatibleClassChangeError'{0x000000008b327c00}: Found class java.lang.Object, but interface was expected> (0x000000008b327c00) thrown at [./src/hotspot/share/interpreter/linkResolver.cpp, line 839]
Event: 30.353 Thread 0x000002924c1bc800 Exception <a 'java/lang/IncompatibleClassChangeError'{0x000000008b32e268}: Found class java.lang.Object, but interface was expected> (0x000000008b32e268) thrown at [./src/hotspot/share/interpreter/linkResolver.cpp, line 839]
Event: 30.355 Thread 0x000002924c1be000 Exception <a 'java/lang/IncompatibleClassChangeError'{0x000000008b37fc08}: Found class java.lang.Object, but interface was expected> (0x000000008b37fc08) thrown at [./src/hotspot/share/interpreter/linkResolver.cpp, line 839]

Events (20 events):
Event: 30.361 loading class com/android/tools/r8/internal/yY done
Event: 30.361 loading class com/android/tools/r8/internal/yY
Event: 30.361 loading class com/android/tools/r8/internal/yY done
Event: 30.361 loading class com/android/tools/r8/internal/xY
Event: 30.361 loading class com/android/tools/r8/internal/xY done
Event: 30.361 loading class com/android/tools/r8/graph/b1
Event: 30.361 loading class com/android/tools/r8/graph/b1 done
Event: 30.361 loading class com/android/tools/r8/graph/o0
Event: 30.361 loading class com/android/tools/r8/graph/o0 done
Event: 30.365 loading class com/android/tools/r8/graph/a1
Event: 30.365 loading class com/android/tools/r8/graph/a1 done
Event: 30.365 loading class com/android/tools/r8/graph/o0
Event: 30.365 loading class com/android/tools/r8/graph/o0 done
Event: 30.366 loading class com/android/tools/r8/graph/b1
Event: 30.366 loading class com/android/tools/r8/graph/b1 done
Event: 30.366 loading class com/android/tools/r8/internal/er
Event: 30.366 loading class com/android/tools/r8/internal/er done
Event: 30.367 loading class com/android/tools/r8/internal/z
Event: 30.367 loading class com/android/tools/r8/internal/z done
Event: 30.367 Executing VM operation: G1CollectForAllocation


Dynamic libraries:
0x00007ff73cb10000 - 0x00007ff73cb1a000 	C:\Program Files\Android\Android Studio\jre\bin\java.exe
0x00007ff866e50000 - 0x00007ff867048000 	C:\WINDOWS\SYSTEM32\ntdll.dll
0x00007ff865e10000 - 0x00007ff865ecf000 	C:\WINDOWS\System32\KERNEL32.DLL
0x00007ff8646b0000 - 0x00007ff864982000 	C:\WINDOWS\System32\KERNELBASE.dll
0x00007ff864a20000 - 0x00007ff864b20000 	C:\WINDOWS\System32\ucrtbase.dll
0x00007ff85c4f0000 - 0x00007ff85c507000 	C:\Program Files\Android\Android Studio\jre\bin\VCRUNTIME140.dll
0x00007ff850050000 - 0x00007ff850069000 	C:\Program Files\Android\Android Studio\jre\bin\jli.dll
0x00007ff864fd0000 - 0x00007ff86516d000 	C:\WINDOWS\System32\USER32.dll
0x00007ff864b20000 - 0x00007ff864b42000 	C:\WINDOWS\System32\win32u.dll
0x00007ff8654a0000 - 0x00007ff8654cb000 	C:\WINDOWS\System32\GDI32.dll
0x00007ff864c00000 - 0x00007ff864d0f000 	C:\WINDOWS\System32\gdi32full.dll
0x00007ff864d60000 - 0x00007ff864dfd000 	C:\WINDOWS\System32\msvcp_win.dll
0x00007ff83e8b0000 - 0x00007ff83eb4a000 	C:\WINDOWS\WinSxS\amd64_microsoft.windows.common-controls_6595b64144ccf1df_6.0.19041.1110_none_60b5254171f9507e\COMCTL32.dll
0x00007ff865d70000 - 0x00007ff865e0e000 	C:\WINDOWS\System32\msvcrt.dll
0x00007ff865220000 - 0x00007ff865252000 	C:\WINDOWS\System32\IMM32.DLL
0x00007ff838b10000 - 0x00007ff838bad000 	C:\Program Files\Android\Android Studio\jre\bin\msvcp140.dll
0x00007ff8000c0000 - 0x00007ff800bc2000 	C:\Program Files\Android\Android Studio\jre\bin\server\jvm.dll
0x00007ff865320000 - 0x00007ff8653ce000 	C:\WINDOWS\System32\ADVAPI32.dll
0x00007ff8655c0000 - 0x00007ff86565c000 	C:\WINDOWS\System32\sechost.dll
0x00007ff8668f0000 - 0x00007ff866a15000 	C:\WINDOWS\System32\RPCRT4.dll
0x00007ff8654d0000 - 0x00007ff8654d8000 	C:\WINDOWS\System32\PSAPI.DLL
0x00007ff858400000 - 0x00007ff858409000 	C:\WINDOWS\SYSTEM32\WSOCK32.dll
0x00007ff865430000 - 0x00007ff86549b000 	C:\WINDOWS\System32\WS2_32.dll
0x00007ff85fba0000 - 0x00007ff85fbc7000 	C:\WINDOWS\SYSTEM32\WINMM.dll
0x00007ff85d750000 - 0x00007ff85d75a000 	C:\WINDOWS\SYSTEM32\VERSION.dll
0x00007ff862df0000 - 0x00007ff862e02000 	C:\WINDOWS\SYSTEM32\kernel.appcore.dll
0x00007ff852d90000 - 0x00007ff852da1000 	C:\Program Files\Android\Android Studio\jre\bin\verify.dll
0x00007ff8622c0000 - 0x00007ff8624a4000 	C:\WINDOWS\SYSTEM32\DBGHELP.DLL
0x00007ff85d2b0000 - 0x00007ff85d2dc000 	C:\WINDOWS\SYSTEM32\dbgcore.DLL
0x00007ff864990000 - 0x00007ff864a12000 	C:\WINDOWS\System32\bcryptPrimitives.dll
0x00007ff852d60000 - 0x00007ff852d89000 	C:\Program Files\Android\Android Studio\jre\bin\java.dll
0x00007ff85e4c0000 - 0x00007ff85e4cb000 	C:\Program Files\Android\Android Studio\jre\bin\jimage.dll
0x00007ff83f240000 - 0x00007ff83f258000 	C:\Program Files\Android\Android Studio\jre\bin\zip.dll
0x00007ff8661a0000 - 0x00007ff8668e3000 	C:\WINDOWS\System32\SHELL32.dll
0x00007ff8624b0000 - 0x00007ff862c42000 	C:\WINDOWS\SYSTEM32\windows.storage.dll
0x00007ff866a20000 - 0x00007ff866d74000 	C:\WINDOWS\System32\combase.dll
0x00007ff863ed0000 - 0x00007ff863f00000 	C:\WINDOWS\SYSTEM32\Wldp.dll
0x00007ff865710000 - 0x00007ff8657bd000 	C:\WINDOWS\System32\SHCORE.dll
0x00007ff8652c0000 - 0x00007ff865315000 	C:\WINDOWS\System32\shlwapi.dll
0x00007ff864490000 - 0x00007ff8644af000 	C:\WINDOWS\SYSTEM32\profapi.dll
0x00007ff83eb80000 - 0x00007ff83eb9a000 	C:\Program Files\Android\Android Studio\jre\bin\net.dll
0x00007ff85a710000 - 0x00007ff85a81c000 	C:\WINDOWS\SYSTEM32\WINHTTP.dll
0x00007ff863c30000 - 0x00007ff863c9a000 	C:\WINDOWS\system32\mswsock.dll
0x00007ff836be0000 - 0x00007ff836bf4000 	C:\Program Files\Android\Android Studio\jre\bin\nio.dll
0x00007ff85e500000 - 0x00007ff85e527000 	C:\Users\ASUS\.gradle\native\e1d6ef7f7dcc3fd88c89a11ec53ec762bb8ba0a96d01ffa2cd45eb1d1d8dd5c5\windows-amd64\native-platform.dll
0x00007ff8374c0000 - 0x00007ff837604000 	C:\Users\ASUS\.gradle\native\0d407fdbe67a94daf76414ababcb853783967236a71b16ec16e742cd7a986fd3\windows-amd64\native-platform-file-events.dll
0x00007ff85b890000 - 0x00007ff85b89a000 	C:\Program Files\Android\Android Studio\jre\bin\management.dll
0x00007ff854a40000 - 0x00007ff854a4d000 	C:\Program Files\Android\Android Studio\jre\bin\management_ext.dll
0x00007ff863e30000 - 0x00007ff863e48000 	C:\WINDOWS\SYSTEM32\CRYPTSP.dll
0x00007ff863550000 - 0x00007ff863584000 	C:\WINDOWS\system32\rsaenh.dll
0x00007ff864e00000 - 0x00007ff864e27000 	C:\WINDOWS\System32\bcrypt.dll
0x00007ff864450000 - 0x00007ff86447e000 	C:\WINDOWS\SYSTEM32\USERENV.dll
0x00007ff863e20000 - 0x00007ff863e2c000 	C:\WINDOWS\SYSTEM32\CRYPTBASE.dll
0x00007ff863920000 - 0x00007ff86395b000 	C:\WINDOWS\SYSTEM32\IPHLPAPI.DLL
0x00007ff866d80000 - 0x00007ff866d88000 	C:\WINDOWS\System32\NSI.dll
0x00007ff85d7c0000 - 0x00007ff85d7d7000 	C:\WINDOWS\SYSTEM32\dhcpcsvc6.DLL
0x00007ff85d7a0000 - 0x00007ff85d7bd000 	C:\WINDOWS\SYSTEM32\dhcpcsvc.DLL
0x00007ff863960000 - 0x00007ff863a2a000 	C:\WINDOWS\SYSTEM32\DNSAPI.dll

dbghelp: loaded successfully - version: 4.0.5 - missing functions: none
symbol engine: initialized successfully - sym options: 0x614 - pdb path: .;C:\Program Files\Android\Android Studio\jre\bin;C:\WINDOWS\SYSTEM32;C:\WINDOWS\WinSxS\amd64_microsoft.windows.common-controls_6595b64144ccf1df_6.0.19041.1110_none_60b5254171f9507e;C:\Program Files\Android\Android Studio\jre\bin\server;C:\Users\ASUS\.gradle\native\e1d6ef7f7dcc3fd88c89a11ec53ec762bb8ba0a96d01ffa2cd45eb1d1d8dd5c5\windows-amd64;C:\Users\ASUS\.gradle\native\0d407fdbe67a94daf76414ababcb853783967236a71b16ec16e742cd7a986fd3\windows-amd64

VM Arguments:
jvm_args: --add-opens=java.base/java.util=ALL-UNNAMED --add-opens=java.base/java.lang=ALL-UNNAMED --add-opens=java.base/java.lang.invoke=ALL-UNNAMED --add-opens=java.base/java.util=ALL-UNNAMED --add-opens=java.prefs/java.util.prefs=ALL-UNNAMED --add-opens=java.prefs/java.util.prefs=ALL-UNNAMED --add-opens=java.base/java.nio.charset=ALL-UNNAMED --add-opens=java.base/java.net=ALL-UNNAMED --add-opens=java.base/java.util.concurrent.atomic=ALL-UNNAMED -Xmx2048m -Dfile.encoding=UTF-8 -Duser.country=FR -Duser.language=fr -Duser.variant 
java_command: org.gradle.launcher.daemon.bootstrap.GradleDaemon 7.4
java_class_path (initial): C:\Users\ASUS\.gradle\wrapper\dists\gradle-7.4-bin\c0gwcg53nkjbqw7r0h0umtfvt\gradle-7.4\lib\gradle-launcher-7.4.jar
Launcher Type: SUN_STANDARD

[Global flags]
     intx CICompilerCount                          = 3                                         {product} {ergonomic}
     uint ConcGCThreads                            = 1                                         {product} {ergonomic}
     uint G1ConcRefinementThreads                  = 4                                         {product} {ergonomic}
   size_t G1HeapRegionSize                         = 1048576                                   {product} {ergonomic}
    uintx GCDrainStackTargetSize                   = 64                                        {product} {ergonomic}
   size_t InitialHeapSize                          = 134217728                                 {product} {ergonomic}
   size_t MarkStackSize                            = 4194304                                   {product} {ergonomic}
   size_t MaxHeapSize                              = 2147483648                                {product} {command line}
   size_t MaxNewSize                               = 1287651328                                {product} {ergonomic}
   size_t MinHeapDeltaBytes                        = 1048576                                   {product} {ergonomic}
    uintx NonNMethodCodeHeapSize                   = 5830732                                {pd product} {ergonomic}
    uintx NonProfiledCodeHeapSize                  = 122913754                              {pd product} {ergonomic}
    uintx ProfiledCodeHeapSize                     = 122913754                              {pd product} {ergonomic}
    uintx ReservedCodeCacheSize                    = 251658240                              {pd product} {ergonomic}
     bool SegmentedCodeCache                       = true                                      {product} {ergonomic}
     bool UseCompressedClassPointers               = true                                 {lp64_product} {ergonomic}
     bool UseCompressedOops                        = true                                 {lp64_product} {ergonomic}
     bool UseG1GC                                  = true                                      {product} {ergonomic}
     bool UseLargePagesIndividualAllocation        = false                                  {pd product} {ergonomic}

Logging:
Log output configuration:
 #0: stdout all=warning uptime,level,tags
 #1: stderr all=off uptime,level,tags

Environment Variables:
JAVA_HOME=C:\Program Files\Java\jdk-17.0.2\bin
JRE_HOME=C:\Program Files\Java\jre1.8.0_351
PATH=C:\Program Files\Common Files\Oracle\Java\javapath;C:\Program Files (x86)\Common Files\Oracle\Java\javapath;C:\Program Files\Java\jdk-17.0.2\bin;C:\ProgramData\chocolatey\bin;C:\Program Files\nodejs\;C:\Program Files\Git\cmd;C:\Program Files\Maven\apache-maven-3.8.6\bin;C:\Program Files\Microsoft SQL Server\150\Tools\Binn\;C:\Program Files\Microsoft SQL Server\Client SDK\ODBC\170\Tools\Binn\;C:\Program Files\dotnet\;C:\Program Files\MySQL\MySQL Shell 8.0\bin\;C:\Program Files\Java\jdk-17;C:\Users\ASUS\AppData\Local\Programs\Microsoft VS Code\bin;C:\MinGW\bin;C:\Program Files (x86)\GnuWin32\bin;C:\Program Files\Java\jdk-17.0.2\bin;C:\Program Files (x86)\Inno Setup 6;C:\Users\ASUS\AppData\Roaming\npm;C:\Program Files\JetBrains\IntelliJ IDEA 2022.2.4\bin;;C:\Program Files\Java\jdk1.8.0_311\bin;C:\Program Files\JetBrains\IntelliJ IDEA Community Edition 2022.2\bin;;C:\Users\ASUS\.dotnet\tools;C:\Program Files\Java\jre1.8.0_351;
USERNAME=ASUS
OS=Windows_NT
PROCESSOR_IDENTIFIER=Intel64 Family 6 Model 142 Stepping 9, GenuineIntel



---------------  S Y S T E M  ---------------

OS: Windows 10 , 64 bit Build 19041 (10.0.19041.2251)
OS uptime: 22 days 7:04 hours

CPU:total 4 (initial active 4) (2 cores per cpu, 2 threads per core) family 6 model 142 stepping 9 microcode 0xb4, cmov, cx8, fxsr, mmx, sse, sse2, sse3, ssse3, sse4.1, sse4.2, popcnt, avx, avx2, aes, clmul, erms, 3dnowpref, lzcnt, ht, tsc, tscinvbit, bmi1, bmi2, adx, fma

Memory: 4k page, system-wide physical 8075M (274M free)
TotalPageFile size 32651M (AvailPageFile size 76M)
current process WorkingSet (physical memory assigned to process): 406M, peak: 406M
current process commit charge ("private bytes"): 469M, peak: 561M

vm_info: OpenJDK 64-Bit Server VM (11.0.13+0-b1751.21-8125866) for windows-amd64 JRE (11.0.13+0-b1751.21-8125866), built on Feb  2 2022 03:00:22 by "builder" with MS VC++ 14.0 (VS2015)

END.
