#
# There is insufficient memory for the Java Runtime Environment to continue.
# Native memory allocation (malloc) failed to allocate 864336 bytes for Chunk::new
# Possible reasons:
#   The system is out of physical RAM or swap space
#   The process is running with CompressedOops enabled, and the Java Heap may be blocking the growth of the native heap
# Possible solutions:
#   Reduce memory load on the system
#   Increase physical memory or swap space
#   Check if swap backing store is full
#   Decrease Java heap size (-Xmx/-Xms)
#   Decrease number of Java threads
#   Decrease Java thread stack sizes (-Xss)
#   Set larger code cache with -XX:ReservedCodeCacheSize=
#   JVM is running with Unscaled Compressed Oops mode in which the Java heap is
#     placed in the first 4GB address space. The Java Heap base address is the
#     maximum limit for the native heap growth. Please use -XX:HeapBaseMinAddress
#     to set the Java Heap base and to place the Java Heap above 4GB virtual address.
# This output file may be truncated or incomplete.
#
#  Out of Memory Error (./src/hotspot/share/memory/arena.cpp:197), pid=121060, tid=117248
#
# JRE version: OpenJDK Runtime Environment (11.0.13) (build 11.0.13+0-b1751.21-8125866)
# Java VM: OpenJDK 64-Bit Server VM (11.0.13+0-b1751.21-8125866, mixed mode, tiered, compressed oops, g1 gc, windows-amd64)
# No core dump will be written. Minidumps are not enabled by default on client versions of Windows
#

---------------  S U M M A R Y ------------

Command Line: --add-opens=java.base/java.util=ALL-UNNAMED --add-opens=java.base/java.lang=ALL-UNNAMED --add-opens=java.base/java.lang.invoke=ALL-UNNAMED --add-opens=java.base/java.util=ALL-UNNAMED --add-opens=java.prefs/java.util.prefs=ALL-UNNAMED --add-opens=java.prefs/java.util.prefs=ALL-UNNAMED --add-opens=java.base/java.nio.charset=ALL-UNNAMED --add-opens=java.base/java.net=ALL-UNNAMED --add-opens=java.base/java.util.concurrent.atomic=ALL-UNNAMED -Xmx2048m -Dfile.encoding=UTF-8 -Duser.country=FR -Duser.language=fr -Duser.variant org.gradle.launcher.daemon.bootstrap.GradleDaemon 7.4

Host: Intel(R) Core(TM) i7-7500U CPU @ 2.70GHz, 4 cores, 7G,  Windows 10 , 64 bit Build 19041 (10.0.19041.2251)
Time: Sat Dec  3 16:36:42 2022 Maroc (heure d’été) elapsed time: 29.173760 seconds (0d 0h 0m 29s)

---------------  T H R E A D  ---------------

Current thread (0x0000028749f83800):  JavaThread "C2 CompilerThread0" daemon [_thread_in_native, id=117248, stack(0x000000f98db00000,0x000000f98dc00000)]


Current CompileTask:
C2:  29174 10898       4       sun.nio.fs.WindowsPathParser::parse (384 bytes)

Stack: [0x000000f98db00000,0x000000f98dc00000]
Native frames: (J=compiled Java code, j=interpreted, Vv=VM code, C=native code)
V  [jvm.dll+0x6100fa]
V  [jvm.dll+0x747090]
V  [jvm.dll+0x7486ad]
V  [jvm.dll+0x748d83]
V  [jvm.dll+0x24ab48]
V  [jvm.dll+0xc04dc]
V  [jvm.dll+0xc0a0c]
V  [jvm.dll+0x35eb9d]
V  [jvm.dll+0x32b833]
V  [jvm.dll+0x32ad2a]
V  [jvm.dll+0x2032b2]
V  [jvm.dll+0x202437]
V  [jvm.dll+0x188e01]
V  [jvm.dll+0x21106b]
V  [jvm.dll+0x20f8c1]
V  [jvm.dll+0x70de0f]
V  [jvm.dll+0x706a75]
V  [jvm.dll+0x60ed66]
C  [ucrtbase.dll+0x21bb2]
C  [KERNEL32.DLL+0x174b4]
C  [ntdll.dll+0x526a1]


---------------  P R O C E S S  ---------------

Threads class SMR info:
_java_thread_list=0x0000028750a22c00, length=91, elements={
0x0000028730363800, 0x0000028749f61800, 0x0000028749f6b800, 0x0000028749f7b800,
0x0000028749f7c800, 0x0000028749f7e800, 0x0000028749f83800, 0x0000028749fad000,
0x0000028749fae800, 0x000002874aa54800, 0x000002874d81e000, 0x000002874bd0e000,
0x000002874d399800, 0x000002874b4bd800, 0x000002874b55e800, 0x000002874d5f1800,
0x000002874b064000, 0x000002874b62e000, 0x000002874b20e800, 0x000002874b20f800,
0x000002874af1c000, 0x000002874af19800, 0x000002874af18000, 0x000002874af1d000,
0x000002874af1b800, 0x000002874af1e000, 0x000002874af1e800, 0x000002874af19000,
0x000002874af1a800, 0x000002874ceef000, 0x000002874ceee000, 0x000002874cef2000,
0x000002874cef4800, 0x000002874cef0000, 0x000002874cef5800, 0x000002874cef6800,
0x000002874cef0800, 0x000002874cef7000, 0x000002874cef1800, 0x000002874cefd000,
0x000002874cef8000, 0x000002874cef9800, 0x000002874cefa800, 0x000002874cefb000,
0x000002874cefc000, 0x000002874cef9000, 0x000002874e60b000, 0x000002874e60f000,
0x000002874e60a000, 0x000002874e60c000, 0x000002874e609800, 0x000002874e610000,
0x000002874e60c800, 0x000002874e611800, 0x000002874e612800, 0x000002874e613000,
0x000002874e60d800, 0x000002874e610800, 0x000002874e614000, 0x000002874e60e800,
0x000002874e616800, 0x000002874e615800, 0x000002874e615000, 0x000002874e617800,
0x000002874e618000, 0x000002874e31a800, 0x000002874e318000, 0x000002874e319800,
0x000002874e315000, 0x000002874e316800, 0x000002874e31b800, 0x000002874e317000,
0x000002874e319000, 0x000002874e315800, 0x000002874e31e000, 0x000002874e31d000,
0x000002874e320000, 0x000002874e31f800, 0x000002874e31c000, 0x000002874e31e800,
0x000002874e322800, 0x000002874e321000, 0x000002874e322000, 0x000002874e323800,
0x000002874b977000, 0x000002874b97c000, 0x000002874b978800, 0x000002874b979800,
0x000002874b976000, 0x000002874b977800, 0x000002874b97d800
}

Java Threads: ( => current thread )
  0x0000028730363800 JavaThread "main" [_thread_blocked, id=121684, stack(0x000000f98cf00000,0x000000f98d000000)]
  0x0000028749f61800 JavaThread "Reference Handler" daemon [_thread_blocked, id=129832, stack(0x000000f98d600000,0x000000f98d700000)]
  0x0000028749f6b800 JavaThread "Finalizer" daemon [_thread_blocked, id=83188, stack(0x000000f98d700000,0x000000f98d800000)]
  0x0000028749f7b800 JavaThread "Signal Dispatcher" daemon [_thread_blocked, id=129260, stack(0x000000f98d800000,0x000000f98d900000)]
  0x0000028749f7c800 JavaThread "Attach Listener" daemon [_thread_blocked, id=107404, stack(0x000000f98d900000,0x000000f98da00000)]
  0x0000028749f7e800 JavaThread "Service Thread" daemon [_thread_blocked, id=98812, stack(0x000000f98da00000,0x000000f98db00000)]
=>0x0000028749f83800 JavaThread "C2 CompilerThread0" daemon [_thread_in_native, id=117248, stack(0x000000f98db00000,0x000000f98dc00000)]
  0x0000028749fad000 JavaThread "C1 CompilerThread0" daemon [_thread_blocked, id=129236, stack(0x000000f98dc00000,0x000000f98dd00000)]
  0x0000028749fae800 JavaThread "Sweeper thread" daemon [_thread_blocked, id=118384, stack(0x000000f98dd00000,0x000000f98de00000)]
  0x000002874aa54800 JavaThread "Common-Cleaner" daemon [_thread_blocked, id=128084, stack(0x000000f98de00000,0x000000f98df00000)]
  0x000002874d81e000 JavaThread "Daemon health stats" [_thread_blocked, id=104292, stack(0x000000f98e200000,0x000000f98e300000)]
  0x000002874bd0e000 JavaThread "Incoming local TCP Connector on port 51607" [_thread_in_native, id=120500, stack(0x000000f98e300000,0x000000f98e400000)]
  0x000002874d399800 JavaThread "Daemon periodic checks" [_thread_blocked, id=117064, stack(0x000000f98e400000,0x000000f98e500000)]
  0x000002874b4bd800 JavaThread "Daemon" [_thread_blocked, id=125920, stack(0x000000f98e500000,0x000000f98e600000)]
  0x000002874b55e800 JavaThread "Handler for socket connection from /127.0.0.1:51607 to /127.0.0.1:51608" [_thread_in_native, id=129768, stack(0x000000f98e600000,0x000000f98e700000)]
  0x000002874d5f1800 JavaThread "Cancel handler" [_thread_blocked, id=112832, stack(0x000000f98e800000,0x000000f98e900000)]
  0x000002874b064000 JavaThread "Daemon worker" [_thread_blocked, id=109352, stack(0x000000f98e900000,0x000000f98ea00000)]
  0x000002874b62e000 JavaThread "Asynchronous log dispatcher for DefaultDaemonConnection: socket connection from /127.0.0.1:51607 to /127.0.0.1:51608" [_thread_blocked, id=109192, stack(0x000000f98ea00000,0x000000f98eb00000)]
  0x000002874b20e800 JavaThread "Stdin handler" [_thread_blocked, id=130004, stack(0x000000f98eb00000,0x000000f98ec00000)]
  0x000002874b20f800 JavaThread "Daemon client event forwarder" [_thread_blocked, id=129584, stack(0x000000f98ec00000,0x000000f98ed00000)]
  0x000002874af1c000 JavaThread "Cache worker for journal cache (C:\Users\ASUS\.gradle\caches\journal-1)" [_thread_blocked, id=118616, stack(0x000000f98ed00000,0x000000f98ee00000)]
  0x000002874af19800 JavaThread "File lock request listener" [_thread_in_native, id=129512, stack(0x000000f98ee00000,0x000000f98ef00000)]
  0x000002874af18000 JavaThread "Cache worker for file hash cache (C:\Users\ASUS\.gradle\caches\7.4\fileHashes)" [_thread_blocked, id=123504, stack(0x000000f98ef00000,0x000000f98f000000)]
  0x000002874af1d000 JavaThread "File watcher server" daemon [_thread_in_native, id=121328, stack(0x000000f98f000000,0x000000f98f100000)]
  0x000002874af1b800 JavaThread "File watcher consumer" daemon [_thread_blocked, id=127196, stack(0x000000f98f100000,0x000000f98f200000)]
  0x000002874af1e000 JavaThread "Cache worker for checksums cache (C:\Users\ASUS\AndroidStudioProjects\ClubSportif\.gradle\7.4\checksums)" [_thread_blocked, id=120896, stack(0x000000f98f200000,0x000000f98f300000)]
  0x000002874af1e800 JavaThread "Cache worker for cache directory md-rule (C:\Users\ASUS\.gradle\caches\7.4\md-rule)" [_thread_blocked, id=124732, stack(0x000000f98f300000,0x000000f98f400000)]
  0x000002874af19000 JavaThread "Cache worker for file hash cache (C:\Users\ASUS\AndroidStudioProjects\ClubSportif\.gradle\7.4\fileHashes)" [_thread_blocked, id=116404, stack(0x000000f98f400000,0x000000f98f500000)]
  0x000002874af1a800 JavaThread "Cache worker for cache directory md-supplier (C:\Users\ASUS\.gradle\caches\7.4\md-supplier)" [_thread_blocked, id=128128, stack(0x000000f98f500000,0x000000f98f600000)]
  0x000002874ceef000 JavaThread "Cache worker for execution history cache (C:\Users\ASUS\.gradle\caches\7.4\executionHistory)" [_thread_blocked, id=118160, stack(0x000000f98f600000,0x000000f98f700000)]
  0x000002874ceee000 JavaThread "jar transforms" [_thread_blocked, id=88184, stack(0x000000f98f700000,0x000000f98f800000)]
  0x000002874cef2000 JavaThread "Cache worker for file content cache (C:\Users\ASUS\.gradle\caches\7.4\fileContent)" [_thread_blocked, id=122060, stack(0x000000f98f800000,0x000000f98f900000)]
  0x000002874cef4800 JavaThread "jar transforms Thread 2" [_thread_blocked, id=129128, stack(0x000000f98f900000,0x000000f98fa00000)]
  0x000002874cef0000 JavaThread "Cache worker for dependencies-accessors (C:\Users\ASUS\AndroidStudioProjects\ClubSportif\.gradle\7.4\dependencies-accessors)" [_thread_blocked, id=128384, stack(0x000000f98fa00000,0x000000f98fb00000)]
  0x000002874cef5800 JavaThread "jar transforms Thread 3" [_thread_blocked, id=118540, stack(0x000000f98fb00000,0x000000f98fc00000)]
  0x000002874cef6800 JavaThread "Cache worker for Build Output Cleanup Cache (C:\Users\ASUS\AndroidStudioProjects\ClubSportif\.gradle\buildOutputCleanup)" [_thread_blocked, id=118716, stack(0x000000f98fc00000,0x000000f98fd00000)]
  0x000002874cef0800 JavaThread "Unconstrained build operations" [_thread_blocked, id=125996, stack(0x000000f98fd00000,0x000000f98fe00000)]
  0x000002874cef7000 JavaThread "Unconstrained build operations Thread 2" [_thread_blocked, id=129804, stack(0x000000f98fe00000,0x000000f98ff00000)]
  0x000002874cef1800 JavaThread "Unconstrained build operations Thread 3" [_thread_blocked, id=102844, stack(0x000000f98ff00000,0x000000f990000000)]
  0x000002874cefd000 JavaThread "Unconstrained build operations Thread 4" [_thread_blocked, id=120792, stack(0x000000f990000000,0x000000f990100000)]
  0x000002874cef8000 JavaThread "Unconstrained build operations Thread 5" [_thread_blocked, id=122624, stack(0x000000f990100000,0x000000f990200000)]
  0x000002874cef9800 JavaThread "Unconstrained build operations Thread 6" [_thread_blocked, id=122116, stack(0x000000f990200000,0x000000f990300000)]
  0x000002874cefa800 JavaThread "Unconstrained build operations Thread 7" [_thread_blocked, id=76888, stack(0x000000f990300000,0x000000f990400000)]
  0x000002874cefb000 JavaThread "Unconstrained build operations Thread 8" [_thread_blocked, id=121712, stack(0x000000f990400000,0x000000f990500000)]
  0x000002874cefc000 JavaThread "Unconstrained build operations Thread 9" [_thread_blocked, id=123648, stack(0x000000f990500000,0x000000f990600000)]
  0x000002874cef9000 JavaThread "Unconstrained build operations Thread 10" [_thread_blocked, id=110724, stack(0x000000f990600000,0x000000f990700000)]
  0x000002874e60b000 JavaThread "Unconstrained build operations Thread 11" [_thread_blocked, id=127944, stack(0x000000f990700000,0x000000f990800000)]
  0x000002874e60f000 JavaThread "Unconstrained build operations Thread 12" [_thread_blocked, id=111348, stack(0x000000f990800000,0x000000f990900000)]
  0x000002874e60a000 JavaThread "Unconstrained build operations Thread 13" [_thread_blocked, id=103956, stack(0x000000f990900000,0x000000f990a00000)]
  0x000002874e60c000 JavaThread "Unconstrained build operations Thread 14" [_thread_blocked, id=126524, stack(0x000000f990a00000,0x000000f990b00000)]
  0x000002874e609800 JavaThread "Unconstrained build operations Thread 15" [_thread_blocked, id=129400, stack(0x000000f990b00000,0x000000f990c00000)]
  0x000002874e610000 JavaThread "Unconstrained build operations Thread 16" [_thread_blocked, id=129660, stack(0x000000f990c00000,0x000000f990d00000)]
  0x000002874e60c800 JavaThread "Unconstrained build operations Thread 17" [_thread_blocked, id=90236, stack(0x000000f990d00000,0x000000f990e00000)]
  0x000002874e611800 JavaThread "Unconstrained build operations Thread 18" [_thread_blocked, id=119344, stack(0x000000f990e00000,0x000000f990f00000)]
  0x000002874e612800 JavaThread "Unconstrained build operations Thread 19" [_thread_blocked, id=128688, stack(0x000000f990f00000,0x000000f991000000)]
  0x000002874e613000 JavaThread "Unconstrained build operations Thread 20" [_thread_blocked, id=122964, stack(0x000000f991000000,0x000000f991100000)]
  0x000002874e60d800 JavaThread "Unconstrained build operations Thread 21" [_thread_blocked, id=125416, stack(0x000000f991100000,0x000000f991200000)]
  0x000002874e610800 JavaThread "Unconstrained build operations Thread 22" [_thread_blocked, id=88148, stack(0x000000f991200000,0x000000f991300000)]
  0x000002874e614000 JavaThread "Unconstrained build operations Thread 23" [_thread_blocked, id=114836, stack(0x000000f991300000,0x000000f991400000)]
  0x000002874e60e800 JavaThread "Unconstrained build operations Thread 24" [_thread_blocked, id=118408, stack(0x000000f991400000,0x000000f991500000)]
  0x000002874e616800 JavaThread "Unconstrained build operations Thread 25" [_thread_blocked, id=94728, stack(0x000000f991500000,0x000000f991600000)]
  0x000002874e615800 JavaThread "Unconstrained build operations Thread 26" [_thread_blocked, id=129028, stack(0x000000f991600000,0x000000f991700000)]
  0x000002874e615000 JavaThread "Unconstrained build operations Thread 27" [_thread_blocked, id=93372, stack(0x000000f991700000,0x000000f991800000)]
  0x000002874e617800 JavaThread "Unconstrained build operations Thread 28" [_thread_blocked, id=118140, stack(0x000000f991800000,0x000000f991900000)]
  0x000002874e618000 JavaThread "Unconstrained build operations Thread 29" [_thread_blocked, id=119772, stack(0x000000f991900000,0x000000f991a00000)]
  0x000002874e31a800 JavaThread "Unconstrained build operations Thread 30" [_thread_blocked, id=120588, stack(0x000000f991a00000,0x000000f991b00000)]
  0x000002874e318000 JavaThread "Unconstrained build operations Thread 31" [_thread_blocked, id=102720, stack(0x000000f991b00000,0x000000f991c00000)]
  0x000002874e319800 JavaThread "Unconstrained build operations Thread 32" [_thread_blocked, id=113684, stack(0x000000f991c00000,0x000000f991d00000)]
  0x000002874e315000 JavaThread "Unconstrained build operations Thread 33" [_thread_blocked, id=129672, stack(0x000000f991d00000,0x000000f991e00000)]
  0x000002874e316800 JavaThread "Unconstrained build operations Thread 34" [_thread_blocked, id=116868, stack(0x000000f991e00000,0x000000f991f00000)]
  0x000002874e31b800 JavaThread "Unconstrained build operations Thread 35" [_thread_blocked, id=129340, stack(0x000000f991f00000,0x000000f992000000)]
  0x000002874e317000 JavaThread "Unconstrained build operations Thread 36" [_thread_blocked, id=80100, stack(0x000000f992000000,0x000000f992100000)]
  0x000002874e319000 JavaThread "Unconstrained build operations Thread 37" [_thread_blocked, id=80708, stack(0x000000f992100000,0x000000f992200000)]
  0x000002874e315800 JavaThread "Unconstrained build operations Thread 38" [_thread_blocked, id=129516, stack(0x000000f992200000,0x000000f992300000)]
  0x000002874e31e000 JavaThread "Unconstrained build operations Thread 39" [_thread_blocked, id=128460, stack(0x000000f992300000,0x000000f992400000)]
  0x000002874e31d000 JavaThread "Unconstrained build operations Thread 40" [_thread_blocked, id=125480, stack(0x000000f992400000,0x000000f992500000)]
  0x000002874e320000 JavaThread "jar transforms Thread 4" [_thread_blocked, id=124420, stack(0x000000f992500000,0x000000f992600000)]
  0x000002874e31f800 JavaThread "Memory manager" [_thread_blocked, id=113076, stack(0x000000f992600000,0x000000f992700000)]
  0x000002874e31c000 JavaThread "build event listener" [_thread_blocked, id=122072, stack(0x000000f992700000,0x000000f992800000)]
  0x000002874e31e800 JavaThread "pool-3-thread-1" [_thread_blocked, id=115188, stack(0x000000f992800000,0x000000f992900000)]
  0x000002874e322800 JavaThread "build event listener" [_thread_blocked, id=127540, stack(0x000000f992900000,0x000000f992a00000)]
  0x000002874e321000 JavaThread "included builds" [_thread_blocked, id=126652, stack(0x000000f992a00000,0x000000f992b00000)]
  0x000002874e322000 JavaThread "Execution worker for ':'" [_thread_blocked, id=125696, stack(0x000000f992b00000,0x000000f992c00000)]
  0x000002874e323800 JavaThread "Execution worker for ':' Thread 2" [_thread_in_Java, id=127656, stack(0x000000f992c00000,0x000000f992d00000)]
  0x000002874b977000 JavaThread "Execution worker for ':' Thread 3" [_thread_blocked, id=128088, stack(0x000000f992d00000,0x000000f992e00000)]
  0x000002874b97c000 JavaThread "Cache worker for execution history cache (C:\Users\ASUS\AndroidStudioProjects\ClubSportif\.gradle\7.4\executionHistory)" [_thread_blocked, id=129276, stack(0x000000f992e00000,0x000000f992f00000)]
  0x000002874b978800 JavaThread "Cache worker for Java compile cache (C:\Users\ASUS\.gradle\caches\7.4\javaCompile)" [_thread_blocked, id=109964, stack(0x000000f992f00000,0x000000f993000000)]
  0x000002874b979800 JavaThread "Build operations" [_thread_blocked, id=114864, stack(0x000000f993000000,0x000000f993100000)]
  0x000002874b976000 JavaThread "Build operations Thread 2" [_thread_blocked, id=120188, stack(0x000000f993100000,0x000000f993200000)]
  0x000002874b977800 JavaThread "Build operations Thread 3" [_thread_blocked, id=119964, stack(0x000000f993200000,0x000000f993300000)]
  0x000002874b97d800 JavaThread "Build operations Thread 4" [_thread_blocked, id=121600, stack(0x000000f993300000,0x000000f993400000)]

Other Threads:
  0x0000028749f5c000 VMThread "VM Thread" [stack: 0x000000f98d500000,0x000000f98d600000] [id=117972]
  0x000002874aa72800 WatcherThread [stack: 0x000000f98df00000,0x000000f98e000000] [id=128372]
  0x0000028730378000 GCTaskThread "GC Thread#0" [stack: 0x000000f98d000000,0x000000f98d100000] [id=126496]
  0x000002874b28f000 GCTaskThread "GC Thread#1" [stack: 0x000000f98e000000,0x000000f98e100000] [id=124688]
  0x000002874addb000 GCTaskThread "GC Thread#2" [stack: 0x000000f98e100000,0x000000f98e200000] [id=129624]
  0x000002874d2da800 GCTaskThread "GC Thread#3" [stack: 0x000000f98e700000,0x000000f98e800000] [id=114740]
  0x00000287303a8000 ConcurrentGCThread "G1 Main Marker" [stack: 0x000000f98d100000,0x000000f98d200000] [id=123344]
  0x00000287303aa800 ConcurrentGCThread "G1 Conc#0" [stack: 0x000000f98d200000,0x000000f98d300000] [id=125772]
  0x0000028730439000 ConcurrentGCThread "G1 Refine#0" [stack: 0x000000f98d300000,0x000000f98d400000] [id=122476]
  0x000002873043a000 ConcurrentGCThread "G1 Young RemSet Sampling" [stack: 0x000000f98d400000,0x000000f98d500000] [id=129520]

Threads with active compile tasks:
C2 CompilerThread0  29249 10898       4       sun.nio.fs.WindowsPathParser::parse (384 bytes)

VM state:not at safepoint (normal execution)

VM Mutex/Monitor currently owned by a thread: None

Heap address: 0x0000000080000000, size: 2048 MB, Compressed Oops mode: 32-bit
Narrow klass base: 0x0000000000000000, Narrow klass shift: 3
Compressed class space size: 1073741824 Address: 0x0000000100000000

Heap:
 garbage-first heap   total 189440K, used 101573K [0x0000000080000000, 0x0000000100000000)
  region size 1024K, 17 young (17408K), 9 survivors (9216K)
 Metaspace       used 93932K, capacity 96372K, committed 96420K, reserved 1132544K
  class space    used 12014K, capacity 12869K, committed 12876K, reserved 1048576K
Heap Regions: E=young(eden), S=young(survivor), O=old, HS=humongous(starts), HC=humongous(continues), CS=collection set, F=free, A=archive, TAMS=top-at-mark-start (previous, next)
|   0|0x0000000080000000, 0x0000000080100000, 0x0000000080100000|100%|HS|  |TAMS 0x0000000080100000, 0x0000000080000000| Complete 
|   1|0x0000000080100000, 0x0000000080200000, 0x0000000080200000|100%|HC|  |TAMS 0x0000000080200000, 0x0000000080100000| Complete 
|   2|0x0000000080200000, 0x0000000080300000, 0x0000000080300000|100%|HC|  |TAMS 0x0000000080300000, 0x0000000080200000| Complete 
|   3|0x0000000080300000, 0x0000000080400000, 0x0000000080400000|100%| O|  |TAMS 0x0000000080400000, 0x0000000080300000| Untracked 
|   4|0x0000000080400000, 0x0000000080500000, 0x0000000080500000|100%| O|  |TAMS 0x0000000080500000, 0x0000000080400000| Untracked 
|   5|0x0000000080500000, 0x0000000080600000, 0x0000000080600000|100%| O|  |TAMS 0x0000000080600000, 0x0000000080500000| Untracked 
|   6|0x0000000080600000, 0x0000000080700000, 0x0000000080700000|100%| O|  |TAMS 0x0000000080700000, 0x0000000080600000| Untracked 
|   7|0x0000000080700000, 0x0000000080800000, 0x0000000080800000|100%| O|  |TAMS 0x0000000080800000, 0x0000000080700000| Untracked 
|   8|0x0000000080800000, 0x0000000080900000, 0x0000000080900000|100%| O|  |TAMS 0x0000000080900000, 0x0000000080800000| Untracked 
|   9|0x0000000080900000, 0x0000000080a00000, 0x0000000080a00000|100%| O|  |TAMS 0x0000000080a00000, 0x0000000080900000| Untracked 
|  10|0x0000000080a00000, 0x0000000080b00000, 0x0000000080b00000|100%| O|  |TAMS 0x0000000080b00000, 0x0000000080a00000| Untracked 
|  11|0x0000000080b00000, 0x0000000080c00000, 0x0000000080c00000|100%| O|  |TAMS 0x0000000080c00000, 0x0000000080b00000| Untracked 
|  12|0x0000000080c00000, 0x0000000080d00000, 0x0000000080d00000|100%| O|  |TAMS 0x0000000080d00000, 0x0000000080c00000| Untracked 
|  13|0x0000000080d00000, 0x0000000080e00000, 0x0000000080e00000|100%| O|  |TAMS 0x0000000080e00000, 0x0000000080d00000| Untracked 
|  14|0x0000000080e00000, 0x0000000080f00000, 0x0000000080f00000|100%| O|  |TAMS 0x0000000080f00000, 0x0000000080e00000| Untracked 
|  15|0x0000000080f00000, 0x0000000081000000, 0x0000000081000000|100%| O|  |TAMS 0x0000000081000000, 0x0000000080f00000| Untracked 
|  16|0x0000000081000000, 0x0000000081100000, 0x0000000081100000|100%|HS|  |TAMS 0x0000000081100000, 0x0000000081000000| Complete 
|  17|0x0000000081100000, 0x0000000081200000, 0x0000000081200000|100%| O|  |TAMS 0x0000000081200000, 0x0000000081100000| Untracked 
|  18|0x0000000081200000, 0x0000000081300000, 0x0000000081300000|100%| O|  |TAMS 0x0000000081300000, 0x0000000081200000| Untracked 
|  19|0x0000000081300000, 0x0000000081400000, 0x0000000081400000|100%| O|  |TAMS 0x0000000081400000, 0x0000000081300000| Untracked 
|  20|0x0000000081400000, 0x0000000081500000, 0x0000000081500000|100%| O|  |TAMS 0x0000000081500000, 0x0000000081400000| Untracked 
|  21|0x0000000081500000, 0x0000000081600000, 0x0000000081600000|100%| O|  |TAMS 0x0000000081600000, 0x0000000081500000| Untracked 
|  22|0x0000000081600000, 0x0000000081700000, 0x0000000081700000|100%| O|  |TAMS 0x0000000081700000, 0x0000000081600000| Untracked 
|  23|0x0000000081700000, 0x0000000081800000, 0x0000000081800000|100%| O|  |TAMS 0x0000000081800000, 0x0000000081700000| Untracked 
|  24|0x0000000081800000, 0x0000000081900000, 0x0000000081900000|100%| O|  |TAMS 0x0000000081900000, 0x0000000081800000| Untracked 
|  25|0x0000000081900000, 0x0000000081a00000, 0x0000000081a00000|100%| O|  |TAMS 0x0000000081a00000, 0x0000000081900000| Untracked 
|  26|0x0000000081a00000, 0x0000000081b00000, 0x0000000081b00000|100%| O|  |TAMS 0x0000000081b00000, 0x0000000081a00000| Untracked 
|  27|0x0000000081b00000, 0x0000000081c00000, 0x0000000081c00000|100%|HS|  |TAMS 0x0000000081c00000, 0x0000000081b00000| Complete 
|  28|0x0000000081c00000, 0x0000000081d00000, 0x0000000081d00000|100%| O|  |TAMS 0x0000000081d00000, 0x0000000081c00000| Untracked 
|  29|0x0000000081d00000, 0x0000000081e00000, 0x0000000081e00000|100%|HS|  |TAMS 0x0000000081e00000, 0x0000000081d00000| Complete 
|  30|0x0000000081e00000, 0x0000000081f00000, 0x0000000081f00000|100%|HC|  |TAMS 0x0000000081f00000, 0x0000000081e00000| Complete 
|  31|0x0000000081f00000, 0x0000000082000000, 0x0000000082000000|100%| O|  |TAMS 0x0000000082000000, 0x0000000081f00000| Untracked 
|  32|0x0000000082000000, 0x0000000082100000, 0x0000000082100000|100%| O|  |TAMS 0x0000000082100000, 0x0000000082000000| Untracked 
|  33|0x0000000082100000, 0x0000000082200000, 0x0000000082200000|100%| O|  |TAMS 0x0000000082200000, 0x0000000082100000| Untracked 
|  34|0x0000000082200000, 0x0000000082300000, 0x0000000082300000|100%| O|  |TAMS 0x0000000082300000, 0x0000000082200000| Untracked 
|  35|0x0000000082300000, 0x0000000082400000, 0x0000000082400000|100%| O|  |TAMS 0x0000000082400000, 0x0000000082300000| Untracked 
|  36|0x0000000082400000, 0x0000000082500000, 0x0000000082500000|100%| O|  |TAMS 0x0000000082500000, 0x0000000082400000| Untracked 
|  37|0x0000000082500000, 0x0000000082600000, 0x0000000082600000|100%| O|  |TAMS 0x0000000082600000, 0x0000000082500000| Untracked 
|  38|0x0000000082600000, 0x0000000082700000, 0x0000000082700000|100%| O|  |TAMS 0x0000000082700000, 0x0000000082600000| Untracked 
|  39|0x0000000082700000, 0x0000000082800000, 0x0000000082800000|100%| O|  |TAMS 0x0000000082800000, 0x0000000082700000| Untracked 
|  40|0x0000000082800000, 0x0000000082900000, 0x0000000082900000|100%| O|  |TAMS 0x0000000082900000, 0x0000000082800000| Untracked 
|  41|0x0000000082900000, 0x0000000082a00000, 0x0000000082a00000|100%| O|  |TAMS 0x00000000829f6a00, 0x0000000082900000| Untracked 
|  42|0x0000000082a00000, 0x0000000082b00000, 0x0000000082b00000|100%| O|  |TAMS 0x0000000082a00000, 0x0000000082a00000| Untracked 
|  43|0x0000000082b00000, 0x0000000082c00000, 0x0000000082c00000|100%| O|  |TAMS 0x0000000082b00000, 0x0000000082b00000| Untracked 
|  44|0x0000000082c00000, 0x0000000082d00000, 0x0000000082d00000|100%| O|  |TAMS 0x0000000082c00000, 0x0000000082c00000| Untracked 
|  45|0x0000000082d00000, 0x0000000082e00000, 0x0000000082e00000|100%| O|  |TAMS 0x0000000082d00000, 0x0000000082d00000| Untracked 
|  46|0x0000000082e00000, 0x0000000082f00000, 0x0000000082f00000|100%| O|  |TAMS 0x0000000082e00000, 0x0000000082e00000| Untracked 
|  47|0x0000000082f00000, 0x0000000083000000, 0x0000000083000000|100%| O|  |TAMS 0x0000000082f00000, 0x0000000082f00000| Untracked 
|  48|0x0000000083000000, 0x0000000083100000, 0x0000000083100000|100%| O|  |TAMS 0x0000000083000000, 0x0000000083000000| Untracked 
|  49|0x0000000083100000, 0x0000000083200000, 0x0000000083200000|100%| O|  |TAMS 0x0000000083100000, 0x0000000083100000| Untracked 
|  50|0x0000000083200000, 0x0000000083300000, 0x0000000083300000|100%| O|  |TAMS 0x0000000083200000, 0x0000000083200000| Untracked 
|  51|0x0000000083300000, 0x0000000083400000, 0x0000000083400000|100%| O|  |TAMS 0x0000000083300000, 0x0000000083300000| Untracked 
|  52|0x0000000083400000, 0x0000000083500000, 0x0000000083500000|100%| O|  |TAMS 0x0000000083400000, 0x0000000083400000| Untracked 
|  53|0x0000000083500000, 0x0000000083600000, 0x0000000083600000|100%| O|  |TAMS 0x0000000083500000, 0x0000000083500000| Untracked 
|  54|0x0000000083600000, 0x0000000083700000, 0x0000000083700000|100%| O|  |TAMS 0x0000000083600000, 0x0000000083600000| Untracked 
|  55|0x0000000083700000, 0x0000000083800000, 0x0000000083800000|100%| O|  |TAMS 0x0000000083700000, 0x0000000083700000| Untracked 
|  56|0x0000000083800000, 0x0000000083900000, 0x0000000083900000|100%| O|  |TAMS 0x0000000083800000, 0x0000000083800000| Untracked 
|  57|0x0000000083900000, 0x0000000083a00000, 0x0000000083a00000|100%| O|  |TAMS 0x0000000083900000, 0x0000000083900000| Untracked 
|  58|0x0000000083a00000, 0x0000000083b00000, 0x0000000083b00000|100%| O|  |TAMS 0x0000000083a00000, 0x0000000083a00000| Untracked 
|  59|0x0000000083b00000, 0x0000000083c00000, 0x0000000083c00000|100%| O|  |TAMS 0x0000000083b00000, 0x0000000083b00000| Untracked 
|  60|0x0000000083c00000, 0x0000000083d00000, 0x0000000083d00000|100%| O|  |TAMS 0x0000000083c00000, 0x0000000083c00000| Untracked 
|  61|0x0000000083d00000, 0x0000000083e00000, 0x0000000083e00000|100%| O|  |TAMS 0x0000000083d00000, 0x0000000083d00000| Untracked 
|  62|0x0000000083e00000, 0x0000000083f00000, 0x0000000083f00000|100%| O|  |TAMS 0x0000000083e00000, 0x0000000083e00000| Untracked 
|  63|0x0000000083f00000, 0x0000000084000000, 0x0000000084000000|100%| O|  |TAMS 0x0000000083f00000, 0x0000000083f00000| Untracked 
|  64|0x0000000084000000, 0x0000000084100000, 0x0000000084100000|100%| O|  |TAMS 0x0000000084000000, 0x0000000084000000| Untracked 
|  65|0x0000000084100000, 0x0000000084200000, 0x0000000084200000|100%| O|  |TAMS 0x0000000084100000, 0x0000000084100000| Untracked 
|  66|0x0000000084200000, 0x0000000084300000, 0x0000000084300000|100%| O|  |TAMS 0x0000000084200000, 0x0000000084200000| Untracked 
|  67|0x0000000084300000, 0x0000000084400000, 0x0000000084400000|100%| O|  |TAMS 0x0000000084300000, 0x0000000084300000| Untracked 
|  68|0x0000000084400000, 0x0000000084500000, 0x0000000084500000|100%| O|  |TAMS 0x0000000084400000, 0x0000000084400000| Untracked 
|  69|0x0000000084500000, 0x0000000084600000, 0x0000000084600000|100%| O|  |TAMS 0x0000000084500000, 0x0000000084500000| Untracked 
|  70|0x0000000084600000, 0x0000000084700000, 0x0000000084700000|100%| O|  |TAMS 0x0000000084600000, 0x0000000084600000| Untracked 
|  71|0x0000000084700000, 0x0000000084800000, 0x0000000084800000|100%| O|  |TAMS 0x0000000084700000, 0x0000000084700000| Untracked 
|  72|0x0000000084800000, 0x0000000084900000, 0x0000000084900000|100%| O|  |TAMS 0x0000000084800000, 0x0000000084800000| Untracked 
|  73|0x0000000084900000, 0x0000000084a00000, 0x0000000084a00000|100%|HS|  |TAMS 0x0000000084900000, 0x0000000084900000| Complete 
|  74|0x0000000084a00000, 0x0000000084b00000, 0x0000000084b00000|100%|HC|  |TAMS 0x0000000084a00000, 0x0000000084a00000| Complete 
|  75|0x0000000084b00000, 0x0000000084c00000, 0x0000000084c00000|100%| O|  |TAMS 0x0000000084b00000, 0x0000000084b00000| Untracked 
|  76|0x0000000084c00000, 0x0000000084d00000, 0x0000000084d00000|100%| O|  |TAMS 0x0000000084c00000, 0x0000000084c00000| Untracked 
|  77|0x0000000084d00000, 0x0000000084e00000, 0x0000000084e00000|100%| O|  |TAMS 0x0000000084d00000, 0x0000000084d00000| Untracked 
|  78|0x0000000084e00000, 0x0000000084f00000, 0x0000000084f00000|100%| O|  |TAMS 0x0000000084e00000, 0x0000000084e00000| Untracked 
|  79|0x0000000084f00000, 0x0000000085000000, 0x0000000085000000|100%| O|  |TAMS 0x0000000084f00000, 0x0000000084f00000| Untracked 
|  80|0x0000000085000000, 0x0000000085100000, 0x0000000085100000|100%| O|  |TAMS 0x0000000085000000, 0x0000000085000000| Untracked 
|  81|0x0000000085100000, 0x0000000085200000, 0x0000000085200000|100%| O|  |TAMS 0x0000000085100000, 0x0000000085100000| Untracked 
|  82|0x0000000085200000, 0x0000000085300000, 0x0000000085300000|100%| O|  |TAMS 0x0000000085200000, 0x0000000085200000| Untracked 
|  83|0x0000000085300000, 0x0000000085331600, 0x0000000085400000| 19%| O|  |TAMS 0x0000000085300000, 0x0000000085300000| Untracked 
|  84|0x0000000085400000, 0x0000000085400000, 0x0000000085500000|  0%| F|  |TAMS 0x0000000085400000, 0x0000000085400000| Untracked 
|  85|0x0000000085500000, 0x0000000085500000, 0x0000000085600000|  0%| F|  |TAMS 0x0000000085500000, 0x0000000085500000| Untracked 
|  86|0x0000000085600000, 0x0000000085600000, 0x0000000085700000|  0%| F|  |TAMS 0x0000000085600000, 0x0000000085600000| Untracked 
|  87|0x0000000085700000, 0x0000000085700000, 0x0000000085800000|  0%| F|  |TAMS 0x0000000085700000, 0x0000000085700000| Untracked 
|  88|0x0000000085800000, 0x0000000085800000, 0x0000000085900000|  0%| F|  |TAMS 0x0000000085800000, 0x0000000085800000| Untracked 
|  89|0x0000000085900000, 0x0000000085900000, 0x0000000085a00000|  0%| F|  |TAMS 0x0000000085900000, 0x0000000085900000| Untracked 
|  90|0x0000000085a00000, 0x0000000085a00000, 0x0000000085b00000|  0%| F|  |TAMS 0x0000000085a00000, 0x0000000085a00000| Untracked 
|  91|0x0000000085b00000, 0x0000000085b00000, 0x0000000085c00000|  0%| F|  |TAMS 0x0000000085b00000, 0x0000000085b00000| Untracked 
|  92|0x0000000085c00000, 0x0000000085c00000, 0x0000000085d00000|  0%| F|  |TAMS 0x0000000085c00000, 0x0000000085c00000| Untracked 
|  93|0x0000000085d00000, 0x0000000085d00000, 0x0000000085e00000|  0%| F|  |TAMS 0x0000000085d00000, 0x0000000085d00000| Untracked 
|  94|0x0000000085e00000, 0x0000000085e00000, 0x0000000085f00000|  0%| F|  |TAMS 0x0000000085e00000, 0x0000000085e00000| Untracked 
|  95|0x0000000085f00000, 0x0000000085f00000, 0x0000000086000000|  0%| F|  |TAMS 0x0000000085f00000, 0x0000000085f00000| Untracked 
|  96|0x0000000086000000, 0x0000000086000000, 0x0000000086100000|  0%| F|  |TAMS 0x0000000086000000, 0x0000000086000000| Untracked 
|  97|0x0000000086100000, 0x0000000086100000, 0x0000000086200000|  0%| F|  |TAMS 0x0000000086100000, 0x0000000086100000| Untracked 
|  98|0x0000000086200000, 0x0000000086200000, 0x0000000086300000|  0%| F|  |TAMS 0x0000000086200000, 0x0000000086200000| Untracked 
|  99|0x0000000086300000, 0x0000000086300000, 0x0000000086400000|  0%| F|  |TAMS 0x0000000086300000, 0x0000000086300000| Untracked 
| 100|0x0000000086400000, 0x0000000086400000, 0x0000000086500000|  0%| F|  |TAMS 0x0000000086400000, 0x0000000086400000| Untracked 
| 101|0x0000000086500000, 0x0000000086500000, 0x0000000086600000|  0%| F|  |TAMS 0x0000000086500000, 0x0000000086500000| Untracked 
| 102|0x0000000086600000, 0x0000000086600000, 0x0000000086700000|  0%| F|  |TAMS 0x0000000086600000, 0x0000000086600000| Untracked 
| 103|0x0000000086700000, 0x0000000086700000, 0x0000000086800000|  0%| F|  |TAMS 0x0000000086700000, 0x0000000086700000| Untracked 
| 104|0x0000000086800000, 0x0000000086800000, 0x0000000086900000|  0%| F|  |TAMS 0x0000000086800000, 0x0000000086800000| Untracked 
| 105|0x0000000086900000, 0x0000000086900000, 0x0000000086a00000|  0%| F|  |TAMS 0x0000000086900000, 0x0000000086900000| Untracked 
| 106|0x0000000086a00000, 0x0000000086a00000, 0x0000000086b00000|  0%| F|  |TAMS 0x0000000086a00000, 0x0000000086a00000| Untracked 
| 107|0x0000000086b00000, 0x0000000086c00000, 0x0000000086c00000|100%| S|CS|TAMS 0x0000000086b00000, 0x0000000086b00000| Complete 
| 108|0x0000000086c00000, 0x0000000086d00000, 0x0000000086d00000|100%| S|CS|TAMS 0x0000000086c00000, 0x0000000086c00000| Complete 
| 109|0x0000000086d00000, 0x0000000086e00000, 0x0000000086e00000|100%| S|CS|TAMS 0x0000000086d00000, 0x0000000086d00000| Complete 
| 110|0x0000000086e00000, 0x0000000086f00000, 0x0000000086f00000|100%| S|CS|TAMS 0x0000000086e00000, 0x0000000086e00000| Complete 
| 111|0x0000000086f00000, 0x0000000087000000, 0x0000000087000000|100%| S|CS|TAMS 0x0000000086f00000, 0x0000000086f00000| Complete 
| 112|0x0000000087000000, 0x0000000087100000, 0x0000000087100000|100%| S|CS|TAMS 0x0000000087000000, 0x0000000087000000| Complete 
| 113|0x0000000087100000, 0x0000000087200000, 0x0000000087200000|100%| S|CS|TAMS 0x0000000087100000, 0x0000000087100000| Complete 
| 114|0x0000000087200000, 0x0000000087200000, 0x0000000087300000|  0%| F|  |TAMS 0x0000000087200000, 0x0000000087200000| Untracked 
| 115|0x0000000087300000, 0x0000000087300000, 0x0000000087400000|  0%| F|  |TAMS 0x0000000087300000, 0x0000000087300000| Untracked 
| 116|0x0000000087400000, 0x0000000087400000, 0x0000000087500000|  0%| F|  |TAMS 0x0000000087400000, 0x0000000087400000| Untracked 
| 117|0x0000000087500000, 0x0000000087500000, 0x0000000087600000|  0%| F|  |TAMS 0x0000000087500000, 0x0000000087500000| Untracked 
| 118|0x0000000087600000, 0x0000000087600000, 0x0000000087700000|  0%| F|  |TAMS 0x0000000087600000, 0x0000000087600000| Untracked 
| 119|0x0000000087700000, 0x0000000087700000, 0x0000000087800000|  0%| F|  |TAMS 0x0000000087700000, 0x0000000087700000| Untracked 
| 120|0x0000000087800000, 0x0000000087800000, 0x0000000087900000|  0%| F|  |TAMS 0x0000000087800000, 0x0000000087800000| Untracked 
| 121|0x0000000087900000, 0x0000000087900000, 0x0000000087a00000|  0%| F|  |TAMS 0x0000000087900000, 0x0000000087900000| Untracked 
| 122|0x0000000087a00000, 0x0000000087a00000, 0x0000000087b00000|  0%| F|  |TAMS 0x0000000087a00000, 0x0000000087a00000| Untracked 
| 123|0x0000000087b00000, 0x0000000087c00000, 0x0000000087c00000|100%| S|CS|TAMS 0x0000000087b00000, 0x0000000087b00000| Complete 
| 124|0x0000000087c00000, 0x0000000087d00000, 0x0000000087d00000|100%| S|CS|TAMS 0x0000000087c00000, 0x0000000087c00000| Complete 
| 125|0x0000000087d00000, 0x0000000087d00000, 0x0000000087e00000|  0%| F|  |TAMS 0x0000000087d00000, 0x0000000087d00000| Untracked 
| 126|0x0000000087e00000, 0x0000000087e00000, 0x0000000087f00000|  0%| F|  |TAMS 0x0000000087e00000, 0x0000000087e00000| Untracked 
| 127|0x0000000087f00000, 0x0000000087f00000, 0x0000000088000000|  0%| F|  |TAMS 0x0000000087f00000, 0x0000000087f00000| Untracked 
| 128|0x0000000088000000, 0x0000000088000000, 0x0000000088100000|  0%| F|  |TAMS 0x0000000088000000, 0x0000000088000000| Untracked 
| 129|0x0000000088100000, 0x0000000088100000, 0x0000000088200000|  0%| F|  |TAMS 0x0000000088100000, 0x0000000088100000| Untracked 
| 130|0x0000000088200000, 0x0000000088200000, 0x0000000088300000|  0%| F|  |TAMS 0x0000000088200000, 0x0000000088200000| Untracked 
| 131|0x0000000088300000, 0x0000000088300000, 0x0000000088400000|  0%| F|  |TAMS 0x0000000088300000, 0x0000000088300000| Untracked 
| 132|0x0000000088400000, 0x0000000088400000, 0x0000000088500000|  0%| F|  |TAMS 0x0000000088400000, 0x0000000088400000| Untracked 
| 133|0x0000000088500000, 0x0000000088500000, 0x0000000088600000|  0%| F|  |TAMS 0x0000000088500000, 0x0000000088500000| Untracked 
| 134|0x0000000088600000, 0x0000000088600000, 0x0000000088700000|  0%| F|  |TAMS 0x0000000088600000, 0x0000000088600000| Untracked 
| 135|0x0000000088700000, 0x0000000088700000, 0x0000000088800000|  0%| F|  |TAMS 0x0000000088700000, 0x0000000088700000| Untracked 
| 136|0x0000000088800000, 0x0000000088800000, 0x0000000088900000|  0%| F|  |TAMS 0x0000000088800000, 0x0000000088800000| Untracked 
| 137|0x0000000088900000, 0x0000000088900000, 0x0000000088a00000|  0%| F|  |TAMS 0x0000000088900000, 0x0000000088900000| Untracked 
| 138|0x0000000088a00000, 0x0000000088a00000, 0x0000000088b00000|  0%| F|  |TAMS 0x0000000088a00000, 0x0000000088a00000| Untracked 
| 139|0x0000000088b00000, 0x0000000088b00000, 0x0000000088c00000|  0%| F|  |TAMS 0x0000000088b00000, 0x0000000088b00000| Untracked 
| 140|0x0000000088c00000, 0x0000000088c00000, 0x0000000088d00000|  0%| F|  |TAMS 0x0000000088c00000, 0x0000000088c00000| Untracked 
| 141|0x0000000088d00000, 0x0000000088d00000, 0x0000000088e00000|  0%| F|  |TAMS 0x0000000088d00000, 0x0000000088d00000| Untracked 
| 142|0x0000000088e00000, 0x0000000088e00000, 0x0000000088f00000|  0%| F|  |TAMS 0x0000000088e00000, 0x0000000088e00000| Untracked 
| 143|0x0000000088f00000, 0x0000000088f00000, 0x0000000089000000|  0%| F|  |TAMS 0x0000000088f00000, 0x0000000088f00000| Untracked 
| 144|0x0000000089000000, 0x0000000089000000, 0x0000000089100000|  0%| F|  |TAMS 0x0000000089000000, 0x0000000089000000| Untracked 
| 145|0x0000000089100000, 0x0000000089100000, 0x0000000089200000|  0%| F|  |TAMS 0x0000000089100000, 0x0000000089100000| Untracked 
| 146|0x0000000089200000, 0x0000000089200000, 0x0000000089300000|  0%| F|  |TAMS 0x0000000089200000, 0x0000000089200000| Untracked 
| 147|0x0000000089300000, 0x0000000089300000, 0x0000000089400000|  0%| F|  |TAMS 0x0000000089300000, 0x0000000089300000| Untracked 
| 148|0x0000000089400000, 0x0000000089400000, 0x0000000089500000|  0%| F|  |TAMS 0x0000000089400000, 0x0000000089400000| Untracked 
| 149|0x0000000089500000, 0x0000000089500000, 0x0000000089600000|  0%| F|  |TAMS 0x0000000089500000, 0x0000000089500000| Untracked 
| 150|0x0000000089600000, 0x0000000089600000, 0x0000000089700000|  0%| F|  |TAMS 0x0000000089600000, 0x0000000089600000| Untracked 
| 151|0x0000000089700000, 0x0000000089700000, 0x0000000089800000|  0%| F|  |TAMS 0x0000000089700000, 0x0000000089700000| Untracked 
| 152|0x0000000089800000, 0x0000000089800000, 0x0000000089900000|  0%| F|  |TAMS 0x0000000089800000, 0x0000000089800000| Untracked 
| 153|0x0000000089900000, 0x0000000089900000, 0x0000000089a00000|  0%| F|  |TAMS 0x0000000089900000, 0x0000000089900000| Untracked 
| 154|0x0000000089a00000, 0x0000000089a00000, 0x0000000089b00000|  0%| F|  |TAMS 0x0000000089a00000, 0x0000000089a00000| Untracked 
| 155|0x0000000089b00000, 0x0000000089b00000, 0x0000000089c00000|  0%| F|  |TAMS 0x0000000089b00000, 0x0000000089b00000| Untracked 
| 156|0x0000000089c00000, 0x0000000089c00000, 0x0000000089d00000|  0%| F|  |TAMS 0x0000000089c00000, 0x0000000089c00000| Untracked 
| 157|0x0000000089d00000, 0x0000000089d00000, 0x0000000089e00000|  0%| F|  |TAMS 0x0000000089d00000, 0x0000000089d00000| Untracked 
| 158|0x0000000089e00000, 0x0000000089e00000, 0x0000000089f00000|  0%| F|  |TAMS 0x0000000089e00000, 0x0000000089e00000| Untracked 
| 159|0x0000000089f00000, 0x0000000089f00000, 0x000000008a000000|  0%| F|  |TAMS 0x0000000089f00000, 0x0000000089f00000| Untracked 
| 160|0x000000008a000000, 0x000000008a000000, 0x000000008a100000|  0%| F|  |TAMS 0x000000008a000000, 0x000000008a000000| Untracked 
| 161|0x000000008a100000, 0x000000008a100000, 0x000000008a200000|  0%| F|  |TAMS 0x000000008a100000, 0x000000008a100000| Untracked 
| 162|0x000000008a200000, 0x000000008a200000, 0x000000008a300000|  0%| F|  |TAMS 0x000000008a200000, 0x000000008a200000| Untracked 
| 163|0x000000008a300000, 0x000000008a300000, 0x000000008a400000|  0%| F|  |TAMS 0x000000008a300000, 0x000000008a300000| Untracked 
| 164|0x000000008a400000, 0x000000008a400000, 0x000000008a500000|  0%| F|  |TAMS 0x000000008a400000, 0x000000008a400000| Untracked 
| 165|0x000000008a500000, 0x000000008a500000, 0x000000008a600000|  0%| F|  |TAMS 0x000000008a500000, 0x000000008a500000| Untracked 
| 166|0x000000008a600000, 0x000000008a600000, 0x000000008a700000|  0%| F|  |TAMS 0x000000008a600000, 0x000000008a600000| Untracked 
| 167|0x000000008a700000, 0x000000008a700000, 0x000000008a800000|  0%| F|  |TAMS 0x000000008a700000, 0x000000008a700000| Untracked 
| 168|0x000000008a800000, 0x000000008a800000, 0x000000008a900000|  0%| F|  |TAMS 0x000000008a800000, 0x000000008a800000| Untracked 
| 169|0x000000008a900000, 0x000000008a900000, 0x000000008aa00000|  0%| F|  |TAMS 0x000000008a900000, 0x000000008a900000| Untracked 
| 170|0x000000008aa00000, 0x000000008aa00000, 0x000000008ab00000|  0%| F|  |TAMS 0x000000008aa00000, 0x000000008aa00000| Untracked 
| 171|0x000000008ab00000, 0x000000008ab00000, 0x000000008ac00000|  0%| F|  |TAMS 0x000000008ab00000, 0x000000008ab00000| Untracked 
| 172|0x000000008ac00000, 0x000000008ac00000, 0x000000008ad00000|  0%| F|  |TAMS 0x000000008ac00000, 0x000000008ac00000| Untracked 
| 173|0x000000008ad00000, 0x000000008ad00000, 0x000000008ae00000|  0%| F|  |TAMS 0x000000008ad00000, 0x000000008ad00000| Untracked 
| 174|0x000000008ae00000, 0x000000008ae00000, 0x000000008af00000|  0%| F|  |TAMS 0x000000008ae00000, 0x000000008ae00000| Untracked 
| 175|0x000000008af00000, 0x000000008af00000, 0x000000008b000000|  0%| F|  |TAMS 0x000000008af00000, 0x000000008af00000| Untracked 
| 176|0x000000008b000000, 0x000000008b000000, 0x000000008b100000|  0%| F|  |TAMS 0x000000008b000000, 0x000000008b000000| Untracked 
| 177|0x000000008b100000, 0x000000008b1e5f18, 0x000000008b200000| 89%| E|  |TAMS 0x000000008b100000, 0x000000008b100000| Complete 
| 178|0x000000008b200000, 0x000000008b300000, 0x000000008b300000|100%| E|CS|TAMS 0x000000008b200000, 0x000000008b200000| Complete 
| 179|0x000000008b300000, 0x000000008b400000, 0x000000008b400000|100%| E|CS|TAMS 0x000000008b300000, 0x000000008b300000| Complete 
| 180|0x000000008b400000, 0x000000008b500000, 0x000000008b500000|100%| E|CS|TAMS 0x000000008b400000, 0x000000008b400000| Complete 
| 181|0x000000008b500000, 0x000000008b600000, 0x000000008b600000|100%| E|CS|TAMS 0x000000008b500000, 0x000000008b500000| Complete 
| 182|0x000000008b600000, 0x000000008b700000, 0x000000008b700000|100%| E|CS|TAMS 0x000000008b600000, 0x000000008b600000| Complete 
| 183|0x000000008b700000, 0x000000008b800000, 0x000000008b800000|100%| E|CS|TAMS 0x000000008b700000, 0x000000008b700000| Complete 
| 184|0x000000008b800000, 0x000000008b900000, 0x000000008b900000|100%| E|CS|TAMS 0x000000008b800000, 0x000000008b800000| Complete 

Card table byte_map: [0x0000028743280000,0x0000028743680000] _byte_map_base: 0x0000028742e80000

Marking Bits (Prev, Next): (CMBitMap*) 0x000002873039f238, (CMBitMap*) 0x000002873039f270
 Prev Bits: [0x0000028743a80000, 0x0000028745a80000)
 Next Bits: [0x0000028745a80000, 0x0000028747a80000)

Polling page: 0x000002872fb40000

Metaspace:

Usage:
  Non-class:     81.55 MB capacity,    80.00 MB ( 98%) used,     1.28 MB (  2%) free+waste,   274.00 KB ( <1%) overhead. 
      Class:     12.57 MB capacity,    11.73 MB ( 93%) used,   730.90 KB (  6%) free+waste,   123.38 KB ( <1%) overhead. 
       Both:     94.11 MB capacity,    91.73 MB ( 97%) used,     1.99 MB (  2%) free+waste,   397.38 KB ( <1%) overhead. 

Virtual space:
  Non-class space:       82.00 MB reserved,      81.59 MB (>99%) committed 
      Class space:        1.00 GB reserved,      12.57 MB (  1%) committed 
             Both:        1.08 GB reserved,      94.16 MB (  9%) committed 

Chunk freelists:
   Non-Class:  41.00 KB
       Class:  0 bytes
        Both:  41.00 KB

MaxMetaspaceSize: 17179869184.00 GB
CompressedClassSpaceSize: 1.00 GB
Initial GC threshold: 20.80 MB
Current GC threshold: 107.14 MB
CDS: off

CodeHeap 'non-profiled nmethods': size=120064Kb used=5164Kb max_used=5164Kb free=114899Kb
 bounds [0x000002873b940000, 0x000002873be50000, 0x0000028742e80000]
CodeHeap 'profiled nmethods': size=120000Kb used=21635Kb max_used=21635Kb free=98364Kb
 bounds [0x0000028734410000, 0x0000028735940000, 0x000002873b940000]
CodeHeap 'non-nmethods': size=5696Kb used=2374Kb max_used=2410Kb free=3322Kb
 bounds [0x0000028733e80000, 0x00000287340f0000, 0x0000028734410000]
 total_blobs=11787 nmethods=10888 adapters=811
 compilation: enabled
              stopped_count=0, restarted_count=0
 full_count=0

Compilation events (20 events):
Event: 29.161 Thread 0x0000028749fad000 nmethod 10948 0x00000287358e5b90 code [0x00000287358e5da0, 0x00000287358e63a8]
Event: 29.161 Thread 0x0000028749fad000 10951       3       com.sun.tools.javac.code.Scope$ScopeListenerList::walkReferences (101 bytes)
Event: 29.162 Thread 0x0000028749fad000 nmethod 10951 0x00000287358e6690 code [0x00000287358e6980, 0x00000287358e7bb8]
Event: 29.162 Thread 0x0000028749fad000 10949   !   3       com.sun.tools.javac.file.Locations$BootClassPathLocationHandler::lazy (32 bytes)
Event: 29.162 Thread 0x0000028749fad000 nmethod 10949 0x00000287358e8190 code [0x00000287358e83a0, 0x00000287358e8948]
Event: 29.163 Thread 0x0000028749fad000 10950       3       com.sun.tools.javac.code.Scope$ScopeImpl::enter (108 bytes)
Event: 29.163 Thread 0x0000028749fad000 nmethod 10950 0x00000287358e8b90 code [0x00000287358e8de0, 0x00000287358e97f8]
Event: 29.164 Thread 0x0000028749fad000 10952       3       com.sun.tools.javac.code.Type::hasTag (14 bytes)
Event: 29.165 Thread 0x0000028749fad000 nmethod 10952 0x00000287358e9b10 code [0x00000287358e9cc0, 0x00000287358e9ee8]
Event: 29.166 Thread 0x0000028749fad000 10954       3       com.sun.tools.javac.code.Type$ClassType::<init> (38 bytes)
Event: 29.167 Thread 0x0000028749fad000 nmethod 10954 0x00000287358e9f90 code [0x00000287358ea1a0, 0x00000287358ea7a8]
Event: 29.167 Thread 0x0000028749fad000 10960       3       java.lang.String::lastIndexOf (104 bytes)
Event: 29.167 Thread 0x0000028749fad000 nmethod 10960 0x00000287358ea990 code [0x00000287358eaba0, 0x00000287358eb068]
Event: 29.167 Thread 0x0000028749fad000 10961       3       com.sun.tools.javac.code.Symbol$ClassSymbol::<init> (61 bytes)
Event: 29.167 Thread 0x0000028749fad000 nmethod 10961 0x00000287358eb210 code [0x00000287358eb400, 0x00000287358eb8a8]
Event: 29.167 Thread 0x0000028749fad000 10955       3       com.sun.tools.javac.code.Scope$ScopeImpl::lookup (71 bytes)
Event: 29.168 Thread 0x0000028749fad000 nmethod 10955 0x00000287358eba90 code [0x00000287358ebc80, 0x00000287358ec158]
Event: 29.168 Thread 0x0000028749fad000 10956       3       com.sun.tools.javac.code.Scope::findFirst (9 bytes)
Event: 29.168 Thread 0x0000028749fad000 nmethod 10956 0x00000287358ec310 code [0x00000287358ec4c0, 0x00000287358ec688]
Event: 29.168 Thread 0x0000028749fad000 10957       3       com.sun.tools.javac.code.Scope$ScopeImpl::findFirst (10 bytes)

GC Heap History (20 events):
Event: 17.797 GC heap before
{Heap before GC invocations=15 (full 0):
 garbage-first heap   total 131072K, used 100946K [0x0000000080000000, 0x0000000100000000)
  region size 1024K, 51 young (52224K), 2 survivors (2048K)
 Metaspace       used 63752K, capacity 65181K, committed 65316K, reserved 1105920K
  class space    used 7975K, capacity 8520K, committed 8652K, reserved 1048576K
}
Event: 17.807 GC heap after
{Heap after GC invocations=16 (full 0):
 garbage-first heap   total 131072K, used 49547K [0x0000000080000000, 0x0000000100000000)
  region size 1024K, 7 young (7168K), 7 survivors (7168K)
 Metaspace       used 63752K, capacity 65181K, committed 65316K, reserved 1105920K
  class space    used 7975K, capacity 8520K, committed 8652K, reserved 1048576K
}
Event: 18.397 GC heap before
{Heap before GC invocations=17 (full 0):
 garbage-first heap   total 131072K, used 97675K [0x0000000080000000, 0x0000000100000000)
  region size 1024K, 54 young (55296K), 7 survivors (7168K)
 Metaspace       used 66405K, capacity 67895K, committed 68132K, reserved 1107968K
  class space    used 8335K, capacity 8881K, committed 8908K, reserved 1048576K
}
Event: 18.412 GC heap after
{Heap after GC invocations=18 (full 0):
 garbage-first heap   total 131072K, used 52576K [0x0000000080000000, 0x0000000100000000)
  region size 1024K, 4 young (4096K), 4 survivors (4096K)
 Metaspace       used 66405K, capacity 67895K, committed 68132K, reserved 1107968K
  class space    used 8335K, capacity 8881K, committed 8908K, reserved 1048576K
}
Event: 18.829 GC heap before
{Heap before GC invocations=18 (full 0):
 garbage-first heap   total 131072K, used 99680K [0x0000000080000000, 0x0000000100000000)
  region size 1024K, 50 young (51200K), 4 survivors (4096K)
 Metaspace       used 67805K, capacity 69381K, committed 69668K, reserved 1110016K
  class space    used 8491K, capacity 9053K, committed 9164K, reserved 1048576K
}
Event: 18.838 GC heap after
{Heap after GC invocations=19 (full 0):
 garbage-first heap   total 157696K, used 55744K [0x0000000080000000, 0x0000000100000000)
  region size 1024K, 7 young (7168K), 7 survivors (7168K)
 Metaspace       used 67805K, capacity 69381K, committed 69668K, reserved 1110016K
  class space    used 8491K, capacity 9053K, committed 9164K, reserved 1048576K
}
Event: 19.765 GC heap before
{Heap before GC invocations=19 (full 0):
 garbage-first heap   total 157696K, used 115136K [0x0000000080000000, 0x0000000100000000)
  region size 1024K, 65 young (66560K), 7 survivors (7168K)
 Metaspace       used 72995K, capacity 74676K, committed 74916K, reserved 1114112K
  class space    used 9350K, capacity 9975K, committed 10060K, reserved 1048576K
}
Event: 19.780 GC heap after
{Heap after GC invocations=20 (full 0):
 garbage-first heap   total 157696K, used 59781K [0x0000000080000000, 0x0000000100000000)
  region size 1024K, 8 young (8192K), 8 survivors (8192K)
 Metaspace       used 72995K, capacity 74676K, committed 74916K, reserved 1114112K
  class space    used 9350K, capacity 9975K, committed 10060K, reserved 1048576K
}
Event: 20.508 GC heap before
{Heap before GC invocations=20 (full 0):
 garbage-first heap   total 157696K, used 118149K [0x0000000080000000, 0x0000000100000000)
  region size 1024K, 65 young (66560K), 8 survivors (8192K)
 Metaspace       used 75968K, capacity 77727K, committed 77860K, reserved 1116160K
  class space    used 9781K, capacity 10401K, committed 10444K, reserved 1048576K
}
Event: 20.521 GC heap after
{Heap after GC invocations=21 (full 0):
 garbage-first heap   total 157696K, used 63823K [0x0000000080000000, 0x0000000100000000)
  region size 1024K, 8 young (8192K), 8 survivors (8192K)
 Metaspace       used 75968K, capacity 77727K, committed 77860K, reserved 1116160K
  class space    used 9781K, capacity 10401K, committed 10444K, reserved 1048576K
}
Event: 22.184 GC heap before
{Heap before GC invocations=21 (full 0):
 garbage-first heap   total 157696K, used 122191K [0x0000000080000000, 0x0000000100000000)
  region size 1024K, 65 young (66560K), 8 survivors (8192K)
 Metaspace       used 81620K, capacity 83445K, committed 83620K, reserved 1122304K
  class space    used 10531K, capacity 11228K, committed 11340K, reserved 1048576K
}
Event: 22.199 GC heap after
{Heap after GC invocations=22 (full 0):
 garbage-first heap   total 157696K, used 68020K [0x0000000080000000, 0x0000000100000000)
  region size 1024K, 8 young (8192K), 8 survivors (8192K)
 Metaspace       used 81620K, capacity 83445K, committed 83620K, reserved 1122304K
  class space    used 10531K, capacity 11228K, committed 11340K, reserved 1048576K
}
Event: 23.345 GC heap before
{Heap before GC invocations=22 (full 0):
 garbage-first heap   total 157696K, used 123316K [0x0000000080000000, 0x0000000100000000)
  region size 1024K, 63 young (64512K), 8 survivors (8192K)
 Metaspace       used 85317K, capacity 87422K, committed 87716K, reserved 1126400K
  class space    used 11010K, capacity 11807K, committed 11852K, reserved 1048576K
}
Event: 23.367 GC heap after
{Heap after GC invocations=23 (full 0):
 garbage-first heap   total 157696K, used 73728K [0x0000000080000000, 0x0000000100000000)
  region size 1024K, 8 young (8192K), 8 survivors (8192K)
 Metaspace       used 85317K, capacity 87422K, committed 87716K, reserved 1126400K
  class space    used 11010K, capacity 11807K, committed 11852K, reserved 1048576K
}
Event: 24.886 GC heap before
{Heap before GC invocations=23 (full 0):
 garbage-first heap   total 157696K, used 125952K [0x0000000080000000, 0x0000000100000000)
  region size 1024K, 60 young (61440K), 8 survivors (8192K)
 Metaspace       used 86036K, capacity 88188K, committed 88356K, reserved 1126400K
  class space    used 11064K, capacity 11876K, committed 11980K, reserved 1048576K
}
Event: 24.903 GC heap after
{Heap after GC invocations=24 (full 0):
 garbage-first heap   total 189440K, used 77761K [0x0000000080000000, 0x0000000100000000)
  region size 1024K, 8 young (8192K), 8 survivors (8192K)
 Metaspace       used 86036K, capacity 88188K, committed 88356K, reserved 1126400K
  class space    used 11064K, capacity 11876K, committed 11980K, reserved 1048576K
}
Event: 26.474 GC heap before
{Heap before GC invocations=24 (full 0):
 garbage-first heap   total 189440K, used 140225K [0x0000000080000000, 0x0000000100000000)
  region size 1024K, 70 young (71680K), 8 survivors (8192K)
 Metaspace       used 87281K, capacity 89470K, committed 89764K, reserved 1126400K
  class space    used 11191K, capacity 11997K, committed 12108K, reserved 1048576K
}
Event: 26.495 GC heap after
{Heap after GC invocations=25 (full 0):
 garbage-first heap   total 189440K, used 83147K [0x0000000080000000, 0x0000000100000000)
  region size 1024K, 9 young (9216K), 9 survivors (9216K)
 Metaspace       used 87281K, capacity 89470K, committed 89764K, reserved 1126400K
  class space    used 11191K, capacity 11997K, committed 12108K, reserved 1048576K
}
Event: 28.966 GC heap before
{Heap before GC invocations=25 (full 0):
 garbage-first heap   total 189440K, used 145611K [0x0000000080000000, 0x0000000100000000)
  region size 1024K, 69 young (70656K), 9 survivors (9216K)
 Metaspace       used 93577K, capacity 95955K, committed 96164K, reserved 1132544K
  class space    used 11983K, capacity 12859K, committed 12876K, reserved 1048576K
}
Event: 29.002 GC heap after
{Heap after GC invocations=26 (full 0):
 garbage-first heap   total 189440K, used 94405K [0x0000000080000000, 0x0000000100000000)
  region size 1024K, 9 young (9216K), 9 survivors (9216K)
 Metaspace       used 93577K, capacity 95955K, committed 96164K, reserved 1132544K
  class space    used 11983K, capacity 12859K, committed 12876K, reserved 1048576K
}

Deoptimization events (20 events):
Event: 29.077 Thread 0x000002874e323800 Uncommon trap: trap_request=0xffffff4d fr.pc=0x000002873be47954 relative=0x0000000000000114
Event: 29.077 Thread 0x000002874e323800 Uncommon trap: reason=unstable_if action=reinterpret pc=0x000002873be47954 method=java.time.LocalDate.compareTo0(Ljava/time/LocalDate;)I @ 25 c2
Event: 29.077 Thread 0x000002874e323800 DEOPT PACKING pc=0x000002873be47954 sp=0x000000f992cf9030
Event: 29.077 Thread 0x000002874e323800 DEOPT UNPACKING pc=0x0000028733eca1af sp=0x000000f992cf8d08 mode 2
Event: 29.077 Thread 0x000002874e323800 Uncommon trap: trap_request=0xffffff4d fr.pc=0x000002873be1b4c4 relative=0x0000000000000084
Event: 29.077 Thread 0x000002874e323800 Uncommon trap: reason=unstable_if action=reinterpret pc=0x000002873be1b4c4 method=java.time.LocalDate.compareTo0(Ljava/time/LocalDate;)I @ 25 c2
Event: 29.077 Thread 0x000002874e323800 DEOPT PACKING pc=0x000002873be1b4c4 sp=0x000000f992cf8e90
Event: 29.077 Thread 0x000002874e323800 DEOPT UNPACKING pc=0x0000028733eca1af sp=0x000000f992cf8cf8 mode 2
Event: 29.077 Thread 0x000002874e323800 Uncommon trap: trap_request=0xffffff4d fr.pc=0x000002873be1cef4 relative=0x0000000000000134
Event: 29.077 Thread 0x000002874e323800 Uncommon trap: reason=unstable_if action=reinterpret pc=0x000002873be1cef4 method=java.time.LocalDate.compareTo0(Ljava/time/LocalDate;)I @ 25 c2
Event: 29.077 Thread 0x000002874e323800 DEOPT PACKING pc=0x000002873be1cef4 sp=0x000000f992cf8f50
Event: 29.077 Thread 0x000002874e323800 DEOPT UNPACKING pc=0x0000028733eca1af sp=0x000000f992cf8d28 mode 2
Event: 29.077 Thread 0x000002874e323800 Uncommon trap: trap_request=0xffffff4d fr.pc=0x000002873be1b184 relative=0x0000000000000064
Event: 29.077 Thread 0x000002874e323800 Uncommon trap: reason=unstable_if action=reinterpret pc=0x000002873be1b184 method=java.time.LocalDate.compareTo0(Ljava/time/LocalDate;)I @ 25 c2
Event: 29.077 Thread 0x000002874e323800 DEOPT PACKING pc=0x000002873be1b184 sp=0x000000f992cf8d80
Event: 29.077 Thread 0x000002874e323800 DEOPT UNPACKING pc=0x0000028733eca1af sp=0x000000f992cf8d18 mode 2
Event: 29.083 Thread 0x000002874e323800 Uncommon trap: trap_request=0xffffff4d fr.pc=0x000002873bd8a290 relative=0x0000000000001130
Event: 29.083 Thread 0x000002874e323800 Uncommon trap: reason=unstable_if action=reinterpret pc=0x000002873bd8a290 method=sun.nio.fs.WindowsPathParser.normalize(Ljava/lang/StringBuilder;Ljava/lang/String;I)Ljava/lang/String; @ 100 c2
Event: 29.083 Thread 0x000002874e323800 DEOPT PACKING pc=0x000002873bd8a290 sp=0x000000f992cf9130
Event: 29.083 Thread 0x000002874e323800 DEOPT UNPACKING pc=0x0000028733eca1af sp=0x000000f992cf9120 mode 2

Classes redefined (0 events):
No events

Internal exceptions (20 events):
Event: 27.533 Thread 0x000002874e323800 Exception <a 'sun/nio/fs/WindowsException'{0x0000000088cb6398}> (0x0000000088cb6398) thrown at [./src/hotspot/share/prims/jni.cpp, line 616]
Event: 29.083 Thread 0x000002874e323800 Exception <a 'sun/nio/fs/WindowsException'{0x000000008b8baed8}> (0x000000008b8baed8) thrown at [./src/hotspot/share/prims/jni.cpp, line 616]
Event: 29.108 Thread 0x000002874e323800 Exception <a 'sun/nio/fs/WindowsException'{0x000000008b754810}> (0x000000008b754810) thrown at [./src/hotspot/share/prims/jni.cpp, line 616]
Event: 29.108 Thread 0x000002874e323800 Exception <a 'sun/nio/fs/WindowsException'{0x000000008b754970}> (0x000000008b754970) thrown at [./src/hotspot/share/prims/jni.cpp, line 616]
Event: 29.111 Thread 0x000002874e323800 Exception <a 'sun/nio/fs/WindowsException'{0x000000008b760e58}> (0x000000008b760e58) thrown at [./src/hotspot/share/prims/jni.cpp, line 616]
Event: 29.120 Thread 0x000002874e323800 Exception <a 'sun/nio/fs/WindowsException'{0x000000008b7688e0}> (0x000000008b7688e0) thrown at [./src/hotspot/share/prims/jni.cpp, line 616]
Event: 29.127 Thread 0x000002874e323800 Exception <a 'sun/nio/fs/WindowsException'{0x000000008b7821f8}> (0x000000008b7821f8) thrown at [./src/hotspot/share/prims/jni.cpp, line 616]
Event: 29.127 Thread 0x000002874e323800 Exception <a 'sun/nio/fs/WindowsException'{0x000000008b782350}> (0x000000008b782350) thrown at [./src/hotspot/share/prims/jni.cpp, line 616]
Event: 29.132 Thread 0x000002874e323800 Exception <a 'sun/nio/fs/WindowsException'{0x000000008b7a33b0}> (0x000000008b7a33b0) thrown at [./src/hotspot/share/prims/jni.cpp, line 616]
Event: 29.132 Thread 0x000002874e323800 Exception <a 'sun/nio/fs/WindowsException'{0x000000008b7a3520}> (0x000000008b7a3520) thrown at [./src/hotspot/share/prims/jni.cpp, line 616]
Event: 29.141 Thread 0x000002874e323800 Exception <a 'sun/nio/fs/WindowsException'{0x000000008b7fa8d0}> (0x000000008b7fa8d0) thrown at [./src/hotspot/share/prims/jni.cpp, line 616]
Event: 29.141 Thread 0x000002874e323800 Exception <a 'sun/nio/fs/WindowsException'{0x000000008b7faa40}> (0x000000008b7faa40) thrown at [./src/hotspot/share/prims/jni.cpp, line 616]
Event: 29.150 Thread 0x000002874e323800 Exception <a 'sun/nio/fs/WindowsException'{0x000000008b62bb28}> (0x000000008b62bb28) thrown at [./src/hotspot/share/prims/jni.cpp, line 616]
Event: 29.150 Thread 0x000002874e323800 Exception <a 'sun/nio/fs/WindowsException'{0x000000008b62bca0}> (0x000000008b62bca0) thrown at [./src/hotspot/share/prims/jni.cpp, line 616]
Event: 29.161 Thread 0x000002874e323800 Exception <a 'sun/nio/fs/WindowsException'{0x000000008b6b4e08}> (0x000000008b6b4e08) thrown at [./src/hotspot/share/prims/jni.cpp, line 616]
Event: 29.161 Thread 0x000002874e323800 Exception <a 'sun/nio/fs/WindowsException'{0x000000008b6b4f60}> (0x000000008b6b4f60) thrown at [./src/hotspot/share/prims/jni.cpp, line 616]
Event: 29.162 Thread 0x000002874e323800 Exception <a 'sun/nio/fs/WindowsException'{0x000000008b6bbc28}> (0x000000008b6bbc28) thrown at [./src/hotspot/share/prims/jni.cpp, line 616]
Event: 29.162 Thread 0x000002874e323800 Exception <a 'sun/nio/fs/WindowsException'{0x000000008b6bbd98}> (0x000000008b6bbd98) thrown at [./src/hotspot/share/prims/jni.cpp, line 616]
Event: 29.167 Thread 0x000002874e323800 Exception <a 'sun/nio/fs/WindowsException'{0x000000008b50e930}> (0x000000008b50e930) thrown at [./src/hotspot/share/prims/jni.cpp, line 616]
Event: 29.167 Thread 0x000002874e323800 Exception <a 'sun/nio/fs/WindowsException'{0x000000008b50ea98}> (0x000000008b50ea98) thrown at [./src/hotspot/share/prims/jni.cpp, line 616]

Events (20 events):
Event: 29.092 loading class com/sun/tools/javac/code/Symbol$PackageSymbol
Event: 29.092 loading class com/sun/tools/javac/code/Symbol$PackageSymbol done
Event: 29.092 loading class com/sun/tools/javac/comp/TypeEnter$ImportsPhase
Event: 29.092 loading class com/sun/tools/javac/comp/TypeEnter$ImportsPhase done
Event: 29.093 loading class com/sun/tools/javac/code/Symbol$PackageSymbol
Event: 29.093 loading class com/sun/tools/javac/code/Symbol$PackageSymbol done
Event: 29.093 loading class com/sun/tools/javac/comp/TypeEnter$ImportsPhase
Event: 29.093 loading class com/sun/tools/javac/comp/TypeEnter$ImportsPhase done
Event: 29.127 loading class com/sun/tools/javac/code/Symbol$ModuleSymbol
Event: 29.127 loading class com/sun/tools/javac/code/Symbol$ModuleSymbol done
Event: 29.127 loading class com/sun/tools/javac/code/Symbol$ModuleSymbol
Event: 29.127 loading class com/sun/tools/javac/code/Symbol$ModuleSymbol done
Event: 29.128 loading class com/sun/tools/javac/util/JCDiagnostic$Factory
Event: 29.128 loading class com/sun/tools/javac/util/JCDiagnostic$Factory done
Event: 29.154 loading class com/sun/tools/javac/code/Symbol
Event: 29.154 loading class com/sun/tools/javac/code/Symbol done
Event: 29.154 loading class com/sun/tools/javac/code/Symbol
Event: 29.154 loading class com/sun/tools/javac/code/Symbol done
Event: 29.154 loading class com/sun/tools/javac/code/Symbol
Event: 29.154 loading class com/sun/tools/javac/code/Symbol done


Dynamic libraries:
0x00007ff6af2b0000 - 0x00007ff6af2ba000 	C:\Program Files\Android\Android Studio\jre\bin\java.exe
0x00007ff866e50000 - 0x00007ff867048000 	C:\WINDOWS\SYSTEM32\ntdll.dll
0x00007ff865e10000 - 0x00007ff865ecf000 	C:\WINDOWS\System32\KERNEL32.DLL
0x00007ff8646b0000 - 0x00007ff864982000 	C:\WINDOWS\System32\KERNELBASE.dll
0x00007ff864a20000 - 0x00007ff864b20000 	C:\WINDOWS\System32\ucrtbase.dll
0x00007ff85fc00000 - 0x00007ff85fc17000 	C:\Program Files\Android\Android Studio\jre\bin\VCRUNTIME140.dll
0x00007ff859360000 - 0x00007ff859379000 	C:\Program Files\Android\Android Studio\jre\bin\jli.dll
0x00007ff864fd0000 - 0x00007ff86516d000 	C:\WINDOWS\System32\USER32.dll
0x00007ff864b20000 - 0x00007ff864b42000 	C:\WINDOWS\System32\win32u.dll
0x00007ff8654a0000 - 0x00007ff8654cb000 	C:\WINDOWS\System32\GDI32.dll
0x00007ff864c00000 - 0x00007ff864d0f000 	C:\WINDOWS\System32\gdi32full.dll
0x00007ff864d60000 - 0x00007ff864dfd000 	C:\WINDOWS\System32\msvcp_win.dll
0x00007ff83e8b0000 - 0x00007ff83eb4a000 	C:\WINDOWS\WinSxS\amd64_microsoft.windows.common-controls_6595b64144ccf1df_6.0.19041.1110_none_60b5254171f9507e\COMCTL32.dll
0x00007ff865d70000 - 0x00007ff865e0e000 	C:\WINDOWS\System32\msvcrt.dll
0x00007ff865220000 - 0x00007ff865252000 	C:\WINDOWS\System32\IMM32.DLL
0x00007ff850060000 - 0x00007ff8500fd000 	C:\Program Files\Android\Android Studio\jre\bin\msvcp140.dll
0x00007ff8000c0000 - 0x00007ff800bc2000 	C:\Program Files\Android\Android Studio\jre\bin\server\jvm.dll
0x00007ff865320000 - 0x00007ff8653ce000 	C:\WINDOWS\System32\ADVAPI32.dll
0x00007ff8655c0000 - 0x00007ff86565c000 	C:\WINDOWS\System32\sechost.dll
0x00007ff8668f0000 - 0x00007ff866a15000 	C:\WINDOWS\System32\RPCRT4.dll
0x00007ff8654d0000 - 0x00007ff8654d8000 	C:\WINDOWS\System32\PSAPI.DLL
0x00007ff85fba0000 - 0x00007ff85fbc7000 	C:\WINDOWS\SYSTEM32\WINMM.dll
0x00007ff85d750000 - 0x00007ff85d75a000 	C:\WINDOWS\SYSTEM32\VERSION.dll
0x00007ff858400000 - 0x00007ff858409000 	C:\WINDOWS\SYSTEM32\WSOCK32.dll
0x00007ff865430000 - 0x00007ff86549b000 	C:\WINDOWS\System32\WS2_32.dll
0x00007ff862df0000 - 0x00007ff862e02000 	C:\WINDOWS\SYSTEM32\kernel.appcore.dll
0x00007ff852d90000 - 0x00007ff852da1000 	C:\Program Files\Android\Android Studio\jre\bin\verify.dll
0x00007ff8622c0000 - 0x00007ff8624a4000 	C:\WINDOWS\SYSTEM32\DBGHELP.DLL
0x00007ff85d2b0000 - 0x00007ff85d2dc000 	C:\WINDOWS\SYSTEM32\dbgcore.DLL
0x00007ff864990000 - 0x00007ff864a12000 	C:\WINDOWS\System32\bcryptPrimitives.dll
0x00007ff852d60000 - 0x00007ff852d89000 	C:\Program Files\Android\Android Studio\jre\bin\java.dll
0x00007ff85e4c0000 - 0x00007ff85e4cb000 	C:\Program Files\Android\Android Studio\jre\bin\jimage.dll
0x00007ff83f240000 - 0x00007ff83f258000 	C:\Program Files\Android\Android Studio\jre\bin\zip.dll
0x00007ff8661a0000 - 0x00007ff8668e3000 	C:\WINDOWS\System32\SHELL32.dll
0x00007ff8624b0000 - 0x00007ff862c42000 	C:\WINDOWS\SYSTEM32\windows.storage.dll
0x00007ff866a20000 - 0x00007ff866d74000 	C:\WINDOWS\System32\combase.dll
0x00007ff863ed0000 - 0x00007ff863f00000 	C:\WINDOWS\SYSTEM32\Wldp.dll
0x00007ff865710000 - 0x00007ff8657bd000 	C:\WINDOWS\System32\SHCORE.dll
0x00007ff8652c0000 - 0x00007ff865315000 	C:\WINDOWS\System32\shlwapi.dll
0x00007ff864490000 - 0x00007ff8644af000 	C:\WINDOWS\SYSTEM32\profapi.dll
0x00007ff83eb80000 - 0x00007ff83eb9a000 	C:\Program Files\Android\Android Studio\jre\bin\net.dll
0x00007ff85a710000 - 0x00007ff85a81c000 	C:\WINDOWS\SYSTEM32\WINHTTP.dll
0x00007ff863c30000 - 0x00007ff863c9a000 	C:\WINDOWS\system32\mswsock.dll
0x00007ff836be0000 - 0x00007ff836bf4000 	C:\Program Files\Android\Android Studio\jre\bin\nio.dll
0x00007ff85e500000 - 0x00007ff85e527000 	C:\Users\ASUS\.gradle\native\e1d6ef7f7dcc3fd88c89a11ec53ec762bb8ba0a96d01ffa2cd45eb1d1d8dd5c5\windows-amd64\native-platform.dll
0x00007ff8374c0000 - 0x00007ff837604000 	C:\Users\ASUS\.gradle\native\0d407fdbe67a94daf76414ababcb853783967236a71b16ec16e742cd7a986fd3\windows-amd64\native-platform-file-events.dll
0x00007ff85b890000 - 0x00007ff85b89a000 	C:\Program Files\Android\Android Studio\jre\bin\management.dll
0x00007ff854a40000 - 0x00007ff854a4d000 	C:\Program Files\Android\Android Studio\jre\bin\management_ext.dll
0x00007ff863e30000 - 0x00007ff863e48000 	C:\WINDOWS\SYSTEM32\CRYPTSP.dll
0x00007ff863550000 - 0x00007ff863584000 	C:\WINDOWS\system32\rsaenh.dll
0x00007ff864e00000 - 0x00007ff864e27000 	C:\WINDOWS\System32\bcrypt.dll
0x00007ff864450000 - 0x00007ff86447e000 	C:\WINDOWS\SYSTEM32\USERENV.dll
0x00007ff863e20000 - 0x00007ff863e2c000 	C:\WINDOWS\SYSTEM32\CRYPTBASE.dll
0x00007ff863920000 - 0x00007ff86395b000 	C:\WINDOWS\SYSTEM32\IPHLPAPI.DLL
0x00007ff866d80000 - 0x00007ff866d88000 	C:\WINDOWS\System32\NSI.dll
0x00007ff85d7c0000 - 0x00007ff85d7d7000 	C:\WINDOWS\SYSTEM32\dhcpcsvc6.DLL
0x00007ff85d7a0000 - 0x00007ff85d7bd000 	C:\WINDOWS\SYSTEM32\dhcpcsvc.DLL
0x00007ff863960000 - 0x00007ff863a2a000 	C:\WINDOWS\SYSTEM32\DNSAPI.dll

dbghelp: loaded successfully - version: 4.0.5 - missing functions: none
symbol engine: initialized successfully - sym options: 0x614 - pdb path: .;C:\Program Files\Android\Android Studio\jre\bin;C:\WINDOWS\SYSTEM32;C:\WINDOWS\WinSxS\amd64_microsoft.windows.common-controls_6595b64144ccf1df_6.0.19041.1110_none_60b5254171f9507e;C:\Program Files\Android\Android Studio\jre\bin\server;C:\Users\ASUS\.gradle\native\e1d6ef7f7dcc3fd88c89a11ec53ec762bb8ba0a96d01ffa2cd45eb1d1d8dd5c5\windows-amd64;C:\Users\ASUS\.gradle\native\0d407fdbe67a94daf76414ababcb853783967236a71b16ec16e742cd7a986fd3\windows-amd64

VM Arguments:
jvm_args: --add-opens=java.base/java.util=ALL-UNNAMED --add-opens=java.base/java.lang=ALL-UNNAMED --add-opens=java.base/java.lang.invoke=ALL-UNNAMED --add-opens=java.base/java.util=ALL-UNNAMED --add-opens=java.prefs/java.util.prefs=ALL-UNNAMED --add-opens=java.prefs/java.util.prefs=ALL-UNNAMED --add-opens=java.base/java.nio.charset=ALL-UNNAMED --add-opens=java.base/java.net=ALL-UNNAMED --add-opens=java.base/java.util.concurrent.atomic=ALL-UNNAMED -Xmx2048m -Dfile.encoding=UTF-8 -Duser.country=FR -Duser.language=fr -Duser.variant 
java_command: org.gradle.launcher.daemon.bootstrap.GradleDaemon 7.4
java_class_path (initial): C:\Users\ASUS\.gradle\wrapper\dists\gradle-7.4-bin\c0gwcg53nkjbqw7r0h0umtfvt\gradle-7.4\lib\gradle-launcher-7.4.jar
Launcher Type: SUN_STANDARD

[Global flags]
     intx CICompilerCount                          = 3                                         {product} {ergonomic}
     uint ConcGCThreads                            = 1                                         {product} {ergonomic}
     uint G1ConcRefinementThreads                  = 4                                         {product} {ergonomic}
   size_t G1HeapRegionSize                         = 1048576                                   {product} {ergonomic}
    uintx GCDrainStackTargetSize                   = 64                                        {product} {ergonomic}
   size_t InitialHeapSize                          = 134217728                                 {product} {ergonomic}
   size_t MarkStackSize                            = 4194304                                   {product} {ergonomic}
   size_t MaxHeapSize                              = 2147483648                                {product} {command line}
   size_t MaxNewSize                               = 1287651328                                {product} {ergonomic}
   size_t MinHeapDeltaBytes                        = 1048576                                   {product} {ergonomic}
    uintx NonNMethodCodeHeapSize                   = 5830732                                {pd product} {ergonomic}
    uintx NonProfiledCodeHeapSize                  = 122913754                              {pd product} {ergonomic}
    uintx ProfiledCodeHeapSize                     = 122913754                              {pd product} {ergonomic}
    uintx ReservedCodeCacheSize                    = 251658240                              {pd product} {ergonomic}
     bool SegmentedCodeCache                       = true                                      {product} {ergonomic}
     bool UseCompressedClassPointers               = true                                 {lp64_product} {ergonomic}
     bool UseCompressedOops                        = true                                 {lp64_product} {ergonomic}
     bool UseG1GC                                  = true                                      {product} {ergonomic}
     bool UseLargePagesIndividualAllocation        = false                                  {pd product} {ergonomic}

Logging:
Log output configuration:
 #0: stdout all=warning uptime,level,tags
 #1: stderr all=off uptime,level,tags

Environment Variables:
JAVA_HOME=C:\Program Files\Java\jdk-17.0.2\bin
JRE_HOME=C:\Program Files\Java\jre1.8.0_351
PATH=C:\Program Files\Common Files\Oracle\Java\javapath;C:\Program Files (x86)\Common Files\Oracle\Java\javapath;C:\Program Files\Java\jdk-17.0.2\bin;C:\ProgramData\chocolatey\bin;C:\Program Files\nodejs\;C:\Program Files\Git\cmd;C:\Program Files\Maven\apache-maven-3.8.6\bin;C:\Program Files\Microsoft SQL Server\150\Tools\Binn\;C:\Program Files\Microsoft SQL Server\Client SDK\ODBC\170\Tools\Binn\;C:\Program Files\dotnet\;C:\Program Files\MySQL\MySQL Shell 8.0\bin\;C:\Program Files\Java\jdk-17;C:\Users\ASUS\AppData\Local\Programs\Microsoft VS Code\bin;C:\MinGW\bin;C:\Program Files (x86)\GnuWin32\bin;C:\Program Files\Java\jdk-17.0.2\bin;C:\Program Files (x86)\Inno Setup 6;C:\Users\ASUS\AppData\Roaming\npm;C:\Program Files\JetBrains\IntelliJ IDEA 2022.2.4\bin;;C:\Program Files\Java\jdk1.8.0_311\bin;C:\Program Files\JetBrains\IntelliJ IDEA Community Edition 2022.2\bin;;C:\Users\ASUS\.dotnet\tools;C:\Program Files\Java\jre1.8.0_351;
USERNAME=ASUS
OS=Windows_NT
PROCESSOR_IDENTIFIER=Intel64 Family 6 Model 142 Stepping 9, GenuineIntel



---------------  S Y S T E M  ---------------

OS: Windows 10 , 64 bit Build 19041 (10.0.19041.2251)
OS uptime: 22 days 7:20 hours

CPU:total 4 (initial active 4) (2 cores per cpu, 2 threads per core) family 6 model 142 stepping 9 microcode 0xb4, cmov, cx8, fxsr, mmx, sse, sse2, sse3, ssse3, sse4.1, sse4.2, popcnt, avx, avx2, aes, clmul, erms, 3dnowpref, lzcnt, ht, tsc, tscinvbit, bmi1, bmi2, adx, fma

Memory: 4k page, system-wide physical 8075M (307M free)
TotalPageFile size 32651M (AvailPageFile size 0M)
current process WorkingSet (physical memory assigned to process): 402M, peak: 410M
current process commit charge ("private bytes"): 460M, peak: 461M

vm_info: OpenJDK 64-Bit Server VM (11.0.13+0-b1751.21-8125866) for windows-amd64 JRE (11.0.13+0-b1751.21-8125866), built on Feb  2 2022 03:00:22 by "builder" with MS VC++ 14.0 (VS2015)

END.
